CRITICAL - 2022-12-28 12:36:46 --> syntax error, unexpected ')', expecting variable (T_VARIABLE)
in APPPATH\Controllers\Clientes.php on line 48.
 1 SYSTEMPATH\Autoloader\Autoloader.php(260): CodeIgniter\Autoloader\Autoloader->includeFile('APPPATH\\Controllers\\Clientes.php')
 2 SYSTEMPATH\Autoloader\Autoloader.php(238): CodeIgniter\Autoloader\Autoloader->loadInNamespace('App\\Controllers\\Clientes')
 3 [internal function]: CodeIgniter\Autoloader\Autoloader->loadClass('App\\Controllers\\Clientes')
 4 [internal function]: spl_autoload_call('App\\Controllers\\Clientes')
 5 SYSTEMPATH\CodeIgniter.php(875): class_exists('\\App\\Controllers\\Clientes', true)
 6 SYSTEMPATH\CodeIgniter.php(467): CodeIgniter\CodeIgniter->startController()
 7 SYSTEMPATH\CodeIgniter.php(349): CodeIgniter\CodeIgniter->handleRequest(null, Object(Config\Cache), false)
 8 FCPATH\index.php(67): CodeIgniter\CodeIgniter->run()
 9 SYSTEMPATH\Commands\Server\rewrite.php(47): require_once('FCPATH\\index.php')
CRITICAL - 2022-12-28 12:38:53 --> Invalid file: clientes/.php
in SYSTEMPATH\Exceptions\FrameworkException.php on line 33.
 1 SYSTEMPATH\View\View.php(201): CodeIgniter\Exceptions\FrameworkException::forInvalidFile('clientes/.php')
 2 SYSTEMPATH\Common.php(1135): CodeIgniter\View\View->render('clientes/', [], true)
 3 APPPATH\Controllers\Clientes.php(57): view('clientes/')
 4 SYSTEMPATH\CodeIgniter.php(925): App\Controllers\Clientes->deletar('3')
 5 SYSTEMPATH\CodeIgniter.php(480): CodeIgniter\CodeIgniter->runController(Object(App\Controllers\Clientes))
 6 SYSTEMPATH\CodeIgniter.php(349): CodeIgniter\CodeIgniter->handleRequest(null, Object(Config\Cache), false)
 7 FCPATH\index.php(67): CodeIgniter\CodeIgniter->run()
 8 SYSTEMPATH\Commands\Server\rewrite.php(47): require_once('FCPATH\\index.php')
CRITICAL - 2022-12-28 12:39:05 --> Undefined variable: clientes
in APPPATH\Views\clientes\index.php on line 49.
 1 APPPATH\Views\clientes\index.php(49): CodeIgniter\Debug\Exceptions->errorHandler(8, 'Undefined variable: clientes', 'APPPATH\\Views\\clientes\\index.php', 49, [])
 2 SYSTEMPATH\View\View.php(213): include('APPPATH\\Views\\clientes\\index.php')
 3 SYSTEMPATH\View\View.php(216): CodeIgniter\View\View->CodeIgniter\View\{closure}()
 4 SYSTEMPATH\Common.php(1135): CodeIgniter\View\View->render('clientes/index', [], true)
 5 APPPATH\Controllers\Clientes.php(57): view('clientes/index')
 6 SYSTEMPATH\CodeIgniter.php(925): App\Controllers\Clientes->deletar('3')
 7 SYSTEMPATH\CodeIgniter.php(480): CodeIgniter\CodeIgniter->runController(Object(App\Controllers\Clientes))
 8 SYSTEMPATH\CodeIgniter.php(349): CodeIgniter\CodeIgniter->handleRequest(null, Object(Config\Cache), false)
 9 FCPATH\index.php(67): CodeIgniter\CodeIgniter->run()
10 SYSTEMPATH\Commands\Server\rewrite.php(47): require_once('FCPATH\\index.php')
CRITICAL - 2022-12-28 12:39:35 --> Invalid argument supplied for foreach()
in APPPATH\Views\clientes\index.php on line 49.
 1 APPPATH\Views\clientes\index.php(49): CodeIgniter\Debug\Exceptions->errorHandler(2, 'Invalid argument supplied for foreach()', 'APPPATH\\Views\\clientes\\index.php', 49, [...])
 2 SYSTEMPATH\View\View.php(213): include('APPPATH\\Views\\clientes\\index.php')
 3 SYSTEMPATH\View\View.php(216): CodeIgniter\View\View->CodeIgniter\View\{closure}()
 4 SYSTEMPATH\Common.php(1135): CodeIgniter\View\View->render('clientes/index', [], true)
 5 APPPATH\Controllers\Clientes.php(57): view('clientes/index', [...])
 6 SYSTEMPATH\CodeIgniter.php(925): App\Controllers\Clientes->deletar('3')
 7 SYSTEMPATH\CodeIgniter.php(480): CodeIgniter\CodeIgniter->runController(Object(App\Controllers\Clientes))
 8 SYSTEMPATH\CodeIgniter.php(349): CodeIgniter\CodeIgniter->handleRequest(null, Object(Config\Cache), false)
 9 FCPATH\index.php(67): CodeIgniter\CodeIgniter->run()
10 SYSTEMPATH\Commands\Server\rewrite.php(47): require_once('FCPATH\\index.php')
CRITICAL - 2022-12-28 12:39:35 --> Invalid argument supplied for foreach()
in APPPATH\Views\clientes\index.php on line 49.
 1 APPPATH\Views\clientes\index.php(49): CodeIgniter\Debug\Exceptions->errorHandler(2, 'Invalid argument supplied for foreach()', 'APPPATH\\Views\\clientes\\index.php', 49, [...])
 2 SYSTEMPATH\View\View.php(213): include('APPPATH\\Views\\clientes\\index.php')
 3 SYSTEMPATH\View\View.php(216): CodeIgniter\View\View->CodeIgniter\View\{closure}()
 4 SYSTEMPATH\Common.php(1135): CodeIgniter\View\View->render('clientes/index', [], true)
 5 APPPATH\Controllers\Clientes.php(57): view('clientes/index', [...])
 6 SYSTEMPATH\CodeIgniter.php(925): App\Controllers\Clientes->deletar('3')
 7 SYSTEMPATH\CodeIgniter.php(480): CodeIgniter\CodeIgniter->runController(Object(App\Controllers\Clientes))
 8 SYSTEMPATH\CodeIgniter.php(349): CodeIgniter\CodeIgniter->handleRequest(null, Object(Config\Cache), false)
 9 FCPATH\index.php(67): CodeIgniter\CodeIgniter->run()
10 SYSTEMPATH\Commands\Server\rewrite.php(47): require_once('FCPATH\\index.php')
CRITICAL - 2022-12-28 12:39:36 --> Invalid argument supplied for foreach()
in APPPATH\Views\clientes\index.php on line 49.
 1 APPPATH\Views\clientes\index.php(49): CodeIgniter\Debug\Exceptions->errorHandler(2, 'Invalid argument supplied for foreach()', 'APPPATH\\Views\\clientes\\index.php', 49, [...])
 2 SYSTEMPATH\View\View.php(213): include('APPPATH\\Views\\clientes\\index.php')
 3 SYSTEMPATH\View\View.php(216): CodeIgniter\View\View->CodeIgniter\View\{closure}()
 4 SYSTEMPATH\Common.php(1135): CodeIgniter\View\View->render('clientes/index', [], true)
 5 APPPATH\Controllers\Clientes.php(57): view('clientes/index', [...])
 6 SYSTEMPATH\CodeIgniter.php(925): App\Controllers\Clientes->deletar('3')
 7 SYSTEMPATH\CodeIgniter.php(480): CodeIgniter\CodeIgniter->runController(Object(App\Controllers\Clientes))
 8 SYSTEMPATH\CodeIgniter.php(349): CodeIgniter\CodeIgniter->handleRequest(null, Object(Config\Cache), false)
 9 FCPATH\index.php(67): CodeIgniter\CodeIgniter->run()
10 SYSTEMPATH\Commands\Server\rewrite.php(47): require_once('FCPATH\\index.php')
CRITICAL - 2022-12-28 12:39:36 --> Invalid argument supplied for foreach()
in APPPATH\Views\clientes\index.php on line 49.
 1 APPPATH\Views\clientes\index.php(49): CodeIgniter\Debug\Exceptions->errorHandler(2, 'Invalid argument supplied for foreach()', 'APPPATH\\Views\\clientes\\index.php', 49, [...])
 2 SYSTEMPATH\View\View.php(213): include('APPPATH\\Views\\clientes\\index.php')
 3 SYSTEMPATH\View\View.php(216): CodeIgniter\View\View->CodeIgniter\View\{closure}()
 4 SYSTEMPATH\Common.php(1135): CodeIgniter\View\View->render('clientes/index', [], true)
 5 APPPATH\Controllers\Clientes.php(57): view('clientes/index', [...])
 6 SYSTEMPATH\CodeIgniter.php(925): App\Controllers\Clientes->deletar('3')
 7 SYSTEMPATH\CodeIgniter.php(480): CodeIgniter\CodeIgniter->runController(Object(App\Controllers\Clientes))
 8 SYSTEMPATH\CodeIgniter.php(349): CodeIgniter\CodeIgniter->handleRequest(null, Object(Config\Cache), false)
 9 FCPATH\index.php(67): CodeIgniter\CodeIgniter->run()
10 SYSTEMPATH\Commands\Server\rewrite.php(47): require_once('FCPATH\\index.php')
CRITICAL - 2022-12-28 12:39:37 --> Invalid argument supplied for foreach()
in APPPATH\Views\clientes\index.php on line 49.
 1 APPPATH\Views\clientes\index.php(49): CodeIgniter\Debug\Exceptions->errorHandler(2, 'Invalid argument supplied for foreach()', 'APPPATH\\Views\\clientes\\index.php', 49, [...])
 2 SYSTEMPATH\View\View.php(213): include('APPPATH\\Views\\clientes\\index.php')
 3 SYSTEMPATH\View\View.php(216): CodeIgniter\View\View->CodeIgniter\View\{closure}()
 4 SYSTEMPATH\Common.php(1135): CodeIgniter\View\View->render('clientes/index', [], true)
 5 APPPATH\Controllers\Clientes.php(57): view('clientes/index', [...])
 6 SYSTEMPATH\CodeIgniter.php(925): App\Controllers\Clientes->deletar('3')
 7 SYSTEMPATH\CodeIgniter.php(480): CodeIgniter\CodeIgniter->runController(Object(App\Controllers\Clientes))
 8 SYSTEMPATH\CodeIgniter.php(349): CodeIgniter\CodeIgniter->handleRequest(null, Object(Config\Cache), false)
 9 FCPATH\index.php(67): CodeIgniter\CodeIgniter->run()
10 SYSTEMPATH\Commands\Server\rewrite.php(47): require_once('FCPATH\\index.php')
CRITICAL - 2022-12-28 12:39:38 --> Invalid argument supplied for foreach()
in APPPATH\Views\clientes\index.php on line 49.
 1 APPPATH\Views\clientes\index.php(49): CodeIgniter\Debug\Exceptions->errorHandler(2, 'Invalid argument supplied for foreach()', 'APPPATH\\Views\\clientes\\index.php', 49, [...])
 2 SYSTEMPATH\View\View.php(213): include('APPPATH\\Views\\clientes\\index.php')
 3 SYSTEMPATH\View\View.php(216): CodeIgniter\View\View->CodeIgniter\View\{closure}()
 4 SYSTEMPATH\Common.php(1135): CodeIgniter\View\View->render('clientes/index', [], true)
 5 APPPATH\Controllers\Clientes.php(57): view('clientes/index', [...])
 6 SYSTEMPATH\CodeIgniter.php(925): App\Controllers\Clientes->deletar('3')
 7 SYSTEMPATH\CodeIgniter.php(480): CodeIgniter\CodeIgniter->runController(Object(App\Controllers\Clientes))
 8 SYSTEMPATH\CodeIgniter.php(349): CodeIgniter\CodeIgniter->handleRequest(null, Object(Config\Cache), false)
 9 FCPATH\index.php(67): CodeIgniter\CodeIgniter->run()
10 SYSTEMPATH\Commands\Server\rewrite.php(47): require_once('FCPATH\\index.php')
CRITICAL - 2022-12-28 12:41:36 --> Undefined variable: cliente
in APPPATH\Controllers\Clientes.php on line 54.
 1 APPPATH\Controllers\Clientes.php(54): CodeIgniter\Debug\Exceptions->errorHandler(8, 'Undefined variable: cliente', 'APPPATH\\Controllers\\Clientes.php', 54, [...])
 2 SYSTEMPATH\CodeIgniter.php(925): App\Controllers\Clientes->deletar('10')
 3 SYSTEMPATH\CodeIgniter.php(480): CodeIgniter\CodeIgniter->runController(Object(App\Controllers\Clientes))
 4 SYSTEMPATH\CodeIgniter.php(349): CodeIgniter\CodeIgniter->handleRequest(null, Object(Config\Cache), false)
 5 FCPATH\index.php(67): CodeIgniter\CodeIgniter->run()
 6 SYSTEMPATH\Commands\Server\rewrite.php(47): require_once('FCPATH\\index.php')
CRITICAL - 2022-12-28 12:55:38 --> Illegal string offset 'id_cliente'
in APPPATH\Views\clientes\visualizar.php on line 51.
 1 APPPATH\Views\clientes\visualizar.php(51): CodeIgniter\Debug\Exceptions->errorHandler(2, 'Illegal string offset \'id_cliente\'', 'APPPATH\\Views\\clientes\\visualizar.php', 51, [...])
 2 SYSTEMPATH\View\View.php(213): include('APPPATH\\Views\\clientes\\visualizar.php')
 3 SYSTEMPATH\View\View.php(216): CodeIgniter\View\View->CodeIgniter\View\{closure}()
 4 SYSTEMPATH\Common.php(1135): CodeIgniter\View\View->render('clientes/visualizar', [], true)
 5 APPPATH\Controllers\Clientes.php(44): view('clientes/visualizar', [...])
 6 SYSTEMPATH\CodeIgniter.php(925): App\Controllers\Clientes->visualizar('12')
 7 SYSTEMPATH\CodeIgniter.php(480): CodeIgniter\CodeIgniter->runController(Object(App\Controllers\Clientes))
 8 SYSTEMPATH\CodeIgniter.php(349): CodeIgniter\CodeIgniter->handleRequest(null, Object(Config\Cache), false)
 9 FCPATH\index.php(67): CodeIgniter\CodeIgniter->run()
10 SYSTEMPATH\Commands\Server\rewrite.php(47): require_once('FCPATH\\index.php')
CRITICAL - 2022-12-28 12:55:40 --> Illegal string offset 'id_cliente'
in APPPATH\Views\clientes\visualizar.php on line 51.
 1 APPPATH\Views\clientes\visualizar.php(51): CodeIgniter\Debug\Exceptions->errorHandler(2, 'Illegal string offset \'id_cliente\'', 'APPPATH\\Views\\clientes\\visualizar.php', 51, [...])
 2 SYSTEMPATH\View\View.php(213): include('APPPATH\\Views\\clientes\\visualizar.php')
 3 SYSTEMPATH\View\View.php(216): CodeIgniter\View\View->CodeIgniter\View\{closure}()
 4 SYSTEMPATH\Common.php(1135): CodeIgniter\View\View->render('clientes/visualizar', [], true)
 5 APPPATH\Controllers\Clientes.php(44): view('clientes/visualizar', [...])
 6 SYSTEMPATH\CodeIgniter.php(925): App\Controllers\Clientes->visualizar('12')
 7 SYSTEMPATH\CodeIgniter.php(480): CodeIgniter\CodeIgniter->runController(Object(App\Controllers\Clientes))
 8 SYSTEMPATH\CodeIgniter.php(349): CodeIgniter\CodeIgniter->handleRequest(null, Object(Config\Cache), false)
 9 FCPATH\index.php(67): CodeIgniter\CodeIgniter->run()
10 SYSTEMPATH\Commands\Server\rewrite.php(47): require_once('FCPATH\\index.php')
CRITICAL - 2022-12-28 12:55:41 --> Illegal string offset 'id_cliente'
in APPPATH\Views\clientes\visualizar.php on line 51.
 1 APPPATH\Views\clientes\visualizar.php(51): CodeIgniter\Debug\Exceptions->errorHandler(2, 'Illegal string offset \'id_cliente\'', 'APPPATH\\Views\\clientes\\visualizar.php', 51, [...])
 2 SYSTEMPATH\View\View.php(213): include('APPPATH\\Views\\clientes\\visualizar.php')
 3 SYSTEMPATH\View\View.php(216): CodeIgniter\View\View->CodeIgniter\View\{closure}()
 4 SYSTEMPATH\Common.php(1135): CodeIgniter\View\View->render('clientes/visualizar', [], true)
 5 APPPATH\Controllers\Clientes.php(44): view('clientes/visualizar', [...])
 6 SYSTEMPATH\CodeIgniter.php(925): App\Controllers\Clientes->visualizar('12')
 7 SYSTEMPATH\CodeIgniter.php(480): CodeIgniter\CodeIgniter->runController(Object(App\Controllers\Clientes))
 8 SYSTEMPATH\CodeIgniter.php(349): CodeIgniter\CodeIgniter->handleRequest(null, Object(Config\Cache), false)
 9 FCPATH\index.php(67): CodeIgniter\CodeIgniter->run()
10 SYSTEMPATH\Commands\Server\rewrite.php(47): require_once('FCPATH\\index.php')
CRITICAL - 2022-12-28 12:55:42 --> Illegal string offset 'id_cliente'
in APPPATH\Views\clientes\visualizar.php on line 51.
 1 APPPATH\Views\clientes\visualizar.php(51): CodeIgniter\Debug\Exceptions->errorHandler(2, 'Illegal string offset \'id_cliente\'', 'APPPATH\\Views\\clientes\\visualizar.php', 51, [...])
 2 SYSTEMPATH\View\View.php(213): include('APPPATH\\Views\\clientes\\visualizar.php')
 3 SYSTEMPATH\View\View.php(216): CodeIgniter\View\View->CodeIgniter\View\{closure}()
 4 SYSTEMPATH\Common.php(1135): CodeIgniter\View\View->render('clientes/visualizar', [], true)
 5 APPPATH\Controllers\Clientes.php(44): view('clientes/visualizar', [...])
 6 SYSTEMPATH\CodeIgniter.php(925): App\Controllers\Clientes->visualizar('12')
 7 SYSTEMPATH\CodeIgniter.php(480): CodeIgniter\CodeIgniter->runController(Object(App\Controllers\Clientes))
 8 SYSTEMPATH\CodeIgniter.php(349): CodeIgniter\CodeIgniter->handleRequest(null, Object(Config\Cache), false)
 9 FCPATH\index.php(67): CodeIgniter\CodeIgniter->run()
10 SYSTEMPATH\Commands\Server\rewrite.php(47): require_once('FCPATH\\index.php')
CRITICAL - 2022-12-28 12:55:42 --> Illegal string offset 'id_cliente'
in APPPATH\Views\clientes\visualizar.php on line 51.
 1 APPPATH\Views\clientes\visualizar.php(51): CodeIgniter\Debug\Exceptions->errorHandler(2, 'Illegal string offset \'id_cliente\'', 'APPPATH\\Views\\clientes\\visualizar.php', 51, [...])
 2 SYSTEMPATH\View\View.php(213): include('APPPATH\\Views\\clientes\\visualizar.php')
 3 SYSTEMPATH\View\View.php(216): CodeIgniter\View\View->CodeIgniter\View\{closure}()
 4 SYSTEMPATH\Common.php(1135): CodeIgniter\View\View->render('clientes/visualizar', [], true)
 5 APPPATH\Controllers\Clientes.php(44): view('clientes/visualizar', [...])
 6 SYSTEMPATH\CodeIgniter.php(925): App\Controllers\Clientes->visualizar('12')
 7 SYSTEMPATH\CodeIgniter.php(480): CodeIgniter\CodeIgniter->runController(Object(App\Controllers\Clientes))
 8 SYSTEMPATH\CodeIgniter.php(349): CodeIgniter\CodeIgniter->handleRequest(null, Object(Config\Cache), false)
 9 FCPATH\index.php(67): CodeIgniter\CodeIgniter->run()
10 SYSTEMPATH\Commands\Server\rewrite.php(47): require_once('FCPATH\\index.php')
CRITICAL - 2022-12-28 12:55:42 --> Illegal string offset 'id_cliente'
in APPPATH\Views\clientes\visualizar.php on line 51.
 1 APPPATH\Views\clientes\visualizar.php(51): CodeIgniter\Debug\Exceptions->errorHandler(2, 'Illegal string offset \'id_cliente\'', 'APPPATH\\Views\\clientes\\visualizar.php', 51, [...])
 2 SYSTEMPATH\View\View.php(213): include('APPPATH\\Views\\clientes\\visualizar.php')
 3 SYSTEMPATH\View\View.php(216): CodeIgniter\View\View->CodeIgniter\View\{closure}()
 4 SYSTEMPATH\Common.php(1135): CodeIgniter\View\View->render('clientes/visualizar', [], true)
 5 APPPATH\Controllers\Clientes.php(44): view('clientes/visualizar', [...])
 6 SYSTEMPATH\CodeIgniter.php(925): App\Controllers\Clientes->visualizar('12')
 7 SYSTEMPATH\CodeIgniter.php(480): CodeIgniter\CodeIgniter->runController(Object(App\Controllers\Clientes))
 8 SYSTEMPATH\CodeIgniter.php(349): CodeIgniter\CodeIgniter->handleRequest(null, Object(Config\Cache), false)
 9 FCPATH\index.php(67): CodeIgniter\CodeIgniter->run()
10 SYSTEMPATH\Commands\Server\rewrite.php(47): require_once('FCPATH\\index.php')
CRITICAL - 2022-12-28 12:55:43 --> Illegal string offset 'id_cliente'
in APPPATH\Views\clientes\visualizar.php on line 51.
 1 APPPATH\Views\clientes\visualizar.php(51): CodeIgniter\Debug\Exceptions->errorHandler(2, 'Illegal string offset \'id_cliente\'', 'APPPATH\\Views\\clientes\\visualizar.php', 51, [...])
 2 SYSTEMPATH\View\View.php(213): include('APPPATH\\Views\\clientes\\visualizar.php')
 3 SYSTEMPATH\View\View.php(216): CodeIgniter\View\View->CodeIgniter\View\{closure}()
 4 SYSTEMPATH\Common.php(1135): CodeIgniter\View\View->render('clientes/visualizar', [], true)
 5 APPPATH\Controllers\Clientes.php(44): view('clientes/visualizar', [...])
 6 SYSTEMPATH\CodeIgniter.php(925): App\Controllers\Clientes->visualizar('12')
 7 SYSTEMPATH\CodeIgniter.php(480): CodeIgniter\CodeIgniter->runController(Object(App\Controllers\Clientes))
 8 SYSTEMPATH\CodeIgniter.php(349): CodeIgniter\CodeIgniter->handleRequest(null, Object(Config\Cache), false)
 9 FCPATH\index.php(67): CodeIgniter\CodeIgniter->run()
10 SYSTEMPATH\Commands\Server\rewrite.php(47): require_once('FCPATH\\index.php')
CRITICAL - 2022-12-28 12:55:43 --> Illegal string offset 'id_cliente'
in APPPATH\Views\clientes\visualizar.php on line 51.
 1 APPPATH\Views\clientes\visualizar.php(51): CodeIgniter\Debug\Exceptions->errorHandler(2, 'Illegal string offset \'id_cliente\'', 'APPPATH\\Views\\clientes\\visualizar.php', 51, [...])
 2 SYSTEMPATH\View\View.php(213): include('APPPATH\\Views\\clientes\\visualizar.php')
 3 SYSTEMPATH\View\View.php(216): CodeIgniter\View\View->CodeIgniter\View\{closure}()
 4 SYSTEMPATH\Common.php(1135): CodeIgniter\View\View->render('clientes/visualizar', [], true)
 5 APPPATH\Controllers\Clientes.php(44): view('clientes/visualizar', [...])
 6 SYSTEMPATH\CodeIgniter.php(925): App\Controllers\Clientes->visualizar('12')
 7 SYSTEMPATH\CodeIgniter.php(480): CodeIgniter\CodeIgniter->runController(Object(App\Controllers\Clientes))
 8 SYSTEMPATH\CodeIgniter.php(349): CodeIgniter\CodeIgniter->handleRequest(null, Object(Config\Cache), false)
 9 FCPATH\index.php(67): CodeIgniter\CodeIgniter->run()
10 SYSTEMPATH\Commands\Server\rewrite.php(47): require_once('FCPATH\\index.php')
CRITICAL - 2022-12-28 12:55:56 --> Illegal string offset 'id_cliente'
in APPPATH\Views\clientes\visualizar.php on line 51.
 1 APPPATH\Views\clientes\visualizar.php(51): CodeIgniter\Debug\Exceptions->errorHandler(2, 'Illegal string offset \'id_cliente\'', 'APPPATH\\Views\\clientes\\visualizar.php', 51, [...])
 2 SYSTEMPATH\View\View.php(213): include('APPPATH\\Views\\clientes\\visualizar.php')
 3 SYSTEMPATH\View\View.php(216): CodeIgniter\View\View->CodeIgniter\View\{closure}()
 4 SYSTEMPATH\Common.php(1135): CodeIgniter\View\View->render('clientes/visualizar', [], true)
 5 APPPATH\Controllers\Clientes.php(44): view('clientes/visualizar', [...])
 6 SYSTEMPATH\CodeIgniter.php(925): App\Controllers\Clientes->visualizar('12')
 7 SYSTEMPATH\CodeIgniter.php(480): CodeIgniter\CodeIgniter->runController(Object(App\Controllers\Clientes))
 8 SYSTEMPATH\CodeIgniter.php(349): CodeIgniter\CodeIgniter->handleRequest(null, Object(Config\Cache), false)
 9 FCPATH\index.php(67): CodeIgniter\CodeIgniter->run()
10 SYSTEMPATH\Commands\Server\rewrite.php(47): require_once('FCPATH\\index.php')
CRITICAL - 2022-12-28 12:56:05 --> Illegal string offset 'id_cliente'
in APPPATH\Views\clientes\visualizar.php on line 51.
 1 APPPATH\Views\clientes\visualizar.php(51): CodeIgniter\Debug\Exceptions->errorHandler(2, 'Illegal string offset \'id_cliente\'', 'APPPATH\\Views\\clientes\\visualizar.php', 51, [...])
 2 SYSTEMPATH\View\View.php(213): include('APPPATH\\Views\\clientes\\visualizar.php')
 3 SYSTEMPATH\View\View.php(216): CodeIgniter\View\View->CodeIgniter\View\{closure}()
 4 SYSTEMPATH\Common.php(1135): CodeIgniter\View\View->render('clientes/visualizar', [], true)
 5 APPPATH\Controllers\Clientes.php(44): view('clientes/visualizar', [...])
 6 SYSTEMPATH\CodeIgniter.php(925): App\Controllers\Clientes->visualizar('12')
 7 SYSTEMPATH\CodeIgniter.php(480): CodeIgniter\CodeIgniter->runController(Object(App\Controllers\Clientes))
 8 SYSTEMPATH\CodeIgniter.php(349): CodeIgniter\CodeIgniter->handleRequest(null, Object(Config\Cache), false)
 9 FCPATH\index.php(67): CodeIgniter\CodeIgniter->run()
10 SYSTEMPATH\Commands\Server\rewrite.php(47): require_once('FCPATH\\index.php')
CRITICAL - 2022-12-28 12:56:58 --> Illegal string offset 'id_cliente'
in APPPATH\Views\clientes\visualizar.php on line 51.
 1 APPPATH\Views\clientes\visualizar.php(51): CodeIgniter\Debug\Exceptions->errorHandler(2, 'Illegal string offset \'id_cliente\'', 'APPPATH\\Views\\clientes\\visualizar.php', 51, [...])
 2 SYSTEMPATH\View\View.php(213): include('APPPATH\\Views\\clientes\\visualizar.php')
 3 SYSTEMPATH\View\View.php(216): CodeIgniter\View\View->CodeIgniter\View\{closure}()
 4 SYSTEMPATH\Common.php(1135): CodeIgniter\View\View->render('clientes/visualizar', [], true)
 5 APPPATH\Controllers\Clientes.php(44): view('clientes/visualizar', [...])
 6 SYSTEMPATH\CodeIgniter.php(925): App\Controllers\Clientes->visualizar('12')
 7 SYSTEMPATH\CodeIgniter.php(480): CodeIgniter\CodeIgniter->runController(Object(App\Controllers\Clientes))
 8 SYSTEMPATH\CodeIgniter.php(349): CodeIgniter\CodeIgniter->handleRequest(null, Object(Config\Cache), false)
 9 FCPATH\index.php(67): CodeIgniter\CodeIgniter->run()
10 SYSTEMPATH\Commands\Server\rewrite.php(47): require_once('FCPATH\\index.php')
CRITICAL - 2022-12-28 13:14:11 --> Undefined variable: cliente
in APPPATH\Views\clientes\index.php on line 15.
 1 APPPATH\Views\clientes\index.php(15): CodeIgniter\Debug\Exceptions->errorHandler(8, 'Undefined variable: cliente', 'APPPATH\\Views\\clientes\\index.php', 15, [...])
 2 SYSTEMPATH\View\View.php(213): include('APPPATH\\Views\\clientes\\index.php')
 3 SYSTEMPATH\View\View.php(216): CodeIgniter\View\View->CodeIgniter\View\{closure}()
 4 SYSTEMPATH\Common.php(1135): CodeIgniter\View\View->render('clientes/index', [], true)
 5 APPPATH\Controllers\Clientes.php(24): view('clientes/index', [...])
 6 SYSTEMPATH\CodeIgniter.php(925): App\Controllers\Clientes->index()
 7 SYSTEMPATH\CodeIgniter.php(480): CodeIgniter\CodeIgniter->runController(Object(App\Controllers\Clientes))
 8 SYSTEMPATH\CodeIgniter.php(349): CodeIgniter\CodeIgniter->handleRequest(null, Object(Config\Cache), false)
 9 FCPATH\index.php(67): CodeIgniter\CodeIgniter->run()
10 SYSTEMPATH\Commands\Server\rewrite.php(47): require_once('FCPATH\\index.php')
CRITICAL - 2022-12-28 13:21:52 --> Undefined variable: cliente
in APPPATH\Views\clientes\index.php on line 18.
 1 APPPATH\Views\clientes\index.php(18): CodeIgniter\Debug\Exceptions->errorHandler(8, 'Undefined variable: cliente', 'APPPATH\\Views\\clientes\\index.php', 18, [...])
 2 SYSTEMPATH\View\View.php(213): include('APPPATH\\Views\\clientes\\index.php')
 3 SYSTEMPATH\View\View.php(216): CodeIgniter\View\View->CodeIgniter\View\{closure}()
 4 SYSTEMPATH\Common.php(1135): CodeIgniter\View\View->render('clientes/index', [], true)
 5 APPPATH\Controllers\Clientes.php(24): view('clientes/index', [...])
 6 SYSTEMPATH\CodeIgniter.php(925): App\Controllers\Clientes->index()
 7 SYSTEMPATH\CodeIgniter.php(480): CodeIgniter\CodeIgniter->runController(Object(App\Controllers\Clientes))
 8 SYSTEMPATH\CodeIgniter.php(349): CodeIgniter\CodeIgniter->handleRequest(null, Object(Config\Cache), false)
 9 FCPATH\index.php(67): CodeIgniter\CodeIgniter->run()
10 SYSTEMPATH\Commands\Server\rewrite.php(47): require_once('FCPATH\\index.php')
CRITICAL - 2022-12-28 13:21:53 --> Undefined variable: cliente
in APPPATH\Views\clientes\index.php on line 18.
 1 APPPATH\Views\clientes\index.php(18): CodeIgniter\Debug\Exceptions->errorHandler(8, 'Undefined variable: cliente', 'APPPATH\\Views\\clientes\\index.php', 18, [...])
 2 SYSTEMPATH\View\View.php(213): include('APPPATH\\Views\\clientes\\index.php')
 3 SYSTEMPATH\View\View.php(216): CodeIgniter\View\View->CodeIgniter\View\{closure}()
 4 SYSTEMPATH\Common.php(1135): CodeIgniter\View\View->render('clientes/index', [], true)
 5 APPPATH\Controllers\Clientes.php(24): view('clientes/index', [...])
 6 SYSTEMPATH\CodeIgniter.php(925): App\Controllers\Clientes->index()
 7 SYSTEMPATH\CodeIgniter.php(480): CodeIgniter\CodeIgniter->runController(Object(App\Controllers\Clientes))
 8 SYSTEMPATH\CodeIgniter.php(349): CodeIgniter\CodeIgniter->handleRequest(null, Object(Config\Cache), false)
 9 FCPATH\index.php(67): CodeIgniter\CodeIgniter->run()
10 SYSTEMPATH\Commands\Server\rewrite.php(47): require_once('FCPATH\\index.php')
CRITICAL - 2022-12-28 13:21:53 --> Undefined variable: cliente
in APPPATH\Views\clientes\index.php on line 18.
 1 APPPATH\Views\clientes\index.php(18): CodeIgniter\Debug\Exceptions->errorHandler(8, 'Undefined variable: cliente', 'APPPATH\\Views\\clientes\\index.php', 18, [...])
 2 SYSTEMPATH\View\View.php(213): include('APPPATH\\Views\\clientes\\index.php')
 3 SYSTEMPATH\View\View.php(216): CodeIgniter\View\View->CodeIgniter\View\{closure}()
 4 SYSTEMPATH\Common.php(1135): CodeIgniter\View\View->render('clientes/index', [], true)
 5 APPPATH\Controllers\Clientes.php(24): view('clientes/index', [...])
 6 SYSTEMPATH\CodeIgniter.php(925): App\Controllers\Clientes->index()
 7 SYSTEMPATH\CodeIgniter.php(480): CodeIgniter\CodeIgniter->runController(Object(App\Controllers\Clientes))
 8 SYSTEMPATH\CodeIgniter.php(349): CodeIgniter\CodeIgniter->handleRequest(null, Object(Config\Cache), false)
 9 FCPATH\index.php(67): CodeIgniter\CodeIgniter->run()
10 SYSTEMPATH\Commands\Server\rewrite.php(47): require_once('FCPATH\\index.php')
CRITICAL - 2022-12-28 13:21:53 --> Undefined variable: cliente
in APPPATH\Views\clientes\index.php on line 18.
 1 APPPATH\Views\clientes\index.php(18): CodeIgniter\Debug\Exceptions->errorHandler(8, 'Undefined variable: cliente', 'APPPATH\\Views\\clientes\\index.php', 18, [...])
 2 SYSTEMPATH\View\View.php(213): include('APPPATH\\Views\\clientes\\index.php')
 3 SYSTEMPATH\View\View.php(216): CodeIgniter\View\View->CodeIgniter\View\{closure}()
 4 SYSTEMPATH\Common.php(1135): CodeIgniter\View\View->render('clientes/index', [], true)
 5 APPPATH\Controllers\Clientes.php(24): view('clientes/index', [...])
 6 SYSTEMPATH\CodeIgniter.php(925): App\Controllers\Clientes->index()
 7 SYSTEMPATH\CodeIgniter.php(480): CodeIgniter\CodeIgniter->runController(Object(App\Controllers\Clientes))
 8 SYSTEMPATH\CodeIgniter.php(349): CodeIgniter\CodeIgniter->handleRequest(null, Object(Config\Cache), false)
 9 FCPATH\index.php(67): CodeIgniter\CodeIgniter->run()
10 SYSTEMPATH\Commands\Server\rewrite.php(47): require_once('FCPATH\\index.php')
CRITICAL - 2022-12-28 13:21:54 --> Undefined variable: cliente
in APPPATH\Views\clientes\index.php on line 18.
 1 APPPATH\Views\clientes\index.php(18): CodeIgniter\Debug\Exceptions->errorHandler(8, 'Undefined variable: cliente', 'APPPATH\\Views\\clientes\\index.php', 18, [...])
 2 SYSTEMPATH\View\View.php(213): include('APPPATH\\Views\\clientes\\index.php')
 3 SYSTEMPATH\View\View.php(216): CodeIgniter\View\View->CodeIgniter\View\{closure}()
 4 SYSTEMPATH\Common.php(1135): CodeIgniter\View\View->render('clientes/index', [], true)
 5 APPPATH\Controllers\Clientes.php(24): view('clientes/index', [...])
 6 SYSTEMPATH\CodeIgniter.php(925): App\Controllers\Clientes->index()
 7 SYSTEMPATH\CodeIgniter.php(480): CodeIgniter\CodeIgniter->runController(Object(App\Controllers\Clientes))
 8 SYSTEMPATH\CodeIgniter.php(349): CodeIgniter\CodeIgniter->handleRequest(null, Object(Config\Cache), false)
 9 FCPATH\index.php(67): CodeIgniter\CodeIgniter->run()
10 SYSTEMPATH\Commands\Server\rewrite.php(47): require_once('FCPATH\\index.php')
CRITICAL - 2022-12-28 13:21:54 --> Undefined variable: cliente
in APPPATH\Views\clientes\index.php on line 18.
 1 APPPATH\Views\clientes\index.php(18): CodeIgniter\Debug\Exceptions->errorHandler(8, 'Undefined variable: cliente', 'APPPATH\\Views\\clientes\\index.php', 18, [...])
 2 SYSTEMPATH\View\View.php(213): include('APPPATH\\Views\\clientes\\index.php')
 3 SYSTEMPATH\View\View.php(216): CodeIgniter\View\View->CodeIgniter\View\{closure}()
 4 SYSTEMPATH\Common.php(1135): CodeIgniter\View\View->render('clientes/index', [], true)
 5 APPPATH\Controllers\Clientes.php(24): view('clientes/index', [...])
 6 SYSTEMPATH\CodeIgniter.php(925): App\Controllers\Clientes->index()
 7 SYSTEMPATH\CodeIgniter.php(480): CodeIgniter\CodeIgniter->runController(Object(App\Controllers\Clientes))
 8 SYSTEMPATH\CodeIgniter.php(349): CodeIgniter\CodeIgniter->handleRequest(null, Object(Config\Cache), false)
 9 FCPATH\index.php(67): CodeIgniter\CodeIgniter->run()
10 SYSTEMPATH\Commands\Server\rewrite.php(47): require_once('FCPATH\\index.php')
CRITICAL - 2022-12-28 13:21:55 --> Undefined variable: cliente
in APPPATH\Views\clientes\index.php on line 18.
 1 APPPATH\Views\clientes\index.php(18): CodeIgniter\Debug\Exceptions->errorHandler(8, 'Undefined variable: cliente', 'APPPATH\\Views\\clientes\\index.php', 18, [...])
 2 SYSTEMPATH\View\View.php(213): include('APPPATH\\Views\\clientes\\index.php')
 3 SYSTEMPATH\View\View.php(216): CodeIgniter\View\View->CodeIgniter\View\{closure}()
 4 SYSTEMPATH\Common.php(1135): CodeIgniter\View\View->render('clientes/index', [], true)
 5 APPPATH\Controllers\Clientes.php(24): view('clientes/index', [...])
 6 SYSTEMPATH\CodeIgniter.php(925): App\Controllers\Clientes->index()
 7 SYSTEMPATH\CodeIgniter.php(480): CodeIgniter\CodeIgniter->runController(Object(App\Controllers\Clientes))
 8 SYSTEMPATH\CodeIgniter.php(349): CodeIgniter\CodeIgniter->handleRequest(null, Object(Config\Cache), false)
 9 FCPATH\index.php(67): CodeIgniter\CodeIgniter->run()
10 SYSTEMPATH\Commands\Server\rewrite.php(47): require_once('FCPATH\\index.php')
CRITICAL - 2022-12-28 13:21:56 --> Undefined variable: cliente
in APPPATH\Views\clientes\index.php on line 18.
 1 APPPATH\Views\clientes\index.php(18): CodeIgniter\Debug\Exceptions->errorHandler(8, 'Undefined variable: cliente', 'APPPATH\\Views\\clientes\\index.php', 18, [...])
 2 SYSTEMPATH\View\View.php(213): include('APPPATH\\Views\\clientes\\index.php')
 3 SYSTEMPATH\View\View.php(216): CodeIgniter\View\View->CodeIgniter\View\{closure}()
 4 SYSTEMPATH\Common.php(1135): CodeIgniter\View\View->render('clientes/index', [], true)
 5 APPPATH\Controllers\Clientes.php(24): view('clientes/index', [...])
 6 SYSTEMPATH\CodeIgniter.php(925): App\Controllers\Clientes->index()
 7 SYSTEMPATH\CodeIgniter.php(480): CodeIgniter\CodeIgniter->runController(Object(App\Controllers\Clientes))
 8 SYSTEMPATH\CodeIgniter.php(349): CodeIgniter\CodeIgniter->handleRequest(null, Object(Config\Cache), false)
 9 FCPATH\index.php(67): CodeIgniter\CodeIgniter->run()
10 SYSTEMPATH\Commands\Server\rewrite.php(47): require_once('FCPATH\\index.php')
CRITICAL - 2022-12-28 13:21:58 --> Undefined variable: cliente
in APPPATH\Views\clientes\index.php on line 18.
 1 APPPATH\Views\clientes\index.php(18): CodeIgniter\Debug\Exceptions->errorHandler(8, 'Undefined variable: cliente', 'APPPATH\\Views\\clientes\\index.php', 18, [...])
 2 SYSTEMPATH\View\View.php(213): include('APPPATH\\Views\\clientes\\index.php')
 3 SYSTEMPATH\View\View.php(216): CodeIgniter\View\View->CodeIgniter\View\{closure}()
 4 SYSTEMPATH\Common.php(1135): CodeIgniter\View\View->render('clientes/index', [], true)
 5 APPPATH\Controllers\Clientes.php(24): view('clientes/index', [...])
 6 SYSTEMPATH\CodeIgniter.php(925): App\Controllers\Clientes->index()
 7 SYSTEMPATH\CodeIgniter.php(480): CodeIgniter\CodeIgniter->runController(Object(App\Controllers\Clientes))
 8 SYSTEMPATH\CodeIgniter.php(349): CodeIgniter\CodeIgniter->handleRequest(null, Object(Config\Cache), false)
 9 FCPATH\index.php(67): CodeIgniter\CodeIgniter->run()
10 SYSTEMPATH\Commands\Server\rewrite.php(47): require_once('FCPATH\\index.php')
CRITICAL - 2022-12-28 13:23:49 --> Too few arguments to function App\Controllers\Clientes::deletar(), 0 passed in C:\xampp\htdocs\CI4M2\system\CodeIgniter.php on line 925 and exactly 1 expected
in APPPATH\Controllers\Clientes.php on line 61.
 1 SYSTEMPATH\CodeIgniter.php(925): App\Controllers\Clientes->deletar()
 2 SYSTEMPATH\CodeIgniter.php(480): CodeIgniter\CodeIgniter->runController(Object(App\Controllers\Clientes))
 3 SYSTEMPATH\CodeIgniter.php(349): CodeIgniter\CodeIgniter->handleRequest(null, Object(Config\Cache), false)
 4 FCPATH\index.php(67): CodeIgniter\CodeIgniter->run()
 5 SYSTEMPATH\Commands\Server\rewrite.php(47): require_once('FCPATH\\index.php')
CRITICAL - 2022-12-28 13:25:07 --> Too few arguments to function App\Controllers\Clientes::deletar(), 0 passed in C:\xampp\htdocs\CI4M2\system\CodeIgniter.php on line 925 and exactly 1 expected
in APPPATH\Controllers\Clientes.php on line 61.
 1 SYSTEMPATH\CodeIgniter.php(925): App\Controllers\Clientes->deletar()
 2 SYSTEMPATH\CodeIgniter.php(480): CodeIgniter\CodeIgniter->runController(Object(App\Controllers\Clientes))
 3 SYSTEMPATH\CodeIgniter.php(349): CodeIgniter\CodeIgniter->handleRequest(null, Object(Config\Cache), false)
 4 FCPATH\index.php(67): CodeIgniter\CodeIgniter->run()
 5 SYSTEMPATH\Commands\Server\rewrite.php(47): require_once('FCPATH\\index.php')
CRITICAL - 2022-12-28 13:25:34 --> Undefined variable: id_cliente
in APPPATH\Controllers\Clientes.php on line 64.
 1 APPPATH\Controllers\Clientes.php(64): CodeIgniter\Debug\Exceptions->errorHandler(8, 'Undefined variable: id_cliente', 'APPPATH\\Controllers\\Clientes.php', 64, [])
 2 SYSTEMPATH\CodeIgniter.php(925): App\Controllers\Clientes->deletar()
 3 SYSTEMPATH\CodeIgniter.php(480): CodeIgniter\CodeIgniter->runController(Object(App\Controllers\Clientes))
 4 SYSTEMPATH\CodeIgniter.php(349): CodeIgniter\CodeIgniter->handleRequest(null, Object(Config\Cache), false)
 5 FCPATH\index.php(67): CodeIgniter\CodeIgniter->run()
 6 SYSTEMPATH\Commands\Server\rewrite.php(47): require_once('FCPATH\\index.php')
CRITICAL - 2022-12-28 13:44:57 --> Object of class CodeIgniter\Session\Session could not be converted to string
in APPPATH\Views\clientes\index.php on line 56.
 1 SYSTEMPATH\View\View.php(213): include()
 2 SYSTEMPATH\View\View.php(216): CodeIgniter\View\View->CodeIgniter\View\{closure}()
 3 SYSTEMPATH\Common.php(1135): CodeIgniter\View\View->render('clientes/index', [], true)
 4 APPPATH\Controllers\Clientes.php(24): view('clientes/index', [...])
 5 SYSTEMPATH\CodeIgniter.php(925): App\Controllers\Clientes->index()
 6 SYSTEMPATH\CodeIgniter.php(480): CodeIgniter\CodeIgniter->runController(Object(App\Controllers\Clientes))
 7 SYSTEMPATH\CodeIgniter.php(349): CodeIgniter\CodeIgniter->handleRequest(null, Object(Config\Cache), false)
 8 FCPATH\index.php(67): CodeIgniter\CodeIgniter->run()
 9 SYSTEMPATH\Commands\Server\rewrite.php(47): require_once('FCPATH\\index.php')
CRITICAL - 2022-12-28 13:46:47 --> Object of class CodeIgniter\Session\Session could not be converted to string
in APPPATH\Views\clientes\index.php on line 56.
 1 SYSTEMPATH\View\View.php(213): include()
 2 SYSTEMPATH\View\View.php(216): CodeIgniter\View\View->CodeIgniter\View\{closure}()
 3 SYSTEMPATH\Common.php(1135): CodeIgniter\View\View->render('clientes/index', [], true)
 4 APPPATH\Controllers\Clientes.php(24): view('clientes/index', [...])
 5 SYSTEMPATH\CodeIgniter.php(925): App\Controllers\Clientes->index()
 6 SYSTEMPATH\CodeIgniter.php(480): CodeIgniter\CodeIgniter->runController(Object(App\Controllers\Clientes))
 7 SYSTEMPATH\CodeIgniter.php(349): CodeIgniter\CodeIgniter->handleRequest(null, Object(Config\Cache), false)
 8 FCPATH\index.php(67): CodeIgniter\CodeIgniter->run()
 9 SYSTEMPATH\Commands\Server\rewrite.php(47): require_once('FCPATH\\index.php')
CRITICAL - 2022-12-28 13:46:47 --> Object of class CodeIgniter\Session\Session could not be converted to string
in APPPATH\Views\clientes\index.php on line 56.
 1 SYSTEMPATH\View\View.php(213): include()
 2 SYSTEMPATH\View\View.php(216): CodeIgniter\View\View->CodeIgniter\View\{closure}()
 3 SYSTEMPATH\Common.php(1135): CodeIgniter\View\View->render('clientes/index', [], true)
 4 APPPATH\Controllers\Clientes.php(24): view('clientes/index', [...])
 5 SYSTEMPATH\CodeIgniter.php(925): App\Controllers\Clientes->index()
 6 SYSTEMPATH\CodeIgniter.php(480): CodeIgniter\CodeIgniter->runController(Object(App\Controllers\Clientes))
 7 SYSTEMPATH\CodeIgniter.php(349): CodeIgniter\CodeIgniter->handleRequest(null, Object(Config\Cache), false)
 8 FCPATH\index.php(67): CodeIgniter\CodeIgniter->run()
 9 SYSTEMPATH\Commands\Server\rewrite.php(47): require_once('FCPATH\\index.php')
CRITICAL - 2022-12-28 13:46:48 --> Object of class CodeIgniter\Session\Session could not be converted to string
in APPPATH\Views\clientes\index.php on line 56.
 1 SYSTEMPATH\View\View.php(213): include()
 2 SYSTEMPATH\View\View.php(216): CodeIgniter\View\View->CodeIgniter\View\{closure}()
 3 SYSTEMPATH\Common.php(1135): CodeIgniter\View\View->render('clientes/index', [], true)
 4 APPPATH\Controllers\Clientes.php(24): view('clientes/index', [...])
 5 SYSTEMPATH\CodeIgniter.php(925): App\Controllers\Clientes->index()
 6 SYSTEMPATH\CodeIgniter.php(480): CodeIgniter\CodeIgniter->runController(Object(App\Controllers\Clientes))
 7 SYSTEMPATH\CodeIgniter.php(349): CodeIgniter\CodeIgniter->handleRequest(null, Object(Config\Cache), false)
 8 FCPATH\index.php(67): CodeIgniter\CodeIgniter->run()
 9 SYSTEMPATH\Commands\Server\rewrite.php(47): require_once('FCPATH\\index.php')
CRITICAL - 2022-12-28 13:46:48 --> Object of class CodeIgniter\Session\Session could not be converted to string
in APPPATH\Views\clientes\index.php on line 56.
 1 SYSTEMPATH\View\View.php(213): include()
 2 SYSTEMPATH\View\View.php(216): CodeIgniter\View\View->CodeIgniter\View\{closure}()
 3 SYSTEMPATH\Common.php(1135): CodeIgniter\View\View->render('clientes/index', [], true)
 4 APPPATH\Controllers\Clientes.php(24): view('clientes/index', [...])
 5 SYSTEMPATH\CodeIgniter.php(925): App\Controllers\Clientes->index()
 6 SYSTEMPATH\CodeIgniter.php(480): CodeIgniter\CodeIgniter->runController(Object(App\Controllers\Clientes))
 7 SYSTEMPATH\CodeIgniter.php(349): CodeIgniter\CodeIgniter->handleRequest(null, Object(Config\Cache), false)
 8 FCPATH\index.php(67): CodeIgniter\CodeIgniter->run()
 9 SYSTEMPATH\Commands\Server\rewrite.php(47): require_once('FCPATH\\index.php')
CRITICAL - 2022-12-28 13:47:31 --> Object of class CodeIgniter\Session\Session could not be converted to string
in APPPATH\Views\clientes\index.php on line 56.
 1 SYSTEMPATH\View\View.php(213): include()
 2 SYSTEMPATH\View\View.php(216): CodeIgniter\View\View->CodeIgniter\View\{closure}()
 3 SYSTEMPATH\Common.php(1135): CodeIgniter\View\View->render('clientes/index', [], true)
 4 APPPATH\Controllers\Clientes.php(24): view('clientes/index', [...])
 5 SYSTEMPATH\CodeIgniter.php(925): App\Controllers\Clientes->index()
 6 SYSTEMPATH\CodeIgniter.php(480): CodeIgniter\CodeIgniter->runController(Object(App\Controllers\Clientes))
 7 SYSTEMPATH\CodeIgniter.php(349): CodeIgniter\CodeIgniter->handleRequest(null, Object(Config\Cache), false)
 8 FCPATH\index.php(67): CodeIgniter\CodeIgniter->run()
 9 SYSTEMPATH\Commands\Server\rewrite.php(47): require_once('FCPATH\\index.php')
CRITICAL - 2022-12-28 13:47:32 --> Object of class CodeIgniter\Session\Session could not be converted to string
in APPPATH\Views\clientes\index.php on line 56.
 1 SYSTEMPATH\View\View.php(213): include()
 2 SYSTEMPATH\View\View.php(216): CodeIgniter\View\View->CodeIgniter\View\{closure}()
 3 SYSTEMPATH\Common.php(1135): CodeIgniter\View\View->render('clientes/index', [], true)
 4 APPPATH\Controllers\Clientes.php(24): view('clientes/index', [...])
 5 SYSTEMPATH\CodeIgniter.php(925): App\Controllers\Clientes->index()
 6 SYSTEMPATH\CodeIgniter.php(480): CodeIgniter\CodeIgniter->runController(Object(App\Controllers\Clientes))
 7 SYSTEMPATH\CodeIgniter.php(349): CodeIgniter\CodeIgniter->handleRequest(null, Object(Config\Cache), false)
 8 FCPATH\index.php(67): CodeIgniter\CodeIgniter->run()
 9 SYSTEMPATH\Commands\Server\rewrite.php(47): require_once('FCPATH\\index.php')
CRITICAL - 2022-12-28 13:58:55 --> syntax error, unexpected 'endif' (T_ENDIF), expecting end of file
in APPPATH\Views\clientes\index.php on line 86.
 1 SYSTEMPATH\View\View.php(216): CodeIgniter\View\View->CodeIgniter\View\{closure}()
 2 SYSTEMPATH\Common.php(1135): CodeIgniter\View\View->render('clientes/index', [], true)
 3 APPPATH\Controllers\Clientes.php(24): view('clientes/index', [...])
 4 SYSTEMPATH\CodeIgniter.php(925): App\Controllers\Clientes->index()
 5 SYSTEMPATH\CodeIgniter.php(480): CodeIgniter\CodeIgniter->runController(Object(App\Controllers\Clientes))
 6 SYSTEMPATH\CodeIgniter.php(349): CodeIgniter\CodeIgniter->handleRequest(null, Object(Config\Cache), false)
 7 FCPATH\index.php(67): CodeIgniter\CodeIgniter->run()
 8 SYSTEMPATH\Commands\Server\rewrite.php(47): require_once('FCPATH\\index.php')
ERROR - 2022-12-28 14:45:09 --> mysqli_sql_exception: Table 'clientes' already exists in C:\xampp\htdocs\CI4M2\system\Database\MySQLi\Connection.php:292
Stack trace:
#0 C:\xampp\htdocs\CI4M2\system\Database\MySQLi\Connection.php(292): mysqli->query('CREATE TABLE `c...', 0)
#1 C:\xampp\htdocs\CI4M2\system\Database\BaseConnection.php(666): CodeIgniter\Database\MySQLi\Connection->execute('CREATE TABLE `c...')
#2 C:\xampp\htdocs\CI4M2\system\Database\BaseConnection.php(593): CodeIgniter\Database\BaseConnection->simpleQuery('CREATE TABLE `c...')
#3 C:\xampp\htdocs\CI4M2\system\Database\Forge.php(509): CodeIgniter\Database\BaseConnection->query('CREATE TABLE `c...')
#4 C:\xampp\htdocs\CI4M2\app\Database\Migrations\2022-12-28-203903_Funcionarios.php(76): CodeIgniter\Database\Forge->createTable('clientes')
#5 C:\xampp\htdocs\CI4M2\system\Database\MigrationRunner.php(869): App\Database\Migrations\Funcionarios->up()
#6 C:\xampp\htdocs\CI4M2\system\Database\MigrationRunner.php(188): CodeIgniter\Database\MigrationRunner->migrate('up', Object(stdClass))
#7 C:\xampp\htdocs\CI4M2\system\Commands\Database\Migrate.php(84): CodeIgniter\Database\MigrationRunner->latest(NULL)
#8 C:\xampp\htdocs\CI4M2\system\CLI\Commands.php(63): CodeIgniter\Commands\Database\Migrate->run(Array)
#9 C:\xampp\htdocs\CI4M2\system\CLI\CommandRunner.php(65): CodeIgniter\CLI\Commands->run('migrate', Array)
#10 C:\xampp\htdocs\CI4M2\system\CLI\CommandRunner.php(51): CodeIgniter\CLI\CommandRunner->index(Array)
#11 C:\xampp\htdocs\CI4M2\system\CodeIgniter.php(918): CodeIgniter\CLI\CommandRunner->_remap('index', Array)
#12 C:\xampp\htdocs\CI4M2\system\CodeIgniter.php(480): CodeIgniter\CodeIgniter->runController(Object(CodeIgniter\CLI\CommandRunner))
#13 C:\xampp\htdocs\CI4M2\system\CodeIgniter.php(345): CodeIgniter\CodeIgniter->handleRequest(NULL, Object(Config\Cache), false)
#14 C:\xampp\htdocs\CI4M2\system\CLI\Console.php(48): CodeIgniter\CodeIgniter->run()
#15 C:\xampp\htdocs\CI4M2\spark(98): CodeIgniter\CLI\Console->run()
#16 {main}
