CRITICAL - 2023-01-02 13:00:46 --> Too few arguments to function CodeIgniter\HTTP\RedirectResponse::to(), 0 passed in C:\xampp\htdocs\CI4M2\app\Controllers\Login.php on line 44 and at least 1 expected
in SYSTEMPATH\HTTP\RedirectResponse.php on line 32.
 1 APPPATH\Controllers\Login.php(44): CodeIgniter\HTTP\RedirectResponse->to()
 2 SYSTEMPATH\CodeIgniter.php(925): App\Controllers\Login->autenticar()
 3 SYSTEMPATH\CodeIgniter.php(480): CodeIgniter\CodeIgniter->runController(Object(App\Controllers\Login))
 4 SYSTEMPATH\CodeIgniter.php(349): CodeIgniter\CodeIgniter->handleRequest(null, Object(Config\Cache), false)
 5 FCPATH\index.php(67): CodeIgniter\CodeIgniter->run()
 6 SYSTEMPATH\Commands\Server\rewrite.php(47): require_once('FCPATH\\index.php')
CRITICAL - 2023-01-02 15:02:16 --> Undefined variable: login
in APPPATH\Views\login\trocarsenha.php on line 37.
 1 APPPATH\Views\login\trocarsenha.php(37): CodeIgniter\Debug\Exceptions->errorHandler(8, 'Undefined variable: login', 'APPPATH\\Views\\login\\trocarsenha.php', 37, [])
 2 SYSTEMPATH\View\View.php(213): include('APPPATH\\Views\\login\\trocarsenha.php')
 3 SYSTEMPATH\View\View.php(216): CodeIgniter\View\View->CodeIgniter\View\{closure}()
 4 SYSTEMPATH\Common.php(1135): CodeIgniter\View\View->render('login/trocarsenha', [], true)
 5 APPPATH\Controllers\Login.php(59): view('login/trocarsenha')
 6 SYSTEMPATH\CodeIgniter.php(925): App\Controllers\Login->trocarsenha()
 7 SYSTEMPATH\CodeIgniter.php(480): CodeIgniter\CodeIgniter->runController(Object(App\Controllers\Login))
 8 SYSTEMPATH\CodeIgniter.php(349): CodeIgniter\CodeIgniter->handleRequest(null, Object(Config\Cache), false)
 9 FCPATH\index.php(67): CodeIgniter\CodeIgniter->run()
10 SYSTEMPATH\Commands\Server\rewrite.php(47): require_once('FCPATH\\index.php')
CRITICAL - 2023-01-02 15:03:46 --> Undefined variable: login
in APPPATH\Views\login\trocarsenha.php on line 37.
 1 APPPATH\Views\login\trocarsenha.php(37): CodeIgniter\Debug\Exceptions->errorHandler(8, 'Undefined variable: login', 'APPPATH\\Views\\login\\trocarsenha.php', 37, [])
 2 SYSTEMPATH\View\View.php(213): include('APPPATH\\Views\\login\\trocarsenha.php')
 3 SYSTEMPATH\View\View.php(216): CodeIgniter\View\View->CodeIgniter\View\{closure}()
 4 SYSTEMPATH\Common.php(1135): CodeIgniter\View\View->render('login/trocarsenha', [], true)
 5 APPPATH\Controllers\Login.php(59): view('login/trocarsenha')
 6 SYSTEMPATH\CodeIgniter.php(925): App\Controllers\Login->trocarsenha()
 7 SYSTEMPATH\CodeIgniter.php(480): CodeIgniter\CodeIgniter->runController(Object(App\Controllers\Login))
 8 SYSTEMPATH\CodeIgniter.php(349): CodeIgniter\CodeIgniter->handleRequest(null, Object(Config\Cache), false)
 9 FCPATH\index.php(67): CodeIgniter\CodeIgniter->run()
10 SYSTEMPATH\Commands\Server\rewrite.php(47): require_once('FCPATH\\index.php')
CRITICAL - 2023-01-02 15:03:47 --> Undefined variable: login
in APPPATH\Views\login\trocarsenha.php on line 37.
 1 APPPATH\Views\login\trocarsenha.php(37): CodeIgniter\Debug\Exceptions->errorHandler(8, 'Undefined variable: login', 'APPPATH\\Views\\login\\trocarsenha.php', 37, [])
 2 SYSTEMPATH\View\View.php(213): include('APPPATH\\Views\\login\\trocarsenha.php')
 3 SYSTEMPATH\View\View.php(216): CodeIgniter\View\View->CodeIgniter\View\{closure}()
 4 SYSTEMPATH\Common.php(1135): CodeIgniter\View\View->render('login/trocarsenha', [], true)
 5 APPPATH\Controllers\Login.php(59): view('login/trocarsenha')
 6 SYSTEMPATH\CodeIgniter.php(925): App\Controllers\Login->trocarsenha()
 7 SYSTEMPATH\CodeIgniter.php(480): CodeIgniter\CodeIgniter->runController(Object(App\Controllers\Login))
 8 SYSTEMPATH\CodeIgniter.php(349): CodeIgniter\CodeIgniter->handleRequest(null, Object(Config\Cache), false)
 9 FCPATH\index.php(67): CodeIgniter\CodeIgniter->run()
10 SYSTEMPATH\Commands\Server\rewrite.php(47): require_once('FCPATH\\index.php')
CRITICAL - 2023-01-02 15:03:48 --> Undefined variable: login
in APPPATH\Views\login\trocarsenha.php on line 37.
 1 APPPATH\Views\login\trocarsenha.php(37): CodeIgniter\Debug\Exceptions->errorHandler(8, 'Undefined variable: login', 'APPPATH\\Views\\login\\trocarsenha.php', 37, [])
 2 SYSTEMPATH\View\View.php(213): include('APPPATH\\Views\\login\\trocarsenha.php')
 3 SYSTEMPATH\View\View.php(216): CodeIgniter\View\View->CodeIgniter\View\{closure}()
 4 SYSTEMPATH\Common.php(1135): CodeIgniter\View\View->render('login/trocarsenha', [], true)
 5 APPPATH\Controllers\Login.php(59): view('login/trocarsenha')
 6 SYSTEMPATH\CodeIgniter.php(925): App\Controllers\Login->trocarsenha()
 7 SYSTEMPATH\CodeIgniter.php(480): CodeIgniter\CodeIgniter->runController(Object(App\Controllers\Login))
 8 SYSTEMPATH\CodeIgniter.php(349): CodeIgniter\CodeIgniter->handleRequest(null, Object(Config\Cache), false)
 9 FCPATH\index.php(67): CodeIgniter\CodeIgniter->run()
10 SYSTEMPATH\Commands\Server\rewrite.php(47): require_once('FCPATH\\index.php')
CRITICAL - 2023-01-02 15:03:48 --> Undefined variable: login
in APPPATH\Views\login\trocarsenha.php on line 37.
 1 APPPATH\Views\login\trocarsenha.php(37): CodeIgniter\Debug\Exceptions->errorHandler(8, 'Undefined variable: login', 'APPPATH\\Views\\login\\trocarsenha.php', 37, [])
 2 SYSTEMPATH\View\View.php(213): include('APPPATH\\Views\\login\\trocarsenha.php')
 3 SYSTEMPATH\View\View.php(216): CodeIgniter\View\View->CodeIgniter\View\{closure}()
 4 SYSTEMPATH\Common.php(1135): CodeIgniter\View\View->render('login/trocarsenha', [], true)
 5 APPPATH\Controllers\Login.php(59): view('login/trocarsenha')
 6 SYSTEMPATH\CodeIgniter.php(925): App\Controllers\Login->trocarsenha()
 7 SYSTEMPATH\CodeIgniter.php(480): CodeIgniter\CodeIgniter->runController(Object(App\Controllers\Login))
 8 SYSTEMPATH\CodeIgniter.php(349): CodeIgniter\CodeIgniter->handleRequest(null, Object(Config\Cache), false)
 9 FCPATH\index.php(67): CodeIgniter\CodeIgniter->run()
10 SYSTEMPATH\Commands\Server\rewrite.php(47): require_once('FCPATH\\index.php')
CRITICAL - 2023-01-02 15:03:48 --> Undefined variable: login
in APPPATH\Views\login\trocarsenha.php on line 37.
 1 APPPATH\Views\login\trocarsenha.php(37): CodeIgniter\Debug\Exceptions->errorHandler(8, 'Undefined variable: login', 'APPPATH\\Views\\login\\trocarsenha.php', 37, [])
 2 SYSTEMPATH\View\View.php(213): include('APPPATH\\Views\\login\\trocarsenha.php')
 3 SYSTEMPATH\View\View.php(216): CodeIgniter\View\View->CodeIgniter\View\{closure}()
 4 SYSTEMPATH\Common.php(1135): CodeIgniter\View\View->render('login/trocarsenha', [], true)
 5 APPPATH\Controllers\Login.php(59): view('login/trocarsenha')
 6 SYSTEMPATH\CodeIgniter.php(925): App\Controllers\Login->trocarsenha()
 7 SYSTEMPATH\CodeIgniter.php(480): CodeIgniter\CodeIgniter->runController(Object(App\Controllers\Login))
 8 SYSTEMPATH\CodeIgniter.php(349): CodeIgniter\CodeIgniter->handleRequest(null, Object(Config\Cache), false)
 9 FCPATH\index.php(67): CodeIgniter\CodeIgniter->run()
10 SYSTEMPATH\Commands\Server\rewrite.php(47): require_once('FCPATH\\index.php')
CRITICAL - 2023-01-02 15:04:00 --> Undefined variable: login
in APPPATH\Views\login\trocarsenha.php on line 37.
 1 APPPATH\Views\login\trocarsenha.php(37): CodeIgniter\Debug\Exceptions->errorHandler(8, 'Undefined variable: login', 'APPPATH\\Views\\login\\trocarsenha.php', 37, [])
 2 SYSTEMPATH\View\View.php(213): include('APPPATH\\Views\\login\\trocarsenha.php')
 3 SYSTEMPATH\View\View.php(216): CodeIgniter\View\View->CodeIgniter\View\{closure}()
 4 SYSTEMPATH\Common.php(1135): CodeIgniter\View\View->render('login/trocarsenha', [], true)
 5 APPPATH\Controllers\Login.php(59): view('login/trocarsenha')
 6 SYSTEMPATH\CodeIgniter.php(925): App\Controllers\Login->trocarsenha()
 7 SYSTEMPATH\CodeIgniter.php(480): CodeIgniter\CodeIgniter->runController(Object(App\Controllers\Login))
 8 SYSTEMPATH\CodeIgniter.php(349): CodeIgniter\CodeIgniter->handleRequest(null, Object(Config\Cache), false)
 9 FCPATH\index.php(67): CodeIgniter\CodeIgniter->run()
10 SYSTEMPATH\Commands\Server\rewrite.php(47): require_once('FCPATH\\index.php')
CRITICAL - 2023-01-02 15:06:02 --> Undefined variable: logins
in APPPATH\Views\login\trocarsenha.php on line 37.
 1 APPPATH\Views\login\trocarsenha.php(37): CodeIgniter\Debug\Exceptions->errorHandler(8, 'Undefined variable: logins', 'APPPATH\\Views\\login\\trocarsenha.php', 37, [])
 2 SYSTEMPATH\View\View.php(213): include('APPPATH\\Views\\login\\trocarsenha.php')
 3 SYSTEMPATH\View\View.php(216): CodeIgniter\View\View->CodeIgniter\View\{closure}()
 4 SYSTEMPATH\Common.php(1135): CodeIgniter\View\View->render('login/trocarsenha', [], true)
 5 APPPATH\Controllers\Login.php(59): view('login/trocarsenha')
 6 SYSTEMPATH\CodeIgniter.php(925): App\Controllers\Login->trocarsenha()
 7 SYSTEMPATH\CodeIgniter.php(480): CodeIgniter\CodeIgniter->runController(Object(App\Controllers\Login))
 8 SYSTEMPATH\CodeIgniter.php(349): CodeIgniter\CodeIgniter->handleRequest(null, Object(Config\Cache), false)
 9 FCPATH\index.php(67): CodeIgniter\CodeIgniter->run()
10 SYSTEMPATH\Commands\Server\rewrite.php(47): require_once('FCPATH\\index.php')
CRITICAL - 2023-01-02 15:06:03 --> Undefined variable: logins
in APPPATH\Views\login\trocarsenha.php on line 37.
 1 APPPATH\Views\login\trocarsenha.php(37): CodeIgniter\Debug\Exceptions->errorHandler(8, 'Undefined variable: logins', 'APPPATH\\Views\\login\\trocarsenha.php', 37, [])
 2 SYSTEMPATH\View\View.php(213): include('APPPATH\\Views\\login\\trocarsenha.php')
 3 SYSTEMPATH\View\View.php(216): CodeIgniter\View\View->CodeIgniter\View\{closure}()
 4 SYSTEMPATH\Common.php(1135): CodeIgniter\View\View->render('login/trocarsenha', [], true)
 5 APPPATH\Controllers\Login.php(59): view('login/trocarsenha')
 6 SYSTEMPATH\CodeIgniter.php(925): App\Controllers\Login->trocarsenha()
 7 SYSTEMPATH\CodeIgniter.php(480): CodeIgniter\CodeIgniter->runController(Object(App\Controllers\Login))
 8 SYSTEMPATH\CodeIgniter.php(349): CodeIgniter\CodeIgniter->handleRequest(null, Object(Config\Cache), false)
 9 FCPATH\index.php(67): CodeIgniter\CodeIgniter->run()
10 SYSTEMPATH\Commands\Server\rewrite.php(47): require_once('FCPATH\\index.php')
CRITICAL - 2023-01-02 15:06:04 --> Undefined variable: logins
in APPPATH\Views\login\trocarsenha.php on line 37.
 1 APPPATH\Views\login\trocarsenha.php(37): CodeIgniter\Debug\Exceptions->errorHandler(8, 'Undefined variable: logins', 'APPPATH\\Views\\login\\trocarsenha.php', 37, [])
 2 SYSTEMPATH\View\View.php(213): include('APPPATH\\Views\\login\\trocarsenha.php')
 3 SYSTEMPATH\View\View.php(216): CodeIgniter\View\View->CodeIgniter\View\{closure}()
 4 SYSTEMPATH\Common.php(1135): CodeIgniter\View\View->render('login/trocarsenha', [], true)
 5 APPPATH\Controllers\Login.php(59): view('login/trocarsenha')
 6 SYSTEMPATH\CodeIgniter.php(925): App\Controllers\Login->trocarsenha()
 7 SYSTEMPATH\CodeIgniter.php(480): CodeIgniter\CodeIgniter->runController(Object(App\Controllers\Login))
 8 SYSTEMPATH\CodeIgniter.php(349): CodeIgniter\CodeIgniter->handleRequest(null, Object(Config\Cache), false)
 9 FCPATH\index.php(67): CodeIgniter\CodeIgniter->run()
10 SYSTEMPATH\Commands\Server\rewrite.php(47): require_once('FCPATH\\index.php')
CRITICAL - 2023-01-02 15:06:15 --> Undefined variable: usuario
in APPPATH\Views\login\trocarsenha.php on line 37.
 1 APPPATH\Views\login\trocarsenha.php(37): CodeIgniter\Debug\Exceptions->errorHandler(8, 'Undefined variable: usuario', 'APPPATH\\Views\\login\\trocarsenha.php', 37, [])
 2 SYSTEMPATH\View\View.php(213): include('APPPATH\\Views\\login\\trocarsenha.php')
 3 SYSTEMPATH\View\View.php(216): CodeIgniter\View\View->CodeIgniter\View\{closure}()
 4 SYSTEMPATH\Common.php(1135): CodeIgniter\View\View->render('login/trocarsenha', [], true)
 5 APPPATH\Controllers\Login.php(59): view('login/trocarsenha')
 6 SYSTEMPATH\CodeIgniter.php(925): App\Controllers\Login->trocarsenha()
 7 SYSTEMPATH\CodeIgniter.php(480): CodeIgniter\CodeIgniter->runController(Object(App\Controllers\Login))
 8 SYSTEMPATH\CodeIgniter.php(349): CodeIgniter\CodeIgniter->handleRequest(null, Object(Config\Cache), false)
 9 FCPATH\index.php(67): CodeIgniter\CodeIgniter->run()
10 SYSTEMPATH\Commands\Server\rewrite.php(47): require_once('FCPATH\\index.php')
CRITICAL - 2023-01-02 15:13:21 --> There is no data to insert.
in SYSTEMPATH\BaseModel.php on line 730.
 1 SYSTEMPATH\BaseModel.php(730): CodeIgniter\Database\Exceptions\DataException::forEmptyDataset('insert')
 2 SYSTEMPATH\Model.php(695): CodeIgniter\BaseModel->insert([], true)
 3 APPPATH\Controllers\Funcionarios.php(91): CodeIgniter\Model->insert([...])
 4 SYSTEMPATH\CodeIgniter.php(925): App\Controllers\Funcionarios->store()
 5 SYSTEMPATH\CodeIgniter.php(480): CodeIgniter\CodeIgniter->runController(Object(App\Controllers\Funcionarios))
 6 SYSTEMPATH\CodeIgniter.php(349): CodeIgniter\CodeIgniter->handleRequest(null, Object(Config\Cache), false)
 7 FCPATH\index.php(67): CodeIgniter\CodeIgniter->run()
 8 SYSTEMPATH\Commands\Server\rewrite.php(47): require_once('FCPATH\\index.php')
CRITICAL - 2023-01-02 15:15:07 --> Call to undefined function App\Controllers\getVar()
in APPPATH\Controllers\Login.php on line 65.
 1 SYSTEMPATH\CodeIgniter.php(925): App\Controllers\Login->store()
 2 SYSTEMPATH\CodeIgniter.php(480): CodeIgniter\CodeIgniter->runController(Object(App\Controllers\Login))
 3 SYSTEMPATH\CodeIgniter.php(349): CodeIgniter\CodeIgniter->handleRequest(null, Object(Config\Cache), false)
 4 FCPATH\index.php(67): CodeIgniter\CodeIgniter->run()
 5 SYSTEMPATH\Commands\Server\rewrite.php(47): require_once('FCPATH\\index.php')
