ERROR - 2022-12-30 09:08:03 --> Error connecting to the database: mysqli_sql_exception: Nenhuma conexão pôde ser feita porque a máquina de destino as recusou ativamente.
 in C:\xampp\htdocs\CI4M2\system\Database\MySQLi\Connection.php:171
Stack trace:
#0 C:\xampp\htdocs\CI4M2\system\Database\MySQLi\Connection.php(171): mysqli->real_connect('localhost', 'root', '', 'projeto-modulo-...', 3306, '', 0)
#1 C:\xampp\htdocs\CI4M2\system\Database\BaseConnection.php(382): CodeIgniter\Database\MySQLi\Connection->connect(false)
#2 C:\xampp\htdocs\CI4M2\system\Database\BaseConnection.php(561): CodeIgniter\Database\BaseConnection->initialize()
#3 C:\xampp\htdocs\CI4M2\system\Database\BaseConnection.php(1361): CodeIgniter\Database\BaseConnection->query('SHOW TABLES FRO...')
#4 C:\xampp\htdocs\CI4M2\system\Database\BaseConnection.php(1380): CodeIgniter\Database\BaseConnection->listTables()
#5 C:\xampp\htdocs\CI4M2\system\Database\MigrationRunner.php(760): CodeIgniter\Database\BaseConnection->tableExists('migrations')
#6 C:\xampp\htdocs\CI4M2\system\Database\MigrationRunner.php(168): CodeIgniter\Database\MigrationRunner->ensureTable()
#7 C:\xampp\htdocs\CI4M2\system\Commands\Database\Migrate.php(84): CodeIgniter\Database\MigrationRunner->latest(NULL)
#8 C:\xampp\htdocs\CI4M2\system\CLI\Commands.php(63): CodeIgniter\Commands\Database\Migrate->run(Array)
#9 C:\xampp\htdocs\CI4M2\system\CLI\CommandRunner.php(65): CodeIgniter\CLI\Commands->run('migrate', Array)
#10 C:\xampp\htdocs\CI4M2\system\CLI\CommandRunner.php(51): CodeIgniter\CLI\CommandRunner->index(Array)
#11 C:\xampp\htdocs\CI4M2\system\CodeIgniter.php(918): CodeIgniter\CLI\CommandRunner->_remap('index', Array)
#12 C:\xampp\htdocs\CI4M2\system\CodeIgniter.php(480): CodeIgniter\CodeIgniter->runController(Object(CodeIgniter\CLI\CommandRunner))
#13 C:\xampp\htdocs\CI4M2\system\CodeIgniter.php(345): CodeIgniter\CodeIgniter->handleRequest(NULL, Object(Config\Cache), false)
#14 C:\xampp\htdocs\CI4M2\system\CLI\Console.php(48): CodeIgniter\CodeIgniter->run()
#15 C:\xampp\htdocs\CI4M2\spark(98): CodeIgniter\CLI\Console->run()
#16 {main}

Next CodeIgniter\Database\Exceptions\DatabaseException: Nenhuma conexão pôde ser feita porque a máquina de destino as recusou ativamente.
 in C:\xampp\htdocs\CI4M2\system\Database\MySQLi\Connection.php:215
Stack trace:
#0 C:\xampp\htdocs\CI4M2\system\Database\BaseConnection.php(382): CodeIgniter\Database\MySQLi\Connection->connect(false)
#1 C:\xampp\htdocs\CI4M2\system\Database\BaseConnection.php(561): CodeIgniter\Database\BaseConnection->initialize()
#2 C:\xampp\htdocs\CI4M2\system\Database\BaseConnection.php(1361): CodeIgniter\Database\BaseConnection->query('SHOW TABLES FRO...')
#3 C:\xampp\htdocs\CI4M2\system\Database\BaseConnection.php(1380): CodeIgniter\Database\BaseConnection->listTables()
#4 C:\xampp\htdocs\CI4M2\system\Database\MigrationRunner.php(760): CodeIgniter\Database\BaseConnection->tableExists('migrations')
#5 C:\xampp\htdocs\CI4M2\system\Database\MigrationRunner.php(168): CodeIgniter\Database\MigrationRunner->ensureTable()
#6 C:\xampp\htdocs\CI4M2\system\Commands\Database\Migrate.php(84): CodeIgniter\Database\MigrationRunner->latest(NULL)
#7 C:\xampp\htdocs\CI4M2\system\CLI\Commands.php(63): CodeIgniter\Commands\Database\Migrate->run(Array)
#8 C:\xampp\htdocs\CI4M2\system\CLI\CommandRunner.php(65): CodeIgniter\CLI\Commands->run('migrate', Array)
#9 C:\xampp\htdocs\CI4M2\system\CLI\CommandRunner.php(51): CodeIgniter\CLI\CommandRunner->index(Array)
#10 C:\xampp\htdocs\CI4M2\system\CodeIgniter.php(918): CodeIgniter\CLI\CommandRunner->_remap('index', Array)
#11 C:\xampp\htdocs\CI4M2\system\CodeIgniter.php(480): CodeIgniter\CodeIgniter->runController(Object(CodeIgniter\CLI\CommandRunner))
#12 C:\xampp\htdocs\CI4M2\system\CodeIgniter.php(345): CodeIgniter\CodeIgniter->handleRequest(NULL, Object(Config\Cache), false)
#13 C:\xampp\htdocs\CI4M2\system\CLI\Console.php(48): CodeIgniter\CodeIgniter->run()
#14 C:\xampp\htdocs\CI4M2\spark(98): CodeIgniter\CLI\Console->run()
#15 {main}
ERROR - 2022-12-30 10:35:55 --> Error connecting to the database: mysqli_sql_exception: Nenhuma conexão pôde ser feita porque a máquina de destino as recusou ativamente.
 in C:\xampp\htdocs\CI4M2\system\Database\MySQLi\Connection.php:171
Stack trace:
#0 C:\xampp\htdocs\CI4M2\system\Database\MySQLi\Connection.php(171): mysqli->real_connect('localhost', 'root', '', 'projeto-modulo-...', 3306, '', 0)
#1 C:\xampp\htdocs\CI4M2\system\Database\BaseConnection.php(382): CodeIgniter\Database\MySQLi\Connection->connect(false)
#2 C:\xampp\htdocs\CI4M2\system\Database\BaseConnection.php(561): CodeIgniter\Database\BaseConnection->initialize()
#3 C:\xampp\htdocs\CI4M2\system\Database\BaseConnection.php(1361): CodeIgniter\Database\BaseConnection->query('SHOW TABLES FRO...')
#4 C:\xampp\htdocs\CI4M2\system\Database\BaseConnection.php(1380): CodeIgniter\Database\BaseConnection->listTables()
#5 C:\xampp\htdocs\CI4M2\system\Database\MigrationRunner.php(760): CodeIgniter\Database\BaseConnection->tableExists('migrations')
#6 C:\xampp\htdocs\CI4M2\system\Database\MigrationRunner.php(168): CodeIgniter\Database\MigrationRunner->ensureTable()
#7 C:\xampp\htdocs\CI4M2\system\Commands\Database\Migrate.php(84): CodeIgniter\Database\MigrationRunner->latest(NULL)
#8 C:\xampp\htdocs\CI4M2\system\CLI\Commands.php(63): CodeIgniter\Commands\Database\Migrate->run(Array)
#9 C:\xampp\htdocs\CI4M2\system\CLI\CommandRunner.php(65): CodeIgniter\CLI\Commands->run('migrate', Array)
#10 C:\xampp\htdocs\CI4M2\system\CLI\CommandRunner.php(51): CodeIgniter\CLI\CommandRunner->index(Array)
#11 C:\xampp\htdocs\CI4M2\system\CodeIgniter.php(918): CodeIgniter\CLI\CommandRunner->_remap('index', Array)
#12 C:\xampp\htdocs\CI4M2\system\CodeIgniter.php(480): CodeIgniter\CodeIgniter->runController(Object(CodeIgniter\CLI\CommandRunner))
#13 C:\xampp\htdocs\CI4M2\system\CodeIgniter.php(345): CodeIgniter\CodeIgniter->handleRequest(NULL, Object(Config\Cache), false)
#14 C:\xampp\htdocs\CI4M2\system\CLI\Console.php(48): CodeIgniter\CodeIgniter->run()
#15 C:\xampp\htdocs\CI4M2\spark(98): CodeIgniter\CLI\Console->run()
#16 {main}

Next CodeIgniter\Database\Exceptions\DatabaseException: Nenhuma conexão pôde ser feita porque a máquina de destino as recusou ativamente.
 in C:\xampp\htdocs\CI4M2\system\Database\MySQLi\Connection.php:215
Stack trace:
#0 C:\xampp\htdocs\CI4M2\system\Database\BaseConnection.php(382): CodeIgniter\Database\MySQLi\Connection->connect(false)
#1 C:\xampp\htdocs\CI4M2\system\Database\BaseConnection.php(561): CodeIgniter\Database\BaseConnection->initialize()
#2 C:\xampp\htdocs\CI4M2\system\Database\BaseConnection.php(1361): CodeIgniter\Database\BaseConnection->query('SHOW TABLES FRO...')
#3 C:\xampp\htdocs\CI4M2\system\Database\BaseConnection.php(1380): CodeIgniter\Database\BaseConnection->listTables()
#4 C:\xampp\htdocs\CI4M2\system\Database\MigrationRunner.php(760): CodeIgniter\Database\BaseConnection->tableExists('migrations')
#5 C:\xampp\htdocs\CI4M2\system\Database\MigrationRunner.php(168): CodeIgniter\Database\MigrationRunner->ensureTable()
#6 C:\xampp\htdocs\CI4M2\system\Commands\Database\Migrate.php(84): CodeIgniter\Database\MigrationRunner->latest(NULL)
#7 C:\xampp\htdocs\CI4M2\system\CLI\Commands.php(63): CodeIgniter\Commands\Database\Migrate->run(Array)
#8 C:\xampp\htdocs\CI4M2\system\CLI\CommandRunner.php(65): CodeIgniter\CLI\Commands->run('migrate', Array)
#9 C:\xampp\htdocs\CI4M2\system\CLI\CommandRunner.php(51): CodeIgniter\CLI\CommandRunner->index(Array)
#10 C:\xampp\htdocs\CI4M2\system\CodeIgniter.php(918): CodeIgniter\CLI\CommandRunner->_remap('index', Array)
#11 C:\xampp\htdocs\CI4M2\system\CodeIgniter.php(480): CodeIgniter\CodeIgniter->runController(Object(CodeIgniter\CLI\CommandRunner))
#12 C:\xampp\htdocs\CI4M2\system\CodeIgniter.php(345): CodeIgniter\CodeIgniter->handleRequest(NULL, Object(Config\Cache), false)
#13 C:\xampp\htdocs\CI4M2\system\CLI\Console.php(48): CodeIgniter\CodeIgniter->run()
#14 C:\xampp\htdocs\CI4M2\spark(98): CodeIgniter\CLI\Console->run()
#15 {main}
ERROR - 2022-12-30 10:36:41 --> mysqli_sql_exception: Table 'funcionarios' already exists in C:\xampp\htdocs\CI4M2\system\Database\MySQLi\Connection.php:292
Stack trace:
#0 C:\xampp\htdocs\CI4M2\system\Database\MySQLi\Connection.php(292): mysqli->query('CREATE TABLE `f...', 0)
#1 C:\xampp\htdocs\CI4M2\system\Database\BaseConnection.php(666): CodeIgniter\Database\MySQLi\Connection->execute('CREATE TABLE `f...')
#2 C:\xampp\htdocs\CI4M2\system\Database\BaseConnection.php(593): CodeIgniter\Database\BaseConnection->simpleQuery('CREATE TABLE `f...')
#3 C:\xampp\htdocs\CI4M2\system\Database\Forge.php(509): CodeIgniter\Database\BaseConnection->query('CREATE TABLE `f...')
#4 C:\xampp\htdocs\CI4M2\app\Database\Migrations\2022-12-30-150852_Produtos.php(68): CodeIgniter\Database\Forge->createTable('funcionarios')
#5 C:\xampp\htdocs\CI4M2\system\Database\MigrationRunner.php(869): App\Database\Migrations\Produtos->up()
#6 C:\xampp\htdocs\CI4M2\system\Database\MigrationRunner.php(188): CodeIgniter\Database\MigrationRunner->migrate('up', Object(stdClass))
#7 C:\xampp\htdocs\CI4M2\system\Commands\Database\Migrate.php(84): CodeIgniter\Database\MigrationRunner->latest(NULL)
#8 C:\xampp\htdocs\CI4M2\system\CLI\Commands.php(63): CodeIgniter\Commands\Database\Migrate->run(Array)
#9 C:\xampp\htdocs\CI4M2\system\CLI\CommandRunner.php(65): CodeIgniter\CLI\Commands->run('migrate', Array)
#10 C:\xampp\htdocs\CI4M2\system\CLI\CommandRunner.php(51): CodeIgniter\CLI\CommandRunner->index(Array)
#11 C:\xampp\htdocs\CI4M2\system\CodeIgniter.php(918): CodeIgniter\CLI\CommandRunner->_remap('index', Array)
#12 C:\xampp\htdocs\CI4M2\system\CodeIgniter.php(480): CodeIgniter\CodeIgniter->runController(Object(CodeIgniter\CLI\CommandRunner))
#13 C:\xampp\htdocs\CI4M2\system\CodeIgniter.php(345): CodeIgniter\CodeIgniter->handleRequest(NULL, Object(Config\Cache), false)
#14 C:\xampp\htdocs\CI4M2\system\CLI\Console.php(48): CodeIgniter\CodeIgniter->run()
#15 C:\xampp\htdocs\CI4M2\spark(98): CodeIgniter\CLI\Console->run()
#16 {main}
CRITICAL - 2022-12-30 10:48:02 --> Invalid file: produtos/index.php
in SYSTEMPATH\Exceptions\FrameworkException.php on line 33.
 1 SYSTEMPATH\View\View.php(201): CodeIgniter\Exceptions\FrameworkException::forInvalidFile('produtos/index.php')
 2 SYSTEMPATH\Common.php(1135): CodeIgniter\View\View->render('produtos/index', [], true)
 3 APPPATH\Controllers\Produtos.php(21): view('produtos/index')
 4 SYSTEMPATH\CodeIgniter.php(925): App\Controllers\Produtos->index()
 5 SYSTEMPATH\CodeIgniter.php(480): CodeIgniter\CodeIgniter->runController(Object(App\Controllers\Produtos))
 6 SYSTEMPATH\CodeIgniter.php(349): CodeIgniter\CodeIgniter->handleRequest(null, Object(Config\Cache), false)
 7 FCPATH\index.php(67): CodeIgniter\CodeIgniter->run()
 8 SYSTEMPATH\Commands\Server\rewrite.php(47): require_once('FCPATH\\index.php')
CRITICAL - 2022-12-30 11:11:14 --> Undefined index: preco
in APPPATH\Views\produtos\index.php on line 129.
 1 APPPATH\Views\produtos\index.php(129): CodeIgniter\Debug\Exceptions->errorHandler(8, 'Undefined index: preco', 'APPPATH\\Views\\produtos\\index.php', 129, [...])
 2 SYSTEMPATH\View\View.php(213): include('APPPATH\\Views\\produtos\\index.php')
 3 SYSTEMPATH\View\View.php(216): CodeIgniter\View\View->CodeIgniter\View\{closure}()
 4 SYSTEMPATH\Common.php(1135): CodeIgniter\View\View->render('produtos/index', [], true)
 5 APPPATH\Controllers\Produtos.php(22): view('produtos/index', [...])
 6 SYSTEMPATH\CodeIgniter.php(925): App\Controllers\Produtos->index()
 7 SYSTEMPATH\CodeIgniter.php(480): CodeIgniter\CodeIgniter->runController(Object(App\Controllers\Produtos))
 8 SYSTEMPATH\CodeIgniter.php(349): CodeIgniter\CodeIgniter->handleRequest(null, Object(Config\Cache), false)
 9 FCPATH\index.php(67): CodeIgniter\CodeIgniter->run()
10 SYSTEMPATH\Commands\Server\rewrite.php(47): require_once('FCPATH\\index.php')
CRITICAL - 2022-12-30 13:41:40 --> Array to string conversion
in APPPATH\Controllers\Produtos.php on line 50.
 1 APPPATH\Controllers\Produtos.php(50): CodeIgniter\Debug\Exceptions->errorHandler(8, 'Array to string conversion', 'APPPATH\\Controllers\\Produtos.php', 50, [...])
 2 SYSTEMPATH\CodeIgniter.php(925): App\Controllers\Produtos->store()
 3 SYSTEMPATH\CodeIgniter.php(480): CodeIgniter\CodeIgniter->runController(Object(App\Controllers\Produtos))
 4 SYSTEMPATH\CodeIgniter.php(349): CodeIgniter\CodeIgniter->handleRequest(null, Object(Config\Cache), false)
 5 FCPATH\index.php(67): CodeIgniter\CodeIgniter->run()
 6 SYSTEMPATH\Commands\Server\rewrite.php(47): require_once('FCPATH\\index.php')
CRITICAL - 2022-12-30 13:45:26 --> Undefined variable: produto
in APPPATH\Views\produtos\editar.php on line 40.
 1 APPPATH\Views\produtos\editar.php(40): CodeIgniter\Debug\Exceptions->errorHandler(8, 'Undefined variable: produto', 'APPPATH\\Views\\produtos\\editar.php', 40, [])
 2 SYSTEMPATH\View\View.php(213): include('APPPATH\\Views\\produtos\\editar.php')
 3 SYSTEMPATH\View\View.php(216): CodeIgniter\View\View->CodeIgniter\View\{closure}()
 4 SYSTEMPATH\Common.php(1135): CodeIgniter\View\View->render('produtos/editar', [], true)
 5 APPPATH\Controllers\Produtos.php(49): view('produtos/editar')
 6 SYSTEMPATH\CodeIgniter.php(925): App\Controllers\Produtos->editar('3')
 7 SYSTEMPATH\CodeIgniter.php(480): CodeIgniter\CodeIgniter->runController(Object(App\Controllers\Produtos))
 8 SYSTEMPATH\CodeIgniter.php(349): CodeIgniter\CodeIgniter->handleRequest(null, Object(Config\Cache), false)
 9 FCPATH\index.php(67): CodeIgniter\CodeIgniter->run()
10 SYSTEMPATH\Commands\Server\rewrite.php(47): require_once('FCPATH\\index.php')
CRITICAL - 2022-12-30 13:45:35 --> Undefined variable: produtos
in APPPATH\Views\produtos\editar.php on line 40.
 1 APPPATH\Views\produtos\editar.php(40): CodeIgniter\Debug\Exceptions->errorHandler(8, 'Undefined variable: produtos', 'APPPATH\\Views\\produtos\\editar.php', 40, [])
 2 SYSTEMPATH\View\View.php(213): include('APPPATH\\Views\\produtos\\editar.php')
 3 SYSTEMPATH\View\View.php(216): CodeIgniter\View\View->CodeIgniter\View\{closure}()
 4 SYSTEMPATH\Common.php(1135): CodeIgniter\View\View->render('produtos/editar', [], true)
 5 APPPATH\Controllers\Produtos.php(49): view('produtos/editar')
 6 SYSTEMPATH\CodeIgniter.php(925): App\Controllers\Produtos->editar('3')
 7 SYSTEMPATH\CodeIgniter.php(480): CodeIgniter\CodeIgniter->runController(Object(App\Controllers\Produtos))
 8 SYSTEMPATH\CodeIgniter.php(349): CodeIgniter\CodeIgniter->handleRequest(null, Object(Config\Cache), false)
 9 FCPATH\index.php(67): CodeIgniter\CodeIgniter->run()
10 SYSTEMPATH\Commands\Server\rewrite.php(47): require_once('FCPATH\\index.php')
CRITICAL - 2022-12-30 13:45:36 --> Undefined variable: produtos
in APPPATH\Views\produtos\editar.php on line 40.
 1 APPPATH\Views\produtos\editar.php(40): CodeIgniter\Debug\Exceptions->errorHandler(8, 'Undefined variable: produtos', 'APPPATH\\Views\\produtos\\editar.php', 40, [])
 2 SYSTEMPATH\View\View.php(213): include('APPPATH\\Views\\produtos\\editar.php')
 3 SYSTEMPATH\View\View.php(216): CodeIgniter\View\View->CodeIgniter\View\{closure}()
 4 SYSTEMPATH\Common.php(1135): CodeIgniter\View\View->render('produtos/editar', [], true)
 5 APPPATH\Controllers\Produtos.php(49): view('produtos/editar')
 6 SYSTEMPATH\CodeIgniter.php(925): App\Controllers\Produtos->editar('3')
 7 SYSTEMPATH\CodeIgniter.php(480): CodeIgniter\CodeIgniter->runController(Object(App\Controllers\Produtos))
 8 SYSTEMPATH\CodeIgniter.php(349): CodeIgniter\CodeIgniter->handleRequest(null, Object(Config\Cache), false)
 9 FCPATH\index.php(67): CodeIgniter\CodeIgniter->run()
10 SYSTEMPATH\Commands\Server\rewrite.php(47): require_once('FCPATH\\index.php')
CRITICAL - 2022-12-30 13:45:36 --> Undefined variable: produtos
in APPPATH\Views\produtos\editar.php on line 40.
 1 APPPATH\Views\produtos\editar.php(40): CodeIgniter\Debug\Exceptions->errorHandler(8, 'Undefined variable: produtos', 'APPPATH\\Views\\produtos\\editar.php', 40, [])
 2 SYSTEMPATH\View\View.php(213): include('APPPATH\\Views\\produtos\\editar.php')
 3 SYSTEMPATH\View\View.php(216): CodeIgniter\View\View->CodeIgniter\View\{closure}()
 4 SYSTEMPATH\Common.php(1135): CodeIgniter\View\View->render('produtos/editar', [], true)
 5 APPPATH\Controllers\Produtos.php(49): view('produtos/editar')
 6 SYSTEMPATH\CodeIgniter.php(925): App\Controllers\Produtos->editar('3')
 7 SYSTEMPATH\CodeIgniter.php(480): CodeIgniter\CodeIgniter->runController(Object(App\Controllers\Produtos))
 8 SYSTEMPATH\CodeIgniter.php(349): CodeIgniter\CodeIgniter->handleRequest(null, Object(Config\Cache), false)
 9 FCPATH\index.php(67): CodeIgniter\CodeIgniter->run()
10 SYSTEMPATH\Commands\Server\rewrite.php(47): require_once('FCPATH\\index.php')
CRITICAL - 2022-12-30 13:45:36 --> Undefined variable: produtos
in APPPATH\Views\produtos\editar.php on line 40.
 1 APPPATH\Views\produtos\editar.php(40): CodeIgniter\Debug\Exceptions->errorHandler(8, 'Undefined variable: produtos', 'APPPATH\\Views\\produtos\\editar.php', 40, [])
 2 SYSTEMPATH\View\View.php(213): include('APPPATH\\Views\\produtos\\editar.php')
 3 SYSTEMPATH\View\View.php(216): CodeIgniter\View\View->CodeIgniter\View\{closure}()
 4 SYSTEMPATH\Common.php(1135): CodeIgniter\View\View->render('produtos/editar', [], true)
 5 APPPATH\Controllers\Produtos.php(49): view('produtos/editar')
 6 SYSTEMPATH\CodeIgniter.php(925): App\Controllers\Produtos->editar('3')
 7 SYSTEMPATH\CodeIgniter.php(480): CodeIgniter\CodeIgniter->runController(Object(App\Controllers\Produtos))
 8 SYSTEMPATH\CodeIgniter.php(349): CodeIgniter\CodeIgniter->handleRequest(null, Object(Config\Cache), false)
 9 FCPATH\index.php(67): CodeIgniter\CodeIgniter->run()
10 SYSTEMPATH\Commands\Server\rewrite.php(47): require_once('FCPATH\\index.php')
CRITICAL - 2022-12-30 13:45:37 --> Undefined variable: produtos
in APPPATH\Views\produtos\editar.php on line 40.
 1 APPPATH\Views\produtos\editar.php(40): CodeIgniter\Debug\Exceptions->errorHandler(8, 'Undefined variable: produtos', 'APPPATH\\Views\\produtos\\editar.php', 40, [])
 2 SYSTEMPATH\View\View.php(213): include('APPPATH\\Views\\produtos\\editar.php')
 3 SYSTEMPATH\View\View.php(216): CodeIgniter\View\View->CodeIgniter\View\{closure}()
 4 SYSTEMPATH\Common.php(1135): CodeIgniter\View\View->render('produtos/editar', [], true)
 5 APPPATH\Controllers\Produtos.php(49): view('produtos/editar')
 6 SYSTEMPATH\CodeIgniter.php(925): App\Controllers\Produtos->editar('3')
 7 SYSTEMPATH\CodeIgniter.php(480): CodeIgniter\CodeIgniter->runController(Object(App\Controllers\Produtos))
 8 SYSTEMPATH\CodeIgniter.php(349): CodeIgniter\CodeIgniter->handleRequest(null, Object(Config\Cache), false)
 9 FCPATH\index.php(67): CodeIgniter\CodeIgniter->run()
10 SYSTEMPATH\Commands\Server\rewrite.php(47): require_once('FCPATH\\index.php')
CRITICAL - 2022-12-30 13:45:37 --> Undefined variable: produtos
in APPPATH\Views\produtos\editar.php on line 40.
 1 APPPATH\Views\produtos\editar.php(40): CodeIgniter\Debug\Exceptions->errorHandler(8, 'Undefined variable: produtos', 'APPPATH\\Views\\produtos\\editar.php', 40, [])
 2 SYSTEMPATH\View\View.php(213): include('APPPATH\\Views\\produtos\\editar.php')
 3 SYSTEMPATH\View\View.php(216): CodeIgniter\View\View->CodeIgniter\View\{closure}()
 4 SYSTEMPATH\Common.php(1135): CodeIgniter\View\View->render('produtos/editar', [], true)
 5 APPPATH\Controllers\Produtos.php(49): view('produtos/editar')
 6 SYSTEMPATH\CodeIgniter.php(925): App\Controllers\Produtos->editar('3')
 7 SYSTEMPATH\CodeIgniter.php(480): CodeIgniter\CodeIgniter->runController(Object(App\Controllers\Produtos))
 8 SYSTEMPATH\CodeIgniter.php(349): CodeIgniter\CodeIgniter->handleRequest(null, Object(Config\Cache), false)
 9 FCPATH\index.php(67): CodeIgniter\CodeIgniter->run()
10 SYSTEMPATH\Commands\Server\rewrite.php(47): require_once('FCPATH\\index.php')
CRITICAL - 2022-12-30 13:45:44 --> Use of undefined constant produtos - assumed 'produtos' (this will throw an Error in a future version of PHP)
in APPPATH\Views\produtos\editar.php on line 40.
 1 APPPATH\Views\produtos\editar.php(40): CodeIgniter\Debug\Exceptions->errorHandler(2, 'Use of undefined constant produtos - assumed \'produtos\' (this will throw an Error in a future version of PHP)', 'APPPATH\\Views\\produtos\\editar.php', 40, [])
 2 SYSTEMPATH\View\View.php(213): include('APPPATH\\Views\\produtos\\editar.php')
 3 SYSTEMPATH\View\View.php(216): CodeIgniter\View\View->CodeIgniter\View\{closure}()
 4 SYSTEMPATH\Common.php(1135): CodeIgniter\View\View->render('produtos/editar', [], true)
 5 APPPATH\Controllers\Produtos.php(49): view('produtos/editar')
 6 SYSTEMPATH\CodeIgniter.php(925): App\Controllers\Produtos->editar('3')
 7 SYSTEMPATH\CodeIgniter.php(480): CodeIgniter\CodeIgniter->runController(Object(App\Controllers\Produtos))
 8 SYSTEMPATH\CodeIgniter.php(349): CodeIgniter\CodeIgniter->handleRequest(null, Object(Config\Cache), false)
 9 FCPATH\index.php(67): CodeIgniter\CodeIgniter->run()
10 SYSTEMPATH\Commands\Server\rewrite.php(47): require_once('FCPATH\\index.php')
CRITICAL - 2022-12-30 13:49:21 --> Use of undefined constant produtos - assumed 'produtos' (this will throw an Error in a future version of PHP)
in APPPATH\Views\produtos\editar.php on line 40.
 1 APPPATH\Views\produtos\editar.php(40): CodeIgniter\Debug\Exceptions->errorHandler(2, 'Use of undefined constant produtos - assumed \'produtos\' (this will throw an Error in a future version of PHP)', 'APPPATH\\Views\\produtos\\editar.php', 40, [...])
 2 SYSTEMPATH\View\View.php(213): include('APPPATH\\Views\\produtos\\editar.php')
 3 SYSTEMPATH\View\View.php(216): CodeIgniter\View\View->CodeIgniter\View\{closure}()
 4 SYSTEMPATH\Common.php(1135): CodeIgniter\View\View->render('produtos/editar', [], true)
 5 APPPATH\Controllers\Produtos.php(55): view('produtos/editar', [...])
 6 SYSTEMPATH\CodeIgniter.php(925): App\Controllers\Produtos->editar('3')
 7 SYSTEMPATH\CodeIgniter.php(480): CodeIgniter\CodeIgniter->runController(Object(App\Controllers\Produtos))
 8 SYSTEMPATH\CodeIgniter.php(349): CodeIgniter\CodeIgniter->handleRequest(null, Object(Config\Cache), false)
 9 FCPATH\index.php(67): CodeIgniter\CodeIgniter->run()
10 SYSTEMPATH\Commands\Server\rewrite.php(47): require_once('FCPATH\\index.php')
CRITICAL - 2022-12-30 13:49:33 --> Undefined variable: produto
in APPPATH\Views\produtos\editar.php on line 40.
 1 APPPATH\Views\produtos\editar.php(40): CodeIgniter\Debug\Exceptions->errorHandler(8, 'Undefined variable: produto', 'APPPATH\\Views\\produtos\\editar.php', 40, [...])
 2 SYSTEMPATH\View\View.php(213): include('APPPATH\\Views\\produtos\\editar.php')
 3 SYSTEMPATH\View\View.php(216): CodeIgniter\View\View->CodeIgniter\View\{closure}()
 4 SYSTEMPATH\Common.php(1135): CodeIgniter\View\View->render('produtos/editar', [], true)
 5 APPPATH\Controllers\Produtos.php(55): view('produtos/editar', [...])
 6 SYSTEMPATH\CodeIgniter.php(925): App\Controllers\Produtos->editar('3')
 7 SYSTEMPATH\CodeIgniter.php(480): CodeIgniter\CodeIgniter->runController(Object(App\Controllers\Produtos))
 8 SYSTEMPATH\CodeIgniter.php(349): CodeIgniter\CodeIgniter->handleRequest(null, Object(Config\Cache), false)
 9 FCPATH\index.php(67): CodeIgniter\CodeIgniter->run()
10 SYSTEMPATH\Commands\Server\rewrite.php(47): require_once('FCPATH\\index.php')
CRITICAL - 2022-12-30 13:49:34 --> Undefined variable: produto
in APPPATH\Views\produtos\editar.php on line 40.
 1 APPPATH\Views\produtos\editar.php(40): CodeIgniter\Debug\Exceptions->errorHandler(8, 'Undefined variable: produto', 'APPPATH\\Views\\produtos\\editar.php', 40, [...])
 2 SYSTEMPATH\View\View.php(213): include('APPPATH\\Views\\produtos\\editar.php')
 3 SYSTEMPATH\View\View.php(216): CodeIgniter\View\View->CodeIgniter\View\{closure}()
 4 SYSTEMPATH\Common.php(1135): CodeIgniter\View\View->render('produtos/editar', [], true)
 5 APPPATH\Controllers\Produtos.php(55): view('produtos/editar', [...])
 6 SYSTEMPATH\CodeIgniter.php(925): App\Controllers\Produtos->editar('3')
 7 SYSTEMPATH\CodeIgniter.php(480): CodeIgniter\CodeIgniter->runController(Object(App\Controllers\Produtos))
 8 SYSTEMPATH\CodeIgniter.php(349): CodeIgniter\CodeIgniter->handleRequest(null, Object(Config\Cache), false)
 9 FCPATH\index.php(67): CodeIgniter\CodeIgniter->run()
10 SYSTEMPATH\Commands\Server\rewrite.php(47): require_once('FCPATH\\index.php')
CRITICAL - 2022-12-30 14:05:45 --> Undefined property: App\Controllers\Produtos::$prduto_model
in APPPATH\Controllers\Produtos.php on line 64.
 1 APPPATH\Controllers\Produtos.php(64): CodeIgniter\Debug\Exceptions->errorHandler(8, 'Undefined property: App\\Controllers\\Produtos::$prduto_model', 'APPPATH\\Controllers\\Produtos.php', 64, [...])
 2 SYSTEMPATH\CodeIgniter.php(925): App\Controllers\Produtos->store()
 3 SYSTEMPATH\CodeIgniter.php(480): CodeIgniter\CodeIgniter->runController(Object(App\Controllers\Produtos))
 4 SYSTEMPATH\CodeIgniter.php(349): CodeIgniter\CodeIgniter->handleRequest(null, Object(Config\Cache), false)
 5 FCPATH\index.php(67): CodeIgniter\CodeIgniter->run()
 6 SYSTEMPATH\Commands\Server\rewrite.php(47): require_once('FCPATH\\index.php')
CRITICAL - 2022-12-30 14:09:21 --> Too few arguments to function App\Controllers\Produtos::deletar(), 0 passed in C:\xampp\htdocs\CI4M2\system\CodeIgniter.php on line 925 and exactly 1 expected
in APPPATH\Controllers\Produtos.php on line 59.
 1 SYSTEMPATH\CodeIgniter.php(925): App\Controllers\Produtos->deletar()
 2 SYSTEMPATH\CodeIgniter.php(480): CodeIgniter\CodeIgniter->runController(Object(App\Controllers\Produtos))
 3 SYSTEMPATH\CodeIgniter.php(349): CodeIgniter\CodeIgniter->handleRequest(null, Object(Config\Cache), false)
 4 FCPATH\index.php(67): CodeIgniter\CodeIgniter->run()
 5 SYSTEMPATH\Commands\Server\rewrite.php(47): require_once('FCPATH\\index.php')
