CRITICAL - 2023-01-03 07:04:15 --> Undefined variable: session
in APPPATH\Controllers\Login.php on line 89.
 1 APPPATH\Controllers\Login.php(89): CodeIgniter\Debug\Exceptions->errorHandler(8, 'Undefined variable: session', 'APPPATH\\Controllers\\Login.php', 89, [...])
 2 SYSTEMPATH\CodeIgniter.php(925): App\Controllers\Login->store()
 3 SYSTEMPATH\CodeIgniter.php(480): CodeIgniter\CodeIgniter->runController(Object(App\Controllers\Login))
 4 SYSTEMPATH\CodeIgniter.php(349): CodeIgniter\CodeIgniter->handleRequest(null, Object(Config\Cache), false)
 5 FCPATH\index.php(67): CodeIgniter\CodeIgniter->run()
 6 SYSTEMPATH\Commands\Server\rewrite.php(47): require_once('FCPATH\\index.php')
CRITICAL - 2023-01-03 07:04:22 --> Undefined variable: session
in APPPATH\Controllers\Login.php on line 89.
 1 APPPATH\Controllers\Login.php(89): CodeIgniter\Debug\Exceptions->errorHandler(8, 'Undefined variable: session', 'APPPATH\\Controllers\\Login.php', 89, [...])
 2 SYSTEMPATH\CodeIgniter.php(925): App\Controllers\Login->store()
 3 SYSTEMPATH\CodeIgniter.php(480): CodeIgniter\CodeIgniter->runController(Object(App\Controllers\Login))
 4 SYSTEMPATH\CodeIgniter.php(349): CodeIgniter\CodeIgniter->handleRequest(null, Object(Config\Cache), false)
 5 FCPATH\index.php(67): CodeIgniter\CodeIgniter->run()
 6 SYSTEMPATH\Commands\Server\rewrite.php(47): require_once('FCPATH\\index.php')
CRITICAL - 2023-01-03 07:19:12 --> There is no data to insert.
in SYSTEMPATH\BaseModel.php on line 730.
 1 SYSTEMPATH\BaseModel.php(730): CodeIgniter\Database\Exceptions\DataException::forEmptyDataset('insert')
 2 SYSTEMPATH\Model.php(695): CodeIgniter\BaseModel->insert([], true)
 3 APPPATH\Controllers\Funcionarios.php(91): CodeIgniter\Model->insert([...])
 4 SYSTEMPATH\CodeIgniter.php(925): App\Controllers\Funcionarios->store()
 5 SYSTEMPATH\CodeIgniter.php(480): CodeIgniter\CodeIgniter->runController(Object(App\Controllers\Funcionarios))
 6 SYSTEMPATH\CodeIgniter.php(349): CodeIgniter\CodeIgniter->handleRequest(null, Object(Config\Cache), false)
 7 FCPATH\index.php(67): CodeIgniter\CodeIgniter->run()
 8 SYSTEMPATH\Commands\Server\rewrite.php(47): require_once('FCPATH\\index.php')
CRITICAL - 2023-01-03 07:19:45 --> Undefined variable: session
in APPPATH\Controllers\Login.php on line 87.
 1 APPPATH\Controllers\Login.php(87): CodeIgniter\Debug\Exceptions->errorHandler(8, 'Undefined variable: session', 'APPPATH\\Controllers\\Login.php', 87, [...])
 2 SYSTEMPATH\CodeIgniter.php(925): App\Controllers\Login->store()
 3 SYSTEMPATH\CodeIgniter.php(480): CodeIgniter\CodeIgniter->runController(Object(App\Controllers\Login))
 4 SYSTEMPATH\CodeIgniter.php(349): CodeIgniter\CodeIgniter->handleRequest(null, Object(Config\Cache), false)
 5 FCPATH\index.php(67): CodeIgniter\CodeIgniter->run()
 6 SYSTEMPATH\Commands\Server\rewrite.php(47): require_once('FCPATH\\index.php')
CRITICAL - 2023-01-03 07:55:03 --> Call to undefined function App\Controllers\setFlashdata()
in APPPATH\Controllers\Login.php on line 81.
 1 SYSTEMPATH\CodeIgniter.php(925): App\Controllers\Login->store()
 2 SYSTEMPATH\CodeIgniter.php(480): CodeIgniter\CodeIgniter->runController(Object(App\Controllers\Login))
 3 SYSTEMPATH\CodeIgniter.php(349): CodeIgniter\CodeIgniter->handleRequest(null, Object(Config\Cache), false)
 4 FCPATH\index.php(67): CodeIgniter\CodeIgniter->run()
 5 SYSTEMPATH\Commands\Server\rewrite.php(47): require_once('FCPATH\\index.php')
CRITICAL - 2023-01-03 07:55:26 --> Call to undefined function App\Controllers\setFlashdata()
in APPPATH\Controllers\Login.php on line 87.
 1 SYSTEMPATH\CodeIgniter.php(925): App\Controllers\Login->store()
 2 SYSTEMPATH\CodeIgniter.php(480): CodeIgniter\CodeIgniter->runController(Object(App\Controllers\Login))
 3 SYSTEMPATH\CodeIgniter.php(349): CodeIgniter\CodeIgniter->handleRequest(null, Object(Config\Cache), false)
 4 FCPATH\index.php(67): CodeIgniter\CodeIgniter->run()
 5 SYSTEMPATH\Commands\Server\rewrite.php(47): require_once('FCPATH\\index.php')
CRITICAL - 2023-01-03 08:41:58 --> Class 'app\Models\clienteModel' not found
in APPPATH\Controllers\Inicio.php on line 20.
 1 SYSTEMPATH\CodeIgniter.php(887): App\Controllers\Inicio->__construct()
 2 SYSTEMPATH\CodeIgniter.php(471): CodeIgniter\CodeIgniter->createController()
 3 SYSTEMPATH\CodeIgniter.php(349): CodeIgniter\CodeIgniter->handleRequest(null, Object(Config\Cache), false)
 4 FCPATH\index.php(67): CodeIgniter\CodeIgniter->run()
 5 SYSTEMPATH\Commands\Server\rewrite.php(47): require_once('FCPATH\\index.php')
CRITICAL - 2023-01-03 08:55:53 --> Class 'app\Models\clienteModel' not found
in APPPATH\Controllers\Inicio.php on line 20.
 1 SYSTEMPATH\CodeIgniter.php(887): App\Controllers\Inicio->__construct()
 2 SYSTEMPATH\CodeIgniter.php(471): CodeIgniter\CodeIgniter->createController()
 3 SYSTEMPATH\CodeIgniter.php(349): CodeIgniter\CodeIgniter->handleRequest(null, Object(Config\Cache), false)
 4 FCPATH\index.php(67): CodeIgniter\CodeIgniter->run()
 5 SYSTEMPATH\Commands\Server\rewrite.php(47): require_once('FCPATH\\index.php')
CRITICAL - 2023-01-03 08:56:15 --> Undefined variable: cliente_model
in APPPATH\Controllers\Inicio.php on line 20.
 1 APPPATH\Controllers\Inicio.php(20): CodeIgniter\Debug\Exceptions->errorHandler(8, 'Undefined variable: cliente_model', 'APPPATH\\Controllers\\Inicio.php', 20, [])
 2 SYSTEMPATH\CodeIgniter.php(887): App\Controllers\Inicio->__construct()
 3 SYSTEMPATH\CodeIgniter.php(471): CodeIgniter\CodeIgniter->createController()
 4 SYSTEMPATH\CodeIgniter.php(349): CodeIgniter\CodeIgniter->handleRequest(null, Object(Config\Cache), false)
 5 FCPATH\index.php(67): CodeIgniter\CodeIgniter->run()
 6 SYSTEMPATH\Commands\Server\rewrite.php(47): require_once('FCPATH\\index.php')
CRITICAL - 2023-01-03 08:56:58 --> Undefined variable: cliente_model
in APPPATH\Controllers\Inicio.php on line 15.
 1 APPPATH\Controllers\Inicio.php(15): CodeIgniter\Debug\Exceptions->errorHandler(8, 'Undefined variable: cliente_model', 'APPPATH\\Controllers\\Inicio.php', 15, [])
 2 SYSTEMPATH\CodeIgniter.php(887): App\Controllers\Inicio->__construct()
 3 SYSTEMPATH\CodeIgniter.php(471): CodeIgniter\CodeIgniter->createController()
 4 SYSTEMPATH\CodeIgniter.php(349): CodeIgniter\CodeIgniter->handleRequest(null, Object(Config\Cache), false)
 5 FCPATH\index.php(67): CodeIgniter\CodeIgniter->run()
 6 SYSTEMPATH\Commands\Server\rewrite.php(47): require_once('FCPATH\\index.php')
CRITICAL - 2023-01-03 08:57:17 --> Undefined variable: cliente_model
in APPPATH\Controllers\Inicio.php on line 15.
 1 APPPATH\Controllers\Inicio.php(15): CodeIgniter\Debug\Exceptions->errorHandler(8, 'Undefined variable: cliente_model', 'APPPATH\\Controllers\\Inicio.php', 15, [])
 2 SYSTEMPATH\CodeIgniter.php(887): App\Controllers\Inicio->__construct()
 3 SYSTEMPATH\CodeIgniter.php(471): CodeIgniter\CodeIgniter->createController()
 4 SYSTEMPATH\CodeIgniter.php(349): CodeIgniter\CodeIgniter->handleRequest(null, Object(Config\Cache), false)
 5 FCPATH\index.php(67): CodeIgniter\CodeIgniter->run()
 6 SYSTEMPATH\Commands\Server\rewrite.php(47): require_once('FCPATH\\index.php')
CRITICAL - 2023-01-03 08:59:29 --> Undefined variable: data
in APPPATH\Views\inicio\index.php on line 39.
 1 APPPATH\Views\inicio\index.php(39): CodeIgniter\Debug\Exceptions->errorHandler(8, 'Undefined variable: data', 'APPPATH\\Views\\inicio\\index.php', 39, [...])
 2 SYSTEMPATH\View\View.php(213): include('APPPATH\\Views\\inicio\\index.php')
 3 SYSTEMPATH\View\View.php(216): CodeIgniter\View\View->CodeIgniter\View\{closure}()
 4 SYSTEMPATH\Common.php(1135): CodeIgniter\View\View->render('inicio/index', [], true)
 5 APPPATH\Controllers\Inicio.php(27): view('inicio/index', [...])
 6 SYSTEMPATH\CodeIgniter.php(925): App\Controllers\Inicio->index()
 7 SYSTEMPATH\CodeIgniter.php(480): CodeIgniter\CodeIgniter->runController(Object(App\Controllers\Inicio))
 8 SYSTEMPATH\CodeIgniter.php(349): CodeIgniter\CodeIgniter->handleRequest(null, Object(Config\Cache), false)
 9 FCPATH\index.php(67): CodeIgniter\CodeIgniter->run()
10 SYSTEMPATH\Commands\Server\rewrite.php(47): require_once('FCPATH\\index.php')
CRITICAL - 2023-01-03 10:51:43 --> Undefined variable: data
in APPPATH\Views\inicio\index.php on line 39.
 1 APPPATH\Views\inicio\index.php(39): CodeIgniter\Debug\Exceptions->errorHandler(8, 'Undefined variable: data', 'APPPATH\\Views\\inicio\\index.php', 39, [...])
 2 SYSTEMPATH\View\View.php(213): include('APPPATH\\Views\\inicio\\index.php')
 3 SYSTEMPATH\View\View.php(216): CodeIgniter\View\View->CodeIgniter\View\{closure}()
 4 SYSTEMPATH\Common.php(1135): CodeIgniter\View\View->render('inicio/index', [], true)
 5 APPPATH\Controllers\Inicio.php(27): view('inicio/index', [...])
 6 SYSTEMPATH\CodeIgniter.php(925): App\Controllers\Inicio->index()
 7 SYSTEMPATH\CodeIgniter.php(480): CodeIgniter\CodeIgniter->runController(Object(App\Controllers\Inicio))
 8 SYSTEMPATH\CodeIgniter.php(349): CodeIgniter\CodeIgniter->handleRequest(null, Object(Config\Cache), false)
 9 FCPATH\index.php(67): CodeIgniter\CodeIgniter->run()
10 SYSTEMPATH\Commands\Server\rewrite.php(47): require_once('FCPATH\\index.php')
CRITICAL - 2023-01-03 10:57:24 --> count() expects at most 2 parameters, 3 given
in APPPATH\Controllers\Inicio.php on line 29.
 1 [internal function]: CodeIgniter\Debug\Exceptions->errorHandler(2, 'count() expects at most 2 parameters, 3 given', 'APPPATH\\Controllers\\Inicio.php', 29, [])
 2 APPPATH\Controllers\Inicio.php(29): count([], [...], [])
 3 SYSTEMPATH\CodeIgniter.php(925): App\Controllers\Inicio->index()
 4 SYSTEMPATH\CodeIgniter.php(480): CodeIgniter\CodeIgniter->runController(Object(App\Controllers\Inicio))
 5 SYSTEMPATH\CodeIgniter.php(349): CodeIgniter\CodeIgniter->handleRequest(null, Object(Config\Cache), false)
 6 FCPATH\index.php(67): CodeIgniter\CodeIgniter->run()
 7 SYSTEMPATH\Commands\Server\rewrite.php(47): require_once('FCPATH\\index.php')
CRITICAL - 2023-01-03 10:58:21 --> Undefined property: App\Controllers\Inicio::$total_funcionarios
in APPPATH\Controllers\Inicio.php on line 35.
 1 APPPATH\Controllers\Inicio.php(35): CodeIgniter\Debug\Exceptions->errorHandler(8, 'Undefined property: App\\Controllers\\Inicio::$total_funcionarios', 'APPPATH\\Controllers\\Inicio.php', 35, [...])
 2 SYSTEMPATH\CodeIgniter.php(925): App\Controllers\Inicio->index()
 3 SYSTEMPATH\CodeIgniter.php(480): CodeIgniter\CodeIgniter->runController(Object(App\Controllers\Inicio))
 4 SYSTEMPATH\CodeIgniter.php(349): CodeIgniter\CodeIgniter->handleRequest(null, Object(Config\Cache), false)
 5 FCPATH\index.php(67): CodeIgniter\CodeIgniter->run()
 6 SYSTEMPATH\Commands\Server\rewrite.php(47): require_once('FCPATH\\index.php')
CRITICAL - 2023-01-03 10:58:22 --> Undefined property: App\Controllers\Inicio::$total_funcionarios
in APPPATH\Controllers\Inicio.php on line 35.
 1 APPPATH\Controllers\Inicio.php(35): CodeIgniter\Debug\Exceptions->errorHandler(8, 'Undefined property: App\\Controllers\\Inicio::$total_funcionarios', 'APPPATH\\Controllers\\Inicio.php', 35, [...])
 2 SYSTEMPATH\CodeIgniter.php(925): App\Controllers\Inicio->index()
 3 SYSTEMPATH\CodeIgniter.php(480): CodeIgniter\CodeIgniter->runController(Object(App\Controllers\Inicio))
 4 SYSTEMPATH\CodeIgniter.php(349): CodeIgniter\CodeIgniter->handleRequest(null, Object(Config\Cache), false)
 5 FCPATH\index.php(67): CodeIgniter\CodeIgniter->run()
 6 SYSTEMPATH\Commands\Server\rewrite.php(47): require_once('FCPATH\\index.php')
CRITICAL - 2023-01-03 13:39:40 --> 6 : Could not resolve host: portaljaia
in SYSTEMPATH\HTTP\CURLRequest.php on line 660.
 1 SYSTEMPATH\HTTP\CURLRequest.php(660): CodeIgniter\HTTP\Exceptions\HTTPException::forCurlError('6', 'Could not resolve host: portaljaia')
 2 SYSTEMPATH\HTTP\CURLRequest.php(368): CodeIgniter\HTTP\CURLRequest->sendRequest([...])
 3 SYSTEMPATH\HTTP\CURLRequest.php(136): CodeIgniter\HTTP\CURLRequest->send('POST', 'http://portaljaia/api/consultasaldo')
 4 APPPATH\Controllers\Consumoapi.php(16): CodeIgniter\HTTP\CURLRequest->request('POST', 'http://portaljaia/api/consultasaldo')
 5 SYSTEMPATH\CodeIgniter.php(925): App\Controllers\Consumoapi->index()
 6 SYSTEMPATH\CodeIgniter.php(480): CodeIgniter\CodeIgniter->runController(Object(App\Controllers\Consumoapi))
 7 SYSTEMPATH\CodeIgniter.php(349): CodeIgniter\CodeIgniter->handleRequest(null, Object(Config\Cache), false)
 8 FCPATH\index.php(67): CodeIgniter\CodeIgniter->run()
 9 SYSTEMPATH\Commands\Server\rewrite.php(47): require_once('FCPATH\\index.php')
CRITICAL - 2023-01-03 13:41:18 --> 6 : Could not resolve host: portaljaia
in SYSTEMPATH\HTTP\CURLRequest.php on line 660.
 1 SYSTEMPATH\HTTP\CURLRequest.php(660): CodeIgniter\HTTP\Exceptions\HTTPException::forCurlError('6', 'Could not resolve host: portaljaia')
 2 SYSTEMPATH\HTTP\CURLRequest.php(368): CodeIgniter\HTTP\CURLRequest->sendRequest([...])
 3 SYSTEMPATH\HTTP\CURLRequest.php(136): CodeIgniter\HTTP\CURLRequest->send('GET', 'http://portaljaia/api/consultasaldo')
 4 APPPATH\Controllers\Consumoapi.php(16): CodeIgniter\HTTP\CURLRequest->request('GET', 'http://portaljaia/api/consultasaldo')
 5 SYSTEMPATH\CodeIgniter.php(925): App\Controllers\Consumoapi->index()
 6 SYSTEMPATH\CodeIgniter.php(480): CodeIgniter\CodeIgniter->runController(Object(App\Controllers\Consumoapi))
 7 SYSTEMPATH\CodeIgniter.php(349): CodeIgniter\CodeIgniter->handleRequest(null, Object(Config\Cache), false)
 8 FCPATH\index.php(67): CodeIgniter\CodeIgniter->run()
 9 SYSTEMPATH\Commands\Server\rewrite.php(47): require_once('FCPATH\\index.php')
CRITICAL - 2023-01-03 13:46:00 --> 22 : The requested URL returned error: 404 Not Found
in SYSTEMPATH\HTTP\CURLRequest.php on line 660.
 1 SYSTEMPATH\HTTP\CURLRequest.php(660): CodeIgniter\HTTP\Exceptions\HTTPException::forCurlError('22', 'The requested URL returned error: 404 Not Found')
 2 SYSTEMPATH\HTTP\CURLRequest.php(368): CodeIgniter\HTTP\CURLRequest->sendRequest([...])
 3 SYSTEMPATH\HTTP\CURLRequest.php(136): CodeIgniter\HTTP\CURLRequest->send('GET', 'http://192.168.15.37/portaljaia/api/retornoconsultasaldo.php')
 4 APPPATH\Controllers\Consumoapi.php(15): CodeIgniter\HTTP\CURLRequest->request('GET', 'http://192.168.15.37/portaljaia/api/retornoconsultasaldo.php')
 5 SYSTEMPATH\CodeIgniter.php(925): App\Controllers\Consumoapi->index()
 6 SYSTEMPATH\CodeIgniter.php(480): CodeIgniter\CodeIgniter->runController(Object(App\Controllers\Consumoapi))
 7 SYSTEMPATH\CodeIgniter.php(349): CodeIgniter\CodeIgniter->handleRequest(null, Object(Config\Cache), false)
 8 FCPATH\index.php(67): CodeIgniter\CodeIgniter->run()
 9 SYSTEMPATH\Commands\Server\rewrite.php(47): require_once('FCPATH\\index.php')
CRITICAL - 2023-01-03 13:46:13 --> 22 : The requested URL returned error: 404 Not Found
in SYSTEMPATH\HTTP\CURLRequest.php on line 660.
 1 SYSTEMPATH\HTTP\CURLRequest.php(660): CodeIgniter\HTTP\Exceptions\HTTPException::forCurlError('22', 'The requested URL returned error: 404 Not Found')
 2 SYSTEMPATH\HTTP\CURLRequest.php(368): CodeIgniter\HTTP\CURLRequest->sendRequest([...])
 3 SYSTEMPATH\HTTP\CURLRequest.php(136): CodeIgniter\HTTP\CURLRequest->send('GET', 'http://192.168.15.37/portaljaia/api/retornoconsultasaldo')
 4 APPPATH\Controllers\Consumoapi.php(15): CodeIgniter\HTTP\CURLRequest->request('GET', 'http://192.168.15.37/portaljaia/api/retornoconsultasaldo')
 5 SYSTEMPATH\CodeIgniter.php(925): App\Controllers\Consumoapi->index()
 6 SYSTEMPATH\CodeIgniter.php(480): CodeIgniter\CodeIgniter->runController(Object(App\Controllers\Consumoapi))
 7 SYSTEMPATH\CodeIgniter.php(349): CodeIgniter\CodeIgniter->handleRequest(null, Object(Config\Cache), false)
 8 FCPATH\index.php(67): CodeIgniter\CodeIgniter->run()
 9 SYSTEMPATH\Commands\Server\rewrite.php(47): require_once('FCPATH\\index.php')
CRITICAL - 2023-01-03 13:47:57 --> 6 : Could not resolve host: 192.portaljaia
in SYSTEMPATH\HTTP\CURLRequest.php on line 660.
 1 SYSTEMPATH\HTTP\CURLRequest.php(660): CodeIgniter\HTTP\Exceptions\HTTPException::forCurlError('6', 'Could not resolve host: 192.portaljaia')
 2 SYSTEMPATH\HTTP\CURLRequest.php(368): CodeIgniter\HTTP\CURLRequest->sendRequest([...])
 3 SYSTEMPATH\HTTP\CURLRequest.php(136): CodeIgniter\HTTP\CURLRequest->send('GET', 'http://192.portaljaia/api/consultasaldo')
 4 APPPATH\Controllers\Consumoapi.php(15): CodeIgniter\HTTP\CURLRequest->request('GET', 'http://192.portaljaia/api/consultasaldo')
 5 SYSTEMPATH\CodeIgniter.php(925): App\Controllers\Consumoapi->index()
 6 SYSTEMPATH\CodeIgniter.php(480): CodeIgniter\CodeIgniter->runController(Object(App\Controllers\Consumoapi))
 7 SYSTEMPATH\CodeIgniter.php(349): CodeIgniter\CodeIgniter->handleRequest(null, Object(Config\Cache), false)
 8 FCPATH\index.php(67): CodeIgniter\CodeIgniter->run()
 9 SYSTEMPATH\Commands\Server\rewrite.php(47): require_once('FCPATH\\index.php')
CRITICAL - 2023-01-03 13:48:03 --> 6 : Could not resolve host: 192.portaljaia
in SYSTEMPATH\HTTP\CURLRequest.php on line 660.
 1 SYSTEMPATH\HTTP\CURLRequest.php(660): CodeIgniter\HTTP\Exceptions\HTTPException::forCurlError('6', 'Could not resolve host: 192.portaljaia')
 2 SYSTEMPATH\HTTP\CURLRequest.php(368): CodeIgniter\HTTP\CURLRequest->sendRequest([...])
 3 SYSTEMPATH\HTTP\CURLRequest.php(136): CodeIgniter\HTTP\CURLRequest->send('GET', 'http://192.portaljaia/api/consultasaldo.php')
 4 APPPATH\Controllers\Consumoapi.php(15): CodeIgniter\HTTP\CURLRequest->request('GET', 'http://192.portaljaia/api/consultasaldo.php')
 5 SYSTEMPATH\CodeIgniter.php(925): App\Controllers\Consumoapi->index()
 6 SYSTEMPATH\CodeIgniter.php(480): CodeIgniter\CodeIgniter->runController(Object(App\Controllers\Consumoapi))
 7 SYSTEMPATH\CodeIgniter.php(349): CodeIgniter\CodeIgniter->handleRequest(null, Object(Config\Cache), false)
 8 FCPATH\index.php(67): CodeIgniter\CodeIgniter->run()
 9 SYSTEMPATH\Commands\Server\rewrite.php(47): require_once('FCPATH\\index.php')
CRITICAL - 2023-01-03 13:48:05 --> 6 : Could not resolve host: 192.portaljaia
in SYSTEMPATH\HTTP\CURLRequest.php on line 660.
 1 SYSTEMPATH\HTTP\CURLRequest.php(660): CodeIgniter\HTTP\Exceptions\HTTPException::forCurlError('6', 'Could not resolve host: 192.portaljaia')
 2 SYSTEMPATH\HTTP\CURLRequest.php(368): CodeIgniter\HTTP\CURLRequest->sendRequest([...])
 3 SYSTEMPATH\HTTP\CURLRequest.php(136): CodeIgniter\HTTP\CURLRequest->send('GET', 'http://192.portaljaia/api/consultasaldo.php')
 4 APPPATH\Controllers\Consumoapi.php(15): CodeIgniter\HTTP\CURLRequest->request('GET', 'http://192.portaljaia/api/consultasaldo.php')
 5 SYSTEMPATH\CodeIgniter.php(925): App\Controllers\Consumoapi->index()
 6 SYSTEMPATH\CodeIgniter.php(480): CodeIgniter\CodeIgniter->runController(Object(App\Controllers\Consumoapi))
 7 SYSTEMPATH\CodeIgniter.php(349): CodeIgniter\CodeIgniter->handleRequest(null, Object(Config\Cache), false)
 8 FCPATH\index.php(67): CodeIgniter\CodeIgniter->run()
 9 SYSTEMPATH\Commands\Server\rewrite.php(47): require_once('FCPATH\\index.php')
CRITICAL - 2023-01-03 13:49:27 --> Object of class CodeIgniter\HTTP\Response could not be converted to string
in APPPATH\Controllers\Consumoapi.php on line 16.
 1 SYSTEMPATH\CodeIgniter.php(925): App\Controllers\Consumoapi->index()
 2 SYSTEMPATH\CodeIgniter.php(480): CodeIgniter\CodeIgniter->runController(Object(App\Controllers\Consumoapi))
 3 SYSTEMPATH\CodeIgniter.php(349): CodeIgniter\CodeIgniter->handleRequest(null, Object(Config\Cache), false)
 4 FCPATH\index.php(67): CodeIgniter\CodeIgniter->run()
 5 SYSTEMPATH\Commands\Server\rewrite.php(47): require_once('FCPATH\\index.php')
CRITICAL - 2023-01-03 13:52:48 --> json_decode() expects parameter 1 to be string, object given
in APPPATH\Controllers\Consumoapi.php on line 17.
 1 [internal function]: CodeIgniter\Debug\Exceptions->errorHandler(2, 'json_decode() expects parameter 1 to be string, object given', 'APPPATH\\Controllers\\Consumoapi.php', 17, [...])
 2 APPPATH\Controllers\Consumoapi.php(17): json_decode(Object(CodeIgniter\HTTP\Response))
 3 SYSTEMPATH\CodeIgniter.php(925): App\Controllers\Consumoapi->index()
 4 SYSTEMPATH\CodeIgniter.php(480): CodeIgniter\CodeIgniter->runController(Object(App\Controllers\Consumoapi))
 5 SYSTEMPATH\CodeIgniter.php(349): CodeIgniter\CodeIgniter->handleRequest(null, Object(Config\Cache), false)
 6 FCPATH\index.php(67): CodeIgniter\CodeIgniter->run()
 7 SYSTEMPATH\Commands\Server\rewrite.php(47): require_once('FCPATH\\index.php')
CRITICAL - 2023-01-03 13:53:10 --> json_decode() expects parameter 1 to be string, object given
in APPPATH\Controllers\Consumoapi.php on line 17.
 1 [internal function]: CodeIgniter\Debug\Exceptions->errorHandler(2, 'json_decode() expects parameter 1 to be string, object given', 'APPPATH\\Controllers\\Consumoapi.php', 17, [...])
 2 APPPATH\Controllers\Consumoapi.php(17): json_decode(Object(CodeIgniter\HTTP\Response))
 3 SYSTEMPATH\CodeIgniter.php(925): App\Controllers\Consumoapi->index()
 4 SYSTEMPATH\CodeIgniter.php(480): CodeIgniter\CodeIgniter->runController(Object(App\Controllers\Consumoapi))
 5 SYSTEMPATH\CodeIgniter.php(349): CodeIgniter\CodeIgniter->handleRequest(null, Object(Config\Cache), false)
 6 FCPATH\index.php(67): CodeIgniter\CodeIgniter->run()
 7 SYSTEMPATH\Commands\Server\rewrite.php(47): require_once('FCPATH\\index.php')
CRITICAL - 2023-01-03 13:55:27 --> Trying to get property 'saldo' of non-object
in APPPATH\Controllers\Consumoapi.php on line 21.
 1 APPPATH\Controllers\Consumoapi.php(21): CodeIgniter\Debug\Exceptions->errorHandler(8, 'Trying to get property \'saldo\' of non-object', 'APPPATH\\Controllers\\Consumoapi.php', 21, [...])
 2 SYSTEMPATH\CodeIgniter.php(925): App\Controllers\Consumoapi->index()
 3 SYSTEMPATH\CodeIgniter.php(480): CodeIgniter\CodeIgniter->runController(Object(App\Controllers\Consumoapi))
 4 SYSTEMPATH\CodeIgniter.php(349): CodeIgniter\CodeIgniter->handleRequest(null, Object(Config\Cache), false)
 5 FCPATH\index.php(67): CodeIgniter\CodeIgniter->run()
 6 SYSTEMPATH\Commands\Server\rewrite.php(47): require_once('FCPATH\\index.php')
CRITICAL - 2023-01-03 13:55:48 --> Trying to get property 'saldo' of non-object
in APPPATH\Controllers\Consumoapi.php on line 21.
 1 APPPATH\Controllers\Consumoapi.php(21): CodeIgniter\Debug\Exceptions->errorHandler(8, 'Trying to get property \'saldo\' of non-object', 'APPPATH\\Controllers\\Consumoapi.php', 21, [...])
 2 SYSTEMPATH\CodeIgniter.php(925): App\Controllers\Consumoapi->index()
 3 SYSTEMPATH\CodeIgniter.php(480): CodeIgniter\CodeIgniter->runController(Object(App\Controllers\Consumoapi))
 4 SYSTEMPATH\CodeIgniter.php(349): CodeIgniter\CodeIgniter->handleRequest(null, Object(Config\Cache), false)
 5 FCPATH\index.php(67): CodeIgniter\CodeIgniter->run()
 6 SYSTEMPATH\Commands\Server\rewrite.php(47): require_once('FCPATH\\index.php')
CRITICAL - 2023-01-03 13:56:25 --> Undefined property: stdClass::$saldo
in APPPATH\Controllers\Consumoapi.php on line 21.
 1 APPPATH\Controllers\Consumoapi.php(21): CodeIgniter\Debug\Exceptions->errorHandler(8, 'Undefined property: stdClass::$saldo', 'APPPATH\\Controllers\\Consumoapi.php', 21, [...])
 2 SYSTEMPATH\CodeIgniter.php(925): App\Controllers\Consumoapi->index()
 3 SYSTEMPATH\CodeIgniter.php(480): CodeIgniter\CodeIgniter->runController(Object(App\Controllers\Consumoapi))
 4 SYSTEMPATH\CodeIgniter.php(349): CodeIgniter\CodeIgniter->handleRequest(null, Object(Config\Cache), false)
 5 FCPATH\index.php(67): CodeIgniter\CodeIgniter->run()
 6 SYSTEMPATH\Commands\Server\rewrite.php(47): require_once('FCPATH\\index.php')
CRITICAL - 2023-01-03 13:56:36 --> Trying to get property 'saldo' of non-object
in APPPATH\Controllers\Consumoapi.php on line 21.
 1 APPPATH\Controllers\Consumoapi.php(21): CodeIgniter\Debug\Exceptions->errorHandler(8, 'Trying to get property \'saldo\' of non-object', 'APPPATH\\Controllers\\Consumoapi.php', 21, [...])
 2 SYSTEMPATH\CodeIgniter.php(925): App\Controllers\Consumoapi->index()
 3 SYSTEMPATH\CodeIgniter.php(480): CodeIgniter\CodeIgniter->runController(Object(App\Controllers\Consumoapi))
 4 SYSTEMPATH\CodeIgniter.php(349): CodeIgniter\CodeIgniter->handleRequest(null, Object(Config\Cache), false)
 5 FCPATH\index.php(67): CodeIgniter\CodeIgniter->run()
 6 SYSTEMPATH\Commands\Server\rewrite.php(47): require_once('FCPATH\\index.php')
CRITICAL - 2023-01-03 13:57:04 --> Trying to get property 'codprod' of non-object
in APPPATH\Controllers\Consumoapi.php on line 21.
 1 APPPATH\Controllers\Consumoapi.php(21): CodeIgniter\Debug\Exceptions->errorHandler(8, 'Trying to get property \'codprod\' of non-object', 'APPPATH\\Controllers\\Consumoapi.php', 21, [...])
 2 SYSTEMPATH\CodeIgniter.php(925): App\Controllers\Consumoapi->index()
 3 SYSTEMPATH\CodeIgniter.php(480): CodeIgniter\CodeIgniter->runController(Object(App\Controllers\Consumoapi))
 4 SYSTEMPATH\CodeIgniter.php(349): CodeIgniter\CodeIgniter->handleRequest(null, Object(Config\Cache), false)
 5 FCPATH\index.php(67): CodeIgniter\CodeIgniter->run()
 6 SYSTEMPATH\Commands\Server\rewrite.php(47): require_once('FCPATH\\index.php')
CRITICAL - 2023-01-03 13:57:36 --> Trying to get property 'produtos' of non-object
in APPPATH\Controllers\Consumoapi.php on line 21.
 1 APPPATH\Controllers\Consumoapi.php(21): CodeIgniter\Debug\Exceptions->errorHandler(8, 'Trying to get property \'produtos\' of non-object', 'APPPATH\\Controllers\\Consumoapi.php', 21, [...])
 2 SYSTEMPATH\CodeIgniter.php(925): App\Controllers\Consumoapi->index()
 3 SYSTEMPATH\CodeIgniter.php(480): CodeIgniter\CodeIgniter->runController(Object(App\Controllers\Consumoapi))
 4 SYSTEMPATH\CodeIgniter.php(349): CodeIgniter\CodeIgniter->handleRequest(null, Object(Config\Cache), false)
 5 FCPATH\index.php(67): CodeIgniter\CodeIgniter->run()
 6 SYSTEMPATH\Commands\Server\rewrite.php(47): require_once('FCPATH\\index.php')
CRITICAL - 2023-01-03 13:57:44 --> Trying to get property 'codprod' of non-object
in APPPATH\Controllers\Consumoapi.php on line 21.
 1 APPPATH\Controllers\Consumoapi.php(21): CodeIgniter\Debug\Exceptions->errorHandler(8, 'Trying to get property \'codprod\' of non-object', 'APPPATH\\Controllers\\Consumoapi.php', 21, [...])
 2 SYSTEMPATH\CodeIgniter.php(925): App\Controllers\Consumoapi->index()
 3 SYSTEMPATH\CodeIgniter.php(480): CodeIgniter\CodeIgniter->runController(Object(App\Controllers\Consumoapi))
 4 SYSTEMPATH\CodeIgniter.php(349): CodeIgniter\CodeIgniter->handleRequest(null, Object(Config\Cache), false)
 5 FCPATH\index.php(67): CodeIgniter\CodeIgniter->run()
 6 SYSTEMPATH\Commands\Server\rewrite.php(47): require_once('FCPATH\\index.php')
CRITICAL - 2023-01-03 13:58:21 --> Trying to get property 'id' of non-object
in APPPATH\Controllers\Consumoapi.php on line 21.
 1 APPPATH\Controllers\Consumoapi.php(21): CodeIgniter\Debug\Exceptions->errorHandler(8, 'Trying to get property \'id\' of non-object', 'APPPATH\\Controllers\\Consumoapi.php', 21, [...])
 2 SYSTEMPATH\CodeIgniter.php(925): App\Controllers\Consumoapi->index()
 3 SYSTEMPATH\CodeIgniter.php(480): CodeIgniter\CodeIgniter->runController(Object(App\Controllers\Consumoapi))
 4 SYSTEMPATH\CodeIgniter.php(349): CodeIgniter\CodeIgniter->handleRequest(null, Object(Config\Cache), false)
 5 FCPATH\index.php(67): CodeIgniter\CodeIgniter->run()
 6 SYSTEMPATH\Commands\Server\rewrite.php(47): require_once('FCPATH\\index.php')
CRITICAL - 2023-01-03 13:58:40 --> Call to undefined method CodeIgniter\HTTP\Response::produtos()
in APPPATH\Controllers\Consumoapi.php on line 17.
 1 SYSTEMPATH\CodeIgniter.php(925): App\Controllers\Consumoapi->index()
 2 SYSTEMPATH\CodeIgniter.php(480): CodeIgniter\CodeIgniter->runController(Object(App\Controllers\Consumoapi))
 3 SYSTEMPATH\CodeIgniter.php(349): CodeIgniter\CodeIgniter->handleRequest(null, Object(Config\Cache), false)
 4 FCPATH\index.php(67): CodeIgniter\CodeIgniter->run()
 5 SYSTEMPATH\Commands\Server\rewrite.php(47): require_once('FCPATH\\index.php')
CRITICAL - 2023-01-03 13:58:43 --> Call to undefined method CodeIgniter\HTTP\Response::produtos()
in APPPATH\Controllers\Consumoapi.php on line 17.
 1 SYSTEMPATH\CodeIgniter.php(925): App\Controllers\Consumoapi->index()
 2 SYSTEMPATH\CodeIgniter.php(480): CodeIgniter\CodeIgniter->runController(Object(App\Controllers\Consumoapi))
 3 SYSTEMPATH\CodeIgniter.php(349): CodeIgniter\CodeIgniter->handleRequest(null, Object(Config\Cache), false)
 4 FCPATH\index.php(67): CodeIgniter\CodeIgniter->run()
 5 SYSTEMPATH\Commands\Server\rewrite.php(47): require_once('FCPATH\\index.php')
CRITICAL - 2023-01-03 13:58:51 --> Trying to get property 'id' of non-object
in APPPATH\Controllers\Consumoapi.php on line 21.
 1 APPPATH\Controllers\Consumoapi.php(21): CodeIgniter\Debug\Exceptions->errorHandler(8, 'Trying to get property \'id\' of non-object', 'APPPATH\\Controllers\\Consumoapi.php', 21, [...])
 2 SYSTEMPATH\CodeIgniter.php(925): App\Controllers\Consumoapi->index()
 3 SYSTEMPATH\CodeIgniter.php(480): CodeIgniter\CodeIgniter->runController(Object(App\Controllers\Consumoapi))
 4 SYSTEMPATH\CodeIgniter.php(349): CodeIgniter\CodeIgniter->handleRequest(null, Object(Config\Cache), false)
 5 FCPATH\index.php(67): CodeIgniter\CodeIgniter->run()
 6 SYSTEMPATH\Commands\Server\rewrite.php(47): require_once('FCPATH\\index.php')
CRITICAL - 2023-01-03 13:58:59 --> Trying to get property 'saldo' of non-object
in APPPATH\Controllers\Consumoapi.php on line 21.
 1 APPPATH\Controllers\Consumoapi.php(21): CodeIgniter\Debug\Exceptions->errorHandler(8, 'Trying to get property \'saldo\' of non-object', 'APPPATH\\Controllers\\Consumoapi.php', 21, [...])
 2 SYSTEMPATH\CodeIgniter.php(925): App\Controllers\Consumoapi->index()
 3 SYSTEMPATH\CodeIgniter.php(480): CodeIgniter\CodeIgniter->runController(Object(App\Controllers\Consumoapi))
 4 SYSTEMPATH\CodeIgniter.php(349): CodeIgniter\CodeIgniter->handleRequest(null, Object(Config\Cache), false)
 5 FCPATH\index.php(67): CodeIgniter\CodeIgniter->run()
 6 SYSTEMPATH\Commands\Server\rewrite.php(47): require_once('FCPATH\\index.php')
CRITICAL - 2023-01-03 13:59:54 --> Trying to get property 'saldo' of non-object
in APPPATH\Controllers\Consumoapi.php on line 20.
 1 APPPATH\Controllers\Consumoapi.php(20): CodeIgniter\Debug\Exceptions->errorHandler(8, 'Trying to get property \'saldo\' of non-object', 'APPPATH\\Controllers\\Consumoapi.php', 20, [...])
 2 SYSTEMPATH\CodeIgniter.php(925): App\Controllers\Consumoapi->index()
 3 SYSTEMPATH\CodeIgniter.php(480): CodeIgniter\CodeIgniter->runController(Object(App\Controllers\Consumoapi))
 4 SYSTEMPATH\CodeIgniter.php(349): CodeIgniter\CodeIgniter->handleRequest(null, Object(Config\Cache), false)
 5 FCPATH\index.php(67): CodeIgniter\CodeIgniter->run()
 6 SYSTEMPATH\Commands\Server\rewrite.php(47): require_once('FCPATH\\index.php')
CRITICAL - 2023-01-03 14:01:36 --> Undefined index: saldo
in APPPATH\Controllers\Consumoapi.php on line 20.
 1 APPPATH\Controllers\Consumoapi.php(20): CodeIgniter\Debug\Exceptions->errorHandler(8, 'Undefined index: saldo', 'APPPATH\\Controllers\\Consumoapi.php', 20, [...])
 2 SYSTEMPATH\CodeIgniter.php(925): App\Controllers\Consumoapi->index()
 3 SYSTEMPATH\CodeIgniter.php(480): CodeIgniter\CodeIgniter->runController(Object(App\Controllers\Consumoapi))
 4 SYSTEMPATH\CodeIgniter.php(349): CodeIgniter\CodeIgniter->handleRequest(null, Object(Config\Cache), false)
 5 FCPATH\index.php(67): CodeIgniter\CodeIgniter->run()
 6 SYSTEMPATH\Commands\Server\rewrite.php(47): require_once('FCPATH\\index.php')
CRITICAL - 2023-01-03 14:01:48 --> Trying to get property 'saldo' of non-object
in APPPATH\Controllers\Consumoapi.php on line 20.
 1 APPPATH\Controllers\Consumoapi.php(20): CodeIgniter\Debug\Exceptions->errorHandler(8, 'Trying to get property \'saldo\' of non-object', 'APPPATH\\Controllers\\Consumoapi.php', 20, [...])
 2 SYSTEMPATH\CodeIgniter.php(925): App\Controllers\Consumoapi->index()
 3 SYSTEMPATH\CodeIgniter.php(480): CodeIgniter\CodeIgniter->runController(Object(App\Controllers\Consumoapi))
 4 SYSTEMPATH\CodeIgniter.php(349): CodeIgniter\CodeIgniter->handleRequest(null, Object(Config\Cache), false)
 5 FCPATH\index.php(67): CodeIgniter\CodeIgniter->run()
 6 SYSTEMPATH\Commands\Server\rewrite.php(47): require_once('FCPATH\\index.php')
CRITICAL - 2023-01-03 14:04:05 --> Undefined property: stdClass::$saldo
in APPPATH\Controllers\Consumoapi.php on line 20.
 1 APPPATH\Controllers\Consumoapi.php(20): CodeIgniter\Debug\Exceptions->errorHandler(8, 'Undefined property: stdClass::$saldo', 'APPPATH\\Controllers\\Consumoapi.php', 20, [...])
 2 SYSTEMPATH\CodeIgniter.php(925): App\Controllers\Consumoapi->index()
 3 SYSTEMPATH\CodeIgniter.php(480): CodeIgniter\CodeIgniter->runController(Object(App\Controllers\Consumoapi))
 4 SYSTEMPATH\CodeIgniter.php(349): CodeIgniter\CodeIgniter->handleRequest(null, Object(Config\Cache), false)
 5 FCPATH\index.php(67): CodeIgniter\CodeIgniter->run()
 6 SYSTEMPATH\Commands\Server\rewrite.php(47): require_once('FCPATH\\index.php')
CRITICAL - 2023-01-03 14:04:13 --> Cannot use object of type stdClass as array
in APPPATH\Controllers\Consumoapi.php on line 20.
 1 SYSTEMPATH\CodeIgniter.php(925): App\Controllers\Consumoapi->index()
 2 SYSTEMPATH\CodeIgniter.php(480): CodeIgniter\CodeIgniter->runController(Object(App\Controllers\Consumoapi))
 3 SYSTEMPATH\CodeIgniter.php(349): CodeIgniter\CodeIgniter->handleRequest(null, Object(Config\Cache), false)
 4 FCPATH\index.php(67): CodeIgniter\CodeIgniter->run()
 5 SYSTEMPATH\Commands\Server\rewrite.php(47): require_once('FCPATH\\index.php')
CRITICAL - 2023-01-03 14:06:19 --> Undefined variable: protudo
in APPPATH\Controllers\Consumoapi.php on line 22.
 1 APPPATH\Controllers\Consumoapi.php(22): CodeIgniter\Debug\Exceptions->errorHandler(8, 'Undefined variable: protudo', 'APPPATH\\Controllers\\Consumoapi.php', 22, [...])
 2 SYSTEMPATH\CodeIgniter.php(925): App\Controllers\Consumoapi->index()
 3 SYSTEMPATH\CodeIgniter.php(480): CodeIgniter\CodeIgniter->runController(Object(App\Controllers\Consumoapi))
 4 SYSTEMPATH\CodeIgniter.php(349): CodeIgniter\CodeIgniter->handleRequest(null, Object(Config\Cache), false)
 5 FCPATH\index.php(67): CodeIgniter\CodeIgniter->run()
 6 SYSTEMPATH\Commands\Server\rewrite.php(47): require_once('FCPATH\\index.php')
CRITICAL - 2023-01-03 14:08:03 --> Undefined variable: protudo
in APPPATH\Controllers\Consumoapi.php on line 22.
 1 APPPATH\Controllers\Consumoapi.php(22): CodeIgniter\Debug\Exceptions->errorHandler(8, 'Undefined variable: protudo', 'APPPATH\\Controllers\\Consumoapi.php', 22, [...])
 2 SYSTEMPATH\CodeIgniter.php(925): App\Controllers\Consumoapi->index()
 3 SYSTEMPATH\CodeIgniter.php(480): CodeIgniter\CodeIgniter->runController(Object(App\Controllers\Consumoapi))
 4 SYSTEMPATH\CodeIgniter.php(349): CodeIgniter\CodeIgniter->handleRequest(null, Object(Config\Cache), false)
 5 FCPATH\index.php(67): CodeIgniter\CodeIgniter->run()
 6 SYSTEMPATH\Commands\Server\rewrite.php(47): require_once('FCPATH\\index.php')
CRITICAL - 2023-01-03 14:08:08 --> Undefined variable: protudo
in APPPATH\Controllers\Consumoapi.php on line 22.
 1 APPPATH\Controllers\Consumoapi.php(22): CodeIgniter\Debug\Exceptions->errorHandler(8, 'Undefined variable: protudo', 'APPPATH\\Controllers\\Consumoapi.php', 22, [...])
 2 SYSTEMPATH\CodeIgniter.php(925): App\Controllers\Consumoapi->index()
 3 SYSTEMPATH\CodeIgniter.php(480): CodeIgniter\CodeIgniter->runController(Object(App\Controllers\Consumoapi))
 4 SYSTEMPATH\CodeIgniter.php(349): CodeIgniter\CodeIgniter->handleRequest(null, Object(Config\Cache), false)
 5 FCPATH\index.php(67): CodeIgniter\CodeIgniter->run()
 6 SYSTEMPATH\Commands\Server\rewrite.php(47): require_once('FCPATH\\index.php')
CRITICAL - 2023-01-03 14:08:16 --> Trying to get property 'saldo' of non-object
in APPPATH\Controllers\Consumoapi.php on line 22.
 1 APPPATH\Controllers\Consumoapi.php(22): CodeIgniter\Debug\Exceptions->errorHandler(8, 'Trying to get property \'saldo\' of non-object', 'APPPATH\\Controllers\\Consumoapi.php', 22, [...])
 2 SYSTEMPATH\CodeIgniter.php(925): App\Controllers\Consumoapi->index()
 3 SYSTEMPATH\CodeIgniter.php(480): CodeIgniter\CodeIgniter->runController(Object(App\Controllers\Consumoapi))
 4 SYSTEMPATH\CodeIgniter.php(349): CodeIgniter\CodeIgniter->handleRequest(null, Object(Config\Cache), false)
 5 FCPATH\index.php(67): CodeIgniter\CodeIgniter->run()
 6 SYSTEMPATH\Commands\Server\rewrite.php(47): require_once('FCPATH\\index.php')
CRITICAL - 2023-01-03 14:08:24 --> Array to string conversion
in APPPATH\Controllers\Consumoapi.php on line 22.
 1 APPPATH\Controllers\Consumoapi.php(22): CodeIgniter\Debug\Exceptions->errorHandler(8, 'Array to string conversion', 'APPPATH\\Controllers\\Consumoapi.php', 22, [...])
 2 SYSTEMPATH\CodeIgniter.php(925): App\Controllers\Consumoapi->index()
 3 SYSTEMPATH\CodeIgniter.php(480): CodeIgniter\CodeIgniter->runController(Object(App\Controllers\Consumoapi))
 4 SYSTEMPATH\CodeIgniter.php(349): CodeIgniter\CodeIgniter->handleRequest(null, Object(Config\Cache), false)
 5 FCPATH\index.php(67): CodeIgniter\CodeIgniter->run()
 6 SYSTEMPATH\Commands\Server\rewrite.php(47): require_once('FCPATH\\index.php')
CRITICAL - 2023-01-03 14:08:49 --> Object of class stdClass could not be converted to string
in APPPATH\Controllers\Consumoapi.php on line 20.
 1 SYSTEMPATH\CodeIgniter.php(925): App\Controllers\Consumoapi->index()
 2 SYSTEMPATH\CodeIgniter.php(480): CodeIgniter\CodeIgniter->runController(Object(App\Controllers\Consumoapi))
 3 SYSTEMPATH\CodeIgniter.php(349): CodeIgniter\CodeIgniter->handleRequest(null, Object(Config\Cache), false)
 4 FCPATH\index.php(67): CodeIgniter\CodeIgniter->run()
 5 SYSTEMPATH\Commands\Server\rewrite.php(47): require_once('FCPATH\\index.php')
CRITICAL - 2023-01-03 14:09:31 --> Trying to get property 'saldo' of non-object
in APPPATH\Controllers\Consumoapi.php on line 22.
 1 APPPATH\Controllers\Consumoapi.php(22): CodeIgniter\Debug\Exceptions->errorHandler(8, 'Trying to get property \'saldo\' of non-object', 'APPPATH\\Controllers\\Consumoapi.php', 22, [...])
 2 SYSTEMPATH\CodeIgniter.php(925): App\Controllers\Consumoapi->index()
 3 SYSTEMPATH\CodeIgniter.php(480): CodeIgniter\CodeIgniter->runController(Object(App\Controllers\Consumoapi))
 4 SYSTEMPATH\CodeIgniter.php(349): CodeIgniter\CodeIgniter->handleRequest(null, Object(Config\Cache), false)
 5 FCPATH\index.php(67): CodeIgniter\CodeIgniter->run()
 6 SYSTEMPATH\Commands\Server\rewrite.php(47): require_once('FCPATH\\index.php')
CRITICAL - 2023-01-03 14:09:57 --> Trying to get property 'saldo' of non-object
in APPPATH\Controllers\Consumoapi.php on line 22.
 1 APPPATH\Controllers\Consumoapi.php(22): CodeIgniter\Debug\Exceptions->errorHandler(8, 'Trying to get property \'saldo\' of non-object', 'APPPATH\\Controllers\\Consumoapi.php', 22, [...])
 2 SYSTEMPATH\CodeIgniter.php(925): App\Controllers\Consumoapi->index()
 3 SYSTEMPATH\CodeIgniter.php(480): CodeIgniter\CodeIgniter->runController(Object(App\Controllers\Consumoapi))
 4 SYSTEMPATH\CodeIgniter.php(349): CodeIgniter\CodeIgniter->handleRequest(null, Object(Config\Cache), false)
 5 FCPATH\index.php(67): CodeIgniter\CodeIgniter->run()
 6 SYSTEMPATH\Commands\Server\rewrite.php(47): require_once('FCPATH\\index.php')
CRITICAL - 2023-01-03 14:12:05 --> Trying to get property 'saldo' of non-object
in APPPATH\Controllers\Consumoapi.php on line 22.
 1 APPPATH\Controllers\Consumoapi.php(22): CodeIgniter\Debug\Exceptions->errorHandler(8, 'Trying to get property \'saldo\' of non-object', 'APPPATH\\Controllers\\Consumoapi.php', 22, [...])
 2 SYSTEMPATH\CodeIgniter.php(925): App\Controllers\Consumoapi->index()
 3 SYSTEMPATH\CodeIgniter.php(480): CodeIgniter\CodeIgniter->runController(Object(App\Controllers\Consumoapi))
 4 SYSTEMPATH\CodeIgniter.php(349): CodeIgniter\CodeIgniter->handleRequest(null, Object(Config\Cache), false)
 5 FCPATH\index.php(67): CodeIgniter\CodeIgniter->run()
 6 SYSTEMPATH\Commands\Server\rewrite.php(47): require_once('FCPATH\\index.php')
CRITICAL - 2023-01-03 14:14:22 --> Undefined variable: i
in APPPATH\Controllers\Consumoapi.php on line 22.
 1 APPPATH\Controllers\Consumoapi.php(22): CodeIgniter\Debug\Exceptions->errorHandler(8, 'Undefined variable: i', 'APPPATH\\Controllers\\Consumoapi.php', 22, [...])
 2 SYSTEMPATH\CodeIgniter.php(925): App\Controllers\Consumoapi->index()
 3 SYSTEMPATH\CodeIgniter.php(480): CodeIgniter\CodeIgniter->runController(Object(App\Controllers\Consumoapi))
 4 SYSTEMPATH\CodeIgniter.php(349): CodeIgniter\CodeIgniter->handleRequest(null, Object(Config\Cache), false)
 5 FCPATH\index.php(67): CodeIgniter\CodeIgniter->run()
 6 SYSTEMPATH\Commands\Server\rewrite.php(47): require_once('FCPATH\\index.php')
CRITICAL - 2023-01-03 14:14:30 --> Trying to get property 'saldo' of non-object
in APPPATH\Controllers\Consumoapi.php on line 22.
 1 APPPATH\Controllers\Consumoapi.php(22): CodeIgniter\Debug\Exceptions->errorHandler(8, 'Trying to get property \'saldo\' of non-object', 'APPPATH\\Controllers\\Consumoapi.php', 22, [...])
 2 SYSTEMPATH\CodeIgniter.php(925): App\Controllers\Consumoapi->index()
 3 SYSTEMPATH\CodeIgniter.php(480): CodeIgniter\CodeIgniter->runController(Object(App\Controllers\Consumoapi))
 4 SYSTEMPATH\CodeIgniter.php(349): CodeIgniter\CodeIgniter->handleRequest(null, Object(Config\Cache), false)
 5 FCPATH\index.php(67): CodeIgniter\CodeIgniter->run()
 6 SYSTEMPATH\Commands\Server\rewrite.php(47): require_once('FCPATH\\index.php')
CRITICAL - 2023-01-03 14:18:28 --> Trying to get property 'saldo' of non-object
in APPPATH\Controllers\Consumoapi.php on line 22.
 1 APPPATH\Controllers\Consumoapi.php(22): CodeIgniter\Debug\Exceptions->errorHandler(8, 'Trying to get property \'saldo\' of non-object', 'APPPATH\\Controllers\\Consumoapi.php', 22, [...])
 2 SYSTEMPATH\CodeIgniter.php(925): App\Controllers\Consumoapi->index()
 3 SYSTEMPATH\CodeIgniter.php(480): CodeIgniter\CodeIgniter->runController(Object(App\Controllers\Consumoapi))
 4 SYSTEMPATH\CodeIgniter.php(349): CodeIgniter\CodeIgniter->handleRequest(null, Object(Config\Cache), false)
 5 FCPATH\index.php(67): CodeIgniter\CodeIgniter->run()
 6 SYSTEMPATH\Commands\Server\rewrite.php(47): require_once('FCPATH\\index.php')
CRITICAL - 2023-01-03 14:24:24 --> Undefined variable: builder
in APPPATH\Controllers\Consumoapi.php on line 26.
 1 APPPATH\Controllers\Consumoapi.php(26): CodeIgniter\Debug\Exceptions->errorHandler(8, 'Undefined variable: builder', 'APPPATH\\Controllers\\Consumoapi.php', 26, [...])
 2 SYSTEMPATH\CodeIgniter.php(925): App\Controllers\Consumoapi->index()
 3 SYSTEMPATH\CodeIgniter.php(480): CodeIgniter\CodeIgniter->runController(Object(App\Controllers\Consumoapi))
 4 SYSTEMPATH\CodeIgniter.php(349): CodeIgniter\CodeIgniter->handleRequest(null, Object(Config\Cache), false)
 5 FCPATH\index.php(67): CodeIgniter\CodeIgniter->run()
 6 SYSTEMPATH\Commands\Server\rewrite.php(47): require_once('FCPATH\\index.php')
CRITICAL - 2023-01-03 14:35:35 --> json_decode() expects parameter 1 to be string, object given
in APPPATH\Controllers\Consumoapi.php on line 18.
 1 [internal function]: CodeIgniter\Debug\Exceptions->errorHandler(2, 'json_decode() expects parameter 1 to be string, object given', 'APPPATH\\Controllers\\Consumoapi.php', 18, [...])
 2 APPPATH\Controllers\Consumoapi.php(18): json_decode(Object(CodeIgniter\HTTP\Response))
 3 SYSTEMPATH\CodeIgniter.php(925): App\Controllers\Consumoapi->index()
 4 SYSTEMPATH\CodeIgniter.php(480): CodeIgniter\CodeIgniter->runController(Object(App\Controllers\Consumoapi))
 5 SYSTEMPATH\CodeIgniter.php(349): CodeIgniter\CodeIgniter->handleRequest(null, Object(Config\Cache), false)
 6 FCPATH\index.php(67): CodeIgniter\CodeIgniter->run()
 7 SYSTEMPATH\Commands\Server\rewrite.php(47): require_once('FCPATH\\index.php')
CRITICAL - 2023-01-03 14:35:54 --> json_decode() expects parameter 1 to be string, object given
in APPPATH\Controllers\Consumoapi.php on line 18.
 1 [internal function]: CodeIgniter\Debug\Exceptions->errorHandler(2, 'json_decode() expects parameter 1 to be string, object given', 'APPPATH\\Controllers\\Consumoapi.php', 18, [...])
 2 APPPATH\Controllers\Consumoapi.php(18): json_decode(Object(CodeIgniter\HTTP\Response))
 3 SYSTEMPATH\CodeIgniter.php(925): App\Controllers\Consumoapi->index()
 4 SYSTEMPATH\CodeIgniter.php(480): CodeIgniter\CodeIgniter->runController(Object(App\Controllers\Consumoapi))
 5 SYSTEMPATH\CodeIgniter.php(349): CodeIgniter\CodeIgniter->handleRequest(null, Object(Config\Cache), false)
 6 FCPATH\index.php(67): CodeIgniter\CodeIgniter->run()
 7 SYSTEMPATH\Commands\Server\rewrite.php(47): require_once('FCPATH\\index.php')
CRITICAL - 2023-01-03 14:39:22 --> There is no data to insert.
in SYSTEMPATH\BaseModel.php on line 730.
 1 SYSTEMPATH\BaseModel.php(730): CodeIgniter\Database\Exceptions\DataException::forEmptyDataset('insert')
 2 SYSTEMPATH\Model.php(695): CodeIgniter\BaseModel->insert([], true)
 3 APPPATH\Controllers\Produtos.php(99): CodeIgniter\Model->insert(Object(stdClass))
 4 SYSTEMPATH\CodeIgniter.php(925): App\Controllers\Produtos->store()
 5 SYSTEMPATH\CodeIgniter.php(480): CodeIgniter\CodeIgniter->runController(Object(App\Controllers\Produtos))
 6 SYSTEMPATH\CodeIgniter.php(349): CodeIgniter\CodeIgniter->handleRequest(null, Object(Config\Cache), false)
 7 FCPATH\index.php(67): CodeIgniter\CodeIgniter->run()
 8 SYSTEMPATH\Commands\Server\rewrite.php(47): require_once('FCPATH\\index.php')
CRITICAL - 2023-01-03 14:39:53 --> There is no data to insert.
in SYSTEMPATH\BaseModel.php on line 730.
 1 SYSTEMPATH\BaseModel.php(730): CodeIgniter\Database\Exceptions\DataException::forEmptyDataset('insert')
 2 SYSTEMPATH\Model.php(695): CodeIgniter\BaseModel->insert([], true)
 3 APPPATH\Controllers\Produtos.php(104): CodeIgniter\Model->insert(Object(stdClass))
 4 SYSTEMPATH\CodeIgniter.php(925): App\Controllers\Produtos->store()
 5 SYSTEMPATH\CodeIgniter.php(480): CodeIgniter\CodeIgniter->runController(Object(App\Controllers\Produtos))
 6 SYSTEMPATH\CodeIgniter.php(349): CodeIgniter\CodeIgniter->handleRequest(null, Object(Config\Cache), false)
 7 FCPATH\index.php(67): CodeIgniter\CodeIgniter->run()
 8 SYSTEMPATH\Commands\Server\rewrite.php(47): require_once('FCPATH\\index.php')
CRITICAL - 2023-01-03 14:39:58 --> There is no data to insert.
in SYSTEMPATH\BaseModel.php on line 730.
 1 SYSTEMPATH\BaseModel.php(730): CodeIgniter\Database\Exceptions\DataException::forEmptyDataset('insert')
 2 SYSTEMPATH\Model.php(695): CodeIgniter\BaseModel->insert([], true)
 3 APPPATH\Controllers\Produtos.php(104): CodeIgniter\Model->insert(Object(stdClass))
 4 SYSTEMPATH\CodeIgniter.php(925): App\Controllers\Produtos->store()
 5 SYSTEMPATH\CodeIgniter.php(480): CodeIgniter\CodeIgniter->runController(Object(App\Controllers\Produtos))
 6 SYSTEMPATH\CodeIgniter.php(349): CodeIgniter\CodeIgniter->handleRequest(null, Object(Config\Cache), false)
 7 FCPATH\index.php(67): CodeIgniter\CodeIgniter->run()
 8 SYSTEMPATH\Commands\Server\rewrite.php(47): require_once('FCPATH\\index.php')
CRITICAL - 2023-01-03 14:40:25 --> There is no data to insert.
in SYSTEMPATH\BaseModel.php on line 730.
 1 SYSTEMPATH\BaseModel.php(730): CodeIgniter\Database\Exceptions\DataException::forEmptyDataset('insert')
 2 SYSTEMPATH\Model.php(695): CodeIgniter\BaseModel->insert([], true)
 3 APPPATH\Controllers\Produtos.php(98): CodeIgniter\Model->insert(Object(stdClass))
 4 SYSTEMPATH\CodeIgniter.php(925): App\Controllers\Produtos->store()
 5 SYSTEMPATH\CodeIgniter.php(480): CodeIgniter\CodeIgniter->runController(Object(App\Controllers\Produtos))
 6 SYSTEMPATH\CodeIgniter.php(349): CodeIgniter\CodeIgniter->handleRequest(null, Object(Config\Cache), false)
 7 FCPATH\index.php(67): CodeIgniter\CodeIgniter->run()
 8 SYSTEMPATH\Commands\Server\rewrite.php(47): require_once('FCPATH\\index.php')
CRITICAL - 2023-01-03 14:41:38 --> There is no data to insert.
in SYSTEMPATH\BaseModel.php on line 730.
 1 SYSTEMPATH\BaseModel.php(730): CodeIgniter\Database\Exceptions\DataException::forEmptyDataset('insert')
 2 SYSTEMPATH\Model.php(695): CodeIgniter\BaseModel->insert([], true)
 3 APPPATH\Controllers\Produtos.php(105): CodeIgniter\Model->insert(Object(stdClass))
 4 SYSTEMPATH\CodeIgniter.php(925): App\Controllers\Produtos->store()
 5 SYSTEMPATH\CodeIgniter.php(480): CodeIgniter\CodeIgniter->runController(Object(App\Controllers\Produtos))
 6 SYSTEMPATH\CodeIgniter.php(349): CodeIgniter\CodeIgniter->handleRequest(null, Object(Config\Cache), false)
 7 FCPATH\index.php(67): CodeIgniter\CodeIgniter->run()
 8 SYSTEMPATH\Commands\Server\rewrite.php(47): require_once('FCPATH\\index.php')
CRITICAL - 2023-01-03 14:42:44 --> Cannot use object of type stdClass as array
in APPPATH\Controllers\Produtos.php on line 98.
 1 SYSTEMPATH\CodeIgniter.php(925): App\Controllers\Produtos->store()
 2 SYSTEMPATH\CodeIgniter.php(480): CodeIgniter\CodeIgniter->runController(Object(App\Controllers\Produtos))
 3 SYSTEMPATH\CodeIgniter.php(349): CodeIgniter\CodeIgniter->handleRequest(null, Object(Config\Cache), false)
 4 FCPATH\index.php(67): CodeIgniter\CodeIgniter->run()
 5 SYSTEMPATH\Commands\Server\rewrite.php(47): require_once('FCPATH\\index.php')
CRITICAL - 2023-01-03 14:43:49 --> There is no data to insert.
in SYSTEMPATH\BaseModel.php on line 730.
 1 SYSTEMPATH\BaseModel.php(730): CodeIgniter\Database\Exceptions\DataException::forEmptyDataset('insert')
 2 SYSTEMPATH\Model.php(695): CodeIgniter\BaseModel->insert([], true)
 3 APPPATH\Controllers\Produtos.php(99): CodeIgniter\Model->insert(Object(stdClass))
 4 SYSTEMPATH\CodeIgniter.php(925): App\Controllers\Produtos->store()
 5 SYSTEMPATH\CodeIgniter.php(480): CodeIgniter\CodeIgniter->runController(Object(App\Controllers\Produtos))
 6 SYSTEMPATH\CodeIgniter.php(349): CodeIgniter\CodeIgniter->handleRequest(null, Object(Config\Cache), false)
 7 FCPATH\index.php(67): CodeIgniter\CodeIgniter->run()
 8 SYSTEMPATH\Commands\Server\rewrite.php(47): require_once('FCPATH\\index.php')
CRITICAL - 2023-01-03 14:43:56 --> Cannot use object of type stdClass as array
in APPPATH\Controllers\Produtos.php on line 97.
 1 SYSTEMPATH\CodeIgniter.php(925): App\Controllers\Produtos->store()
 2 SYSTEMPATH\CodeIgniter.php(480): CodeIgniter\CodeIgniter->runController(Object(App\Controllers\Produtos))
 3 SYSTEMPATH\CodeIgniter.php(349): CodeIgniter\CodeIgniter->handleRequest(null, Object(Config\Cache), false)
 4 FCPATH\index.php(67): CodeIgniter\CodeIgniter->run()
 5 SYSTEMPATH\Commands\Server\rewrite.php(47): require_once('FCPATH\\index.php')
CRITICAL - 2023-01-03 14:44:15 --> There is no data to insert.
in SYSTEMPATH\BaseModel.php on line 730.
 1 SYSTEMPATH\BaseModel.php(730): CodeIgniter\Database\Exceptions\DataException::forEmptyDataset('insert')
 2 SYSTEMPATH\Model.php(695): CodeIgniter\BaseModel->insert([], true)
 3 APPPATH\Controllers\Produtos.php(98): CodeIgniter\Model->insert(Object(stdClass))
 4 SYSTEMPATH\CodeIgniter.php(925): App\Controllers\Produtos->store()
 5 SYSTEMPATH\CodeIgniter.php(480): CodeIgniter\CodeIgniter->runController(Object(App\Controllers\Produtos))
 6 SYSTEMPATH\CodeIgniter.php(349): CodeIgniter\CodeIgniter->handleRequest(null, Object(Config\Cache), false)
 7 FCPATH\index.php(67): CodeIgniter\CodeIgniter->run()
 8 SYSTEMPATH\Commands\Server\rewrite.php(47): require_once('FCPATH\\index.php')
CRITICAL - 2023-01-03 14:44:52 --> There is no data to insert.
in SYSTEMPATH\BaseModel.php on line 1600.
 1 SYSTEMPATH\BaseModel.php(1600): CodeIgniter\Database\Exceptions\DataException::forEmptyDataset('insert')
 2 SYSTEMPATH\BaseModel.php(710): CodeIgniter\BaseModel->transformDataToArray([], 'insert')
 3 SYSTEMPATH\Model.php(695): CodeIgniter\BaseModel->insert([], true)
 4 APPPATH\Controllers\Produtos.php(91): CodeIgniter\Model->insert([])
 5 SYSTEMPATH\CodeIgniter.php(925): App\Controllers\Produtos->store()
 6 SYSTEMPATH\CodeIgniter.php(480): CodeIgniter\CodeIgniter->runController(Object(App\Controllers\Produtos))
 7 SYSTEMPATH\CodeIgniter.php(349): CodeIgniter\CodeIgniter->handleRequest(null, Object(Config\Cache), false)
 8 FCPATH\index.php(67): CodeIgniter\CodeIgniter->run()
 9 SYSTEMPATH\Commands\Server\rewrite.php(47): require_once('FCPATH\\index.php')
CRITICAL - 2023-01-03 14:44:53 --> There is no data to insert.
in SYSTEMPATH\BaseModel.php on line 1600.
 1 SYSTEMPATH\BaseModel.php(1600): CodeIgniter\Database\Exceptions\DataException::forEmptyDataset('insert')
 2 SYSTEMPATH\BaseModel.php(710): CodeIgniter\BaseModel->transformDataToArray([], 'insert')
 3 SYSTEMPATH\Model.php(695): CodeIgniter\BaseModel->insert([], true)
 4 APPPATH\Controllers\Produtos.php(91): CodeIgniter\Model->insert([])
 5 SYSTEMPATH\CodeIgniter.php(925): App\Controllers\Produtos->store()
 6 SYSTEMPATH\CodeIgniter.php(480): CodeIgniter\CodeIgniter->runController(Object(App\Controllers\Produtos))
 7 SYSTEMPATH\CodeIgniter.php(349): CodeIgniter\CodeIgniter->handleRequest(null, Object(Config\Cache), false)
 8 FCPATH\index.php(67): CodeIgniter\CodeIgniter->run()
 9 SYSTEMPATH\Commands\Server\rewrite.php(47): require_once('FCPATH\\index.php')
CRITICAL - 2023-01-03 14:44:54 --> There is no data to insert.
in SYSTEMPATH\BaseModel.php on line 1600.
 1 SYSTEMPATH\BaseModel.php(1600): CodeIgniter\Database\Exceptions\DataException::forEmptyDataset('insert')
 2 SYSTEMPATH\BaseModel.php(710): CodeIgniter\BaseModel->transformDataToArray([], 'insert')
 3 SYSTEMPATH\Model.php(695): CodeIgniter\BaseModel->insert([], true)
 4 APPPATH\Controllers\Produtos.php(91): CodeIgniter\Model->insert([])
 5 SYSTEMPATH\CodeIgniter.php(925): App\Controllers\Produtos->store()
 6 SYSTEMPATH\CodeIgniter.php(480): CodeIgniter\CodeIgniter->runController(Object(App\Controllers\Produtos))
 7 SYSTEMPATH\CodeIgniter.php(349): CodeIgniter\CodeIgniter->handleRequest(null, Object(Config\Cache), false)
 8 FCPATH\index.php(67): CodeIgniter\CodeIgniter->run()
 9 SYSTEMPATH\Commands\Server\rewrite.php(47): require_once('FCPATH\\index.php')
CRITICAL - 2023-01-03 14:44:55 --> There is no data to insert.
in SYSTEMPATH\BaseModel.php on line 1600.
 1 SYSTEMPATH\BaseModel.php(1600): CodeIgniter\Database\Exceptions\DataException::forEmptyDataset('insert')
 2 SYSTEMPATH\BaseModel.php(710): CodeIgniter\BaseModel->transformDataToArray([], 'insert')
 3 SYSTEMPATH\Model.php(695): CodeIgniter\BaseModel->insert([], true)
 4 APPPATH\Controllers\Produtos.php(91): CodeIgniter\Model->insert([])
 5 SYSTEMPATH\CodeIgniter.php(925): App\Controllers\Produtos->store()
 6 SYSTEMPATH\CodeIgniter.php(480): CodeIgniter\CodeIgniter->runController(Object(App\Controllers\Produtos))
 7 SYSTEMPATH\CodeIgniter.php(349): CodeIgniter\CodeIgniter->handleRequest(null, Object(Config\Cache), false)
 8 FCPATH\index.php(67): CodeIgniter\CodeIgniter->run()
 9 SYSTEMPATH\Commands\Server\rewrite.php(47): require_once('FCPATH\\index.php')
CRITICAL - 2023-01-03 14:49:59 --> json_decode() expects parameter 1 to be string, object given
in APPPATH\Controllers\Consumoapi.php on line 20.
 1 [internal function]: CodeIgniter\Debug\Exceptions->errorHandler(2, 'json_decode() expects parameter 1 to be string, object given', 'APPPATH\\Controllers\\Consumoapi.php', 20, [...])
 2 APPPATH\Controllers\Consumoapi.php(20): json_decode(Object(CodeIgniter\HTTP\Response), true)
 3 SYSTEMPATH\CodeIgniter.php(925): App\Controllers\Consumoapi->index()
 4 SYSTEMPATH\CodeIgniter.php(480): CodeIgniter\CodeIgniter->runController(Object(App\Controllers\Consumoapi))
 5 SYSTEMPATH\CodeIgniter.php(349): CodeIgniter\CodeIgniter->handleRequest(null, Object(Config\Cache), false)
 6 FCPATH\index.php(67): CodeIgniter\CodeIgniter->run()
 7 SYSTEMPATH\Commands\Server\rewrite.php(47): require_once('FCPATH\\index.php')
CRITICAL - 2023-01-03 14:50:16 --> json_decode() expects parameter 1 to be string, object given
in APPPATH\Controllers\Consumoapi.php on line 20.
 1 [internal function]: CodeIgniter\Debug\Exceptions->errorHandler(2, 'json_decode() expects parameter 1 to be string, object given', 'APPPATH\\Controllers\\Consumoapi.php', 20, [...])
 2 APPPATH\Controllers\Consumoapi.php(20): json_decode(Object(CodeIgniter\HTTP\Response))
 3 SYSTEMPATH\CodeIgniter.php(925): App\Controllers\Consumoapi->index()
 4 SYSTEMPATH\CodeIgniter.php(480): CodeIgniter\CodeIgniter->runController(Object(App\Controllers\Consumoapi))
 5 SYSTEMPATH\CodeIgniter.php(349): CodeIgniter\CodeIgniter->handleRequest(null, Object(Config\Cache), false)
 6 FCPATH\index.php(67): CodeIgniter\CodeIgniter->run()
 7 SYSTEMPATH\Commands\Server\rewrite.php(47): require_once('FCPATH\\index.php')
CRITICAL - 2023-01-03 14:51:23 --> json_decode() expects parameter 1 to be string, object given
in APPPATH\Controllers\Consumoapi.php on line 20.
 1 [internal function]: CodeIgniter\Debug\Exceptions->errorHandler(2, 'json_decode() expects parameter 1 to be string, object given', 'APPPATH\\Controllers\\Consumoapi.php', 20, [...])
 2 APPPATH\Controllers\Consumoapi.php(20): json_decode(Object(CodeIgniter\HTTP\Response), true)
 3 SYSTEMPATH\CodeIgniter.php(925): App\Controllers\Consumoapi->index()
 4 SYSTEMPATH\CodeIgniter.php(480): CodeIgniter\CodeIgniter->runController(Object(App\Controllers\Consumoapi))
 5 SYSTEMPATH\CodeIgniter.php(349): CodeIgniter\CodeIgniter->handleRequest(null, Object(Config\Cache), false)
 6 FCPATH\index.php(67): CodeIgniter\CodeIgniter->run()
 7 SYSTEMPATH\Commands\Server\rewrite.php(47): require_once('FCPATH\\index.php')
CRITICAL - 2023-01-03 14:51:56 --> Undefined index: codprod
in APPPATH\Controllers\Consumoapi.php on line 21.
 1 APPPATH\Controllers\Consumoapi.php(21): CodeIgniter\Debug\Exceptions->errorHandler(8, 'Undefined index: codprod', 'APPPATH\\Controllers\\Consumoapi.php', 21, [...])
 2 SYSTEMPATH\CodeIgniter.php(925): App\Controllers\Consumoapi->index()
 3 SYSTEMPATH\CodeIgniter.php(480): CodeIgniter\CodeIgniter->runController(Object(App\Controllers\Consumoapi))
 4 SYSTEMPATH\CodeIgniter.php(349): CodeIgniter\CodeIgniter->handleRequest(null, Object(Config\Cache), false)
 5 FCPATH\index.php(67): CodeIgniter\CodeIgniter->run()
 6 SYSTEMPATH\Commands\Server\rewrite.php(47): require_once('FCPATH\\index.php')
CRITICAL - 2023-01-03 14:52:50 --> Illegal string offset 'codprod'
in APPPATH\Controllers\Consumoapi.php on line 21.
 1 APPPATH\Controllers\Consumoapi.php(21): CodeIgniter\Debug\Exceptions->errorHandler(2, 'Illegal string offset \'codprod\'', 'APPPATH\\Controllers\\Consumoapi.php', 21, [...])
 2 SYSTEMPATH\CodeIgniter.php(925): App\Controllers\Consumoapi->index()
 3 SYSTEMPATH\CodeIgniter.php(480): CodeIgniter\CodeIgniter->runController(Object(App\Controllers\Consumoapi))
 4 SYSTEMPATH\CodeIgniter.php(349): CodeIgniter\CodeIgniter->handleRequest(null, Object(Config\Cache), false)
 5 FCPATH\index.php(67): CodeIgniter\CodeIgniter->run()
 6 SYSTEMPATH\Commands\Server\rewrite.php(47): require_once('FCPATH\\index.php')
CRITICAL - 2023-01-03 14:53:12 --> Undefined index: codprod
in APPPATH\Controllers\Consumoapi.php on line 21.
 1 APPPATH\Controllers\Consumoapi.php(21): CodeIgniter\Debug\Exceptions->errorHandler(8, 'Undefined index: codprod', 'APPPATH\\Controllers\\Consumoapi.php', 21, [...])
 2 SYSTEMPATH\CodeIgniter.php(925): App\Controllers\Consumoapi->index()
 3 SYSTEMPATH\CodeIgniter.php(480): CodeIgniter\CodeIgniter->runController(Object(App\Controllers\Consumoapi))
 4 SYSTEMPATH\CodeIgniter.php(349): CodeIgniter\CodeIgniter->handleRequest(null, Object(Config\Cache), false)
 5 FCPATH\index.php(67): CodeIgniter\CodeIgniter->run()
 6 SYSTEMPATH\Commands\Server\rewrite.php(47): require_once('FCPATH\\index.php')
CRITICAL - 2023-01-03 14:57:43 --> Cannot use object of type stdClass as array
in APPPATH\Controllers\Consumoapi.php on line 20.
 1 SYSTEMPATH\CodeIgniter.php(925): App\Controllers\Consumoapi->index()
 2 SYSTEMPATH\CodeIgniter.php(480): CodeIgniter\CodeIgniter->runController(Object(App\Controllers\Consumoapi))
 3 SYSTEMPATH\CodeIgniter.php(349): CodeIgniter\CodeIgniter->handleRequest(null, Object(Config\Cache), false)
 4 FCPATH\index.php(67): CodeIgniter\CodeIgniter->run()
 5 SYSTEMPATH\Commands\Server\rewrite.php(47): require_once('FCPATH\\index.php')
CRITICAL - 2023-01-03 14:58:09 --> Cannot use object of type stdClass as array
in APPPATH\Controllers\Consumoapi.php on line 20.
 1 SYSTEMPATH\CodeIgniter.php(925): App\Controllers\Consumoapi->index()
 2 SYSTEMPATH\CodeIgniter.php(480): CodeIgniter\CodeIgniter->runController(Object(App\Controllers\Consumoapi))
 3 SYSTEMPATH\CodeIgniter.php(349): CodeIgniter\CodeIgniter->handleRequest(null, Object(Config\Cache), false)
 4 FCPATH\index.php(67): CodeIgniter\CodeIgniter->run()
 5 SYSTEMPATH\Commands\Server\rewrite.php(47): require_once('FCPATH\\index.php')
CRITICAL - 2023-01-03 14:58:23 --> Trying to get property 'saldo' of non-object
in APPPATH\Controllers\Consumoapi.php on line 22.
 1 APPPATH\Controllers\Consumoapi.php(22): CodeIgniter\Debug\Exceptions->errorHandler(8, 'Trying to get property \'saldo\' of non-object', 'APPPATH\\Controllers\\Consumoapi.php', 22, [...])
 2 SYSTEMPATH\CodeIgniter.php(925): App\Controllers\Consumoapi->index()
 3 SYSTEMPATH\CodeIgniter.php(480): CodeIgniter\CodeIgniter->runController(Object(App\Controllers\Consumoapi))
 4 SYSTEMPATH\CodeIgniter.php(349): CodeIgniter\CodeIgniter->handleRequest(null, Object(Config\Cache), false)
 5 FCPATH\index.php(67): CodeIgniter\CodeIgniter->run()
 6 SYSTEMPATH\Commands\Server\rewrite.php(47): require_once('FCPATH\\index.php')
CRITICAL - 2023-01-03 15:04:05 --> Object of class stdClass could not be converted to string
in APPPATH\Controllers\Consumoapi.php on line 23.
 1 SYSTEMPATH\CodeIgniter.php(925): App\Controllers\Consumoapi->index()
 2 SYSTEMPATH\CodeIgniter.php(480): CodeIgniter\CodeIgniter->runController(Object(App\Controllers\Consumoapi))
 3 SYSTEMPATH\CodeIgniter.php(349): CodeIgniter\CodeIgniter->handleRequest(null, Object(Config\Cache), false)
 4 FCPATH\index.php(67): CodeIgniter\CodeIgniter->run()
 5 SYSTEMPATH\Commands\Server\rewrite.php(47): require_once('FCPATH\\index.php')
CRITICAL - 2023-01-03 18:47:52 --> 28 : Failed to connect to 192.168.15.37 port 80: Timed out
in SYSTEMPATH\HTTP\CURLRequest.php on line 660.
 1 SYSTEMPATH\HTTP\CURLRequest.php(660): CodeIgniter\HTTP\Exceptions\HTTPException::forCurlError('28', 'Failed to connect to 192.168.15.37 port 80: Timed out')
 2 SYSTEMPATH\HTTP\CURLRequest.php(368): CodeIgniter\HTTP\CURLRequest->sendRequest([...])
 3 SYSTEMPATH\HTTP\CURLRequest.php(136): CodeIgniter\HTTP\CURLRequest->send('GET', 'http://192.168.15.37/portaljaia/api/consultasaldo.php')
 4 APPPATH\Controllers\Consumoapi.php(15): CodeIgniter\HTTP\CURLRequest->request('GET', 'http://192.168.15.37/portaljaia/api/consultasaldo.php')
 5 SYSTEMPATH\CodeIgniter.php(925): App\Controllers\Consumoapi->index()
 6 SYSTEMPATH\CodeIgniter.php(480): CodeIgniter\CodeIgniter->runController(Object(App\Controllers\Consumoapi))
 7 SYSTEMPATH\CodeIgniter.php(349): CodeIgniter\CodeIgniter->handleRequest(null, Object(Config\Cache), false)
 8 FCPATH\index.php(67): CodeIgniter\CodeIgniter->run()
 9 SYSTEMPATH\Commands\Server\rewrite.php(47): require_once('FCPATH\\index.php')
CRITICAL - 2023-01-03 18:48:11 --> Cannot use object of type stdClass as array
in APPPATH\Controllers\Consumoapi.php on line 24.
 1 SYSTEMPATH\CodeIgniter.php(925): App\Controllers\Consumoapi->index()
 2 SYSTEMPATH\CodeIgniter.php(480): CodeIgniter\CodeIgniter->runController(Object(App\Controllers\Consumoapi))
 3 SYSTEMPATH\CodeIgniter.php(349): CodeIgniter\CodeIgniter->handleRequest(null, Object(Config\Cache), false)
 4 FCPATH\index.php(67): CodeIgniter\CodeIgniter->run()
 5 SYSTEMPATH\Commands\Server\rewrite.php(47): require_once('FCPATH\\index.php')
CRITICAL - 2023-01-03 18:52:42 --> 22 : The requested URL returned error: 404 Not Found
in SYSTEMPATH\HTTP\CURLRequest.php on line 660.
 1 SYSTEMPATH\HTTP\CURLRequest.php(660): CodeIgniter\HTTP\Exceptions\HTTPException::forCurlError('22', 'The requested URL returned error: 404 Not Found')
 2 SYSTEMPATH\HTTP\CURLRequest.php(368): CodeIgniter\HTTP\CURLRequest->sendRequest([...])
 3 SYSTEMPATH\HTTP\CURLRequest.php(136): CodeIgniter\HTTP\CURLRequest->send('GET', 'https://fakerapi.it/api/v1/')
 4 APPPATH\Controllers\Consumoapi.php(16): CodeIgniter\HTTP\CURLRequest->request('GET', 'https://fakerapi.it/api/v1/')
 5 SYSTEMPATH\CodeIgniter.php(925): App\Controllers\Consumoapi->index()
 6 SYSTEMPATH\CodeIgniter.php(480): CodeIgniter\CodeIgniter->runController(Object(App\Controllers\Consumoapi))
 7 SYSTEMPATH\CodeIgniter.php(349): CodeIgniter\CodeIgniter->handleRequest(null, Object(Config\Cache), false)
 8 FCPATH\index.php(67): CodeIgniter\CodeIgniter->run()
 9 SYSTEMPATH\Commands\Server\rewrite.php(47): require_once('FCPATH\\index.php')
CRITICAL - 2023-01-03 18:55:18 --> Trying to get property 'title' of non-object
in APPPATH\Controllers\Consumoapi.php on line 23.
 1 APPPATH\Controllers\Consumoapi.php(23): CodeIgniter\Debug\Exceptions->errorHandler(8, 'Trying to get property \'title\' of non-object', 'APPPATH\\Controllers\\Consumoapi.php', 23, [...])
 2 SYSTEMPATH\CodeIgniter.php(925): App\Controllers\Consumoapi->index()
 3 SYSTEMPATH\CodeIgniter.php(480): CodeIgniter\CodeIgniter->runController(Object(App\Controllers\Consumoapi))
 4 SYSTEMPATH\CodeIgniter.php(349): CodeIgniter\CodeIgniter->handleRequest(null, Object(Config\Cache), false)
 5 FCPATH\index.php(67): CodeIgniter\CodeIgniter->run()
 6 SYSTEMPATH\Commands\Server\rewrite.php(47): require_once('FCPATH\\index.php')
CRITICAL - 2023-01-03 19:13:25 --> Cannot use object of type CodeIgniter\HTTP\Response as array
in APPPATH\Controllers\Consumoapi.php on line 20.
 1 SYSTEMPATH\CodeIgniter.php(925): App\Controllers\Consumoapi->index()
 2 SYSTEMPATH\CodeIgniter.php(480): CodeIgniter\CodeIgniter->runController(Object(App\Controllers\Consumoapi))
 3 SYSTEMPATH\CodeIgniter.php(349): CodeIgniter\CodeIgniter->handleRequest(null, Object(Config\Cache), false)
 4 FCPATH\index.php(67): CodeIgniter\CodeIgniter->run()
 5 SYSTEMPATH\Commands\Server\rewrite.php(47): require_once('FCPATH\\index.php')
CRITICAL - 2023-01-03 19:13:39 --> Cannot use object of type stdClass as array
in APPPATH\Controllers\Consumoapi.php on line 20.
 1 SYSTEMPATH\CodeIgniter.php(925): App\Controllers\Consumoapi->index()
 2 SYSTEMPATH\CodeIgniter.php(480): CodeIgniter\CodeIgniter->runController(Object(App\Controllers\Consumoapi))
 3 SYSTEMPATH\CodeIgniter.php(349): CodeIgniter\CodeIgniter->handleRequest(null, Object(Config\Cache), false)
 4 FCPATH\index.php(67): CodeIgniter\CodeIgniter->run()
 5 SYSTEMPATH\Commands\Server\rewrite.php(47): require_once('FCPATH\\index.php')
CRITICAL - 2023-01-03 19:14:08 --> Cannot use object of type stdClass as array
in APPPATH\Controllers\Consumoapi.php on line 20.
 1 SYSTEMPATH\CodeIgniter.php(925): App\Controllers\Consumoapi->index()
 2 SYSTEMPATH\CodeIgniter.php(480): CodeIgniter\CodeIgniter->runController(Object(App\Controllers\Consumoapi))
 3 SYSTEMPATH\CodeIgniter.php(349): CodeIgniter\CodeIgniter->handleRequest(null, Object(Config\Cache), false)
 4 FCPATH\index.php(67): CodeIgniter\CodeIgniter->run()
 5 SYSTEMPATH\Commands\Server\rewrite.php(47): require_once('FCPATH\\index.php')
CRITICAL - 2023-01-03 19:15:11 --> Cannot use object of type stdClass as array
in APPPATH\Controllers\Consumoapi.php on line 18.
 1 SYSTEMPATH\CodeIgniter.php(925): App\Controllers\Consumoapi->index()
 2 SYSTEMPATH\CodeIgniter.php(480): CodeIgniter\CodeIgniter->runController(Object(App\Controllers\Consumoapi))
 3 SYSTEMPATH\CodeIgniter.php(349): CodeIgniter\CodeIgniter->handleRequest(null, Object(Config\Cache), false)
 4 FCPATH\index.php(67): CodeIgniter\CodeIgniter->run()
 5 SYSTEMPATH\Commands\Server\rewrite.php(47): require_once('FCPATH\\index.php')
CRITICAL - 2023-01-03 19:15:53 --> Cannot use object of type stdClass as array
in APPPATH\Controllers\Consumoapi.php on line 18.
 1 SYSTEMPATH\CodeIgniter.php(925): App\Controllers\Consumoapi->index()
 2 SYSTEMPATH\CodeIgniter.php(480): CodeIgniter\CodeIgniter->runController(Object(App\Controllers\Consumoapi))
 3 SYSTEMPATH\CodeIgniter.php(349): CodeIgniter\CodeIgniter->handleRequest(null, Object(Config\Cache), false)
 4 FCPATH\index.php(67): CodeIgniter\CodeIgniter->run()
 5 SYSTEMPATH\Commands\Server\rewrite.php(47): require_once('FCPATH\\index.php')
CRITICAL - 2023-01-03 19:16:58 --> Call to undefined function App\Controllers\services()
in APPPATH\Controllers\Consumoapi.php on line 11.
 1 SYSTEMPATH\CodeIgniter.php(925): App\Controllers\Consumoapi->index()
 2 SYSTEMPATH\CodeIgniter.php(480): CodeIgniter\CodeIgniter->runController(Object(App\Controllers\Consumoapi))
 3 SYSTEMPATH\CodeIgniter.php(349): CodeIgniter\CodeIgniter->handleRequest(null, Object(Config\Cache), false)
 4 FCPATH\index.php(67): CodeIgniter\CodeIgniter->run()
 5 SYSTEMPATH\Commands\Server\rewrite.php(47): require_once('FCPATH\\index.php')
CRITICAL - 2023-01-03 19:17:01 --> Call to undefined function App\Controllers\services()
in APPPATH\Controllers\Consumoapi.php on line 11.
 1 SYSTEMPATH\CodeIgniter.php(925): App\Controllers\Consumoapi->index()
 2 SYSTEMPATH\CodeIgniter.php(480): CodeIgniter\CodeIgniter->runController(Object(App\Controllers\Consumoapi))
 3 SYSTEMPATH\CodeIgniter.php(349): CodeIgniter\CodeIgniter->handleRequest(null, Object(Config\Cache), false)
 4 FCPATH\index.php(67): CodeIgniter\CodeIgniter->run()
 5 SYSTEMPATH\Commands\Server\rewrite.php(47): require_once('FCPATH\\index.php')
CRITICAL - 2023-01-03 19:17:06 --> Cannot use object of type stdClass as array
in APPPATH\Controllers\Consumoapi.php on line 18.
 1 SYSTEMPATH\CodeIgniter.php(925): App\Controllers\Consumoapi->index()
 2 SYSTEMPATH\CodeIgniter.php(480): CodeIgniter\CodeIgniter->runController(Object(App\Controllers\Consumoapi))
 3 SYSTEMPATH\CodeIgniter.php(349): CodeIgniter\CodeIgniter->handleRequest(null, Object(Config\Cache), false)
 4 FCPATH\index.php(67): CodeIgniter\CodeIgniter->run()
 5 SYSTEMPATH\Commands\Server\rewrite.php(47): require_once('FCPATH\\index.php')
CRITICAL - 2023-01-03 19:18:22 --> Undefined offset: 1
in APPPATH\Controllers\Consumoapi.php on line 18.
 1 APPPATH\Controllers\Consumoapi.php(18): CodeIgniter\Debug\Exceptions->errorHandler(8, 'Undefined offset: 1', 'APPPATH\\Controllers\\Consumoapi.php', 18, [...])
 2 SYSTEMPATH\CodeIgniter.php(925): App\Controllers\Consumoapi->index()
 3 SYSTEMPATH\CodeIgniter.php(480): CodeIgniter\CodeIgniter->runController(Object(App\Controllers\Consumoapi))
 4 SYSTEMPATH\CodeIgniter.php(349): CodeIgniter\CodeIgniter->handleRequest(null, Object(Config\Cache), false)
 5 FCPATH\index.php(67): CodeIgniter\CodeIgniter->run()
 6 SYSTEMPATH\Commands\Server\rewrite.php(47): require_once('FCPATH\\index.php')
CRITICAL - 2023-01-03 19:18:46 --> Undefined index: name
in APPPATH\Controllers\Consumoapi.php on line 18.
 1 APPPATH\Controllers\Consumoapi.php(18): CodeIgniter\Debug\Exceptions->errorHandler(8, 'Undefined index: name', 'APPPATH\\Controllers\\Consumoapi.php', 18, [...])
 2 SYSTEMPATH\CodeIgniter.php(925): App\Controllers\Consumoapi->index()
 3 SYSTEMPATH\CodeIgniter.php(480): CodeIgniter\CodeIgniter->runController(Object(App\Controllers\Consumoapi))
 4 SYSTEMPATH\CodeIgniter.php(349): CodeIgniter\CodeIgniter->handleRequest(null, Object(Config\Cache), false)
 5 FCPATH\index.php(67): CodeIgniter\CodeIgniter->run()
 6 SYSTEMPATH\Commands\Server\rewrite.php(47): require_once('FCPATH\\index.php')
CRITICAL - 2023-01-03 19:19:06 --> Undefined offset: 1
in APPPATH\Controllers\Consumoapi.php on line 18.
 1 APPPATH\Controllers\Consumoapi.php(18): CodeIgniter\Debug\Exceptions->errorHandler(8, 'Undefined offset: 1', 'APPPATH\\Controllers\\Consumoapi.php', 18, [...])
 2 SYSTEMPATH\CodeIgniter.php(925): App\Controllers\Consumoapi->index()
 3 SYSTEMPATH\CodeIgniter.php(480): CodeIgniter\CodeIgniter->runController(Object(App\Controllers\Consumoapi))
 4 SYSTEMPATH\CodeIgniter.php(349): CodeIgniter\CodeIgniter->handleRequest(null, Object(Config\Cache), false)
 5 FCPATH\index.php(67): CodeIgniter\CodeIgniter->run()
 6 SYSTEMPATH\Commands\Server\rewrite.php(47): require_once('FCPATH\\index.php')
CRITICAL - 2023-01-03 19:19:20 --> Trying to get property 'name' of non-object
in APPPATH\Controllers\Consumoapi.php on line 18.
 1 APPPATH\Controllers\Consumoapi.php(18): CodeIgniter\Debug\Exceptions->errorHandler(8, 'Trying to get property \'name\' of non-object', 'APPPATH\\Controllers\\Consumoapi.php', 18, [...])
 2 SYSTEMPATH\CodeIgniter.php(925): App\Controllers\Consumoapi->index()
 3 SYSTEMPATH\CodeIgniter.php(480): CodeIgniter\CodeIgniter->runController(Object(App\Controllers\Consumoapi))
 4 SYSTEMPATH\CodeIgniter.php(349): CodeIgniter\CodeIgniter->handleRequest(null, Object(Config\Cache), false)
 5 FCPATH\index.php(67): CodeIgniter\CodeIgniter->run()
 6 SYSTEMPATH\Commands\Server\rewrite.php(47): require_once('FCPATH\\index.php')
CRITICAL - 2023-01-03 19:19:30 --> Undefined offset: 0
in APPPATH\Controllers\Consumoapi.php on line 18.
 1 APPPATH\Controllers\Consumoapi.php(18): CodeIgniter\Debug\Exceptions->errorHandler(8, 'Undefined offset: 0', 'APPPATH\\Controllers\\Consumoapi.php', 18, [...])
 2 SYSTEMPATH\CodeIgniter.php(925): App\Controllers\Consumoapi->index()
 3 SYSTEMPATH\CodeIgniter.php(480): CodeIgniter\CodeIgniter->runController(Object(App\Controllers\Consumoapi))
 4 SYSTEMPATH\CodeIgniter.php(349): CodeIgniter\CodeIgniter->handleRequest(null, Object(Config\Cache), false)
 5 FCPATH\index.php(67): CodeIgniter\CodeIgniter->run()
 6 SYSTEMPATH\Commands\Server\rewrite.php(47): require_once('FCPATH\\index.php')
CRITICAL - 2023-01-03 19:19:40 --> Undefined offset: 1
in APPPATH\Controllers\Consumoapi.php on line 18.
 1 APPPATH\Controllers\Consumoapi.php(18): CodeIgniter\Debug\Exceptions->errorHandler(8, 'Undefined offset: 1', 'APPPATH\\Controllers\\Consumoapi.php', 18, [...])
 2 SYSTEMPATH\CodeIgniter.php(925): App\Controllers\Consumoapi->index()
 3 SYSTEMPATH\CodeIgniter.php(480): CodeIgniter\CodeIgniter->runController(Object(App\Controllers\Consumoapi))
 4 SYSTEMPATH\CodeIgniter.php(349): CodeIgniter\CodeIgniter->handleRequest(null, Object(Config\Cache), false)
 5 FCPATH\index.php(67): CodeIgniter\CodeIgniter->run()
 6 SYSTEMPATH\Commands\Server\rewrite.php(47): require_once('FCPATH\\index.php')
CRITICAL - 2023-01-03 19:19:49 --> Cannot use object of type stdClass as array
in APPPATH\Controllers\Consumoapi.php on line 18.
 1 SYSTEMPATH\CodeIgniter.php(925): App\Controllers\Consumoapi->index()
 2 SYSTEMPATH\CodeIgniter.php(480): CodeIgniter\CodeIgniter->runController(Object(App\Controllers\Consumoapi))
 3 SYSTEMPATH\CodeIgniter.php(349): CodeIgniter\CodeIgniter->handleRequest(null, Object(Config\Cache), false)
 4 FCPATH\index.php(67): CodeIgniter\CodeIgniter->run()
 5 SYSTEMPATH\Commands\Server\rewrite.php(47): require_once('FCPATH\\index.php')
CRITICAL - 2023-01-03 19:21:48 --> Cannot use object of type stdClass as array
in APPPATH\Controllers\Consumoapi.php on line 18.
 1 SYSTEMPATH\CodeIgniter.php(925): App\Controllers\Consumoapi->index()
 2 SYSTEMPATH\CodeIgniter.php(480): CodeIgniter\CodeIgniter->runController(Object(App\Controllers\Consumoapi))
 3 SYSTEMPATH\CodeIgniter.php(349): CodeIgniter\CodeIgniter->handleRequest(null, Object(Config\Cache), false)
 4 FCPATH\index.php(67): CodeIgniter\CodeIgniter->run()
 5 SYSTEMPATH\Commands\Server\rewrite.php(47): require_once('FCPATH\\index.php')
CRITICAL - 2023-01-03 19:24:57 --> Undefined offset: 1
in APPPATH\Controllers\Consumoapi.php on line 18.
 1 APPPATH\Controllers\Consumoapi.php(18): CodeIgniter\Debug\Exceptions->errorHandler(8, 'Undefined offset: 1', 'APPPATH\\Controllers\\Consumoapi.php', 18, [...])
 2 SYSTEMPATH\CodeIgniter.php(925): App\Controllers\Consumoapi->index()
 3 SYSTEMPATH\CodeIgniter.php(480): CodeIgniter\CodeIgniter->runController(Object(App\Controllers\Consumoapi))
 4 SYSTEMPATH\CodeIgniter.php(349): CodeIgniter\CodeIgniter->handleRequest(null, Object(Config\Cache), false)
 5 FCPATH\index.php(67): CodeIgniter\CodeIgniter->run()
 6 SYSTEMPATH\Commands\Server\rewrite.php(47): require_once('FCPATH\\index.php')
CRITICAL - 2023-01-03 19:25:12 --> Undefined offset: 6
in APPPATH\Controllers\Consumoapi.php on line 18.
 1 APPPATH\Controllers\Consumoapi.php(18): CodeIgniter\Debug\Exceptions->errorHandler(8, 'Undefined offset: 6', 'APPPATH\\Controllers\\Consumoapi.php', 18, [...])
 2 SYSTEMPATH\CodeIgniter.php(925): App\Controllers\Consumoapi->index()
 3 SYSTEMPATH\CodeIgniter.php(480): CodeIgniter\CodeIgniter->runController(Object(App\Controllers\Consumoapi))
 4 SYSTEMPATH\CodeIgniter.php(349): CodeIgniter\CodeIgniter->handleRequest(null, Object(Config\Cache), false)
 5 FCPATH\index.php(67): CodeIgniter\CodeIgniter->run()
 6 SYSTEMPATH\Commands\Server\rewrite.php(47): require_once('FCPATH\\index.php')
CRITICAL - 2023-01-03 19:25:22 --> Use of undefined constant name - assumed 'name' (this will throw an Error in a future version of PHP)
in APPPATH\Controllers\Consumoapi.php on line 18.
 1 APPPATH\Controllers\Consumoapi.php(18): CodeIgniter\Debug\Exceptions->errorHandler(2, 'Use of undefined constant name - assumed \'name\' (this will throw an Error in a future version of PHP)', 'APPPATH\\Controllers\\Consumoapi.php', 18, [...])
 2 SYSTEMPATH\CodeIgniter.php(925): App\Controllers\Consumoapi->index()
 3 SYSTEMPATH\CodeIgniter.php(480): CodeIgniter\CodeIgniter->runController(Object(App\Controllers\Consumoapi))
 4 SYSTEMPATH\CodeIgniter.php(349): CodeIgniter\CodeIgniter->handleRequest(null, Object(Config\Cache), false)
 5 FCPATH\index.php(67): CodeIgniter\CodeIgniter->run()
 6 SYSTEMPATH\Commands\Server\rewrite.php(47): require_once('FCPATH\\index.php')
CRITICAL - 2023-01-03 19:25:35 --> Use of undefined constant name - assumed 'name' (this will throw an Error in a future version of PHP)
in APPPATH\Controllers\Consumoapi.php on line 18.
 1 APPPATH\Controllers\Consumoapi.php(18): CodeIgniter\Debug\Exceptions->errorHandler(2, 'Use of undefined constant name - assumed \'name\' (this will throw an Error in a future version of PHP)', 'APPPATH\\Controllers\\Consumoapi.php', 18, [...])
 2 SYSTEMPATH\CodeIgniter.php(925): App\Controllers\Consumoapi->index()
 3 SYSTEMPATH\CodeIgniter.php(480): CodeIgniter\CodeIgniter->runController(Object(App\Controllers\Consumoapi))
 4 SYSTEMPATH\CodeIgniter.php(349): CodeIgniter\CodeIgniter->handleRequest(null, Object(Config\Cache), false)
 5 FCPATH\index.php(67): CodeIgniter\CodeIgniter->run()
 6 SYSTEMPATH\Commands\Server\rewrite.php(47): require_once('FCPATH\\index.php')
CRITICAL - 2023-01-03 19:25:38 --> Use of undefined constant name - assumed 'name' (this will throw an Error in a future version of PHP)
in APPPATH\Controllers\Consumoapi.php on line 18.
 1 APPPATH\Controllers\Consumoapi.php(18): CodeIgniter\Debug\Exceptions->errorHandler(2, 'Use of undefined constant name - assumed \'name\' (this will throw an Error in a future version of PHP)', 'APPPATH\\Controllers\\Consumoapi.php', 18, [...])
 2 SYSTEMPATH\CodeIgniter.php(925): App\Controllers\Consumoapi->index()
 3 SYSTEMPATH\CodeIgniter.php(480): CodeIgniter\CodeIgniter->runController(Object(App\Controllers\Consumoapi))
 4 SYSTEMPATH\CodeIgniter.php(349): CodeIgniter\CodeIgniter->handleRequest(null, Object(Config\Cache), false)
 5 FCPATH\index.php(67): CodeIgniter\CodeIgniter->run()
 6 SYSTEMPATH\Commands\Server\rewrite.php(47): require_once('FCPATH\\index.php')
CRITICAL - 2023-01-03 19:26:58 --> Cannot use object of type CodeIgniter\HTTP\Response as array
in APPPATH\Controllers\Consumoapi.php on line 18.
 1 SYSTEMPATH\CodeIgniter.php(925): App\Controllers\Consumoapi->index()
 2 SYSTEMPATH\CodeIgniter.php(480): CodeIgniter\CodeIgniter->runController(Object(App\Controllers\Consumoapi))
 3 SYSTEMPATH\CodeIgniter.php(349): CodeIgniter\CodeIgniter->handleRequest(null, Object(Config\Cache), false)
 4 FCPATH\index.php(67): CodeIgniter\CodeIgniter->run()
 5 SYSTEMPATH\Commands\Server\rewrite.php(47): require_once('FCPATH\\index.php')
CRITICAL - 2023-01-03 19:27:22 --> Cannot use object of type CodeIgniter\HTTP\Response as array
in APPPATH\Controllers\Consumoapi.php on line 18.
 1 SYSTEMPATH\CodeIgniter.php(925): App\Controllers\Consumoapi->index()
 2 SYSTEMPATH\CodeIgniter.php(480): CodeIgniter\CodeIgniter->runController(Object(App\Controllers\Consumoapi))
 3 SYSTEMPATH\CodeIgniter.php(349): CodeIgniter\CodeIgniter->handleRequest(null, Object(Config\Cache), false)
 4 FCPATH\index.php(67): CodeIgniter\CodeIgniter->run()
 5 SYSTEMPATH\Commands\Server\rewrite.php(47): require_once('FCPATH\\index.php')
CRITICAL - 2023-01-03 19:27:24 --> Cannot use object of type CodeIgniter\HTTP\Response as array
in APPPATH\Controllers\Consumoapi.php on line 18.
 1 SYSTEMPATH\CodeIgniter.php(925): App\Controllers\Consumoapi->index()
 2 SYSTEMPATH\CodeIgniter.php(480): CodeIgniter\CodeIgniter->runController(Object(App\Controllers\Consumoapi))
 3 SYSTEMPATH\CodeIgniter.php(349): CodeIgniter\CodeIgniter->handleRequest(null, Object(Config\Cache), false)
 4 FCPATH\index.php(67): CodeIgniter\CodeIgniter->run()
 5 SYSTEMPATH\Commands\Server\rewrite.php(47): require_once('FCPATH\\index.php')
CRITICAL - 2023-01-03 19:30:53 --> Undefined property: stdClass::$name
in APPPATH\Controllers\Consumoapi.php on line 18.
 1 APPPATH\Controllers\Consumoapi.php(18): CodeIgniter\Debug\Exceptions->errorHandler(8, 'Undefined property: stdClass::$name', 'APPPATH\\Controllers\\Consumoapi.php', 18, [...])
 2 SYSTEMPATH\CodeIgniter.php(925): App\Controllers\Consumoapi->index()
 3 SYSTEMPATH\CodeIgniter.php(480): CodeIgniter\CodeIgniter->runController(Object(App\Controllers\Consumoapi))
 4 SYSTEMPATH\CodeIgniter.php(349): CodeIgniter\CodeIgniter->handleRequest(null, Object(Config\Cache), false)
 5 FCPATH\index.php(67): CodeIgniter\CodeIgniter->run()
 6 SYSTEMPATH\Commands\Server\rewrite.php(47): require_once('FCPATH\\index.php')
CRITICAL - 2023-01-03 19:31:12 --> Cannot use object of type stdClass as array
in APPPATH\Controllers\Consumoapi.php on line 18.
 1 SYSTEMPATH\CodeIgniter.php(925): App\Controllers\Consumoapi->index()
 2 SYSTEMPATH\CodeIgniter.php(480): CodeIgniter\CodeIgniter->runController(Object(App\Controllers\Consumoapi))
 3 SYSTEMPATH\CodeIgniter.php(349): CodeIgniter\CodeIgniter->handleRequest(null, Object(Config\Cache), false)
 4 FCPATH\index.php(67): CodeIgniter\CodeIgniter->run()
 5 SYSTEMPATH\Commands\Server\rewrite.php(47): require_once('FCPATH\\index.php')
CRITICAL - 2023-01-03 19:32:02 --> Function name must be a string
in APPPATH\Controllers\Consumoapi.php on line 18.
 1 SYSTEMPATH\CodeIgniter.php(925): App\Controllers\Consumoapi->index()
 2 SYSTEMPATH\CodeIgniter.php(480): CodeIgniter\CodeIgniter->runController(Object(App\Controllers\Consumoapi))
 3 SYSTEMPATH\CodeIgniter.php(349): CodeIgniter\CodeIgniter->handleRequest(null, Object(Config\Cache), false)
 4 FCPATH\index.php(67): CodeIgniter\CodeIgniter->run()
 5 SYSTEMPATH\Commands\Server\rewrite.php(47): require_once('FCPATH\\index.php')
CRITICAL - 2023-01-03 19:33:16 --> Cannot use object of type stdClass as array
in APPPATH\Controllers\Consumoapi.php on line 18.
 1 SYSTEMPATH\CodeIgniter.php(925): App\Controllers\Consumoapi->index()
 2 SYSTEMPATH\CodeIgniter.php(480): CodeIgniter\CodeIgniter->runController(Object(App\Controllers\Consumoapi))
 3 SYSTEMPATH\CodeIgniter.php(349): CodeIgniter\CodeIgniter->handleRequest(null, Object(Config\Cache), false)
 4 FCPATH\index.php(67): CodeIgniter\CodeIgniter->run()
 5 SYSTEMPATH\Commands\Server\rewrite.php(47): require_once('FCPATH\\index.php')
CRITICAL - 2023-01-03 19:33:23 --> Undefined property: stdClass::$name
in APPPATH\Controllers\Consumoapi.php on line 18.
 1 APPPATH\Controllers\Consumoapi.php(18): CodeIgniter\Debug\Exceptions->errorHandler(8, 'Undefined property: stdClass::$name', 'APPPATH\\Controllers\\Consumoapi.php', 18, [...])
 2 SYSTEMPATH\CodeIgniter.php(925): App\Controllers\Consumoapi->index()
 3 SYSTEMPATH\CodeIgniter.php(480): CodeIgniter\CodeIgniter->runController(Object(App\Controllers\Consumoapi))
 4 SYSTEMPATH\CodeIgniter.php(349): CodeIgniter\CodeIgniter->handleRequest(null, Object(Config\Cache), false)
 5 FCPATH\index.php(67): CodeIgniter\CodeIgniter->run()
 6 SYSTEMPATH\Commands\Server\rewrite.php(47): require_once('FCPATH\\index.php')
CRITICAL - 2023-01-03 19:35:02 --> Trying to get property 'name' of non-object
in APPPATH\Controllers\Consumoapi.php on line 19.
 1 APPPATH\Controllers\Consumoapi.php(19): CodeIgniter\Debug\Exceptions->errorHandler(8, 'Trying to get property \'name\' of non-object', 'APPPATH\\Controllers\\Consumoapi.php', 19, [...])
 2 SYSTEMPATH\CodeIgniter.php(925): App\Controllers\Consumoapi->index()
 3 SYSTEMPATH\CodeIgniter.php(480): CodeIgniter\CodeIgniter->runController(Object(App\Controllers\Consumoapi))
 4 SYSTEMPATH\CodeIgniter.php(349): CodeIgniter\CodeIgniter->handleRequest(null, Object(Config\Cache), false)
 5 FCPATH\index.php(67): CodeIgniter\CodeIgniter->run()
 6 SYSTEMPATH\Commands\Server\rewrite.php(47): require_once('FCPATH\\index.php')
CRITICAL - 2023-01-03 19:35:15 --> Uninitialized string offset: 2
in APPPATH\Controllers\Consumoapi.php on line 19.
 1 APPPATH\Controllers\Consumoapi.php(19): CodeIgniter\Debug\Exceptions->errorHandler(8, 'Uninitialized string offset: 2', 'APPPATH\\Controllers\\Consumoapi.php', 19, [...])
 2 SYSTEMPATH\CodeIgniter.php(925): App\Controllers\Consumoapi->index()
 3 SYSTEMPATH\CodeIgniter.php(480): CodeIgniter\CodeIgniter->runController(Object(App\Controllers\Consumoapi))
 4 SYSTEMPATH\CodeIgniter.php(349): CodeIgniter\CodeIgniter->handleRequest(null, Object(Config\Cache), false)
 5 FCPATH\index.php(67): CodeIgniter\CodeIgniter->run()
 6 SYSTEMPATH\Commands\Server\rewrite.php(47): require_once('FCPATH\\index.php')
CRITICAL - 2023-01-03 19:35:21 --> Uninitialized string offset: 2
in APPPATH\Controllers\Consumoapi.php on line 19.
 1 APPPATH\Controllers\Consumoapi.php(19): CodeIgniter\Debug\Exceptions->errorHandler(8, 'Uninitialized string offset: 2', 'APPPATH\\Controllers\\Consumoapi.php', 19, [...])
 2 SYSTEMPATH\CodeIgniter.php(925): App\Controllers\Consumoapi->index()
 3 SYSTEMPATH\CodeIgniter.php(480): CodeIgniter\CodeIgniter->runController(Object(App\Controllers\Consumoapi))
 4 SYSTEMPATH\CodeIgniter.php(349): CodeIgniter\CodeIgniter->handleRequest(null, Object(Config\Cache), false)
 5 FCPATH\index.php(67): CodeIgniter\CodeIgniter->run()
 6 SYSTEMPATH\Commands\Server\rewrite.php(47): require_once('FCPATH\\index.php')
CRITICAL - 2023-01-03 19:35:39 --> Uninitialized string offset: 2
in APPPATH\Controllers\Consumoapi.php on line 19.
 1 APPPATH\Controllers\Consumoapi.php(19): CodeIgniter\Debug\Exceptions->errorHandler(8, 'Uninitialized string offset: 2', 'APPPATH\\Controllers\\Consumoapi.php', 19, [...])
 2 SYSTEMPATH\CodeIgniter.php(925): App\Controllers\Consumoapi->index()
 3 SYSTEMPATH\CodeIgniter.php(480): CodeIgniter\CodeIgniter->runController(Object(App\Controllers\Consumoapi))
 4 SYSTEMPATH\CodeIgniter.php(349): CodeIgniter\CodeIgniter->handleRequest(null, Object(Config\Cache), false)
 5 FCPATH\index.php(67): CodeIgniter\CodeIgniter->run()
 6 SYSTEMPATH\Commands\Server\rewrite.php(47): require_once('FCPATH\\index.php')
CRITICAL - 2023-01-03 19:48:59 --> Call to undefined method stdClass::data()
in APPPATH\Controllers\Consumoapi.php on line 23.
 1 SYSTEMPATH\CodeIgniter.php(925): App\Controllers\Consumoapi->index()
 2 SYSTEMPATH\CodeIgniter.php(480): CodeIgniter\CodeIgniter->runController(Object(App\Controllers\Consumoapi))
 3 SYSTEMPATH\CodeIgniter.php(349): CodeIgniter\CodeIgniter->handleRequest(null, Object(Config\Cache), false)
 4 FCPATH\index.php(67): CodeIgniter\CodeIgniter->run()
 5 SYSTEMPATH\Commands\Server\rewrite.php(47): require_once('FCPATH\\index.php')
CRITICAL - 2023-01-03 19:49:59 --> Call to undefined method stdClass::data()
in APPPATH\Controllers\Consumoapi.php on line 23.
 1 SYSTEMPATH\CodeIgniter.php(925): App\Controllers\Consumoapi->index()
 2 SYSTEMPATH\CodeIgniter.php(480): CodeIgniter\CodeIgniter->runController(Object(App\Controllers\Consumoapi))
 3 SYSTEMPATH\CodeIgniter.php(349): CodeIgniter\CodeIgniter->handleRequest(null, Object(Config\Cache), false)
 4 FCPATH\index.php(67): CodeIgniter\CodeIgniter->run()
 5 SYSTEMPATH\Commands\Server\rewrite.php(47): require_once('FCPATH\\index.php')
CRITICAL - 2023-01-03 19:50:49 --> Object of class stdClass could not be converted to string
in APPPATH\Controllers\Consumoapi.php on line 21.
 1 SYSTEMPATH\CodeIgniter.php(925): App\Controllers\Consumoapi->index()
 2 SYSTEMPATH\CodeIgniter.php(480): CodeIgniter\CodeIgniter->runController(Object(App\Controllers\Consumoapi))
 3 SYSTEMPATH\CodeIgniter.php(349): CodeIgniter\CodeIgniter->handleRequest(null, Object(Config\Cache), false)
 4 FCPATH\index.php(67): CodeIgniter\CodeIgniter->run()
 5 SYSTEMPATH\Commands\Server\rewrite.php(47): require_once('FCPATH\\index.php')
CRITICAL - 2023-01-03 19:51:07 --> Object of class stdClass could not be converted to string
in APPPATH\Controllers\Consumoapi.php on line 21.
 1 SYSTEMPATH\CodeIgniter.php(925): App\Controllers\Consumoapi->index()
 2 SYSTEMPATH\CodeIgniter.php(480): CodeIgniter\CodeIgniter->runController(Object(App\Controllers\Consumoapi))
 3 SYSTEMPATH\CodeIgniter.php(349): CodeIgniter\CodeIgniter->handleRequest(null, Object(Config\Cache), false)
 4 FCPATH\index.php(67): CodeIgniter\CodeIgniter->run()
 5 SYSTEMPATH\Commands\Server\rewrite.php(47): require_once('FCPATH\\index.php')
CRITICAL - 2023-01-03 19:51:31 --> Call to undefined function App\Controllers\data()
in APPPATH\Controllers\Consumoapi.php on line 24.
 1 SYSTEMPATH\CodeIgniter.php(925): App\Controllers\Consumoapi->index()
 2 SYSTEMPATH\CodeIgniter.php(480): CodeIgniter\CodeIgniter->runController(Object(App\Controllers\Consumoapi))
 3 SYSTEMPATH\CodeIgniter.php(349): CodeIgniter\CodeIgniter->handleRequest(null, Object(Config\Cache), false)
 4 FCPATH\index.php(67): CodeIgniter\CodeIgniter->run()
 5 SYSTEMPATH\Commands\Server\rewrite.php(47): require_once('FCPATH\\index.php')
CRITICAL - 2023-01-03 19:51:49 --> Call to undefined method stdClass::data()
in APPPATH\Controllers\Consumoapi.php on line 24.
 1 SYSTEMPATH\CodeIgniter.php(925): App\Controllers\Consumoapi->index()
 2 SYSTEMPATH\CodeIgniter.php(480): CodeIgniter\CodeIgniter->runController(Object(App\Controllers\Consumoapi))
 3 SYSTEMPATH\CodeIgniter.php(349): CodeIgniter\CodeIgniter->handleRequest(null, Object(Config\Cache), false)
 4 FCPATH\index.php(67): CodeIgniter\CodeIgniter->run()
 5 SYSTEMPATH\Commands\Server\rewrite.php(47): require_once('FCPATH\\index.php')
CRITICAL - 2023-01-03 19:52:00 --> Call to undefined method stdClass::data()
in APPPATH\Controllers\Consumoapi.php on line 24.
 1 SYSTEMPATH\CodeIgniter.php(925): App\Controllers\Consumoapi->index()
 2 SYSTEMPATH\CodeIgniter.php(480): CodeIgniter\CodeIgniter->runController(Object(App\Controllers\Consumoapi))
 3 SYSTEMPATH\CodeIgniter.php(349): CodeIgniter\CodeIgniter->handleRequest(null, Object(Config\Cache), false)
 4 FCPATH\index.php(67): CodeIgniter\CodeIgniter->run()
 5 SYSTEMPATH\Commands\Server\rewrite.php(47): require_once('FCPATH\\index.php')
CRITICAL - 2023-01-03 19:53:58 --> Cannot use object of type stdClass as array
in APPPATH\Controllers\Consumoapi.php on line 22.
 1 SYSTEMPATH\CodeIgniter.php(925): App\Controllers\Consumoapi->index()
 2 SYSTEMPATH\CodeIgniter.php(480): CodeIgniter\CodeIgniter->runController(Object(App\Controllers\Consumoapi))
 3 SYSTEMPATH\CodeIgniter.php(349): CodeIgniter\CodeIgniter->handleRequest(null, Object(Config\Cache), false)
 4 FCPATH\index.php(67): CodeIgniter\CodeIgniter->run()
 5 SYSTEMPATH\Commands\Server\rewrite.php(47): require_once('FCPATH\\index.php')
CRITICAL - 2023-01-03 19:56:54 --> Call to undefined method stdClass::json_decode()
in APPPATH\Controllers\Consumoapi.php on line 19.
 1 SYSTEMPATH\CodeIgniter.php(925): App\Controllers\Consumoapi->index()
 2 SYSTEMPATH\CodeIgniter.php(480): CodeIgniter\CodeIgniter->runController(Object(App\Controllers\Consumoapi))
 3 SYSTEMPATH\CodeIgniter.php(349): CodeIgniter\CodeIgniter->handleRequest(null, Object(Config\Cache), false)
 4 FCPATH\index.php(67): CodeIgniter\CodeIgniter->run()
 5 SYSTEMPATH\Commands\Server\rewrite.php(47): require_once('FCPATH\\index.php')
CRITICAL - 2023-01-03 19:57:56 --> Call to undefined method stdClass::data()
in APPPATH\Controllers\Consumoapi.php on line 20.
 1 SYSTEMPATH\CodeIgniter.php(925): App\Controllers\Consumoapi->index()
 2 SYSTEMPATH\CodeIgniter.php(480): CodeIgniter\CodeIgniter->runController(Object(App\Controllers\Consumoapi))
 3 SYSTEMPATH\CodeIgniter.php(349): CodeIgniter\CodeIgniter->handleRequest(null, Object(Config\Cache), false)
 4 FCPATH\index.php(67): CodeIgniter\CodeIgniter->run()
 5 SYSTEMPATH\Commands\Server\rewrite.php(47): require_once('FCPATH\\index.php')
