CRITICAL - 2023-01-04 03:59:00 --> Argument 2 passed to CodeIgniter\HTTP\CURLRequest::delete() must be of the type array, string given, called in C:\xampp\htdocs\CI4M2\app\Controllers\Consumoapi.php on line 58
in SYSTEMPATH\HTTP\CURLRequest.php on line 175.
 1 APPPATH\Controllers\Consumoapi.php(58): CodeIgniter\HTTP\CURLRequest->delete('POST', 'https://jsonplaceholder.typicode.com/posts')
 2 SYSTEMPATH\CodeIgniter.php(925): App\Controllers\Consumoapi->deletar()
 3 SYSTEMPATH\CodeIgniter.php(480): CodeIgniter\CodeIgniter->runController(Object(App\Controllers\Consumoapi))
 4 SYSTEMPATH\CodeIgniter.php(349): CodeIgniter\CodeIgniter->handleRequest(null, Object(Config\Cache), false)
 5 FCPATH\index.php(67): CodeIgniter\CodeIgniter->run()
 6 SYSTEMPATH\Commands\Server\rewrite.php(47): require_once('FCPATH\\index.php')
CRITICAL - 2023-01-04 03:59:38 --> Argument 2 passed to CodeIgniter\HTTP\CURLRequest::delete() must be of the type array, string given, called in C:\xampp\htdocs\CI4M2\app\Controllers\Consumoapi.php on line 58
in SYSTEMPATH\HTTP\CURLRequest.php on line 175.
 1 APPPATH\Controllers\Consumoapi.php(58): CodeIgniter\HTTP\CURLRequest->delete('POST', 'https://jsonplaceholder.typicode.com/posts')
 2 SYSTEMPATH\CodeIgniter.php(925): App\Controllers\Consumoapi->index()
 3 SYSTEMPATH\CodeIgniter.php(480): CodeIgniter\CodeIgniter->runController(Object(App\Controllers\Consumoapi))
 4 SYSTEMPATH\CodeIgniter.php(349): CodeIgniter\CodeIgniter->handleRequest(null, Object(Config\Cache), false)
 5 FCPATH\index.php(67): CodeIgniter\CodeIgniter->run()
 6 SYSTEMPATH\Commands\Server\rewrite.php(47): require_once('FCPATH\\index.php')
CRITICAL - 2023-01-04 03:59:39 --> Argument 2 passed to CodeIgniter\HTTP\CURLRequest::delete() must be of the type array, string given, called in C:\xampp\htdocs\CI4M2\app\Controllers\Consumoapi.php on line 58
in SYSTEMPATH\HTTP\CURLRequest.php on line 175.
 1 APPPATH\Controllers\Consumoapi.php(58): CodeIgniter\HTTP\CURLRequest->delete('POST', 'https://jsonplaceholder.typicode.com/posts')
 2 SYSTEMPATH\CodeIgniter.php(925): App\Controllers\Consumoapi->index()
 3 SYSTEMPATH\CodeIgniter.php(480): CodeIgniter\CodeIgniter->runController(Object(App\Controllers\Consumoapi))
 4 SYSTEMPATH\CodeIgniter.php(349): CodeIgniter\CodeIgniter->handleRequest(null, Object(Config\Cache), false)
 5 FCPATH\index.php(67): CodeIgniter\CodeIgniter->run()
 6 SYSTEMPATH\Commands\Server\rewrite.php(47): require_once('FCPATH\\index.php')
CRITICAL - 2023-01-04 04:00:35 --> Argument 2 passed to CodeIgniter\HTTP\CURLRequest::delete() must be of the type array, string given, called in C:\xampp\htdocs\CI4M2\app\Controllers\Consumoapi.php on line 57
in SYSTEMPATH\HTTP\CURLRequest.php on line 175.
 1 APPPATH\Controllers\Consumoapi.php(57): CodeIgniter\HTTP\CURLRequest->delete('POST', 'https://jsonplaceholder.typicode.com/posts')
 2 SYSTEMPATH\CodeIgniter.php(925): App\Controllers\Consumoapi->index()
 3 SYSTEMPATH\CodeIgniter.php(480): CodeIgniter\CodeIgniter->runController(Object(App\Controllers\Consumoapi))
 4 SYSTEMPATH\CodeIgniter.php(349): CodeIgniter\CodeIgniter->handleRequest(null, Object(Config\Cache), false)
 5 FCPATH\index.php(67): CodeIgniter\CodeIgniter->run()
 6 SYSTEMPATH\Commands\Server\rewrite.php(47): require_once('FCPATH\\index.php')
CRITICAL - 2023-01-04 04:00:38 --> Argument 2 passed to CodeIgniter\HTTP\CURLRequest::delete() must be of the type array, string given, called in C:\xampp\htdocs\CI4M2\app\Controllers\Consumoapi.php on line 57
in SYSTEMPATH\HTTP\CURLRequest.php on line 175.
 1 APPPATH\Controllers\Consumoapi.php(57): CodeIgniter\HTTP\CURLRequest->delete('POST', 'https://jsonplaceholder.typicode.com/posts')
 2 SYSTEMPATH\CodeIgniter.php(925): App\Controllers\Consumoapi->index()
 3 SYSTEMPATH\CodeIgniter.php(480): CodeIgniter\CodeIgniter->runController(Object(App\Controllers\Consumoapi))
 4 SYSTEMPATH\CodeIgniter.php(349): CodeIgniter\CodeIgniter->handleRequest(null, Object(Config\Cache), false)
 5 FCPATH\index.php(67): CodeIgniter\CodeIgniter->run()
 6 SYSTEMPATH\Commands\Server\rewrite.php(47): require_once('FCPATH\\index.php')
CRITICAL - 2023-01-04 04:00:38 --> Argument 2 passed to CodeIgniter\HTTP\CURLRequest::delete() must be of the type array, string given, called in C:\xampp\htdocs\CI4M2\app\Controllers\Consumoapi.php on line 57
in SYSTEMPATH\HTTP\CURLRequest.php on line 175.
 1 APPPATH\Controllers\Consumoapi.php(57): CodeIgniter\HTTP\CURLRequest->delete('POST', 'https://jsonplaceholder.typicode.com/posts')
 2 SYSTEMPATH\CodeIgniter.php(925): App\Controllers\Consumoapi->index()
 3 SYSTEMPATH\CodeIgniter.php(480): CodeIgniter\CodeIgniter->runController(Object(App\Controllers\Consumoapi))
 4 SYSTEMPATH\CodeIgniter.php(349): CodeIgniter\CodeIgniter->handleRequest(null, Object(Config\Cache), false)
 5 FCPATH\index.php(67): CodeIgniter\CodeIgniter->run()
 6 SYSTEMPATH\Commands\Server\rewrite.php(47): require_once('FCPATH\\index.php')
CRITICAL - 2023-01-04 04:00:38 --> Argument 2 passed to CodeIgniter\HTTP\CURLRequest::delete() must be of the type array, string given, called in C:\xampp\htdocs\CI4M2\app\Controllers\Consumoapi.php on line 57
in SYSTEMPATH\HTTP\CURLRequest.php on line 175.
 1 APPPATH\Controllers\Consumoapi.php(57): CodeIgniter\HTTP\CURLRequest->delete('POST', 'https://jsonplaceholder.typicode.com/posts')
 2 SYSTEMPATH\CodeIgniter.php(925): App\Controllers\Consumoapi->index()
 3 SYSTEMPATH\CodeIgniter.php(480): CodeIgniter\CodeIgniter->runController(Object(App\Controllers\Consumoapi))
 4 SYSTEMPATH\CodeIgniter.php(349): CodeIgniter\CodeIgniter->handleRequest(null, Object(Config\Cache), false)
 5 FCPATH\index.php(67): CodeIgniter\CodeIgniter->run()
 6 SYSTEMPATH\Commands\Server\rewrite.php(47): require_once('FCPATH\\index.php')
CRITICAL - 2023-01-04 04:00:38 --> Argument 2 passed to CodeIgniter\HTTP\CURLRequest::delete() must be of the type array, string given, called in C:\xampp\htdocs\CI4M2\app\Controllers\Consumoapi.php on line 57
in SYSTEMPATH\HTTP\CURLRequest.php on line 175.
 1 APPPATH\Controllers\Consumoapi.php(57): CodeIgniter\HTTP\CURLRequest->delete('POST', 'https://jsonplaceholder.typicode.com/posts')
 2 SYSTEMPATH\CodeIgniter.php(925): App\Controllers\Consumoapi->index()
 3 SYSTEMPATH\CodeIgniter.php(480): CodeIgniter\CodeIgniter->runController(Object(App\Controllers\Consumoapi))
 4 SYSTEMPATH\CodeIgniter.php(349): CodeIgniter\CodeIgniter->handleRequest(null, Object(Config\Cache), false)
 5 FCPATH\index.php(67): CodeIgniter\CodeIgniter->run()
 6 SYSTEMPATH\Commands\Server\rewrite.php(47): require_once('FCPATH\\index.php')
CRITICAL - 2023-01-04 04:00:39 --> Argument 2 passed to CodeIgniter\HTTP\CURLRequest::delete() must be of the type array, string given, called in C:\xampp\htdocs\CI4M2\app\Controllers\Consumoapi.php on line 57
in SYSTEMPATH\HTTP\CURLRequest.php on line 175.
 1 APPPATH\Controllers\Consumoapi.php(57): CodeIgniter\HTTP\CURLRequest->delete('POST', 'https://jsonplaceholder.typicode.com/posts')
 2 SYSTEMPATH\CodeIgniter.php(925): App\Controllers\Consumoapi->index()
 3 SYSTEMPATH\CodeIgniter.php(480): CodeIgniter\CodeIgniter->runController(Object(App\Controllers\Consumoapi))
 4 SYSTEMPATH\CodeIgniter.php(349): CodeIgniter\CodeIgniter->handleRequest(null, Object(Config\Cache), false)
 5 FCPATH\index.php(67): CodeIgniter\CodeIgniter->run()
 6 SYSTEMPATH\Commands\Server\rewrite.php(47): require_once('FCPATH\\index.php')
CRITICAL - 2023-01-04 04:00:39 --> Argument 2 passed to CodeIgniter\HTTP\CURLRequest::delete() must be of the type array, string given, called in C:\xampp\htdocs\CI4M2\app\Controllers\Consumoapi.php on line 57
in SYSTEMPATH\HTTP\CURLRequest.php on line 175.
 1 APPPATH\Controllers\Consumoapi.php(57): CodeIgniter\HTTP\CURLRequest->delete('POST', 'https://jsonplaceholder.typicode.com/posts')
 2 SYSTEMPATH\CodeIgniter.php(925): App\Controllers\Consumoapi->index()
 3 SYSTEMPATH\CodeIgniter.php(480): CodeIgniter\CodeIgniter->runController(Object(App\Controllers\Consumoapi))
 4 SYSTEMPATH\CodeIgniter.php(349): CodeIgniter\CodeIgniter->handleRequest(null, Object(Config\Cache), false)
 5 FCPATH\index.php(67): CodeIgniter\CodeIgniter->run()
 6 SYSTEMPATH\Commands\Server\rewrite.php(47): require_once('FCPATH\\index.php')
CRITICAL - 2023-01-04 04:00:39 --> Argument 2 passed to CodeIgniter\HTTP\CURLRequest::delete() must be of the type array, string given, called in C:\xampp\htdocs\CI4M2\app\Controllers\Consumoapi.php on line 57
in SYSTEMPATH\HTTP\CURLRequest.php on line 175.
 1 APPPATH\Controllers\Consumoapi.php(57): CodeIgniter\HTTP\CURLRequest->delete('POST', 'https://jsonplaceholder.typicode.com/posts')
 2 SYSTEMPATH\CodeIgniter.php(925): App\Controllers\Consumoapi->index()
 3 SYSTEMPATH\CodeIgniter.php(480): CodeIgniter\CodeIgniter->runController(Object(App\Controllers\Consumoapi))
 4 SYSTEMPATH\CodeIgniter.php(349): CodeIgniter\CodeIgniter->handleRequest(null, Object(Config\Cache), false)
 5 FCPATH\index.php(67): CodeIgniter\CodeIgniter->run()
 6 SYSTEMPATH\Commands\Server\rewrite.php(47): require_once('FCPATH\\index.php')
CRITICAL - 2023-01-04 04:00:39 --> Argument 2 passed to CodeIgniter\HTTP\CURLRequest::delete() must be of the type array, string given, called in C:\xampp\htdocs\CI4M2\app\Controllers\Consumoapi.php on line 57
in SYSTEMPATH\HTTP\CURLRequest.php on line 175.
 1 APPPATH\Controllers\Consumoapi.php(57): CodeIgniter\HTTP\CURLRequest->delete('POST', 'https://jsonplaceholder.typicode.com/posts')
 2 SYSTEMPATH\CodeIgniter.php(925): App\Controllers\Consumoapi->index()
 3 SYSTEMPATH\CodeIgniter.php(480): CodeIgniter\CodeIgniter->runController(Object(App\Controllers\Consumoapi))
 4 SYSTEMPATH\CodeIgniter.php(349): CodeIgniter\CodeIgniter->handleRequest(null, Object(Config\Cache), false)
 5 FCPATH\index.php(67): CodeIgniter\CodeIgniter->run()
 6 SYSTEMPATH\Commands\Server\rewrite.php(47): require_once('FCPATH\\index.php')
CRITICAL - 2023-01-04 04:00:39 --> Argument 2 passed to CodeIgniter\HTTP\CURLRequest::delete() must be of the type array, string given, called in C:\xampp\htdocs\CI4M2\app\Controllers\Consumoapi.php on line 57
in SYSTEMPATH\HTTP\CURLRequest.php on line 175.
 1 APPPATH\Controllers\Consumoapi.php(57): CodeIgniter\HTTP\CURLRequest->delete('POST', 'https://jsonplaceholder.typicode.com/posts')
 2 SYSTEMPATH\CodeIgniter.php(925): App\Controllers\Consumoapi->index()
 3 SYSTEMPATH\CodeIgniter.php(480): CodeIgniter\CodeIgniter->runController(Object(App\Controllers\Consumoapi))
 4 SYSTEMPATH\CodeIgniter.php(349): CodeIgniter\CodeIgniter->handleRequest(null, Object(Config\Cache), false)
 5 FCPATH\index.php(67): CodeIgniter\CodeIgniter->run()
 6 SYSTEMPATH\Commands\Server\rewrite.php(47): require_once('FCPATH\\index.php')
CRITICAL - 2023-01-04 04:00:56 --> Argument 2 passed to CodeIgniter\HTTP\CURLRequest::delete() must be of the type array, string given, called in C:\xampp\htdocs\CI4M2\app\Controllers\Consumoapi.php on line 58
in SYSTEMPATH\HTTP\CURLRequest.php on line 175.
 1 APPPATH\Controllers\Consumoapi.php(58): CodeIgniter\HTTP\CURLRequest->delete('POST', 'https://jsonplaceholder.typicode.com/posts/2')
 2 SYSTEMPATH\CodeIgniter.php(925): App\Controllers\Consumoapi->index()
 3 SYSTEMPATH\CodeIgniter.php(480): CodeIgniter\CodeIgniter->runController(Object(App\Controllers\Consumoapi))
 4 SYSTEMPATH\CodeIgniter.php(349): CodeIgniter\CodeIgniter->handleRequest(null, Object(Config\Cache), false)
 5 FCPATH\index.php(67): CodeIgniter\CodeIgniter->run()
 6 SYSTEMPATH\Commands\Server\rewrite.php(47): require_once('FCPATH\\index.php')
CRITICAL - 2023-01-04 04:00:58 --> Argument 2 passed to CodeIgniter\HTTP\CURLRequest::delete() must be of the type array, string given, called in C:\xampp\htdocs\CI4M2\app\Controllers\Consumoapi.php on line 58
in SYSTEMPATH\HTTP\CURLRequest.php on line 175.
 1 APPPATH\Controllers\Consumoapi.php(58): CodeIgniter\HTTP\CURLRequest->delete('POST', 'https://jsonplaceholder.typicode.com/posts/2')
 2 SYSTEMPATH\CodeIgniter.php(925): App\Controllers\Consumoapi->index()
 3 SYSTEMPATH\CodeIgniter.php(480): CodeIgniter\CodeIgniter->runController(Object(App\Controllers\Consumoapi))
 4 SYSTEMPATH\CodeIgniter.php(349): CodeIgniter\CodeIgniter->handleRequest(null, Object(Config\Cache), false)
 5 FCPATH\index.php(67): CodeIgniter\CodeIgniter->run()
 6 SYSTEMPATH\Commands\Server\rewrite.php(47): require_once('FCPATH\\index.php')
CRITICAL - 2023-01-04 04:00:58 --> Argument 2 passed to CodeIgniter\HTTP\CURLRequest::delete() must be of the type array, string given, called in C:\xampp\htdocs\CI4M2\app\Controllers\Consumoapi.php on line 58
in SYSTEMPATH\HTTP\CURLRequest.php on line 175.
 1 APPPATH\Controllers\Consumoapi.php(58): CodeIgniter\HTTP\CURLRequest->delete('POST', 'https://jsonplaceholder.typicode.com/posts/2')
 2 SYSTEMPATH\CodeIgniter.php(925): App\Controllers\Consumoapi->index()
 3 SYSTEMPATH\CodeIgniter.php(480): CodeIgniter\CodeIgniter->runController(Object(App\Controllers\Consumoapi))
 4 SYSTEMPATH\CodeIgniter.php(349): CodeIgniter\CodeIgniter->handleRequest(null, Object(Config\Cache), false)
 5 FCPATH\index.php(67): CodeIgniter\CodeIgniter->run()
 6 SYSTEMPATH\Commands\Server\rewrite.php(47): require_once('FCPATH\\index.php')
CRITICAL - 2023-01-04 04:00:58 --> Argument 2 passed to CodeIgniter\HTTP\CURLRequest::delete() must be of the type array, string given, called in C:\xampp\htdocs\CI4M2\app\Controllers\Consumoapi.php on line 58
in SYSTEMPATH\HTTP\CURLRequest.php on line 175.
 1 APPPATH\Controllers\Consumoapi.php(58): CodeIgniter\HTTP\CURLRequest->delete('POST', 'https://jsonplaceholder.typicode.com/posts/2')
 2 SYSTEMPATH\CodeIgniter.php(925): App\Controllers\Consumoapi->index()
 3 SYSTEMPATH\CodeIgniter.php(480): CodeIgniter\CodeIgniter->runController(Object(App\Controllers\Consumoapi))
 4 SYSTEMPATH\CodeIgniter.php(349): CodeIgniter\CodeIgniter->handleRequest(null, Object(Config\Cache), false)
 5 FCPATH\index.php(67): CodeIgniter\CodeIgniter->run()
 6 SYSTEMPATH\Commands\Server\rewrite.php(47): require_once('FCPATH\\index.php')
CRITICAL - 2023-01-04 04:00:58 --> Argument 2 passed to CodeIgniter\HTTP\CURLRequest::delete() must be of the type array, string given, called in C:\xampp\htdocs\CI4M2\app\Controllers\Consumoapi.php on line 58
in SYSTEMPATH\HTTP\CURLRequest.php on line 175.
 1 APPPATH\Controllers\Consumoapi.php(58): CodeIgniter\HTTP\CURLRequest->delete('POST', 'https://jsonplaceholder.typicode.com/posts/2')
 2 SYSTEMPATH\CodeIgniter.php(925): App\Controllers\Consumoapi->index()
 3 SYSTEMPATH\CodeIgniter.php(480): CodeIgniter\CodeIgniter->runController(Object(App\Controllers\Consumoapi))
 4 SYSTEMPATH\CodeIgniter.php(349): CodeIgniter\CodeIgniter->handleRequest(null, Object(Config\Cache), false)
 5 FCPATH\index.php(67): CodeIgniter\CodeIgniter->run()
 6 SYSTEMPATH\Commands\Server\rewrite.php(47): require_once('FCPATH\\index.php')
CRITICAL - 2023-01-04 04:00:59 --> Argument 2 passed to CodeIgniter\HTTP\CURLRequest::delete() must be of the type array, string given, called in C:\xampp\htdocs\CI4M2\app\Controllers\Consumoapi.php on line 58
in SYSTEMPATH\HTTP\CURLRequest.php on line 175.
 1 APPPATH\Controllers\Consumoapi.php(58): CodeIgniter\HTTP\CURLRequest->delete('POST', 'https://jsonplaceholder.typicode.com/posts/2')
 2 SYSTEMPATH\CodeIgniter.php(925): App\Controllers\Consumoapi->index()
 3 SYSTEMPATH\CodeIgniter.php(480): CodeIgniter\CodeIgniter->runController(Object(App\Controllers\Consumoapi))
 4 SYSTEMPATH\CodeIgniter.php(349): CodeIgniter\CodeIgniter->handleRequest(null, Object(Config\Cache), false)
 5 FCPATH\index.php(67): CodeIgniter\CodeIgniter->run()
 6 SYSTEMPATH\Commands\Server\rewrite.php(47): require_once('FCPATH\\index.php')
CRITICAL - 2023-01-04 04:00:59 --> Argument 2 passed to CodeIgniter\HTTP\CURLRequest::delete() must be of the type array, string given, called in C:\xampp\htdocs\CI4M2\app\Controllers\Consumoapi.php on line 58
in SYSTEMPATH\HTTP\CURLRequest.php on line 175.
 1 APPPATH\Controllers\Consumoapi.php(58): CodeIgniter\HTTP\CURLRequest->delete('POST', 'https://jsonplaceholder.typicode.com/posts/2')
 2 SYSTEMPATH\CodeIgniter.php(925): App\Controllers\Consumoapi->index()
 3 SYSTEMPATH\CodeIgniter.php(480): CodeIgniter\CodeIgniter->runController(Object(App\Controllers\Consumoapi))
 4 SYSTEMPATH\CodeIgniter.php(349): CodeIgniter\CodeIgniter->handleRequest(null, Object(Config\Cache), false)
 5 FCPATH\index.php(67): CodeIgniter\CodeIgniter->run()
 6 SYSTEMPATH\Commands\Server\rewrite.php(47): require_once('FCPATH\\index.php')
CRITICAL - 2023-01-04 04:01:00 --> Argument 2 passed to CodeIgniter\HTTP\CURLRequest::delete() must be of the type array, string given, called in C:\xampp\htdocs\CI4M2\app\Controllers\Consumoapi.php on line 58
in SYSTEMPATH\HTTP\CURLRequest.php on line 175.
 1 APPPATH\Controllers\Consumoapi.php(58): CodeIgniter\HTTP\CURLRequest->delete('POST', 'https://jsonplaceholder.typicode.com/posts/2')
 2 SYSTEMPATH\CodeIgniter.php(925): App\Controllers\Consumoapi->index()
 3 SYSTEMPATH\CodeIgniter.php(480): CodeIgniter\CodeIgniter->runController(Object(App\Controllers\Consumoapi))
 4 SYSTEMPATH\CodeIgniter.php(349): CodeIgniter\CodeIgniter->handleRequest(null, Object(Config\Cache), false)
 5 FCPATH\index.php(67): CodeIgniter\CodeIgniter->run()
 6 SYSTEMPATH\Commands\Server\rewrite.php(47): require_once('FCPATH\\index.php')
CRITICAL - 2023-01-04 04:01:00 --> Argument 2 passed to CodeIgniter\HTTP\CURLRequest::delete() must be of the type array, string given, called in C:\xampp\htdocs\CI4M2\app\Controllers\Consumoapi.php on line 58
in SYSTEMPATH\HTTP\CURLRequest.php on line 175.
 1 APPPATH\Controllers\Consumoapi.php(58): CodeIgniter\HTTP\CURLRequest->delete('POST', 'https://jsonplaceholder.typicode.com/posts/2')
 2 SYSTEMPATH\CodeIgniter.php(925): App\Controllers\Consumoapi->index()
 3 SYSTEMPATH\CodeIgniter.php(480): CodeIgniter\CodeIgniter->runController(Object(App\Controllers\Consumoapi))
 4 SYSTEMPATH\CodeIgniter.php(349): CodeIgniter\CodeIgniter->handleRequest(null, Object(Config\Cache), false)
 5 FCPATH\index.php(67): CodeIgniter\CodeIgniter->run()
 6 SYSTEMPATH\Commands\Server\rewrite.php(47): require_once('FCPATH\\index.php')
CRITICAL - 2023-01-04 04:01:00 --> Argument 2 passed to CodeIgniter\HTTP\CURLRequest::delete() must be of the type array, string given, called in C:\xampp\htdocs\CI4M2\app\Controllers\Consumoapi.php on line 58
in SYSTEMPATH\HTTP\CURLRequest.php on line 175.
 1 APPPATH\Controllers\Consumoapi.php(58): CodeIgniter\HTTP\CURLRequest->delete('POST', 'https://jsonplaceholder.typicode.com/posts/2')
 2 SYSTEMPATH\CodeIgniter.php(925): App\Controllers\Consumoapi->index()
 3 SYSTEMPATH\CodeIgniter.php(480): CodeIgniter\CodeIgniter->runController(Object(App\Controllers\Consumoapi))
 4 SYSTEMPATH\CodeIgniter.php(349): CodeIgniter\CodeIgniter->handleRequest(null, Object(Config\Cache), false)
 5 FCPATH\index.php(67): CodeIgniter\CodeIgniter->run()
 6 SYSTEMPATH\Commands\Server\rewrite.php(47): require_once('FCPATH\\index.php')
CRITICAL - 2023-01-04 04:01:00 --> Argument 2 passed to CodeIgniter\HTTP\CURLRequest::delete() must be of the type array, string given, called in C:\xampp\htdocs\CI4M2\app\Controllers\Consumoapi.php on line 58
in SYSTEMPATH\HTTP\CURLRequest.php on line 175.
 1 APPPATH\Controllers\Consumoapi.php(58): CodeIgniter\HTTP\CURLRequest->delete('POST', 'https://jsonplaceholder.typicode.com/posts/2')
 2 SYSTEMPATH\CodeIgniter.php(925): App\Controllers\Consumoapi->index()
 3 SYSTEMPATH\CodeIgniter.php(480): CodeIgniter\CodeIgniter->runController(Object(App\Controllers\Consumoapi))
 4 SYSTEMPATH\CodeIgniter.php(349): CodeIgniter\CodeIgniter->handleRequest(null, Object(Config\Cache), false)
 5 FCPATH\index.php(67): CodeIgniter\CodeIgniter->run()
 6 SYSTEMPATH\Commands\Server\rewrite.php(47): require_once('FCPATH\\index.php')
CRITICAL - 2023-01-04 04:01:00 --> Argument 2 passed to CodeIgniter\HTTP\CURLRequest::delete() must be of the type array, string given, called in C:\xampp\htdocs\CI4M2\app\Controllers\Consumoapi.php on line 58
in SYSTEMPATH\HTTP\CURLRequest.php on line 175.
 1 APPPATH\Controllers\Consumoapi.php(58): CodeIgniter\HTTP\CURLRequest->delete('POST', 'https://jsonplaceholder.typicode.com/posts/2')
 2 SYSTEMPATH\CodeIgniter.php(925): App\Controllers\Consumoapi->index()
 3 SYSTEMPATH\CodeIgniter.php(480): CodeIgniter\CodeIgniter->runController(Object(App\Controllers\Consumoapi))
 4 SYSTEMPATH\CodeIgniter.php(349): CodeIgniter\CodeIgniter->handleRequest(null, Object(Config\Cache), false)
 5 FCPATH\index.php(67): CodeIgniter\CodeIgniter->run()
 6 SYSTEMPATH\Commands\Server\rewrite.php(47): require_once('FCPATH\\index.php')
CRITICAL - 2023-01-04 04:01:00 --> Argument 2 passed to CodeIgniter\HTTP\CURLRequest::delete() must be of the type array, string given, called in C:\xampp\htdocs\CI4M2\app\Controllers\Consumoapi.php on line 58
in SYSTEMPATH\HTTP\CURLRequest.php on line 175.
 1 APPPATH\Controllers\Consumoapi.php(58): CodeIgniter\HTTP\CURLRequest->delete('POST', 'https://jsonplaceholder.typicode.com/posts/2')
 2 SYSTEMPATH\CodeIgniter.php(925): App\Controllers\Consumoapi->index()
 3 SYSTEMPATH\CodeIgniter.php(480): CodeIgniter\CodeIgniter->runController(Object(App\Controllers\Consumoapi))
 4 SYSTEMPATH\CodeIgniter.php(349): CodeIgniter\CodeIgniter->handleRequest(null, Object(Config\Cache), false)
 5 FCPATH\index.php(67): CodeIgniter\CodeIgniter->run()
 6 SYSTEMPATH\Commands\Server\rewrite.php(47): require_once('FCPATH\\index.php')
CRITICAL - 2023-01-04 04:01:01 --> Argument 2 passed to CodeIgniter\HTTP\CURLRequest::delete() must be of the type array, string given, called in C:\xampp\htdocs\CI4M2\app\Controllers\Consumoapi.php on line 58
in SYSTEMPATH\HTTP\CURLRequest.php on line 175.
 1 APPPATH\Controllers\Consumoapi.php(58): CodeIgniter\HTTP\CURLRequest->delete('POST', 'https://jsonplaceholder.typicode.com/posts/2')
 2 SYSTEMPATH\CodeIgniter.php(925): App\Controllers\Consumoapi->index()
 3 SYSTEMPATH\CodeIgniter.php(480): CodeIgniter\CodeIgniter->runController(Object(App\Controllers\Consumoapi))
 4 SYSTEMPATH\CodeIgniter.php(349): CodeIgniter\CodeIgniter->handleRequest(null, Object(Config\Cache), false)
 5 FCPATH\index.php(67): CodeIgniter\CodeIgniter->run()
 6 SYSTEMPATH\Commands\Server\rewrite.php(47): require_once('FCPATH\\index.php')
CRITICAL - 2023-01-04 04:01:01 --> Argument 2 passed to CodeIgniter\HTTP\CURLRequest::delete() must be of the type array, string given, called in C:\xampp\htdocs\CI4M2\app\Controllers\Consumoapi.php on line 58
in SYSTEMPATH\HTTP\CURLRequest.php on line 175.
 1 APPPATH\Controllers\Consumoapi.php(58): CodeIgniter\HTTP\CURLRequest->delete('POST', 'https://jsonplaceholder.typicode.com/posts/2')
 2 SYSTEMPATH\CodeIgniter.php(925): App\Controllers\Consumoapi->index()
 3 SYSTEMPATH\CodeIgniter.php(480): CodeIgniter\CodeIgniter->runController(Object(App\Controllers\Consumoapi))
 4 SYSTEMPATH\CodeIgniter.php(349): CodeIgniter\CodeIgniter->handleRequest(null, Object(Config\Cache), false)
 5 FCPATH\index.php(67): CodeIgniter\CodeIgniter->run()
 6 SYSTEMPATH\Commands\Server\rewrite.php(47): require_once('FCPATH\\index.php')
CRITICAL - 2023-01-04 04:01:01 --> Argument 2 passed to CodeIgniter\HTTP\CURLRequest::delete() must be of the type array, string given, called in C:\xampp\htdocs\CI4M2\app\Controllers\Consumoapi.php on line 58
in SYSTEMPATH\HTTP\CURLRequest.php on line 175.
 1 APPPATH\Controllers\Consumoapi.php(58): CodeIgniter\HTTP\CURLRequest->delete('POST', 'https://jsonplaceholder.typicode.com/posts/2')
 2 SYSTEMPATH\CodeIgniter.php(925): App\Controllers\Consumoapi->index()
 3 SYSTEMPATH\CodeIgniter.php(480): CodeIgniter\CodeIgniter->runController(Object(App\Controllers\Consumoapi))
 4 SYSTEMPATH\CodeIgniter.php(349): CodeIgniter\CodeIgniter->handleRequest(null, Object(Config\Cache), false)
 5 FCPATH\index.php(67): CodeIgniter\CodeIgniter->run()
 6 SYSTEMPATH\Commands\Server\rewrite.php(47): require_once('FCPATH\\index.php')
CRITICAL - 2023-01-04 04:01:01 --> Argument 2 passed to CodeIgniter\HTTP\CURLRequest::delete() must be of the type array, string given, called in C:\xampp\htdocs\CI4M2\app\Controllers\Consumoapi.php on line 58
in SYSTEMPATH\HTTP\CURLRequest.php on line 175.
 1 APPPATH\Controllers\Consumoapi.php(58): CodeIgniter\HTTP\CURLRequest->delete('POST', 'https://jsonplaceholder.typicode.com/posts/2')
 2 SYSTEMPATH\CodeIgniter.php(925): App\Controllers\Consumoapi->index()
 3 SYSTEMPATH\CodeIgniter.php(480): CodeIgniter\CodeIgniter->runController(Object(App\Controllers\Consumoapi))
 4 SYSTEMPATH\CodeIgniter.php(349): CodeIgniter\CodeIgniter->handleRequest(null, Object(Config\Cache), false)
 5 FCPATH\index.php(67): CodeIgniter\CodeIgniter->run()
 6 SYSTEMPATH\Commands\Server\rewrite.php(47): require_once('FCPATH\\index.php')
CRITICAL - 2023-01-04 04:01:01 --> Argument 2 passed to CodeIgniter\HTTP\CURLRequest::delete() must be of the type array, string given, called in C:\xampp\htdocs\CI4M2\app\Controllers\Consumoapi.php on line 58
in SYSTEMPATH\HTTP\CURLRequest.php on line 175.
 1 APPPATH\Controllers\Consumoapi.php(58): CodeIgniter\HTTP\CURLRequest->delete('POST', 'https://jsonplaceholder.typicode.com/posts/2')
 2 SYSTEMPATH\CodeIgniter.php(925): App\Controllers\Consumoapi->index()
 3 SYSTEMPATH\CodeIgniter.php(480): CodeIgniter\CodeIgniter->runController(Object(App\Controllers\Consumoapi))
 4 SYSTEMPATH\CodeIgniter.php(349): CodeIgniter\CodeIgniter->handleRequest(null, Object(Config\Cache), false)
 5 FCPATH\index.php(67): CodeIgniter\CodeIgniter->run()
 6 SYSTEMPATH\Commands\Server\rewrite.php(47): require_once('FCPATH\\index.php')
CRITICAL - 2023-01-04 04:01:46 --> Argument 2 passed to CodeIgniter\HTTP\CURLRequest::delete() must be of the type array, int given, called in C:\xampp\htdocs\CI4M2\app\Controllers\Consumoapi.php on line 59
in SYSTEMPATH\HTTP\CURLRequest.php on line 175.
 1 APPPATH\Controllers\Consumoapi.php(59): CodeIgniter\HTTP\CURLRequest->delete('https://jsonplaceholder.typicode.com/posts/', 3)
 2 SYSTEMPATH\CodeIgniter.php(925): App\Controllers\Consumoapi->index()
 3 SYSTEMPATH\CodeIgniter.php(480): CodeIgniter\CodeIgniter->runController(Object(App\Controllers\Consumoapi))
 4 SYSTEMPATH\CodeIgniter.php(349): CodeIgniter\CodeIgniter->handleRequest(null, Object(Config\Cache), false)
 5 FCPATH\index.php(67): CodeIgniter\CodeIgniter->run()
 6 SYSTEMPATH\Commands\Server\rewrite.php(47): require_once('FCPATH\\index.php')
CRITICAL - 2023-01-04 04:15:41 --> Argument 2 passed to view() must be of the type array, string given, called in C:\xampp\htdocs\CI4M2\app\Controllers\Consumoapi.php on line 23
in SYSTEMPATH\Common.php on line 1121.
 1 APPPATH\Controllers\Consumoapi.php(23): view('apiprodutos/index', 'OOLA MUNDO')
 2 SYSTEMPATH\CodeIgniter.php(925): App\Controllers\Consumoapi->index()
 3 SYSTEMPATH\CodeIgniter.php(480): CodeIgniter\CodeIgniter->runController(Object(App\Controllers\Consumoapi))
 4 SYSTEMPATH\CodeIgniter.php(349): CodeIgniter\CodeIgniter->handleRequest(null, Object(Config\Cache), false)
 5 FCPATH\index.php(67): CodeIgniter\CodeIgniter->run()
 6 SYSTEMPATH\Commands\Server\rewrite.php(47): require_once('FCPATH\\index.php')
CRITICAL - 2023-01-04 04:21:05 --> Object of class stdClass could not be converted to string
in APPPATH\Controllers\Consumoapi.php on line 23.
 1 SYSTEMPATH\CodeIgniter.php(925): App\Controllers\Consumoapi->index()
 2 SYSTEMPATH\CodeIgniter.php(480): CodeIgniter\CodeIgniter->runController(Object(App\Controllers\Consumoapi))
 3 SYSTEMPATH\CodeIgniter.php(349): CodeIgniter\CodeIgniter->handleRequest(null, Object(Config\Cache), false)
 4 FCPATH\index.php(67): CodeIgniter\CodeIgniter->run()
 5 SYSTEMPATH\Commands\Server\rewrite.php(47): require_once('FCPATH\\index.php')
CRITICAL - 2023-01-04 04:23:18 --> Cannot use object of type stdClass as array
in APPPATH\Views\apiprodutos\index.php on line 125.
 1 SYSTEMPATH\View\View.php(213): include()
 2 SYSTEMPATH\View\View.php(216): CodeIgniter\View\View->CodeIgniter\View\{closure}()
 3 SYSTEMPATH\Common.php(1135): CodeIgniter\View\View->render('apiprodutos/index', [], true)
 4 APPPATH\Controllers\Consumoapi.php(23): view('apiprodutos/index', [...])
 5 SYSTEMPATH\CodeIgniter.php(925): App\Controllers\Consumoapi->index()
 6 SYSTEMPATH\CodeIgniter.php(480): CodeIgniter\CodeIgniter->runController(Object(App\Controllers\Consumoapi))
 7 SYSTEMPATH\CodeIgniter.php(349): CodeIgniter\CodeIgniter->handleRequest(null, Object(Config\Cache), false)
 8 FCPATH\index.php(67): CodeIgniter\CodeIgniter->run()
 9 SYSTEMPATH\Commands\Server\rewrite.php(47): require_once('FCPATH\\index.php')
CRITICAL - 2023-01-04 04:23:41 --> Cannot use object of type stdClass as array
in APPPATH\Views\apiprodutos\index.php on line 128.
 1 SYSTEMPATH\View\View.php(213): include()
 2 SYSTEMPATH\View\View.php(216): CodeIgniter\View\View->CodeIgniter\View\{closure}()
 3 SYSTEMPATH\Common.php(1135): CodeIgniter\View\View->render('apiprodutos/index', [], true)
 4 APPPATH\Controllers\Consumoapi.php(23): view('apiprodutos/index', [...])
 5 SYSTEMPATH\CodeIgniter.php(925): App\Controllers\Consumoapi->index()
 6 SYSTEMPATH\CodeIgniter.php(480): CodeIgniter\CodeIgniter->runController(Object(App\Controllers\Consumoapi))
 7 SYSTEMPATH\CodeIgniter.php(349): CodeIgniter\CodeIgniter->handleRequest(null, Object(Config\Cache), false)
 8 FCPATH\index.php(67): CodeIgniter\CodeIgniter->run()
 9 SYSTEMPATH\Commands\Server\rewrite.php(47): require_once('FCPATH\\index.php')
CRITICAL - 2023-01-04 04:23:43 --> Cannot use object of type stdClass as array
in APPPATH\Views\apiprodutos\index.php on line 128.
 1 SYSTEMPATH\View\View.php(213): include()
 2 SYSTEMPATH\View\View.php(216): CodeIgniter\View\View->CodeIgniter\View\{closure}()
 3 SYSTEMPATH\Common.php(1135): CodeIgniter\View\View->render('apiprodutos/index', [], true)
 4 APPPATH\Controllers\Consumoapi.php(23): view('apiprodutos/index', [...])
 5 SYSTEMPATH\CodeIgniter.php(925): App\Controllers\Consumoapi->index()
 6 SYSTEMPATH\CodeIgniter.php(480): CodeIgniter\CodeIgniter->runController(Object(App\Controllers\Consumoapi))
 7 SYSTEMPATH\CodeIgniter.php(349): CodeIgniter\CodeIgniter->handleRequest(null, Object(Config\Cache), false)
 8 FCPATH\index.php(67): CodeIgniter\CodeIgniter->run()
 9 SYSTEMPATH\Commands\Server\rewrite.php(47): require_once('FCPATH\\index.php')
CRITICAL - 2023-01-04 04:23:52 --> Cannot use object of type stdClass as array
in APPPATH\Views\apiprodutos\index.php on line 128.
 1 SYSTEMPATH\View\View.php(213): include()
 2 SYSTEMPATH\View\View.php(216): CodeIgniter\View\View->CodeIgniter\View\{closure}()
 3 SYSTEMPATH\Common.php(1135): CodeIgniter\View\View->render('apiprodutos/index', [], true)
 4 APPPATH\Controllers\Consumoapi.php(23): view('apiprodutos/index', [...])
 5 SYSTEMPATH\CodeIgniter.php(925): App\Controllers\Consumoapi->index()
 6 SYSTEMPATH\CodeIgniter.php(480): CodeIgniter\CodeIgniter->runController(Object(App\Controllers\Consumoapi))
 7 SYSTEMPATH\CodeIgniter.php(349): CodeIgniter\CodeIgniter->handleRequest(null, Object(Config\Cache), false)
 8 FCPATH\index.php(67): CodeIgniter\CodeIgniter->run()
 9 SYSTEMPATH\Commands\Server\rewrite.php(47): require_once('FCPATH\\index.php')
CRITICAL - 2023-01-04 04:23:54 --> Cannot use object of type stdClass as array
in APPPATH\Views\apiprodutos\index.php on line 128.
 1 SYSTEMPATH\View\View.php(213): include()
 2 SYSTEMPATH\View\View.php(216): CodeIgniter\View\View->CodeIgniter\View\{closure}()
 3 SYSTEMPATH\Common.php(1135): CodeIgniter\View\View->render('apiprodutos/index', [], true)
 4 APPPATH\Controllers\Consumoapi.php(23): view('apiprodutos/index', [...])
 5 SYSTEMPATH\CodeIgniter.php(925): App\Controllers\Consumoapi->index()
 6 SYSTEMPATH\CodeIgniter.php(480): CodeIgniter\CodeIgniter->runController(Object(App\Controllers\Consumoapi))
 7 SYSTEMPATH\CodeIgniter.php(349): CodeIgniter\CodeIgniter->handleRequest(null, Object(Config\Cache), false)
 8 FCPATH\index.php(67): CodeIgniter\CodeIgniter->run()
 9 SYSTEMPATH\Commands\Server\rewrite.php(47): require_once('FCPATH\\index.php')
CRITICAL - 2023-01-04 04:28:34 --> Cannot use object of type stdClass as array
in APPPATH\Views\apiprodutos\index.php on line 128.
 1 SYSTEMPATH\View\View.php(213): include()
 2 SYSTEMPATH\View\View.php(216): CodeIgniter\View\View->CodeIgniter\View\{closure}()
 3 SYSTEMPATH\Common.php(1135): CodeIgniter\View\View->render('apiprodutos/index', [], true)
 4 APPPATH\Controllers\Consumoapi.php(23): view('apiprodutos/index', [...])
 5 SYSTEMPATH\CodeIgniter.php(925): App\Controllers\Consumoapi->index()
 6 SYSTEMPATH\CodeIgniter.php(480): CodeIgniter\CodeIgniter->runController(Object(App\Controllers\Consumoapi))
 7 SYSTEMPATH\CodeIgniter.php(349): CodeIgniter\CodeIgniter->handleRequest(null, Object(Config\Cache), false)
 8 FCPATH\index.php(67): CodeIgniter\CodeIgniter->run()
 9 SYSTEMPATH\Commands\Server\rewrite.php(47): require_once('FCPATH\\index.php')
CRITICAL - 2023-01-04 04:28:41 --> Trying to access array offset on value of type null
in APPPATH\Views\produtos\visualizar.php on line 29.
 1 APPPATH\Views\produtos\visualizar.php(29): CodeIgniter\Debug\Exceptions->errorHandler(8, 'Trying to access array offset on value of type null', 'APPPATH\\Views\\produtos\\visualizar.php', 29, [...])
 2 SYSTEMPATH\View\View.php(213): include('APPPATH\\Views\\produtos\\visualizar.php')
 3 SYSTEMPATH\View\View.php(216): CodeIgniter\View\View->CodeIgniter\View\{closure}()
 4 SYSTEMPATH\Common.php(1135): CodeIgniter\View\View->render('produtos/visualizar', [], true)
 5 APPPATH\Controllers\Produtos.php(36): view('produtos/visualizar', [...])
 6 SYSTEMPATH\CodeIgniter.php(925): App\Controllers\Produtos->visualizar('1')
 7 SYSTEMPATH\CodeIgniter.php(480): CodeIgniter\CodeIgniter->runController(Object(App\Controllers\Produtos))
 8 SYSTEMPATH\CodeIgniter.php(349): CodeIgniter\CodeIgniter->handleRequest(null, Object(Config\Cache), false)
 9 FCPATH\index.php(67): CodeIgniter\CodeIgniter->run()
10 SYSTEMPATH\Commands\Server\rewrite.php(47): require_once('FCPATH\\index.php')
CRITICAL - 2023-01-04 06:05:53 --> Cannot use object of type stdClass as array
in APPPATH\Controllers\Consumoapi.php on line 21.
 1 SYSTEMPATH\CodeIgniter.php(925): App\Controllers\Consumoapi->index()
 2 SYSTEMPATH\CodeIgniter.php(480): CodeIgniter\CodeIgniter->runController(Object(App\Controllers\Consumoapi))
 3 SYSTEMPATH\CodeIgniter.php(349): CodeIgniter\CodeIgniter->handleRequest(null, Object(Config\Cache), false)
 4 FCPATH\index.php(67): CodeIgniter\CodeIgniter->run()
 5 SYSTEMPATH\Commands\Server\rewrite.php(47): require_once('FCPATH\\index.php')
CRITICAL - 2023-01-04 06:12:15 --> Argument 3 passed to CodeIgniter\HTTP\CURLRequest::request() must be of the type array, bool given, called in C:\xampp\htdocs\CI4M2\app\Controllers\Consumoapi.php on line 18
in SYSTEMPATH\HTTP\CURLRequest.php on line 128.
 1 APPPATH\Controllers\Consumoapi.php(18): CodeIgniter\HTTP\CURLRequest->request('POST', 'http://192.168.15.37/portaljaia/api/consultasaldo.php', true)
 2 SYSTEMPATH\CodeIgniter.php(925): App\Controllers\Consumoapi->index()
 3 SYSTEMPATH\CodeIgniter.php(480): CodeIgniter\CodeIgniter->runController(Object(App\Controllers\Consumoapi))
 4 SYSTEMPATH\CodeIgniter.php(349): CodeIgniter\CodeIgniter->handleRequest(null, Object(Config\Cache), false)
 5 FCPATH\index.php(67): CodeIgniter\CodeIgniter->run()
 6 SYSTEMPATH\Commands\Server\rewrite.php(47): require_once('FCPATH\\index.php')
CRITICAL - 2023-01-04 06:26:52 --> Cannot use [] for reading
in APPPATH\Controllers\Consumoapi.php on line 21.
 1 SYSTEMPATH\CodeIgniter.php(925): App\Controllers\Consumoapi->index()
 2 SYSTEMPATH\CodeIgniter.php(480): CodeIgniter\CodeIgniter->runController(Object(App\Controllers\Consumoapi))
 3 SYSTEMPATH\CodeIgniter.php(349): CodeIgniter\CodeIgniter->handleRequest(null, Object(Config\Cache), false)
 4 FCPATH\index.php(67): CodeIgniter\CodeIgniter->run()
 5 SYSTEMPATH\Commands\Server\rewrite.php(47): require_once('FCPATH\\index.php')
CRITICAL - 2023-01-04 06:32:50 --> Cannot use object of type stdClass as array
in APPPATH\Controllers\Consumoapi.php on line 23.
 1 SYSTEMPATH\CodeIgniter.php(925): App\Controllers\Consumoapi->index()
 2 SYSTEMPATH\CodeIgniter.php(480): CodeIgniter\CodeIgniter->runController(Object(App\Controllers\Consumoapi))
 3 SYSTEMPATH\CodeIgniter.php(349): CodeIgniter\CodeIgniter->handleRequest(null, Object(Config\Cache), false)
 4 FCPATH\index.php(67): CodeIgniter\CodeIgniter->run()
 5 SYSTEMPATH\Commands\Server\rewrite.php(47): require_once('FCPATH\\index.php')
CRITICAL - 2023-01-04 06:34:50 --> Cannot use object of type stdClass as array
in APPPATH\Controllers\Consumoapi.php on line 23.
 1 SYSTEMPATH\CodeIgniter.php(925): App\Controllers\Consumoapi->index()
 2 SYSTEMPATH\CodeIgniter.php(480): CodeIgniter\CodeIgniter->runController(Object(App\Controllers\Consumoapi))
 3 SYSTEMPATH\CodeIgniter.php(349): CodeIgniter\CodeIgniter->handleRequest(null, Object(Config\Cache), false)
 4 FCPATH\index.php(67): CodeIgniter\CodeIgniter->run()
 5 SYSTEMPATH\Commands\Server\rewrite.php(47): require_once('FCPATH\\index.php')
CRITICAL - 2023-01-04 06:37:14 --> Cannot use object of type CodeIgniter\HTTP\Response as array
in APPPATH\Controllers\Consumoapi.php on line 20.
 1 SYSTEMPATH\CodeIgniter.php(925): App\Controllers\Consumoapi->index()
 2 SYSTEMPATH\CodeIgniter.php(480): CodeIgniter\CodeIgniter->runController(Object(App\Controllers\Consumoapi))
 3 SYSTEMPATH\CodeIgniter.php(349): CodeIgniter\CodeIgniter->handleRequest(null, Object(Config\Cache), false)
 4 FCPATH\index.php(67): CodeIgniter\CodeIgniter->run()
 5 SYSTEMPATH\Commands\Server\rewrite.php(47): require_once('FCPATH\\index.php')
CRITICAL - 2023-01-04 06:37:29 --> Cannot use object of type CodeIgniter\HTTP\Response as array
in APPPATH\Controllers\Consumoapi.php on line 20.
 1 SYSTEMPATH\CodeIgniter.php(925): App\Controllers\Consumoapi->index()
 2 SYSTEMPATH\CodeIgniter.php(480): CodeIgniter\CodeIgniter->runController(Object(App\Controllers\Consumoapi))
 3 SYSTEMPATH\CodeIgniter.php(349): CodeIgniter\CodeIgniter->handleRequest(null, Object(Config\Cache), false)
 4 FCPATH\index.php(67): CodeIgniter\CodeIgniter->run()
 5 SYSTEMPATH\Commands\Server\rewrite.php(47): require_once('FCPATH\\index.php')
CRITICAL - 2023-01-04 06:45:01 --> Cannot use [] for reading
in APPPATH\Controllers\Consumoapi.php on line 23.
 1 SYSTEMPATH\CodeIgniter.php(925): App\Controllers\Consumoapi->index()
 2 SYSTEMPATH\CodeIgniter.php(480): CodeIgniter\CodeIgniter->runController(Object(App\Controllers\Consumoapi))
 3 SYSTEMPATH\CodeIgniter.php(349): CodeIgniter\CodeIgniter->handleRequest(null, Object(Config\Cache), false)
 4 FCPATH\index.php(67): CodeIgniter\CodeIgniter->run()
 5 SYSTEMPATH\Commands\Server\rewrite.php(47): require_once('FCPATH\\index.php')
CRITICAL - 2023-01-04 07:01:23 --> Cannot use object of type stdClass as array
in APPPATH\Controllers\Consumoapi.php on line 20.
 1 SYSTEMPATH\CodeIgniter.php(925): App\Controllers\Consumoapi->index()
 2 SYSTEMPATH\CodeIgniter.php(480): CodeIgniter\CodeIgniter->runController(Object(App\Controllers\Consumoapi))
 3 SYSTEMPATH\CodeIgniter.php(349): CodeIgniter\CodeIgniter->handleRequest(null, Object(Config\Cache), false)
 4 FCPATH\index.php(67): CodeIgniter\CodeIgniter->run()
 5 SYSTEMPATH\Commands\Server\rewrite.php(47): require_once('FCPATH\\index.php')
CRITICAL - 2023-01-04 07:01:39 --> Call to undefined function App\Controllers\json_encocode()
in APPPATH\Controllers\Consumoapi.php on line 22.
 1 SYSTEMPATH\CodeIgniter.php(925): App\Controllers\Consumoapi->index()
 2 SYSTEMPATH\CodeIgniter.php(480): CodeIgniter\CodeIgniter->runController(Object(App\Controllers\Consumoapi))
 3 SYSTEMPATH\CodeIgniter.php(349): CodeIgniter\CodeIgniter->handleRequest(null, Object(Config\Cache), false)
 4 FCPATH\index.php(67): CodeIgniter\CodeIgniter->run()
 5 SYSTEMPATH\Commands\Server\rewrite.php(47): require_once('FCPATH\\index.php')
CRITICAL - 2023-01-04 07:03:24 --> Cannot use object of type stdClass as array
in APPPATH\Views\apiprodutos\index.php on line 122.
 1 SYSTEMPATH\View\View.php(213): include()
 2 SYSTEMPATH\View\View.php(216): CodeIgniter\View\View->CodeIgniter\View\{closure}()
 3 SYSTEMPATH\Common.php(1135): CodeIgniter\View\View->render('apiprodutos/index', [], true)
 4 APPPATH\Controllers\Consumoapi.php(25): view('apiprodutos/index', [...])
 5 SYSTEMPATH\CodeIgniter.php(925): App\Controllers\Consumoapi->index()
 6 SYSTEMPATH\CodeIgniter.php(480): CodeIgniter\CodeIgniter->runController(Object(App\Controllers\Consumoapi))
 7 SYSTEMPATH\CodeIgniter.php(349): CodeIgniter\CodeIgniter->handleRequest(null, Object(Config\Cache), false)
 8 FCPATH\index.php(67): CodeIgniter\CodeIgniter->run()
 9 SYSTEMPATH\Commands\Server\rewrite.php(47): require_once('FCPATH\\index.php')
CRITICAL - 2023-01-04 07:22:39 --> Object of class stdClass could not be converted to string
in APPPATH\Controllers\Consumoapi.php on line 23.
 1 SYSTEMPATH\CodeIgniter.php(925): App\Controllers\Consumoapi->index()
 2 SYSTEMPATH\CodeIgniter.php(480): CodeIgniter\CodeIgniter->runController(Object(App\Controllers\Consumoapi))
 3 SYSTEMPATH\CodeIgniter.php(349): CodeIgniter\CodeIgniter->handleRequest(null, Object(Config\Cache), false)
 4 FCPATH\index.php(67): CodeIgniter\CodeIgniter->run()
 5 SYSTEMPATH\Commands\Server\rewrite.php(47): require_once('FCPATH\\index.php')
CRITICAL - 2023-01-04 07:31:36 --> syntax error, unexpected '?>'
in APPPATH\Views\apiprodutos\index.php on line 122.
 1 SYSTEMPATH\View\View.php(216): CodeIgniter\View\View->CodeIgniter\View\{closure}()
 2 SYSTEMPATH\Common.php(1135): CodeIgniter\View\View->render('apiprodutos/index', [], true)
 3 APPPATH\Controllers\Consumoapi.php(29): view('apiprodutos/index', [...])
 4 SYSTEMPATH\CodeIgniter.php(925): App\Controllers\Consumoapi->index()
 5 SYSTEMPATH\CodeIgniter.php(480): CodeIgniter\CodeIgniter->runController(Object(App\Controllers\Consumoapi))
 6 SYSTEMPATH\CodeIgniter.php(349): CodeIgniter\CodeIgniter->handleRequest(null, Object(Config\Cache), false)
 7 FCPATH\index.php(67): CodeIgniter\CodeIgniter->run()
 8 SYSTEMPATH\Commands\Server\rewrite.php(47): require_once('FCPATH\\index.php')
CRITICAL - 2023-01-04 07:36:50 --> Cannot use object of type stdClass as array
in APPPATH\Controllers\Consumoapi.php on line 25.
 1 SYSTEMPATH\CodeIgniter.php(925): App\Controllers\Consumoapi->index()
 2 SYSTEMPATH\CodeIgniter.php(480): CodeIgniter\CodeIgniter->runController(Object(App\Controllers\Consumoapi))
 3 SYSTEMPATH\CodeIgniter.php(349): CodeIgniter\CodeIgniter->handleRequest(null, Object(Config\Cache), false)
 4 FCPATH\index.php(67): CodeIgniter\CodeIgniter->run()
 5 SYSTEMPATH\Commands\Server\rewrite.php(47): require_once('FCPATH\\index.php')
CRITICAL - 2023-01-04 08:20:07 --> Argument 3 passed to CodeIgniter\HTTP\CURLRequest::request() must be of the type array, string given, called in C:\xampp\htdocs\CI4M2\app\Controllers\Consumoapi.php on line 64
in SYSTEMPATH\HTTP\CURLRequest.php on line 128.
 1 APPPATH\Controllers\Consumoapi.php(64): CodeIgniter\HTTP\CURLRequest->request('POST', 'http://192.168.15.37/portaljaia/api/enviapedido.php', '[
            {
                "chavecliente": "2fds140388rgrewfw407reergrh62tzxbw96",
                "itens_pedido": [
                    {
                        "codbar": "1599431000084951508422018",
                        "quantidade": "20"  
                    },
                    {
                        "codbar": "843264394327594536351284",
                        "quantidade": "8"  
                    },
                    {
                        "codbar": "9236454329433442436793",
                        "quantidade": "2"    
                    },
                    {
                        "codbar": "48631478635252486484663478",
                        "quantidade": "20"  
                    }   
                ]
            }
        ]
        ')
 2 SYSTEMPATH\CodeIgniter.php(925): App\Controllers\Consumoapi->inserir()
 3 SYSTEMPATH\CodeIgniter.php(480): CodeIgniter\CodeIgniter->runController(Object(App\Controllers\Consumoapi))
 4 SYSTEMPATH\CodeIgniter.php(349): CodeIgniter\CodeIgniter->handleRequest(null, Object(Config\Cache), false)
 5 FCPATH\index.php(67): CodeIgniter\CodeIgniter->run()
 6 SYSTEMPATH\Commands\Server\rewrite.php(47): require_once('FCPATH\\index.php')
CRITICAL - 2023-01-04 08:20:27 --> Argument 3 passed to CodeIgniter\HTTP\CURLRequest::request() must be of the type array, string given, called in C:\xampp\htdocs\CI4M2\app\Controllers\Consumoapi.php on line 64
in SYSTEMPATH\HTTP\CURLRequest.php on line 128.
 1 APPPATH\Controllers\Consumoapi.php(64): CodeIgniter\HTTP\CURLRequest->request('POST', 'http://192.168.15.37/portaljaia/api/enviapedido.php', '[
            {
                "chavecliente": "2fds140388rgrewfw407reergrh62tzxbw96",
                "itens_pedido": [
                    {
                        "codbar": "1599431000084951508422018",
                        "quantidade": "20"  
                    },
                    {
                        "codbar": "843264394327594536351284",
                        "quantidade": "8"  
                    },
                    {
                        "codbar": "9236454329433442436793",
                        "quantidade": "2"    
                    },
                    {
                        "codbar": "48631478635252486484663478",
                        "quantidade": "20"  
                    }   
                ]
            }
        ]
        ')
 2 SYSTEMPATH\CodeIgniter.php(925): App\Controllers\Consumoapi->inserir()
 3 SYSTEMPATH\CodeIgniter.php(480): CodeIgniter\CodeIgniter->runController(Object(App\Controllers\Consumoapi))
 4 SYSTEMPATH\CodeIgniter.php(349): CodeIgniter\CodeIgniter->handleRequest(null, Object(Config\Cache), false)
 5 FCPATH\index.php(67): CodeIgniter\CodeIgniter->run()
 6 SYSTEMPATH\Commands\Server\rewrite.php(47): require_once('FCPATH\\index.php')
CRITICAL - 2023-01-04 08:39:48 --> Argument 3 passed to CodeIgniter\HTTP\CURLRequest::request() must be of the type array, string given, called in C:\xampp\htdocs\CI4M2\app\Controllers\Consumoapi.php on line 66
in SYSTEMPATH\HTTP\CURLRequest.php on line 128.
 1 APPPATH\Controllers\Consumoapi.php(66): CodeIgniter\HTTP\CURLRequest->request('POST', 'http://192.168.15.37/portaljaia/api/enviapedido.php', '[
            {
                "chavecliente": 2,
                "itens_pedido": [
                    {
                        "codbar": "1599431000084951508422018",
                        "quantidade": "20"  
                    },
                    {
                        "codbar": "843264394327594536351284",
                        "quantidade": "8"  
                    },
                    {
                        "codbar": "9236454329433442436793",
                        "quantidade": "2"    
                    },
                    {
                        "codbar": "48631478635252486484663478",
                        "quantidade": "20"  
                    }   
                ]
            }
        ]
        ')
 2 SYSTEMPATH\CodeIgniter.php(925): App\Controllers\Consumoapi->inserir()
 3 SYSTEMPATH\CodeIgniter.php(480): CodeIgniter\CodeIgniter->runController(Object(App\Controllers\Consumoapi))
 4 SYSTEMPATH\CodeIgniter.php(349): CodeIgniter\CodeIgniter->handleRequest(null, Object(Config\Cache), false)
 5 FCPATH\index.php(67): CodeIgniter\CodeIgniter->run()
 6 SYSTEMPATH\Commands\Server\rewrite.php(47): require_once('FCPATH\\index.php')
CRITICAL - 2023-01-04 08:51:27 --> Undefined index: codbar
in APPPATH\Controllers\Consumoapi.php on line 51.
 1 APPPATH\Controllers\Consumoapi.php(51): CodeIgniter\Debug\Exceptions->errorHandler(8, 'Undefined index: codbar', 'APPPATH\\Controllers\\Consumoapi.php', 51, [...])
 2 SYSTEMPATH\CodeIgniter.php(925): App\Controllers\Consumoapi->inserir()
 3 SYSTEMPATH\CodeIgniter.php(480): CodeIgniter\CodeIgniter->runController(Object(App\Controllers\Consumoapi))
 4 SYSTEMPATH\CodeIgniter.php(349): CodeIgniter\CodeIgniter->handleRequest(null, Object(Config\Cache), false)
 5 FCPATH\index.php(67): CodeIgniter\CodeIgniter->run()
 6 SYSTEMPATH\Commands\Server\rewrite.php(47): require_once('FCPATH\\index.php')
CRITICAL - 2023-01-04 08:51:55 --> Undefined index: codbar
in APPPATH\Controllers\Consumoapi.php on line 51.
 1 APPPATH\Controllers\Consumoapi.php(51): CodeIgniter\Debug\Exceptions->errorHandler(8, 'Undefined index: codbar', 'APPPATH\\Controllers\\Consumoapi.php', 51, [...])
 2 SYSTEMPATH\CodeIgniter.php(925): App\Controllers\Consumoapi->inserir()
 3 SYSTEMPATH\CodeIgniter.php(480): CodeIgniter\CodeIgniter->runController(Object(App\Controllers\Consumoapi))
 4 SYSTEMPATH\CodeIgniter.php(349): CodeIgniter\CodeIgniter->handleRequest(null, Object(Config\Cache), false)
 5 FCPATH\index.php(67): CodeIgniter\CodeIgniter->run()
 6 SYSTEMPATH\Commands\Server\rewrite.php(47): require_once('FCPATH\\index.php')
CRITICAL - 2023-01-04 09:02:38 --> Invalid file: api/enviapedido.php
in SYSTEMPATH\Exceptions\FrameworkException.php on line 33.
 1 SYSTEMPATH\View\View.php(201): CodeIgniter\Exceptions\FrameworkException::forInvalidFile('api/enviapedido.php')
 2 SYSTEMPATH\Common.php(1135): CodeIgniter\View\View->render('api/enviapedido', [], true)
 3 APPPATH\Controllers\Consumoapi.php(66): view('api/enviapedido')
 4 SYSTEMPATH\CodeIgniter.php(925): App\Controllers\Consumoapi->inserir()
 5 SYSTEMPATH\CodeIgniter.php(480): CodeIgniter\CodeIgniter->runController(Object(App\Controllers\Consumoapi))
 6 SYSTEMPATH\CodeIgniter.php(349): CodeIgniter\CodeIgniter->handleRequest(null, Object(Config\Cache), false)
 7 FCPATH\index.php(67): CodeIgniter\CodeIgniter->run()
 8 SYSTEMPATH\Commands\Server\rewrite.php(47): require_once('FCPATH\\index.php')
CRITICAL - 2023-01-04 09:49:49 --> Call to undefined function App\Controllers\getPost()
in APPPATH\Controllers\Consumoapi.php on line 39.
 1 SYSTEMPATH\CodeIgniter.php(925): App\Controllers\Consumoapi->inserir()
 2 SYSTEMPATH\CodeIgniter.php(480): CodeIgniter\CodeIgniter->runController(Object(App\Controllers\Consumoapi))
 3 SYSTEMPATH\CodeIgniter.php(349): CodeIgniter\CodeIgniter->handleRequest(null, Object(Config\Cache), false)
 4 FCPATH\index.php(67): CodeIgniter\CodeIgniter->run()
 5 SYSTEMPATH\Commands\Server\rewrite.php(47): require_once('FCPATH\\index.php')
CRITICAL - 2023-01-04 09:50:17 --> Undefined variable: test
in APPPATH\Controllers\Consumoapi.php on line 53.
 1 APPPATH\Controllers\Consumoapi.php(53): CodeIgniter\Debug\Exceptions->errorHandler(8, 'Undefined variable: test', 'APPPATH\\Controllers\\Consumoapi.php', 53, [...])
 2 SYSTEMPATH\CodeIgniter.php(925): App\Controllers\Consumoapi->inserir()
 3 SYSTEMPATH\CodeIgniter.php(480): CodeIgniter\CodeIgniter->runController(Object(App\Controllers\Consumoapi))
 4 SYSTEMPATH\CodeIgniter.php(349): CodeIgniter\CodeIgniter->handleRequest(null, Object(Config\Cache), false)
 5 FCPATH\index.php(67): CodeIgniter\CodeIgniter->run()
 6 SYSTEMPATH\Commands\Server\rewrite.php(47): require_once('FCPATH\\index.php')
CRITICAL - 2023-01-04 09:50:34 --> Undefined variable: body
in APPPATH\Controllers\Consumoapi.php on line 65.
 1 APPPATH\Controllers\Consumoapi.php(65): CodeIgniter\Debug\Exceptions->errorHandler(8, 'Undefined variable: body', 'APPPATH\\Controllers\\Consumoapi.php', 65, [...])
 2 SYSTEMPATH\CodeIgniter.php(925): App\Controllers\Consumoapi->inserir()
 3 SYSTEMPATH\CodeIgniter.php(480): CodeIgniter\CodeIgniter->runController(Object(App\Controllers\Consumoapi))
 4 SYSTEMPATH\CodeIgniter.php(349): CodeIgniter\CodeIgniter->handleRequest(null, Object(Config\Cache), false)
 5 FCPATH\index.php(67): CodeIgniter\CodeIgniter->run()
 6 SYSTEMPATH\Commands\Server\rewrite.php(47): require_once('FCPATH\\index.php')
CRITICAL - 2023-01-04 09:51:39 --> Use of undefined constant dados - assumed 'dados' (this will throw an Error in a future version of PHP)
in APPPATH\Controllers\Consumoapi.php on line 46.
 1 APPPATH\Controllers\Consumoapi.php(46): CodeIgniter\Debug\Exceptions->errorHandler(2, 'Use of undefined constant dados - assumed \'dados\' (this will throw an Error in a future version of PHP)', 'APPPATH\\Controllers\\Consumoapi.php', 46, [...])
 2 SYSTEMPATH\CodeIgniter.php(925): App\Controllers\Consumoapi->inserir()
 3 SYSTEMPATH\CodeIgniter.php(480): CodeIgniter\CodeIgniter->runController(Object(App\Controllers\Consumoapi))
 4 SYSTEMPATH\CodeIgniter.php(349): CodeIgniter\CodeIgniter->handleRequest(null, Object(Config\Cache), false)
 5 FCPATH\index.php(67): CodeIgniter\CodeIgniter->run()
 6 SYSTEMPATH\Commands\Server\rewrite.php(47): require_once('FCPATH\\index.php')
CRITICAL - 2023-01-04 09:54:10 --> Undefined variable: test
in APPPATH\Controllers\Consumoapi.php on line 48.
 1 APPPATH\Controllers\Consumoapi.php(48): CodeIgniter\Debug\Exceptions->errorHandler(8, 'Undefined variable: test', 'APPPATH\\Controllers\\Consumoapi.php', 48, [...])
 2 SYSTEMPATH\CodeIgniter.php(925): App\Controllers\Consumoapi->inserir()
 3 SYSTEMPATH\CodeIgniter.php(480): CodeIgniter\CodeIgniter->runController(Object(App\Controllers\Consumoapi))
 4 SYSTEMPATH\CodeIgniter.php(349): CodeIgniter\CodeIgniter->handleRequest(null, Object(Config\Cache), false)
 5 FCPATH\index.php(67): CodeIgniter\CodeIgniter->run()
 6 SYSTEMPATH\Commands\Server\rewrite.php(47): require_once('FCPATH\\index.php')
CRITICAL - 2023-01-04 09:54:13 --> Undefined variable: test
in APPPATH\Controllers\Consumoapi.php on line 48.
 1 APPPATH\Controllers\Consumoapi.php(48): CodeIgniter\Debug\Exceptions->errorHandler(8, 'Undefined variable: test', 'APPPATH\\Controllers\\Consumoapi.php', 48, [...])
 2 SYSTEMPATH\CodeIgniter.php(925): App\Controllers\Consumoapi->inserir()
 3 SYSTEMPATH\CodeIgniter.php(480): CodeIgniter\CodeIgniter->runController(Object(App\Controllers\Consumoapi))
 4 SYSTEMPATH\CodeIgniter.php(349): CodeIgniter\CodeIgniter->handleRequest(null, Object(Config\Cache), false)
 5 FCPATH\index.php(67): CodeIgniter\CodeIgniter->run()
 6 SYSTEMPATH\Commands\Server\rewrite.php(47): require_once('FCPATH\\index.php')
CRITICAL - 2023-01-04 09:56:38 --> Undefined variable: test
in APPPATH\Controllers\Consumoapi.php on line 40.
 1 APPPATH\Controllers\Consumoapi.php(40): CodeIgniter\Debug\Exceptions->errorHandler(8, 'Undefined variable: test', 'APPPATH\\Controllers\\Consumoapi.php', 40, [...])
 2 SYSTEMPATH\CodeIgniter.php(925): App\Controllers\Consumoapi->inserir()
 3 SYSTEMPATH\CodeIgniter.php(480): CodeIgniter\CodeIgniter->runController(Object(App\Controllers\Consumoapi))
 4 SYSTEMPATH\CodeIgniter.php(349): CodeIgniter\CodeIgniter->handleRequest(null, Object(Config\Cache), false)
 5 FCPATH\index.php(67): CodeIgniter\CodeIgniter->run()
 6 SYSTEMPATH\Commands\Server\rewrite.php(47): require_once('FCPATH\\index.php')
CRITICAL - 2023-01-04 09:56:50 --> Undefined variable: test
in APPPATH\Controllers\Consumoapi.php on line 40.
 1 APPPATH\Controllers\Consumoapi.php(40): CodeIgniter\Debug\Exceptions->errorHandler(8, 'Undefined variable: test', 'APPPATH\\Controllers\\Consumoapi.php', 40, [...])
 2 SYSTEMPATH\CodeIgniter.php(925): App\Controllers\Consumoapi->inserir()
 3 SYSTEMPATH\CodeIgniter.php(480): CodeIgniter\CodeIgniter->runController(Object(App\Controllers\Consumoapi))
 4 SYSTEMPATH\CodeIgniter.php(349): CodeIgniter\CodeIgniter->handleRequest(null, Object(Config\Cache), false)
 5 FCPATH\index.php(67): CodeIgniter\CodeIgniter->run()
 6 SYSTEMPATH\Commands\Server\rewrite.php(47): require_once('FCPATH\\index.php')
CRITICAL - 2023-01-04 10:16:09 --> Undefined variable: client
in APPPATH\Controllers\Consumoapi.php on line 57.
 1 APPPATH\Controllers\Consumoapi.php(57): CodeIgniter\Debug\Exceptions->errorHandler(8, 'Undefined variable: client', 'APPPATH\\Controllers\\Consumoapi.php', 57, [...])
 2 SYSTEMPATH\CodeIgniter.php(925): App\Controllers\Consumoapi->store()
 3 SYSTEMPATH\CodeIgniter.php(480): CodeIgniter\CodeIgniter->runController(Object(App\Controllers\Consumoapi))
 4 SYSTEMPATH\CodeIgniter.php(349): CodeIgniter\CodeIgniter->handleRequest(null, Object(Config\Cache), false)
 5 FCPATH\index.php(67): CodeIgniter\CodeIgniter->run()
 6 SYSTEMPATH\Commands\Server\rewrite.php(47): require_once('FCPATH\\index.php')
CRITICAL - 2023-01-04 10:32:50 --> 22 : The requested URL returned error: 404 Not Found
in SYSTEMPATH\HTTP\CURLRequest.php on line 660.
 1 SYSTEMPATH\HTTP\CURLRequest.php(660): CodeIgniter\HTTP\Exceptions\HTTPException::forCurlError('22', 'The requested URL returned error: 404 Not Found')
 2 SYSTEMPATH\HTTP\CURLRequest.php(368): CodeIgniter\HTTP\CURLRequest->sendRequest([...])
 3 SYSTEMPATH\HTTP\CURLRequest.php(136): CodeIgniter\HTTP\CURLRequest->send('POST', 'http://192.168.15.37/portaljaia/api/successpedido.php')
 4 APPPATH\Controllers\Consumoapi.php(61): CodeIgniter\HTTP\CURLRequest->request('POST', 'http://192.168.15.37/portaljaia/api/successpedido.php', [...])
 5 SYSTEMPATH\CodeIgniter.php(925): App\Controllers\Consumoapi->store()
 6 SYSTEMPATH\CodeIgniter.php(480): CodeIgniter\CodeIgniter->runController(Object(App\Controllers\Consumoapi))
 7 SYSTEMPATH\CodeIgniter.php(349): CodeIgniter\CodeIgniter->handleRequest(null, Object(Config\Cache), false)
 8 FCPATH\index.php(67): CodeIgniter\CodeIgniter->run()
 9 SYSTEMPATH\Commands\Server\rewrite.php(47): require_once('FCPATH\\index.php')
CRITICAL - 2023-01-04 12:43:37 --> Argument 2 passed to CodeIgniter\HTTP\RedirectResponse::to() must be of the type int or null, string given, called in C:\xampp\htdocs\CI4M2\app\Controllers\Consumoapi.php on line 67
in SYSTEMPATH\HTTP\RedirectResponse.php on line 32.
 1 APPPATH\Controllers\Consumoapi.php(67): CodeIgniter\HTTP\RedirectResponse->to('/consumoapi/index', '<br />
<b>Notice</b>:  Trying to get property \'chavecliente\' of non-object in <b>C:\\xampp\\htdocs\\portaljaia\\api\\enviapedido.php</b> on line <b>19</b><br />
<br />
<b>Notice</b>:  Trying to get property \'itens_pedido\' of non-object in <b>C:\\xampp\\htdocs\\portaljaia\\api\\enviapedido.php</b> on line <b>128</b><br />
<br />
<b>Warning</b>:  Invalid argument supplied for foreach() in <b>C:\\xampp\\htdocs\\portaljaia\\api\\enviapedido.php</b> on line <b>128</b><br />
{
    "retorno": [
        {
            "rejected": "Pedido N\\u00e3o enviado!"
        }
    ]
}')
 2 SYSTEMPATH\CodeIgniter.php(925): App\Controllers\Consumoapi->store()
 3 SYSTEMPATH\CodeIgniter.php(480): CodeIgniter\CodeIgniter->runController(Object(App\Controllers\Consumoapi))
 4 SYSTEMPATH\CodeIgniter.php(349): CodeIgniter\CodeIgniter->handleRequest(null, Object(Config\Cache), false)
 5 FCPATH\index.php(67): CodeIgniter\CodeIgniter->run()
 6 SYSTEMPATH\Commands\Server\rewrite.php(47): require_once('FCPATH\\index.php')
CRITICAL - 2023-01-04 12:45:49 --> Trying to get property 'retorno' of non-object
in APPPATH\Controllers\Consumoapi.php on line 64.
 1 APPPATH\Controllers\Consumoapi.php(64): CodeIgniter\Debug\Exceptions->errorHandler(8, 'Trying to get property \'retorno\' of non-object', 'APPPATH\\Controllers\\Consumoapi.php', 64, [...])
 2 SYSTEMPATH\CodeIgniter.php(925): App\Controllers\Consumoapi->store()
 3 SYSTEMPATH\CodeIgniter.php(480): CodeIgniter\CodeIgniter->runController(Object(App\Controllers\Consumoapi))
 4 SYSTEMPATH\CodeIgniter.php(349): CodeIgniter\CodeIgniter->handleRequest(null, Object(Config\Cache), false)
 5 FCPATH\index.php(67): CodeIgniter\CodeIgniter->run()
 6 SYSTEMPATH\Commands\Server\rewrite.php(47): require_once('FCPATH\\index.php')
CRITICAL - 2023-01-04 12:45:59 --> Illegal string offset 'retorno'
in APPPATH\Controllers\Consumoapi.php on line 64.
 1 APPPATH\Controllers\Consumoapi.php(64): CodeIgniter\Debug\Exceptions->errorHandler(2, 'Illegal string offset \'retorno\'', 'APPPATH\\Controllers\\Consumoapi.php', 64, [...])
 2 SYSTEMPATH\CodeIgniter.php(925): App\Controllers\Consumoapi->store()
 3 SYSTEMPATH\CodeIgniter.php(480): CodeIgniter\CodeIgniter->runController(Object(App\Controllers\Consumoapi))
 4 SYSTEMPATH\CodeIgniter.php(349): CodeIgniter\CodeIgniter->handleRequest(null, Object(Config\Cache), false)
 5 FCPATH\index.php(67): CodeIgniter\CodeIgniter->run()
 6 SYSTEMPATH\Commands\Server\rewrite.php(47): require_once('FCPATH\\index.php')
CRITICAL - 2023-01-04 14:16:05 --> Argument 2 passed to CodeIgniter\HTTP\CURLRequest::put() must be of the type array, string given, called in C:\xampp\htdocs\CI4M2\app\Controllers\Consumoapi.php on line 61
in SYSTEMPATH\HTTP\CURLRequest.php on line 215.
 1 APPPATH\Controllers\Consumoapi.php(61): CodeIgniter\HTTP\CURLRequest->put('POST', 'http://192.168.15.37/portaljaia/api/consumoapi.php', [...])
 2 SYSTEMPATH\CodeIgniter.php(925): App\Controllers\Consumoapi->store()
 3 SYSTEMPATH\CodeIgniter.php(480): CodeIgniter\CodeIgniter->runController(Object(App\Controllers\Consumoapi))
 4 SYSTEMPATH\CodeIgniter.php(349): CodeIgniter\CodeIgniter->handleRequest(null, Object(Config\Cache), false)
 5 FCPATH\index.php(67): CodeIgniter\CodeIgniter->run()
 6 SYSTEMPATH\Commands\Server\rewrite.php(47): require_once('FCPATH\\index.php')
CRITICAL - 2023-01-04 14:25:02 --> Argument 2 passed to CodeIgniter\HTTP\CURLRequest::put() must be of the type array, string given, called in C:\xampp\htdocs\CI4M2\app\Controllers\Consumoapi.php on line 55
in SYSTEMPATH\HTTP\CURLRequest.php on line 215.
 1 APPPATH\Controllers\Consumoapi.php(55): CodeIgniter\HTTP\CURLRequest->put('POST', 'http://192.168.15.37/portaljaia/api/consumoapi.php', [...])
 2 SYSTEMPATH\CodeIgniter.php(925): App\Controllers\Consumoapi->store()
 3 SYSTEMPATH\CodeIgniter.php(480): CodeIgniter\CodeIgniter->runController(Object(App\Controllers\Consumoapi))
 4 SYSTEMPATH\CodeIgniter.php(349): CodeIgniter\CodeIgniter->handleRequest(null, Object(Config\Cache), false)
 5 FCPATH\index.php(67): CodeIgniter\CodeIgniter->run()
 6 SYSTEMPATH\Commands\Server\rewrite.php(47): require_once('FCPATH\\index.php')
CRITICAL - 2023-01-04 14:26:39 --> Argument 2 passed to CodeIgniter\HTTP\CURLRequest::post() must be of the type array, string given, called in C:\xampp\htdocs\CI4M2\app\Controllers\Consumoapi.php on line 55
in SYSTEMPATH\HTTP\CURLRequest.php on line 207.
 1 APPPATH\Controllers\Consumoapi.php(55): CodeIgniter\HTTP\CURLRequest->post('POST', 'http://192.168.15.37/portaljaia/api/consumoapi.php', [...])
 2 SYSTEMPATH\CodeIgniter.php(925): App\Controllers\Consumoapi->store()
 3 SYSTEMPATH\CodeIgniter.php(480): CodeIgniter\CodeIgniter->runController(Object(App\Controllers\Consumoapi))
 4 SYSTEMPATH\CodeIgniter.php(349): CodeIgniter\CodeIgniter->handleRequest(null, Object(Config\Cache), false)
 5 FCPATH\index.php(67): CodeIgniter\CodeIgniter->run()
 6 SYSTEMPATH\Commands\Server\rewrite.php(47): require_once('FCPATH\\index.php')
CRITICAL - 2023-01-04 14:45:42 --> 56 : Recv failure: Connection was reset
in SYSTEMPATH\HTTP\CURLRequest.php on line 660.
 1 SYSTEMPATH\HTTP\CURLRequest.php(660): CodeIgniter\HTTP\Exceptions\HTTPException::forCurlError('56', 'Recv failure: Connection was reset')
 2 SYSTEMPATH\HTTP\CURLRequest.php(368): CodeIgniter\HTTP\CURLRequest->sendRequest([...])
 3 SYSTEMPATH\HTTP\CURLRequest.php(136): CodeIgniter\HTTP\CURLRequest->send('post', 'http://192.168.15.37/portaljaia/api/consumoapi.php')
 4 SYSTEMPATH\HTTP\CURLRequest.php(209): CodeIgniter\HTTP\CURLRequest->request('post', 'http://192.168.15.37/portaljaia/api/consumoapi.php', [...])
 5 APPPATH\Controllers\Consumoapi.php(56): CodeIgniter\HTTP\CURLRequest->post('http://192.168.15.37/portaljaia/api/consumoapi.php', [...])
 6 SYSTEMPATH\CodeIgniter.php(925): App\Controllers\Consumoapi->store()
 7 SYSTEMPATH\CodeIgniter.php(480): CodeIgniter\CodeIgniter->runController(Object(App\Controllers\Consumoapi))
 8 SYSTEMPATH\CodeIgniter.php(349): CodeIgniter\CodeIgniter->handleRequest(null, Object(Config\Cache), false)
 9 FCPATH\index.php(67): CodeIgniter\CodeIgniter->run()
10 SYSTEMPATH\Commands\Server\rewrite.php(47): require_once('FCPATH\\index.php')
CRITICAL - 2023-01-04 14:48:44 --> Argument 2 passed to CodeIgniter\HTTP\CURLRequest::post() must be of the type array, string given, called in C:\xampp\htdocs\CI4M2\app\Controllers\Consumoapi.php on line 56
in SYSTEMPATH\HTTP\CURLRequest.php on line 207.
 1 APPPATH\Controllers\Consumoapi.php(56): CodeIgniter\HTTP\CURLRequest->post('POST', 'http://192.168.15.37/portaljaia/api/consumoapi.php', [...])
 2 SYSTEMPATH\CodeIgniter.php(925): App\Controllers\Consumoapi->store()
 3 SYSTEMPATH\CodeIgniter.php(480): CodeIgniter\CodeIgniter->runController(Object(App\Controllers\Consumoapi))
 4 SYSTEMPATH\CodeIgniter.php(349): CodeIgniter\CodeIgniter->handleRequest(null, Object(Config\Cache), false)
 5 FCPATH\index.php(67): CodeIgniter\CodeIgniter->run()
 6 SYSTEMPATH\Commands\Server\rewrite.php(47): require_once('FCPATH\\index.php')
