CRITICAL - 2022-12-27 11:37:13 --> There is no data to insert.
in SYSTEMPATH\BaseModel.php on line 1600.
 1 SYSTEMPATH\BaseModel.php(1600): CodeIgniter\Database\Exceptions\DataException::forEmptyDataset('insert')
 2 SYSTEMPATH\BaseModel.php(710): CodeIgniter\BaseModel->transformDataToArray(null, 'insert')
 3 SYSTEMPATH\Model.php(695): CodeIgniter\BaseModel->insert(null, true)
 4 APPPATH\Controllers\Clientes.php(26): CodeIgniter\Model->insert()
 5 SYSTEMPATH\CodeIgniter.php(925): App\Controllers\Clientes->store()
 6 SYSTEMPATH\CodeIgniter.php(480): CodeIgniter\CodeIgniter->runController(Object(App\Controllers\Clientes))
 7 SYSTEMPATH\CodeIgniter.php(349): CodeIgniter\CodeIgniter->handleRequest(null, Object(Config\Cache), false)
 8 FCPATH\index.php(67): CodeIgniter\CodeIgniter->run()
 9 SYSTEMPATH\Commands\Server\rewrite.php(47): require_once('FCPATH\\index.php')
CRITICAL - 2022-12-27 11:37:33 --> There is no data to insert.
in SYSTEMPATH\BaseModel.php on line 1600.
 1 SYSTEMPATH\BaseModel.php(1600): CodeIgniter\Database\Exceptions\DataException::forEmptyDataset('insert')
 2 SYSTEMPATH\BaseModel.php(710): CodeIgniter\BaseModel->transformDataToArray(null, 'insert')
 3 SYSTEMPATH\Model.php(695): CodeIgniter\BaseModel->insert(null, true)
 4 APPPATH\Controllers\Clientes.php(26): CodeIgniter\Model->insert()
 5 SYSTEMPATH\CodeIgniter.php(925): App\Controllers\Clientes->store()
 6 SYSTEMPATH\CodeIgniter.php(480): CodeIgniter\CodeIgniter->runController(Object(App\Controllers\Clientes))
 7 SYSTEMPATH\CodeIgniter.php(349): CodeIgniter\CodeIgniter->handleRequest(null, Object(Config\Cache), false)
 8 FCPATH\index.php(67): CodeIgniter\CodeIgniter->run()
 9 SYSTEMPATH\Commands\Server\rewrite.php(47): require_once('FCPATH\\index.php')
ERROR - 2022-12-27 11:39:49 --> mysqli_sql_exception: Duplicate entry '0' for key 'PRIMARY' in C:\xampp\htdocs\CI4M2\system\Database\MySQLi\Connection.php:292
Stack trace:
#0 C:\xampp\htdocs\CI4M2\system\Database\MySQLi\Connection.php(292): mysqli->query('INSERT INTO `cl...', 0)
#1 C:\xampp\htdocs\CI4M2\system\Database\BaseConnection.php(666): CodeIgniter\Database\MySQLi\Connection->execute('INSERT INTO `cl...')
#2 C:\xampp\htdocs\CI4M2\system\Database\BaseConnection.php(593): CodeIgniter\Database\BaseConnection->simpleQuery('INSERT INTO `cl...')
#3 C:\xampp\htdocs\CI4M2\system\Database\BaseBuilder.php(1916): CodeIgniter\Database\BaseConnection->query('INSERT INTO `cl...', Array, false)
#4 C:\xampp\htdocs\CI4M2\system\Model.php(303): CodeIgniter\Database\BaseBuilder->insert()
#5 C:\xampp\htdocs\CI4M2\system\BaseModel.php(750): CodeIgniter\Model->doInsert(Array)
#6 C:\xampp\htdocs\CI4M2\system\Model.php(695): CodeIgniter\BaseModel->insert(Array, true)
#7 C:\xampp\htdocs\CI4M2\app\Controllers\Clientes.php(26): CodeIgniter\Model->insert(Array)
#8 C:\xampp\htdocs\CI4M2\system\CodeIgniter.php(925): App\Controllers\Clientes->store()
#9 C:\xampp\htdocs\CI4M2\system\CodeIgniter.php(480): CodeIgniter\CodeIgniter->runController(Object(App\Controllers\Clientes))
#10 C:\xampp\htdocs\CI4M2\system\CodeIgniter.php(349): CodeIgniter\CodeIgniter->handleRequest(NULL, Object(Config\Cache), false)
#11 C:\xampp\htdocs\CI4M2\public\index.php(67): CodeIgniter\CodeIgniter->run()
#12 C:\xampp\htdocs\CI4M2\system\Commands\Server\rewrite.php(47): require_once('C:\\xampp\\htdocs...')
#13 {main}
CRITICAL - 2022-12-27 11:39:49 --> Duplicate entry '0' for key 'PRIMARY'
in SYSTEMPATH\Database\MySQLi\Connection.php on line 292.
 1 SYSTEMPATH\Database\MySQLi\Connection.php(292): mysqli->query('INSERT INTO `clientes` (`nome`, `telefone`, `endereco`, `limite_de_credito`) VALUES (\'Name\', \'123\', \'xxxxxxx\', \'123\')', 0)
 2 SYSTEMPATH\Database\BaseConnection.php(666): CodeIgniter\Database\MySQLi\Connection->execute('INSERT INTO `clientes` (`nome`, `telefone`, `endereco`, `limite_de_credito`) VALUES (\'Name\', \'123\', \'xxxxxxx\', \'123\')')
 3 SYSTEMPATH\Database\BaseConnection.php(593): CodeIgniter\Database\BaseConnection->simpleQuery('INSERT INTO `clientes` (`nome`, `telefone`, `endereco`, `limite_de_credito`) VALUES (\'Name\', \'123\', \'xxxxxxx\', \'123\')')
 4 SYSTEMPATH\Database\BaseBuilder.php(1916): CodeIgniter\Database\BaseConnection->query('INSERT INTO `clientes` (`nome`, `telefone`, `endereco`, `limite_de_credito`) VALUES (:nome:, :telefone:, :endereco:, :limite_de_credito:)', [...], false)
 5 SYSTEMPATH\Model.php(303): CodeIgniter\Database\BaseBuilder->insert()
 6 SYSTEMPATH\BaseModel.php(750): CodeIgniter\Model->doInsert([...])
 7 SYSTEMPATH\Model.php(695): CodeIgniter\BaseModel->insert([...], true)
 8 APPPATH\Controllers\Clientes.php(26): CodeIgniter\Model->insert([...])
 9 SYSTEMPATH\CodeIgniter.php(925): App\Controllers\Clientes->store()
10 SYSTEMPATH\CodeIgniter.php(480): CodeIgniter\CodeIgniter->runController(Object(App\Controllers\Clientes))
11 SYSTEMPATH\CodeIgniter.php(349): CodeIgniter\CodeIgniter->handleRequest(null, Object(Config\Cache), false)
12 FCPATH\index.php(67): CodeIgniter\CodeIgniter->run()
13 SYSTEMPATH\Commands\Server\rewrite.php(47): require_once('FCPATH\\index.php')
ERROR - 2022-12-27 11:39:55 --> mysqli_sql_exception: Duplicate entry '0' for key 'PRIMARY' in C:\xampp\htdocs\CI4M2\system\Database\MySQLi\Connection.php:292
Stack trace:
#0 C:\xampp\htdocs\CI4M2\system\Database\MySQLi\Connection.php(292): mysqli->query('INSERT INTO `cl...', 0)
#1 C:\xampp\htdocs\CI4M2\system\Database\BaseConnection.php(666): CodeIgniter\Database\MySQLi\Connection->execute('INSERT INTO `cl...')
#2 C:\xampp\htdocs\CI4M2\system\Database\BaseConnection.php(593): CodeIgniter\Database\BaseConnection->simpleQuery('INSERT INTO `cl...')
#3 C:\xampp\htdocs\CI4M2\system\Database\BaseBuilder.php(1916): CodeIgniter\Database\BaseConnection->query('INSERT INTO `cl...', Array, false)
#4 C:\xampp\htdocs\CI4M2\system\Model.php(303): CodeIgniter\Database\BaseBuilder->insert()
#5 C:\xampp\htdocs\CI4M2\system\BaseModel.php(750): CodeIgniter\Model->doInsert(Array)
#6 C:\xampp\htdocs\CI4M2\system\Model.php(695): CodeIgniter\BaseModel->insert(Array, true)
#7 C:\xampp\htdocs\CI4M2\app\Controllers\Clientes.php(26): CodeIgniter\Model->insert(Array)
#8 C:\xampp\htdocs\CI4M2\system\CodeIgniter.php(925): App\Controllers\Clientes->store()
#9 C:\xampp\htdocs\CI4M2\system\CodeIgniter.php(480): CodeIgniter\CodeIgniter->runController(Object(App\Controllers\Clientes))
#10 C:\xampp\htdocs\CI4M2\system\CodeIgniter.php(349): CodeIgniter\CodeIgniter->handleRequest(NULL, Object(Config\Cache), false)
#11 C:\xampp\htdocs\CI4M2\public\index.php(67): CodeIgniter\CodeIgniter->run()
#12 C:\xampp\htdocs\CI4M2\system\Commands\Server\rewrite.php(47): require_once('C:\\xampp\\htdocs...')
#13 {main}
CRITICAL - 2022-12-27 11:39:55 --> Duplicate entry '0' for key 'PRIMARY'
in SYSTEMPATH\Database\MySQLi\Connection.php on line 292.
 1 SYSTEMPATH\Database\MySQLi\Connection.php(292): mysqli->query('INSERT INTO `clientes` (`nome`, `telefone`, `endereco`, `limite_de_credito`) VALUES (\'Name\', \'123\', \'xxxxxxx\', \'123\')', 0)
 2 SYSTEMPATH\Database\BaseConnection.php(666): CodeIgniter\Database\MySQLi\Connection->execute('INSERT INTO `clientes` (`nome`, `telefone`, `endereco`, `limite_de_credito`) VALUES (\'Name\', \'123\', \'xxxxxxx\', \'123\')')
 3 SYSTEMPATH\Database\BaseConnection.php(593): CodeIgniter\Database\BaseConnection->simpleQuery('INSERT INTO `clientes` (`nome`, `telefone`, `endereco`, `limite_de_credito`) VALUES (\'Name\', \'123\', \'xxxxxxx\', \'123\')')
 4 SYSTEMPATH\Database\BaseBuilder.php(1916): CodeIgniter\Database\BaseConnection->query('INSERT INTO `clientes` (`nome`, `telefone`, `endereco`, `limite_de_credito`) VALUES (:nome:, :telefone:, :endereco:, :limite_de_credito:)', [...], false)
 5 SYSTEMPATH\Model.php(303): CodeIgniter\Database\BaseBuilder->insert()
 6 SYSTEMPATH\BaseModel.php(750): CodeIgniter\Model->doInsert([...])
 7 SYSTEMPATH\Model.php(695): CodeIgniter\BaseModel->insert([...], true)
 8 APPPATH\Controllers\Clientes.php(26): CodeIgniter\Model->insert([...])
 9 SYSTEMPATH\CodeIgniter.php(925): App\Controllers\Clientes->store()
10 SYSTEMPATH\CodeIgniter.php(480): CodeIgniter\CodeIgniter->runController(Object(App\Controllers\Clientes))
11 SYSTEMPATH\CodeIgniter.php(349): CodeIgniter\CodeIgniter->handleRequest(null, Object(Config\Cache), false)
12 FCPATH\index.php(67): CodeIgniter\CodeIgniter->run()
13 SYSTEMPATH\Commands\Server\rewrite.php(47): require_once('FCPATH\\index.php')
ERROR - 2022-12-27 11:39:59 --> mysqli_sql_exception: Duplicate entry '0' for key 'PRIMARY' in C:\xampp\htdocs\CI4M2\system\Database\MySQLi\Connection.php:292
Stack trace:
#0 C:\xampp\htdocs\CI4M2\system\Database\MySQLi\Connection.php(292): mysqli->query('INSERT INTO `cl...', 0)
#1 C:\xampp\htdocs\CI4M2\system\Database\BaseConnection.php(666): CodeIgniter\Database\MySQLi\Connection->execute('INSERT INTO `cl...')
#2 C:\xampp\htdocs\CI4M2\system\Database\BaseConnection.php(593): CodeIgniter\Database\BaseConnection->simpleQuery('INSERT INTO `cl...')
#3 C:\xampp\htdocs\CI4M2\system\Database\BaseBuilder.php(1916): CodeIgniter\Database\BaseConnection->query('INSERT INTO `cl...', Array, false)
#4 C:\xampp\htdocs\CI4M2\system\Model.php(303): CodeIgniter\Database\BaseBuilder->insert()
#5 C:\xampp\htdocs\CI4M2\system\BaseModel.php(750): CodeIgniter\Model->doInsert(Array)
#6 C:\xampp\htdocs\CI4M2\system\Model.php(695): CodeIgniter\BaseModel->insert(Array, true)
#7 C:\xampp\htdocs\CI4M2\app\Controllers\Clientes.php(26): CodeIgniter\Model->insert(Array)
#8 C:\xampp\htdocs\CI4M2\system\CodeIgniter.php(925): App\Controllers\Clientes->store()
#9 C:\xampp\htdocs\CI4M2\system\CodeIgniter.php(480): CodeIgniter\CodeIgniter->runController(Object(App\Controllers\Clientes))
#10 C:\xampp\htdocs\CI4M2\system\CodeIgniter.php(349): CodeIgniter\CodeIgniter->handleRequest(NULL, Object(Config\Cache), false)
#11 C:\xampp\htdocs\CI4M2\public\index.php(67): CodeIgniter\CodeIgniter->run()
#12 C:\xampp\htdocs\CI4M2\system\Commands\Server\rewrite.php(47): require_once('C:\\xampp\\htdocs...')
#13 {main}
CRITICAL - 2022-12-27 11:39:59 --> Duplicate entry '0' for key 'PRIMARY'
in SYSTEMPATH\Database\MySQLi\Connection.php on line 292.
 1 SYSTEMPATH\Database\MySQLi\Connection.php(292): mysqli->query('INSERT INTO `clientes` (`nome`, `telefone`, `endereco`, `limite_de_credito`) VALUES (\'\', \'\', \'\', \'\')', 0)
 2 SYSTEMPATH\Database\BaseConnection.php(666): CodeIgniter\Database\MySQLi\Connection->execute('INSERT INTO `clientes` (`nome`, `telefone`, `endereco`, `limite_de_credito`) VALUES (\'\', \'\', \'\', \'\')')
 3 SYSTEMPATH\Database\BaseConnection.php(593): CodeIgniter\Database\BaseConnection->simpleQuery('INSERT INTO `clientes` (`nome`, `telefone`, `endereco`, `limite_de_credito`) VALUES (\'\', \'\', \'\', \'\')')
 4 SYSTEMPATH\Database\BaseBuilder.php(1916): CodeIgniter\Database\BaseConnection->query('INSERT INTO `clientes` (`nome`, `telefone`, `endereco`, `limite_de_credito`) VALUES (:nome:, :telefone:, :endereco:, :limite_de_credito:)', [...], false)
 5 SYSTEMPATH\Model.php(303): CodeIgniter\Database\BaseBuilder->insert()
 6 SYSTEMPATH\BaseModel.php(750): CodeIgniter\Model->doInsert([...])
 7 SYSTEMPATH\Model.php(695): CodeIgniter\BaseModel->insert([...], true)
 8 APPPATH\Controllers\Clientes.php(26): CodeIgniter\Model->insert([...])
 9 SYSTEMPATH\CodeIgniter.php(925): App\Controllers\Clientes->store()
10 SYSTEMPATH\CodeIgniter.php(480): CodeIgniter\CodeIgniter->runController(Object(App\Controllers\Clientes))
11 SYSTEMPATH\CodeIgniter.php(349): CodeIgniter\CodeIgniter->handleRequest(null, Object(Config\Cache), false)
12 FCPATH\index.php(67): CodeIgniter\CodeIgniter->run()
13 SYSTEMPATH\Commands\Server\rewrite.php(47): require_once('FCPATH\\index.php')
ERROR - 2022-12-27 11:40:22 --> mysqli_sql_exception: Duplicate entry '0' for key 'PRIMARY' in C:\xampp\htdocs\CI4M2\system\Database\MySQLi\Connection.php:292
Stack trace:
#0 C:\xampp\htdocs\CI4M2\system\Database\MySQLi\Connection.php(292): mysqli->query('INSERT INTO `cl...', 0)
#1 C:\xampp\htdocs\CI4M2\system\Database\BaseConnection.php(666): CodeIgniter\Database\MySQLi\Connection->execute('INSERT INTO `cl...')
#2 C:\xampp\htdocs\CI4M2\system\Database\BaseConnection.php(593): CodeIgniter\Database\BaseConnection->simpleQuery('INSERT INTO `cl...')
#3 C:\xampp\htdocs\CI4M2\system\Database\BaseBuilder.php(1916): CodeIgniter\Database\BaseConnection->query('INSERT INTO `cl...', Array, false)
#4 C:\xampp\htdocs\CI4M2\system\Model.php(303): CodeIgniter\Database\BaseBuilder->insert()
#5 C:\xampp\htdocs\CI4M2\system\BaseModel.php(750): CodeIgniter\Model->doInsert(Array)
#6 C:\xampp\htdocs\CI4M2\system\Model.php(695): CodeIgniter\BaseModel->insert(Array, true)
#7 C:\xampp\htdocs\CI4M2\app\Controllers\Clientes.php(26): CodeIgniter\Model->insert(Array)
#8 C:\xampp\htdocs\CI4M2\system\CodeIgniter.php(925): App\Controllers\Clientes->store()
#9 C:\xampp\htdocs\CI4M2\system\CodeIgniter.php(480): CodeIgniter\CodeIgniter->runController(Object(App\Controllers\Clientes))
#10 C:\xampp\htdocs\CI4M2\system\CodeIgniter.php(349): CodeIgniter\CodeIgniter->handleRequest(NULL, Object(Config\Cache), false)
#11 C:\xampp\htdocs\CI4M2\public\index.php(67): CodeIgniter\CodeIgniter->run()
#12 C:\xampp\htdocs\CI4M2\system\Commands\Server\rewrite.php(47): require_once('C:\\xampp\\htdocs...')
#13 {main}
CRITICAL - 2022-12-27 11:40:22 --> Duplicate entry '0' for key 'PRIMARY'
in SYSTEMPATH\Database\MySQLi\Connection.php on line 292.
 1 SYSTEMPATH\Database\MySQLi\Connection.php(292): mysqli->query('INSERT INTO `clientes` (`nome`, `telefone`, `endereco`, `limite_de_credito`) VALUES (\'Name\', \'123\', \'xxxxxxxxx\', \'123\')', 0)
 2 SYSTEMPATH\Database\BaseConnection.php(666): CodeIgniter\Database\MySQLi\Connection->execute('INSERT INTO `clientes` (`nome`, `telefone`, `endereco`, `limite_de_credito`) VALUES (\'Name\', \'123\', \'xxxxxxxxx\', \'123\')')
 3 SYSTEMPATH\Database\BaseConnection.php(593): CodeIgniter\Database\BaseConnection->simpleQuery('INSERT INTO `clientes` (`nome`, `telefone`, `endereco`, `limite_de_credito`) VALUES (\'Name\', \'123\', \'xxxxxxxxx\', \'123\')')
 4 SYSTEMPATH\Database\BaseBuilder.php(1916): CodeIgniter\Database\BaseConnection->query('INSERT INTO `clientes` (`nome`, `telefone`, `endereco`, `limite_de_credito`) VALUES (:nome:, :telefone:, :endereco:, :limite_de_credito:)', [...], false)
 5 SYSTEMPATH\Model.php(303): CodeIgniter\Database\BaseBuilder->insert()
 6 SYSTEMPATH\BaseModel.php(750): CodeIgniter\Model->doInsert([...])
 7 SYSTEMPATH\Model.php(695): CodeIgniter\BaseModel->insert([...], true)
 8 APPPATH\Controllers\Clientes.php(26): CodeIgniter\Model->insert([...])
 9 SYSTEMPATH\CodeIgniter.php(925): App\Controllers\Clientes->store()
10 SYSTEMPATH\CodeIgniter.php(480): CodeIgniter\CodeIgniter->runController(Object(App\Controllers\Clientes))
11 SYSTEMPATH\CodeIgniter.php(349): CodeIgniter\CodeIgniter->handleRequest(null, Object(Config\Cache), false)
12 FCPATH\index.php(67): CodeIgniter\CodeIgniter->run()
13 SYSTEMPATH\Commands\Server\rewrite.php(47): require_once('FCPATH\\index.php')
ERROR - 2022-12-27 11:40:39 --> mysqli_sql_exception: Duplicate entry '0' for key 'PRIMARY' in C:\xampp\htdocs\CI4M2\system\Database\MySQLi\Connection.php:292
Stack trace:
#0 C:\xampp\htdocs\CI4M2\system\Database\MySQLi\Connection.php(292): mysqli->query('INSERT INTO `cl...', 0)
#1 C:\xampp\htdocs\CI4M2\system\Database\BaseConnection.php(666): CodeIgniter\Database\MySQLi\Connection->execute('INSERT INTO `cl...')
#2 C:\xampp\htdocs\CI4M2\system\Database\BaseConnection.php(593): CodeIgniter\Database\BaseConnection->simpleQuery('INSERT INTO `cl...')
#3 C:\xampp\htdocs\CI4M2\system\Database\BaseBuilder.php(1916): CodeIgniter\Database\BaseConnection->query('INSERT INTO `cl...', Array, false)
#4 C:\xampp\htdocs\CI4M2\system\Model.php(303): CodeIgniter\Database\BaseBuilder->insert()
#5 C:\xampp\htdocs\CI4M2\system\BaseModel.php(750): CodeIgniter\Model->doInsert(Array)
#6 C:\xampp\htdocs\CI4M2\system\Model.php(695): CodeIgniter\BaseModel->insert(Array, true)
#7 C:\xampp\htdocs\CI4M2\app\Controllers\Clientes.php(26): CodeIgniter\Model->insert(Array)
#8 C:\xampp\htdocs\CI4M2\system\CodeIgniter.php(925): App\Controllers\Clientes->store()
#9 C:\xampp\htdocs\CI4M2\system\CodeIgniter.php(480): CodeIgniter\CodeIgniter->runController(Object(App\Controllers\Clientes))
#10 C:\xampp\htdocs\CI4M2\system\CodeIgniter.php(349): CodeIgniter\CodeIgniter->handleRequest(NULL, Object(Config\Cache), false)
#11 C:\xampp\htdocs\CI4M2\public\index.php(67): CodeIgniter\CodeIgniter->run()
#12 C:\xampp\htdocs\CI4M2\system\Commands\Server\rewrite.php(47): require_once('C:\\xampp\\htdocs...')
#13 {main}
CRITICAL - 2022-12-27 11:40:39 --> Duplicate entry '0' for key 'PRIMARY'
in SYSTEMPATH\Database\MySQLi\Connection.php on line 292.
 1 SYSTEMPATH\Database\MySQLi\Connection.php(292): mysqli->query('INSERT INTO `clientes` (`nome`, `telefone`, `endereco`, `limite_de_credito`) VALUES (\'Name\', \'123\', \'xxxxxxxxx\', \'123\')', 0)
 2 SYSTEMPATH\Database\BaseConnection.php(666): CodeIgniter\Database\MySQLi\Connection->execute('INSERT INTO `clientes` (`nome`, `telefone`, `endereco`, `limite_de_credito`) VALUES (\'Name\', \'123\', \'xxxxxxxxx\', \'123\')')
 3 SYSTEMPATH\Database\BaseConnection.php(593): CodeIgniter\Database\BaseConnection->simpleQuery('INSERT INTO `clientes` (`nome`, `telefone`, `endereco`, `limite_de_credito`) VALUES (\'Name\', \'123\', \'xxxxxxxxx\', \'123\')')
 4 SYSTEMPATH\Database\BaseBuilder.php(1916): CodeIgniter\Database\BaseConnection->query('INSERT INTO `clientes` (`nome`, `telefone`, `endereco`, `limite_de_credito`) VALUES (:nome:, :telefone:, :endereco:, :limite_de_credito:)', [...], false)
 5 SYSTEMPATH\Model.php(303): CodeIgniter\Database\BaseBuilder->insert()
 6 SYSTEMPATH\BaseModel.php(750): CodeIgniter\Model->doInsert([...])
 7 SYSTEMPATH\Model.php(695): CodeIgniter\BaseModel->insert([...], true)
 8 APPPATH\Controllers\Clientes.php(26): CodeIgniter\Model->insert([...])
 9 SYSTEMPATH\CodeIgniter.php(925): App\Controllers\Clientes->store()
10 SYSTEMPATH\CodeIgniter.php(480): CodeIgniter\CodeIgniter->runController(Object(App\Controllers\Clientes))
11 SYSTEMPATH\CodeIgniter.php(349): CodeIgniter\CodeIgniter->handleRequest(null, Object(Config\Cache), false)
12 FCPATH\index.php(67): CodeIgniter\CodeIgniter->run()
13 SYSTEMPATH\Commands\Server\rewrite.php(47): require_once('FCPATH\\index.php')
ERROR - 2022-12-27 11:40:54 --> mysqli_sql_exception: Duplicate entry '0' for key 'PRIMARY' in C:\xampp\htdocs\CI4M2\system\Database\MySQLi\Connection.php:292
Stack trace:
#0 C:\xampp\htdocs\CI4M2\system\Database\MySQLi\Connection.php(292): mysqli->query('INSERT INTO `cl...', 0)
#1 C:\xampp\htdocs\CI4M2\system\Database\BaseConnection.php(666): CodeIgniter\Database\MySQLi\Connection->execute('INSERT INTO `cl...')
#2 C:\xampp\htdocs\CI4M2\system\Database\BaseConnection.php(593): CodeIgniter\Database\BaseConnection->simpleQuery('INSERT INTO `cl...')
#3 C:\xampp\htdocs\CI4M2\system\Database\BaseBuilder.php(1916): CodeIgniter\Database\BaseConnection->query('INSERT INTO `cl...', Array, false)
#4 C:\xampp\htdocs\CI4M2\system\Model.php(303): CodeIgniter\Database\BaseBuilder->insert()
#5 C:\xampp\htdocs\CI4M2\system\BaseModel.php(750): CodeIgniter\Model->doInsert(Array)
#6 C:\xampp\htdocs\CI4M2\system\Model.php(695): CodeIgniter\BaseModel->insert(Array, true)
#7 C:\xampp\htdocs\CI4M2\app\Controllers\Clientes.php(26): CodeIgniter\Model->insert(Array)
#8 C:\xampp\htdocs\CI4M2\system\CodeIgniter.php(925): App\Controllers\Clientes->store()
#9 C:\xampp\htdocs\CI4M2\system\CodeIgniter.php(480): CodeIgniter\CodeIgniter->runController(Object(App\Controllers\Clientes))
#10 C:\xampp\htdocs\CI4M2\system\CodeIgniter.php(349): CodeIgniter\CodeIgniter->handleRequest(NULL, Object(Config\Cache), false)
#11 C:\xampp\htdocs\CI4M2\public\index.php(67): CodeIgniter\CodeIgniter->run()
#12 C:\xampp\htdocs\CI4M2\system\Commands\Server\rewrite.php(47): require_once('C:\\xampp\\htdocs...')
#13 {main}
CRITICAL - 2022-12-27 11:40:54 --> Duplicate entry '0' for key 'PRIMARY'
in SYSTEMPATH\Database\MySQLi\Connection.php on line 292.
 1 SYSTEMPATH\Database\MySQLi\Connection.php(292): mysqli->query('INSERT INTO `clientes` (`nome`, `telefone`, `endereco`, `limite_de_credito`) VALUES (\'Name\', \'123\', \'xxxxxxxxx\', \'123\')', 0)
 2 SYSTEMPATH\Database\BaseConnection.php(666): CodeIgniter\Database\MySQLi\Connection->execute('INSERT INTO `clientes` (`nome`, `telefone`, `endereco`, `limite_de_credito`) VALUES (\'Name\', \'123\', \'xxxxxxxxx\', \'123\')')
 3 SYSTEMPATH\Database\BaseConnection.php(593): CodeIgniter\Database\BaseConnection->simpleQuery('INSERT INTO `clientes` (`nome`, `telefone`, `endereco`, `limite_de_credito`) VALUES (\'Name\', \'123\', \'xxxxxxxxx\', \'123\')')
 4 SYSTEMPATH\Database\BaseBuilder.php(1916): CodeIgniter\Database\BaseConnection->query('INSERT INTO `clientes` (`nome`, `telefone`, `endereco`, `limite_de_credito`) VALUES (:nome:, :telefone:, :endereco:, :limite_de_credito:)', [...], false)
 5 SYSTEMPATH\Model.php(303): CodeIgniter\Database\BaseBuilder->insert()
 6 SYSTEMPATH\BaseModel.php(750): CodeIgniter\Model->doInsert([...])
 7 SYSTEMPATH\Model.php(695): CodeIgniter\BaseModel->insert([...], true)
 8 APPPATH\Controllers\Clientes.php(26): CodeIgniter\Model->insert([...])
 9 SYSTEMPATH\CodeIgniter.php(925): App\Controllers\Clientes->store()
10 SYSTEMPATH\CodeIgniter.php(480): CodeIgniter\CodeIgniter->runController(Object(App\Controllers\Clientes))
11 SYSTEMPATH\CodeIgniter.php(349): CodeIgniter\CodeIgniter->handleRequest(null, Object(Config\Cache), false)
12 FCPATH\index.php(67): CodeIgniter\CodeIgniter->run()
13 SYSTEMPATH\Commands\Server\rewrite.php(47): require_once('FCPATH\\index.php')
ERROR - 2022-12-27 11:41:17 --> mysqli_sql_exception: Duplicate entry '0' for key 'PRIMARY' in C:\xampp\htdocs\CI4M2\system\Database\MySQLi\Connection.php:292
Stack trace:
#0 C:\xampp\htdocs\CI4M2\system\Database\MySQLi\Connection.php(292): mysqli->query('INSERT INTO `cl...', 0)
#1 C:\xampp\htdocs\CI4M2\system\Database\BaseConnection.php(666): CodeIgniter\Database\MySQLi\Connection->execute('INSERT INTO `cl...')
#2 C:\xampp\htdocs\CI4M2\system\Database\BaseConnection.php(593): CodeIgniter\Database\BaseConnection->simpleQuery('INSERT INTO `cl...')
#3 C:\xampp\htdocs\CI4M2\system\Database\BaseBuilder.php(1916): CodeIgniter\Database\BaseConnection->query('INSERT INTO `cl...', Array, false)
#4 C:\xampp\htdocs\CI4M2\system\Model.php(303): CodeIgniter\Database\BaseBuilder->insert()
#5 C:\xampp\htdocs\CI4M2\system\BaseModel.php(750): CodeIgniter\Model->doInsert(Array)
#6 C:\xampp\htdocs\CI4M2\system\Model.php(695): CodeIgniter\BaseModel->insert(Array, true)
#7 C:\xampp\htdocs\CI4M2\app\Controllers\Clientes.php(26): CodeIgniter\Model->insert(Array)
#8 C:\xampp\htdocs\CI4M2\system\CodeIgniter.php(925): App\Controllers\Clientes->store()
#9 C:\xampp\htdocs\CI4M2\system\CodeIgniter.php(480): CodeIgniter\CodeIgniter->runController(Object(App\Controllers\Clientes))
#10 C:\xampp\htdocs\CI4M2\system\CodeIgniter.php(349): CodeIgniter\CodeIgniter->handleRequest(NULL, Object(Config\Cache), false)
#11 C:\xampp\htdocs\CI4M2\public\index.php(67): CodeIgniter\CodeIgniter->run()
#12 C:\xampp\htdocs\CI4M2\system\Commands\Server\rewrite.php(47): require_once('C:\\xampp\\htdocs...')
#13 {main}
CRITICAL - 2022-12-27 11:41:17 --> Duplicate entry '0' for key 'PRIMARY'
in SYSTEMPATH\Database\MySQLi\Connection.php on line 292.
 1 SYSTEMPATH\Database\MySQLi\Connection.php(292): mysqli->query('INSERT INTO `clientes` (`nome`, `telefone`, `endereco`, `limite_de_credito`) VALUES (\'Name\', \'123\', \'xxxxxxxxx\', \'123\')', 0)
 2 SYSTEMPATH\Database\BaseConnection.php(666): CodeIgniter\Database\MySQLi\Connection->execute('INSERT INTO `clientes` (`nome`, `telefone`, `endereco`, `limite_de_credito`) VALUES (\'Name\', \'123\', \'xxxxxxxxx\', \'123\')')
 3 SYSTEMPATH\Database\BaseConnection.php(593): CodeIgniter\Database\BaseConnection->simpleQuery('INSERT INTO `clientes` (`nome`, `telefone`, `endereco`, `limite_de_credito`) VALUES (\'Name\', \'123\', \'xxxxxxxxx\', \'123\')')
 4 SYSTEMPATH\Database\BaseBuilder.php(1916): CodeIgniter\Database\BaseConnection->query('INSERT INTO `clientes` (`nome`, `telefone`, `endereco`, `limite_de_credito`) VALUES (:nome:, :telefone:, :endereco:, :limite_de_credito:)', [...], false)
 5 SYSTEMPATH\Model.php(303): CodeIgniter\Database\BaseBuilder->insert()
 6 SYSTEMPATH\BaseModel.php(750): CodeIgniter\Model->doInsert([...])
 7 SYSTEMPATH\Model.php(695): CodeIgniter\BaseModel->insert([...], true)
 8 APPPATH\Controllers\Clientes.php(26): CodeIgniter\Model->insert([...])
 9 SYSTEMPATH\CodeIgniter.php(925): App\Controllers\Clientes->store()
10 SYSTEMPATH\CodeIgniter.php(480): CodeIgniter\CodeIgniter->runController(Object(App\Controllers\Clientes))
11 SYSTEMPATH\CodeIgniter.php(349): CodeIgniter\CodeIgniter->handleRequest(null, Object(Config\Cache), false)
12 FCPATH\index.php(67): CodeIgniter\CodeIgniter->run()
13 SYSTEMPATH\Commands\Server\rewrite.php(47): require_once('FCPATH\\index.php')
ERROR - 2022-12-27 11:43:03 --> mysqli_sql_exception: Duplicate entry '0' for key 'PRIMARY' in C:\xampp\htdocs\CI4M2\system\Database\MySQLi\Connection.php:292
Stack trace:
#0 C:\xampp\htdocs\CI4M2\system\Database\MySQLi\Connection.php(292): mysqli->query('INSERT INTO `cl...', 0)
#1 C:\xampp\htdocs\CI4M2\system\Database\BaseConnection.php(666): CodeIgniter\Database\MySQLi\Connection->execute('INSERT INTO `cl...')
#2 C:\xampp\htdocs\CI4M2\system\Database\BaseConnection.php(593): CodeIgniter\Database\BaseConnection->simpleQuery('INSERT INTO `cl...')
#3 C:\xampp\htdocs\CI4M2\system\Database\BaseBuilder.php(1916): CodeIgniter\Database\BaseConnection->query('INSERT INTO `cl...', Array, false)
#4 C:\xampp\htdocs\CI4M2\system\Model.php(303): CodeIgniter\Database\BaseBuilder->insert()
#5 C:\xampp\htdocs\CI4M2\system\BaseModel.php(750): CodeIgniter\Model->doInsert(Array)
#6 C:\xampp\htdocs\CI4M2\system\Model.php(695): CodeIgniter\BaseModel->insert(Array, true)
#7 C:\xampp\htdocs\CI4M2\app\Controllers\Clientes.php(26): CodeIgniter\Model->insert(Array)
#8 C:\xampp\htdocs\CI4M2\system\CodeIgniter.php(925): App\Controllers\Clientes->store()
#9 C:\xampp\htdocs\CI4M2\system\CodeIgniter.php(480): CodeIgniter\CodeIgniter->runController(Object(App\Controllers\Clientes))
#10 C:\xampp\htdocs\CI4M2\system\CodeIgniter.php(349): CodeIgniter\CodeIgniter->handleRequest(NULL, Object(Config\Cache), false)
#11 C:\xampp\htdocs\CI4M2\public\index.php(67): CodeIgniter\CodeIgniter->run()
#12 C:\xampp\htdocs\CI4M2\system\Commands\Server\rewrite.php(47): require_once('C:\\xampp\\htdocs...')
#13 {main}
CRITICAL - 2022-12-27 11:43:03 --> Duplicate entry '0' for key 'PRIMARY'
in SYSTEMPATH\Database\MySQLi\Connection.php on line 292.
 1 SYSTEMPATH\Database\MySQLi\Connection.php(292): mysqli->query('INSERT INTO `clientes` (`nome`, `telefone`, `endereco`, `limite_de_credito`) VALUES (\'Name\', \'123\', \'xxxxxxxxx\', \'123\')', 0)
 2 SYSTEMPATH\Database\BaseConnection.php(666): CodeIgniter\Database\MySQLi\Connection->execute('INSERT INTO `clientes` (`nome`, `telefone`, `endereco`, `limite_de_credito`) VALUES (\'Name\', \'123\', \'xxxxxxxxx\', \'123\')')
 3 SYSTEMPATH\Database\BaseConnection.php(593): CodeIgniter\Database\BaseConnection->simpleQuery('INSERT INTO `clientes` (`nome`, `telefone`, `endereco`, `limite_de_credito`) VALUES (\'Name\', \'123\', \'xxxxxxxxx\', \'123\')')
 4 SYSTEMPATH\Database\BaseBuilder.php(1916): CodeIgniter\Database\BaseConnection->query('INSERT INTO `clientes` (`nome`, `telefone`, `endereco`, `limite_de_credito`) VALUES (:nome:, :telefone:, :endereco:, :limite_de_credito:)', [...], false)
 5 SYSTEMPATH\Model.php(303): CodeIgniter\Database\BaseBuilder->insert()
 6 SYSTEMPATH\BaseModel.php(750): CodeIgniter\Model->doInsert([...])
 7 SYSTEMPATH\Model.php(695): CodeIgniter\BaseModel->insert([...], true)
 8 APPPATH\Controllers\Clientes.php(26): CodeIgniter\Model->insert([...])
 9 SYSTEMPATH\CodeIgniter.php(925): App\Controllers\Clientes->store()
10 SYSTEMPATH\CodeIgniter.php(480): CodeIgniter\CodeIgniter->runController(Object(App\Controllers\Clientes))
11 SYSTEMPATH\CodeIgniter.php(349): CodeIgniter\CodeIgniter->handleRequest(null, Object(Config\Cache), false)
12 FCPATH\index.php(67): CodeIgniter\CodeIgniter->run()
13 SYSTEMPATH\Commands\Server\rewrite.php(47): require_once('FCPATH\\index.php')
ERROR - 2022-12-27 11:43:26 --> mysqli_sql_exception: Duplicate entry '0' for key 'PRIMARY' in C:\xampp\htdocs\CI4M2\system\Database\MySQLi\Connection.php:292
Stack trace:
#0 C:\xampp\htdocs\CI4M2\system\Database\MySQLi\Connection.php(292): mysqli->query('INSERT INTO `cl...', 0)
#1 C:\xampp\htdocs\CI4M2\system\Database\BaseConnection.php(666): CodeIgniter\Database\MySQLi\Connection->execute('INSERT INTO `cl...')
#2 C:\xampp\htdocs\CI4M2\system\Database\BaseConnection.php(593): CodeIgniter\Database\BaseConnection->simpleQuery('INSERT INTO `cl...')
#3 C:\xampp\htdocs\CI4M2\system\Database\BaseBuilder.php(1916): CodeIgniter\Database\BaseConnection->query('INSERT INTO `cl...', Array, false)
#4 C:\xampp\htdocs\CI4M2\system\Model.php(303): CodeIgniter\Database\BaseBuilder->insert()
#5 C:\xampp\htdocs\CI4M2\system\BaseModel.php(750): CodeIgniter\Model->doInsert(Array)
#6 C:\xampp\htdocs\CI4M2\system\Model.php(695): CodeIgniter\BaseModel->insert(Array, true)
#7 C:\xampp\htdocs\CI4M2\app\Controllers\Clientes.php(26): CodeIgniter\Model->insert(Array)
#8 C:\xampp\htdocs\CI4M2\system\CodeIgniter.php(925): App\Controllers\Clientes->store()
#9 C:\xampp\htdocs\CI4M2\system\CodeIgniter.php(480): CodeIgniter\CodeIgniter->runController(Object(App\Controllers\Clientes))
#10 C:\xampp\htdocs\CI4M2\system\CodeIgniter.php(349): CodeIgniter\CodeIgniter->handleRequest(NULL, Object(Config\Cache), false)
#11 C:\xampp\htdocs\CI4M2\public\index.php(67): CodeIgniter\CodeIgniter->run()
#12 C:\xampp\htdocs\CI4M2\system\Commands\Server\rewrite.php(47): require_once('C:\\xampp\\htdocs...')
#13 {main}
CRITICAL - 2022-12-27 11:43:26 --> Duplicate entry '0' for key 'PRIMARY'
in SYSTEMPATH\Database\MySQLi\Connection.php on line 292.
 1 SYSTEMPATH\Database\MySQLi\Connection.php(292): mysqli->query('INSERT INTO `clientes` (`nome`, `telefone`, `endereco`, `limite_de_credito`) VALUES (\'Fulano\', \'123\', \'xxxxxxx\', \'123\')', 0)
 2 SYSTEMPATH\Database\BaseConnection.php(666): CodeIgniter\Database\MySQLi\Connection->execute('INSERT INTO `clientes` (`nome`, `telefone`, `endereco`, `limite_de_credito`) VALUES (\'Fulano\', \'123\', \'xxxxxxx\', \'123\')')
 3 SYSTEMPATH\Database\BaseConnection.php(593): CodeIgniter\Database\BaseConnection->simpleQuery('INSERT INTO `clientes` (`nome`, `telefone`, `endereco`, `limite_de_credito`) VALUES (\'Fulano\', \'123\', \'xxxxxxx\', \'123\')')
 4 SYSTEMPATH\Database\BaseBuilder.php(1916): CodeIgniter\Database\BaseConnection->query('INSERT INTO `clientes` (`nome`, `telefone`, `endereco`, `limite_de_credito`) VALUES (:nome:, :telefone:, :endereco:, :limite_de_credito:)', [...], false)
 5 SYSTEMPATH\Model.php(303): CodeIgniter\Database\BaseBuilder->insert()
 6 SYSTEMPATH\BaseModel.php(750): CodeIgniter\Model->doInsert([...])
 7 SYSTEMPATH\Model.php(695): CodeIgniter\BaseModel->insert([...], true)
 8 APPPATH\Controllers\Clientes.php(26): CodeIgniter\Model->insert([...])
 9 SYSTEMPATH\CodeIgniter.php(925): App\Controllers\Clientes->store()
10 SYSTEMPATH\CodeIgniter.php(480): CodeIgniter\CodeIgniter->runController(Object(App\Controllers\Clientes))
11 SYSTEMPATH\CodeIgniter.php(349): CodeIgniter\CodeIgniter->handleRequest(null, Object(Config\Cache), false)
12 FCPATH\index.php(67): CodeIgniter\CodeIgniter->run()
13 SYSTEMPATH\Commands\Server\rewrite.php(47): require_once('FCPATH\\index.php')
ERROR - 2022-12-27 11:45:26 --> mysqli_sql_exception: Duplicate entry '0' for key 'PRIMARY' in C:\xampp\htdocs\CI4M2\system\Database\MySQLi\Connection.php:292
Stack trace:
#0 C:\xampp\htdocs\CI4M2\system\Database\MySQLi\Connection.php(292): mysqli->query('INSERT INTO `cl...', 0)
#1 C:\xampp\htdocs\CI4M2\system\Database\BaseConnection.php(666): CodeIgniter\Database\MySQLi\Connection->execute('INSERT INTO `cl...')
#2 C:\xampp\htdocs\CI4M2\system\Database\BaseConnection.php(593): CodeIgniter\Database\BaseConnection->simpleQuery('INSERT INTO `cl...')
#3 C:\xampp\htdocs\CI4M2\system\Database\BaseBuilder.php(1916): CodeIgniter\Database\BaseConnection->query('INSERT INTO `cl...', Array, false)
#4 C:\xampp\htdocs\CI4M2\system\Model.php(303): CodeIgniter\Database\BaseBuilder->insert()
#5 C:\xampp\htdocs\CI4M2\system\BaseModel.php(750): CodeIgniter\Model->doInsert(Array)
#6 C:\xampp\htdocs\CI4M2\system\Model.php(695): CodeIgniter\BaseModel->insert(Array, true)
#7 C:\xampp\htdocs\CI4M2\app\Controllers\Clientes.php(26): CodeIgniter\Model->insert(Array)
#8 C:\xampp\htdocs\CI4M2\system\CodeIgniter.php(925): App\Controllers\Clientes->store()
#9 C:\xampp\htdocs\CI4M2\system\CodeIgniter.php(480): CodeIgniter\CodeIgniter->runController(Object(App\Controllers\Clientes))
#10 C:\xampp\htdocs\CI4M2\system\CodeIgniter.php(349): CodeIgniter\CodeIgniter->handleRequest(NULL, Object(Config\Cache), false)
#11 C:\xampp\htdocs\CI4M2\public\index.php(67): CodeIgniter\CodeIgniter->run()
#12 C:\xampp\htdocs\CI4M2\system\Commands\Server\rewrite.php(47): require_once('C:\\xampp\\htdocs...')
#13 {main}
CRITICAL - 2022-12-27 11:45:26 --> Duplicate entry '0' for key 'PRIMARY'
in SYSTEMPATH\Database\MySQLi\Connection.php on line 292.
 1 SYSTEMPATH\Database\MySQLi\Connection.php(292): mysqli->query('INSERT INTO `clientes` (`nome`, `telefone`, `endereco`, `limite_de_credito`) VALUES (\'Fulano\', \'123\', \'xxxxxxx\', \'123\')', 0)
 2 SYSTEMPATH\Database\BaseConnection.php(666): CodeIgniter\Database\MySQLi\Connection->execute('INSERT INTO `clientes` (`nome`, `telefone`, `endereco`, `limite_de_credito`) VALUES (\'Fulano\', \'123\', \'xxxxxxx\', \'123\')')
 3 SYSTEMPATH\Database\BaseConnection.php(593): CodeIgniter\Database\BaseConnection->simpleQuery('INSERT INTO `clientes` (`nome`, `telefone`, `endereco`, `limite_de_credito`) VALUES (\'Fulano\', \'123\', \'xxxxxxx\', \'123\')')
 4 SYSTEMPATH\Database\BaseBuilder.php(1916): CodeIgniter\Database\BaseConnection->query('INSERT INTO `clientes` (`nome`, `telefone`, `endereco`, `limite_de_credito`) VALUES (:nome:, :telefone:, :endereco:, :limite_de_credito:)', [...], false)
 5 SYSTEMPATH\Model.php(303): CodeIgniter\Database\BaseBuilder->insert()
 6 SYSTEMPATH\BaseModel.php(750): CodeIgniter\Model->doInsert([...])
 7 SYSTEMPATH\Model.php(695): CodeIgniter\BaseModel->insert([...], true)
 8 APPPATH\Controllers\Clientes.php(26): CodeIgniter\Model->insert([...])
 9 SYSTEMPATH\CodeIgniter.php(925): App\Controllers\Clientes->store()
10 SYSTEMPATH\CodeIgniter.php(480): CodeIgniter\CodeIgniter->runController(Object(App\Controllers\Clientes))
11 SYSTEMPATH\CodeIgniter.php(349): CodeIgniter\CodeIgniter->handleRequest(null, Object(Config\Cache), false)
12 FCPATH\index.php(67): CodeIgniter\CodeIgniter->run()
13 SYSTEMPATH\Commands\Server\rewrite.php(47): require_once('FCPATH\\index.php')
CRITICAL - 2022-12-27 11:50:07 --> Argument 1 passed to CodeIgniter\BaseModel::findAll() must be of the type int, array given, called in C:\xampp\htdocs\CI4M2\app\Controllers\Clientes.php on line 19
in SYSTEMPATH\BaseModel.php on line 569.
 1 APPPATH\Controllers\Clientes.php(19): CodeIgniter\BaseModel->findAll([])
 2 SYSTEMPATH\CodeIgniter.php(925): App\Controllers\Clientes->novo()
 3 SYSTEMPATH\CodeIgniter.php(480): CodeIgniter\CodeIgniter->runController(Object(App\Controllers\Clientes))
 4 SYSTEMPATH\CodeIgniter.php(349): CodeIgniter\CodeIgniter->handleRequest(null, Object(Config\Cache), false)
 5 FCPATH\index.php(67): CodeIgniter\CodeIgniter->run()
 6 SYSTEMPATH\Commands\Server\rewrite.php(47): require_once('FCPATH\\index.php')
CRITICAL - 2022-12-27 12:10:48 --> Trying to access array offset on value of type int
in APPPATH\Views\clientes\index.php on line 45.
 1 APPPATH\Views\clientes\index.php(45): CodeIgniter\Debug\Exceptions->errorHandler(8, 'Trying to access array offset on value of type int', 'APPPATH\\Views\\clientes\\index.php', 45, [...])
 2 SYSTEMPATH\View\View.php(213): include('APPPATH\\Views\\clientes\\index.php')
 3 SYSTEMPATH\View\View.php(216): CodeIgniter\View\View->CodeIgniter\View\{closure}()
 4 SYSTEMPATH\Common.php(1135): CodeIgniter\View\View->render('clientes/index', [], true)
 5 APPPATH\Controllers\Clientes.php(24): view('clientes/index', [...])
 6 SYSTEMPATH\CodeIgniter.php(925): App\Controllers\Clientes->index()
 7 SYSTEMPATH\CodeIgniter.php(480): CodeIgniter\CodeIgniter->runController(Object(App\Controllers\Clientes))
 8 SYSTEMPATH\CodeIgniter.php(349): CodeIgniter\CodeIgniter->handleRequest(null, Object(Config\Cache), false)
 9 FCPATH\index.php(67): CodeIgniter\CodeIgniter->run()
10 SYSTEMPATH\Commands\Server\rewrite.php(47): require_once('FCPATH\\index.php')
CRITICAL - 2022-12-27 12:13:19 --> Undefined index: data_de_nascimento
in APPPATH\Views\clientes\index.php on line 52.
 1 APPPATH\Views\clientes\index.php(52): CodeIgniter\Debug\Exceptions->errorHandler(8, 'Undefined index: data_de_nascimento', 'APPPATH\\Views\\clientes\\index.php', 52, [...])
 2 SYSTEMPATH\View\View.php(213): include('APPPATH\\Views\\clientes\\index.php')
 3 SYSTEMPATH\View\View.php(216): CodeIgniter\View\View->CodeIgniter\View\{closure}()
 4 SYSTEMPATH\Common.php(1135): CodeIgniter\View\View->render('clientes/index', [], true)
 5 APPPATH\Controllers\Clientes.php(24): view('clientes/index', [...])
 6 SYSTEMPATH\CodeIgniter.php(925): App\Controllers\Clientes->index()
 7 SYSTEMPATH\CodeIgniter.php(480): CodeIgniter\CodeIgniter->runController(Object(App\Controllers\Clientes))
 8 SYSTEMPATH\CodeIgniter.php(349): CodeIgniter\CodeIgniter->handleRequest(null, Object(Config\Cache), false)
 9 FCPATH\index.php(67): CodeIgniter\CodeIgniter->run()
10 SYSTEMPATH\Commands\Server\rewrite.php(47): require_once('FCPATH\\index.php')
CRITICAL - 2022-12-27 14:00:27 --> Too few arguments to function App\Controllers\Clientes::editar(), 0 passed in C:\xampp\htdocs\CI4M2\system\CodeIgniter.php on line 925 and exactly 1 expected
in APPPATH\Controllers\Clientes.php on line 35.
 1 SYSTEMPATH\CodeIgniter.php(925): App\Controllers\Clientes->editar()
 2 SYSTEMPATH\CodeIgniter.php(480): CodeIgniter\CodeIgniter->runController(Object(App\Controllers\Clientes))
 3 SYSTEMPATH\CodeIgniter.php(349): CodeIgniter\CodeIgniter->handleRequest(null, Object(Config\Cache), false)
 4 FCPATH\index.php(67): CodeIgniter\CodeIgniter->run()
 5 SYSTEMPATH\Commands\Server\rewrite.php(47): require_once('FCPATH\\index.php')
CRITICAL - 2022-12-27 14:00:56 --> Too few arguments to function App\Controllers\Clientes::editar(), 0 passed in C:\xampp\htdocs\CI4M2\system\CodeIgniter.php on line 925 and exactly 1 expected
in APPPATH\Controllers\Clientes.php on line 35.
 1 SYSTEMPATH\CodeIgniter.php(925): App\Controllers\Clientes->editar()
 2 SYSTEMPATH\CodeIgniter.php(480): CodeIgniter\CodeIgniter->runController(Object(App\Controllers\Clientes))
 3 SYSTEMPATH\CodeIgniter.php(349): CodeIgniter\CodeIgniter->handleRequest(null, Object(Config\Cache), false)
 4 FCPATH\index.php(67): CodeIgniter\CodeIgniter->run()
 5 SYSTEMPATH\Commands\Server\rewrite.php(47): require_once('FCPATH\\index.php')
CRITICAL - 2022-12-27 14:04:15 --> syntax error, unexpected 'id_cliente' (T_STRING), expecting ')'
in APPPATH\Config\Routes.php on line 49.
 1 SYSTEMPATH\CodeIgniter.php(428): CodeIgniter\CodeIgniter->tryToRouteIt(null)
 2 SYSTEMPATH\CodeIgniter.php(349): CodeIgniter\CodeIgniter->handleRequest(null, Object(Config\Cache), false)
 3 FCPATH\index.php(67): CodeIgniter\CodeIgniter->run()
 4 SYSTEMPATH\Commands\Server\rewrite.php(47): require_once('FCPATH\\index.php')
CRITICAL - 2022-12-27 14:05:16 --> Too few arguments to function App\Controllers\Clientes::editar(), 0 passed in C:\xampp\htdocs\CI4M2\system\CodeIgniter.php on line 925 and exactly 1 expected
in APPPATH\Controllers\Clientes.php on line 35.
 1 SYSTEMPATH\CodeIgniter.php(925): App\Controllers\Clientes->editar()
 2 SYSTEMPATH\CodeIgniter.php(480): CodeIgniter\CodeIgniter->runController(Object(App\Controllers\Clientes))
 3 SYSTEMPATH\CodeIgniter.php(349): CodeIgniter\CodeIgniter->handleRequest(null, Object(Config\Cache), false)
 4 FCPATH\index.php(67): CodeIgniter\CodeIgniter->run()
 5 SYSTEMPATH\Commands\Server\rewrite.php(47): require_once('FCPATH\\index.php')
CRITICAL - 2022-12-27 14:05:47 --> Too few arguments to function App\Controllers\Clientes::editar(), 0 passed in C:\xampp\htdocs\CI4M2\system\CodeIgniter.php on line 925 and exactly 1 expected
in APPPATH\Controllers\Clientes.php on line 35.
 1 SYSTEMPATH\CodeIgniter.php(925): App\Controllers\Clientes->editar()
 2 SYSTEMPATH\CodeIgniter.php(480): CodeIgniter\CodeIgniter->runController(Object(App\Controllers\Clientes))
 3 SYSTEMPATH\CodeIgniter.php(349): CodeIgniter\CodeIgniter->handleRequest(null, Object(Config\Cache), false)
 4 FCPATH\index.php(67): CodeIgniter\CodeIgniter->run()
 5 SYSTEMPATH\Commands\Server\rewrite.php(47): require_once('FCPATH\\index.php')
CRITICAL - 2022-12-27 14:05:51 --> Too few arguments to function App\Controllers\Clientes::editar(), 0 passed in C:\xampp\htdocs\CI4M2\system\CodeIgniter.php on line 925 and exactly 1 expected
in APPPATH\Controllers\Clientes.php on line 35.
 1 SYSTEMPATH\CodeIgniter.php(925): App\Controllers\Clientes->editar()
 2 SYSTEMPATH\CodeIgniter.php(480): CodeIgniter\CodeIgniter->runController(Object(App\Controllers\Clientes))
 3 SYSTEMPATH\CodeIgniter.php(349): CodeIgniter\CodeIgniter->handleRequest(null, Object(Config\Cache), false)
 4 FCPATH\index.php(67): CodeIgniter\CodeIgniter->run()
 5 SYSTEMPATH\Commands\Server\rewrite.php(47): require_once('FCPATH\\index.php')
CRITICAL - 2022-12-27 14:05:59 --> Too few arguments to function App\Controllers\Clientes::editar(), 0 passed in C:\xampp\htdocs\CI4M2\system\CodeIgniter.php on line 925 and exactly 1 expected
in APPPATH\Controllers\Clientes.php on line 35.
 1 SYSTEMPATH\CodeIgniter.php(925): App\Controllers\Clientes->editar()
 2 SYSTEMPATH\CodeIgniter.php(480): CodeIgniter\CodeIgniter->runController(Object(App\Controllers\Clientes))
 3 SYSTEMPATH\CodeIgniter.php(349): CodeIgniter\CodeIgniter->handleRequest(null, Object(Config\Cache), false)
 4 FCPATH\index.php(67): CodeIgniter\CodeIgniter->run()
 5 SYSTEMPATH\Commands\Server\rewrite.php(47): require_once('FCPATH\\index.php')
CRITICAL - 2022-12-27 14:05:59 --> Too few arguments to function App\Controllers\Clientes::editar(), 0 passed in C:\xampp\htdocs\CI4M2\system\CodeIgniter.php on line 925 and exactly 1 expected
in APPPATH\Controllers\Clientes.php on line 35.
 1 SYSTEMPATH\CodeIgniter.php(925): App\Controllers\Clientes->editar()
 2 SYSTEMPATH\CodeIgniter.php(480): CodeIgniter\CodeIgniter->runController(Object(App\Controllers\Clientes))
 3 SYSTEMPATH\CodeIgniter.php(349): CodeIgniter\CodeIgniter->handleRequest(null, Object(Config\Cache), false)
 4 FCPATH\index.php(67): CodeIgniter\CodeIgniter->run()
 5 SYSTEMPATH\Commands\Server\rewrite.php(47): require_once('FCPATH\\index.php')
CRITICAL - 2022-12-27 14:05:59 --> Too few arguments to function App\Controllers\Clientes::editar(), 0 passed in C:\xampp\htdocs\CI4M2\system\CodeIgniter.php on line 925 and exactly 1 expected
in APPPATH\Controllers\Clientes.php on line 35.
 1 SYSTEMPATH\CodeIgniter.php(925): App\Controllers\Clientes->editar()
 2 SYSTEMPATH\CodeIgniter.php(480): CodeIgniter\CodeIgniter->runController(Object(App\Controllers\Clientes))
 3 SYSTEMPATH\CodeIgniter.php(349): CodeIgniter\CodeIgniter->handleRequest(null, Object(Config\Cache), false)
 4 FCPATH\index.php(67): CodeIgniter\CodeIgniter->run()
 5 SYSTEMPATH\Commands\Server\rewrite.php(47): require_once('FCPATH\\index.php')
CRITICAL - 2022-12-27 14:06:00 --> Too few arguments to function App\Controllers\Clientes::editar(), 0 passed in C:\xampp\htdocs\CI4M2\system\CodeIgniter.php on line 925 and exactly 1 expected
in APPPATH\Controllers\Clientes.php on line 35.
 1 SYSTEMPATH\CodeIgniter.php(925): App\Controllers\Clientes->editar()
 2 SYSTEMPATH\CodeIgniter.php(480): CodeIgniter\CodeIgniter->runController(Object(App\Controllers\Clientes))
 3 SYSTEMPATH\CodeIgniter.php(349): CodeIgniter\CodeIgniter->handleRequest(null, Object(Config\Cache), false)
 4 FCPATH\index.php(67): CodeIgniter\CodeIgniter->run()
 5 SYSTEMPATH\Commands\Server\rewrite.php(47): require_once('FCPATH\\index.php')
CRITICAL - 2022-12-27 14:06:00 --> Too few arguments to function App\Controllers\Clientes::editar(), 0 passed in C:\xampp\htdocs\CI4M2\system\CodeIgniter.php on line 925 and exactly 1 expected
in APPPATH\Controllers\Clientes.php on line 35.
 1 SYSTEMPATH\CodeIgniter.php(925): App\Controllers\Clientes->editar()
 2 SYSTEMPATH\CodeIgniter.php(480): CodeIgniter\CodeIgniter->runController(Object(App\Controllers\Clientes))
 3 SYSTEMPATH\CodeIgniter.php(349): CodeIgniter\CodeIgniter->handleRequest(null, Object(Config\Cache), false)
 4 FCPATH\index.php(67): CodeIgniter\CodeIgniter->run()
 5 SYSTEMPATH\Commands\Server\rewrite.php(47): require_once('FCPATH\\index.php')
CRITICAL - 2022-12-27 14:06:00 --> Too few arguments to function App\Controllers\Clientes::editar(), 0 passed in C:\xampp\htdocs\CI4M2\system\CodeIgniter.php on line 925 and exactly 1 expected
in APPPATH\Controllers\Clientes.php on line 35.
 1 SYSTEMPATH\CodeIgniter.php(925): App\Controllers\Clientes->editar()
 2 SYSTEMPATH\CodeIgniter.php(480): CodeIgniter\CodeIgniter->runController(Object(App\Controllers\Clientes))
 3 SYSTEMPATH\CodeIgniter.php(349): CodeIgniter\CodeIgniter->handleRequest(null, Object(Config\Cache), false)
 4 FCPATH\index.php(67): CodeIgniter\CodeIgniter->run()
 5 SYSTEMPATH\Commands\Server\rewrite.php(47): require_once('FCPATH\\index.php')
CRITICAL - 2022-12-27 14:06:13 --> Undefined variable: id_cliente
in APPPATH\Controllers\Clientes.php on line 38.
 1 APPPATH\Controllers\Clientes.php(38): CodeIgniter\Debug\Exceptions->errorHandler(8, 'Undefined variable: id_cliente', 'APPPATH\\Controllers\\Clientes.php', 38, [])
 2 SYSTEMPATH\CodeIgniter.php(925): App\Controllers\Clientes->editar()
 3 SYSTEMPATH\CodeIgniter.php(480): CodeIgniter\CodeIgniter->runController(Object(App\Controllers\Clientes))
 4 SYSTEMPATH\CodeIgniter.php(349): CodeIgniter\CodeIgniter->handleRequest(null, Object(Config\Cache), false)
 5 FCPATH\index.php(67): CodeIgniter\CodeIgniter->run()
 6 SYSTEMPATH\Commands\Server\rewrite.php(47): require_once('FCPATH\\index.php')
CRITICAL - 2022-12-27 14:06:29 --> Undefined variable: id_cliente
in APPPATH\Controllers\Clientes.php on line 38.
 1 APPPATH\Controllers\Clientes.php(38): CodeIgniter\Debug\Exceptions->errorHandler(8, 'Undefined variable: id_cliente', 'APPPATH\\Controllers\\Clientes.php', 38, [])
 2 SYSTEMPATH\CodeIgniter.php(925): App\Controllers\Clientes->editar()
 3 SYSTEMPATH\CodeIgniter.php(480): CodeIgniter\CodeIgniter->runController(Object(App\Controllers\Clientes))
 4 SYSTEMPATH\CodeIgniter.php(349): CodeIgniter\CodeIgniter->handleRequest(null, Object(Config\Cache), false)
 5 FCPATH\index.php(67): CodeIgniter\CodeIgniter->run()
 6 SYSTEMPATH\Commands\Server\rewrite.php(47): require_once('FCPATH\\index.php')
CRITICAL - 2022-12-27 14:06:31 --> Undefined variable: id_cliente
in APPPATH\Controllers\Clientes.php on line 38.
 1 APPPATH\Controllers\Clientes.php(38): CodeIgniter\Debug\Exceptions->errorHandler(8, 'Undefined variable: id_cliente', 'APPPATH\\Controllers\\Clientes.php', 38, [])
 2 SYSTEMPATH\CodeIgniter.php(925): App\Controllers\Clientes->editar()
 3 SYSTEMPATH\CodeIgniter.php(480): CodeIgniter\CodeIgniter->runController(Object(App\Controllers\Clientes))
 4 SYSTEMPATH\CodeIgniter.php(349): CodeIgniter\CodeIgniter->handleRequest(null, Object(Config\Cache), false)
 5 FCPATH\index.php(67): CodeIgniter\CodeIgniter->run()
 6 SYSTEMPATH\Commands\Server\rewrite.php(47): require_once('FCPATH\\index.php')
CRITICAL - 2022-12-27 14:11:27 --> Too few arguments to function App\Controllers\Clientes::editar(), 0 passed in C:\xampp\htdocs\CI4M2\system\CodeIgniter.php on line 925 and exactly 1 expected
in APPPATH\Controllers\Clientes.php on line 35.
 1 SYSTEMPATH\CodeIgniter.php(925): App\Controllers\Clientes->editar()
 2 SYSTEMPATH\CodeIgniter.php(480): CodeIgniter\CodeIgniter->runController(Object(App\Controllers\Clientes))
 3 SYSTEMPATH\CodeIgniter.php(349): CodeIgniter\CodeIgniter->handleRequest(null, Object(Config\Cache), false)
 4 FCPATH\index.php(67): CodeIgniter\CodeIgniter->run()
 5 SYSTEMPATH\Commands\Server\rewrite.php(47): require_once('FCPATH\\index.php')
CRITICAL - 2022-12-27 14:11:28 --> Too few arguments to function App\Controllers\Clientes::editar(), 0 passed in C:\xampp\htdocs\CI4M2\system\CodeIgniter.php on line 925 and exactly 1 expected
in APPPATH\Controllers\Clientes.php on line 35.
 1 SYSTEMPATH\CodeIgniter.php(925): App\Controllers\Clientes->editar()
 2 SYSTEMPATH\CodeIgniter.php(480): CodeIgniter\CodeIgniter->runController(Object(App\Controllers\Clientes))
 3 SYSTEMPATH\CodeIgniter.php(349): CodeIgniter\CodeIgniter->handleRequest(null, Object(Config\Cache), false)
 4 FCPATH\index.php(67): CodeIgniter\CodeIgniter->run()
 5 SYSTEMPATH\Commands\Server\rewrite.php(47): require_once('FCPATH\\index.php')
CRITICAL - 2022-12-27 14:11:28 --> Too few arguments to function App\Controllers\Clientes::editar(), 0 passed in C:\xampp\htdocs\CI4M2\system\CodeIgniter.php on line 925 and exactly 1 expected
in APPPATH\Controllers\Clientes.php on line 35.
 1 SYSTEMPATH\CodeIgniter.php(925): App\Controllers\Clientes->editar()
 2 SYSTEMPATH\CodeIgniter.php(480): CodeIgniter\CodeIgniter->runController(Object(App\Controllers\Clientes))
 3 SYSTEMPATH\CodeIgniter.php(349): CodeIgniter\CodeIgniter->handleRequest(null, Object(Config\Cache), false)
 4 FCPATH\index.php(67): CodeIgniter\CodeIgniter->run()
 5 SYSTEMPATH\Commands\Server\rewrite.php(47): require_once('FCPATH\\index.php')
CRITICAL - 2022-12-27 14:11:28 --> Too few arguments to function App\Controllers\Clientes::editar(), 0 passed in C:\xampp\htdocs\CI4M2\system\CodeIgniter.php on line 925 and exactly 1 expected
in APPPATH\Controllers\Clientes.php on line 35.
 1 SYSTEMPATH\CodeIgniter.php(925): App\Controllers\Clientes->editar()
 2 SYSTEMPATH\CodeIgniter.php(480): CodeIgniter\CodeIgniter->runController(Object(App\Controllers\Clientes))
 3 SYSTEMPATH\CodeIgniter.php(349): CodeIgniter\CodeIgniter->handleRequest(null, Object(Config\Cache), false)
 4 FCPATH\index.php(67): CodeIgniter\CodeIgniter->run()
 5 SYSTEMPATH\Commands\Server\rewrite.php(47): require_once('FCPATH\\index.php')
CRITICAL - 2022-12-27 14:11:29 --> Too few arguments to function App\Controllers\Clientes::editar(), 0 passed in C:\xampp\htdocs\CI4M2\system\CodeIgniter.php on line 925 and exactly 1 expected
in APPPATH\Controllers\Clientes.php on line 35.
 1 SYSTEMPATH\CodeIgniter.php(925): App\Controllers\Clientes->editar()
 2 SYSTEMPATH\CodeIgniter.php(480): CodeIgniter\CodeIgniter->runController(Object(App\Controllers\Clientes))
 3 SYSTEMPATH\CodeIgniter.php(349): CodeIgniter\CodeIgniter->handleRequest(null, Object(Config\Cache), false)
 4 FCPATH\index.php(67): CodeIgniter\CodeIgniter->run()
 5 SYSTEMPATH\Commands\Server\rewrite.php(47): require_once('FCPATH\\index.php')
CRITICAL - 2022-12-27 14:12:00 --> Too few arguments to function App\Controllers\Clientes::editar(), 0 passed in C:\xampp\htdocs\CI4M2\system\CodeIgniter.php on line 925 and exactly 1 expected
in APPPATH\Controllers\Clientes.php on line 35.
 1 SYSTEMPATH\CodeIgniter.php(925): App\Controllers\Clientes->editar()
 2 SYSTEMPATH\CodeIgniter.php(480): CodeIgniter\CodeIgniter->runController(Object(App\Controllers\Clientes))
 3 SYSTEMPATH\CodeIgniter.php(349): CodeIgniter\CodeIgniter->handleRequest(null, Object(Config\Cache), false)
 4 FCPATH\index.php(67): CodeIgniter\CodeIgniter->run()
 5 SYSTEMPATH\Commands\Server\rewrite.php(47): require_once('FCPATH\\index.php')
CRITICAL - 2022-12-27 14:12:00 --> Too few arguments to function App\Controllers\Clientes::editar(), 0 passed in C:\xampp\htdocs\CI4M2\system\CodeIgniter.php on line 925 and exactly 1 expected
in APPPATH\Controllers\Clientes.php on line 35.
 1 SYSTEMPATH\CodeIgniter.php(925): App\Controllers\Clientes->editar()
 2 SYSTEMPATH\CodeIgniter.php(480): CodeIgniter\CodeIgniter->runController(Object(App\Controllers\Clientes))
 3 SYSTEMPATH\CodeIgniter.php(349): CodeIgniter\CodeIgniter->handleRequest(null, Object(Config\Cache), false)
 4 FCPATH\index.php(67): CodeIgniter\CodeIgniter->run()
 5 SYSTEMPATH\Commands\Server\rewrite.php(47): require_once('FCPATH\\index.php')
CRITICAL - 2022-12-27 14:12:01 --> Too few arguments to function App\Controllers\Clientes::editar(), 0 passed in C:\xampp\htdocs\CI4M2\system\CodeIgniter.php on line 925 and exactly 1 expected
in APPPATH\Controllers\Clientes.php on line 35.
 1 SYSTEMPATH\CodeIgniter.php(925): App\Controllers\Clientes->editar()
 2 SYSTEMPATH\CodeIgniter.php(480): CodeIgniter\CodeIgniter->runController(Object(App\Controllers\Clientes))
 3 SYSTEMPATH\CodeIgniter.php(349): CodeIgniter\CodeIgniter->handleRequest(null, Object(Config\Cache), false)
 4 FCPATH\index.php(67): CodeIgniter\CodeIgniter->run()
 5 SYSTEMPATH\Commands\Server\rewrite.php(47): require_once('FCPATH\\index.php')
CRITICAL - 2022-12-27 14:12:01 --> Too few arguments to function App\Controllers\Clientes::editar(), 0 passed in C:\xampp\htdocs\CI4M2\system\CodeIgniter.php on line 925 and exactly 1 expected
in APPPATH\Controllers\Clientes.php on line 35.
 1 SYSTEMPATH\CodeIgniter.php(925): App\Controllers\Clientes->editar()
 2 SYSTEMPATH\CodeIgniter.php(480): CodeIgniter\CodeIgniter->runController(Object(App\Controllers\Clientes))
 3 SYSTEMPATH\CodeIgniter.php(349): CodeIgniter\CodeIgniter->handleRequest(null, Object(Config\Cache), false)
 4 FCPATH\index.php(67): CodeIgniter\CodeIgniter->run()
 5 SYSTEMPATH\Commands\Server\rewrite.php(47): require_once('FCPATH\\index.php')
CRITICAL - 2022-12-27 14:12:01 --> Too few arguments to function App\Controllers\Clientes::editar(), 0 passed in C:\xampp\htdocs\CI4M2\system\CodeIgniter.php on line 925 and exactly 1 expected
in APPPATH\Controllers\Clientes.php on line 35.
 1 SYSTEMPATH\CodeIgniter.php(925): App\Controllers\Clientes->editar()
 2 SYSTEMPATH\CodeIgniter.php(480): CodeIgniter\CodeIgniter->runController(Object(App\Controllers\Clientes))
 3 SYSTEMPATH\CodeIgniter.php(349): CodeIgniter\CodeIgniter->handleRequest(null, Object(Config\Cache), false)
 4 FCPATH\index.php(67): CodeIgniter\CodeIgniter->run()
 5 SYSTEMPATH\Commands\Server\rewrite.php(47): require_once('FCPATH\\index.php')
CRITICAL - 2022-12-27 14:17:45 --> Too few arguments to function App\Controllers\Clientes::editar(), 0 passed in C:\xampp\htdocs\CI4M2\system\CodeIgniter.php on line 925 and exactly 1 expected
in APPPATH\Controllers\Clientes.php on line 35.
 1 SYSTEMPATH\CodeIgniter.php(925): App\Controllers\Clientes->editar()
 2 SYSTEMPATH\CodeIgniter.php(480): CodeIgniter\CodeIgniter->runController(Object(App\Controllers\Clientes))
 3 SYSTEMPATH\CodeIgniter.php(349): CodeIgniter\CodeIgniter->handleRequest(null, Object(Config\Cache), false)
 4 FCPATH\index.php(67): CodeIgniter\CodeIgniter->run()
 5 SYSTEMPATH\Commands\Server\rewrite.php(47): require_once('FCPATH\\index.php')
CRITICAL - 2022-12-27 14:17:46 --> Too few arguments to function App\Controllers\Clientes::editar(), 0 passed in C:\xampp\htdocs\CI4M2\system\CodeIgniter.php on line 925 and exactly 1 expected
in APPPATH\Controllers\Clientes.php on line 35.
 1 SYSTEMPATH\CodeIgniter.php(925): App\Controllers\Clientes->editar()
 2 SYSTEMPATH\CodeIgniter.php(480): CodeIgniter\CodeIgniter->runController(Object(App\Controllers\Clientes))
 3 SYSTEMPATH\CodeIgniter.php(349): CodeIgniter\CodeIgniter->handleRequest(null, Object(Config\Cache), false)
 4 FCPATH\index.php(67): CodeIgniter\CodeIgniter->run()
 5 SYSTEMPATH\Commands\Server\rewrite.php(47): require_once('FCPATH\\index.php')
CRITICAL - 2022-12-27 14:17:46 --> Too few arguments to function App\Controllers\Clientes::editar(), 0 passed in C:\xampp\htdocs\CI4M2\system\CodeIgniter.php on line 925 and exactly 1 expected
in APPPATH\Controllers\Clientes.php on line 35.
 1 SYSTEMPATH\CodeIgniter.php(925): App\Controllers\Clientes->editar()
 2 SYSTEMPATH\CodeIgniter.php(480): CodeIgniter\CodeIgniter->runController(Object(App\Controllers\Clientes))
 3 SYSTEMPATH\CodeIgniter.php(349): CodeIgniter\CodeIgniter->handleRequest(null, Object(Config\Cache), false)
 4 FCPATH\index.php(67): CodeIgniter\CodeIgniter->run()
 5 SYSTEMPATH\Commands\Server\rewrite.php(47): require_once('FCPATH\\index.php')
CRITICAL - 2022-12-27 14:17:47 --> Too few arguments to function App\Controllers\Clientes::editar(), 0 passed in C:\xampp\htdocs\CI4M2\system\CodeIgniter.php on line 925 and exactly 1 expected
in APPPATH\Controllers\Clientes.php on line 35.
 1 SYSTEMPATH\CodeIgniter.php(925): App\Controllers\Clientes->editar()
 2 SYSTEMPATH\CodeIgniter.php(480): CodeIgniter\CodeIgniter->runController(Object(App\Controllers\Clientes))
 3 SYSTEMPATH\CodeIgniter.php(349): CodeIgniter\CodeIgniter->handleRequest(null, Object(Config\Cache), false)
 4 FCPATH\index.php(67): CodeIgniter\CodeIgniter->run()
 5 SYSTEMPATH\Commands\Server\rewrite.php(47): require_once('FCPATH\\index.php')
CRITICAL - 2022-12-27 14:17:47 --> Too few arguments to function App\Controllers\Clientes::editar(), 0 passed in C:\xampp\htdocs\CI4M2\system\CodeIgniter.php on line 925 and exactly 1 expected
in APPPATH\Controllers\Clientes.php on line 35.
 1 SYSTEMPATH\CodeIgniter.php(925): App\Controllers\Clientes->editar()
 2 SYSTEMPATH\CodeIgniter.php(480): CodeIgniter\CodeIgniter->runController(Object(App\Controllers\Clientes))
 3 SYSTEMPATH\CodeIgniter.php(349): CodeIgniter\CodeIgniter->handleRequest(null, Object(Config\Cache), false)
 4 FCPATH\index.php(67): CodeIgniter\CodeIgniter->run()
 5 SYSTEMPATH\Commands\Server\rewrite.php(47): require_once('FCPATH\\index.php')
CRITICAL - 2022-12-27 14:17:48 --> Too few arguments to function App\Controllers\Clientes::editar(), 0 passed in C:\xampp\htdocs\CI4M2\system\CodeIgniter.php on line 925 and exactly 1 expected
in APPPATH\Controllers\Clientes.php on line 35.
 1 SYSTEMPATH\CodeIgniter.php(925): App\Controllers\Clientes->editar()
 2 SYSTEMPATH\CodeIgniter.php(480): CodeIgniter\CodeIgniter->runController(Object(App\Controllers\Clientes))
 3 SYSTEMPATH\CodeIgniter.php(349): CodeIgniter\CodeIgniter->handleRequest(null, Object(Config\Cache), false)
 4 FCPATH\index.php(67): CodeIgniter\CodeIgniter->run()
 5 SYSTEMPATH\Commands\Server\rewrite.php(47): require_once('FCPATH\\index.php')
CRITICAL - 2022-12-27 14:17:48 --> Too few arguments to function App\Controllers\Clientes::editar(), 0 passed in C:\xampp\htdocs\CI4M2\system\CodeIgniter.php on line 925 and exactly 1 expected
in APPPATH\Controllers\Clientes.php on line 35.
 1 SYSTEMPATH\CodeIgniter.php(925): App\Controllers\Clientes->editar()
 2 SYSTEMPATH\CodeIgniter.php(480): CodeIgniter\CodeIgniter->runController(Object(App\Controllers\Clientes))
 3 SYSTEMPATH\CodeIgniter.php(349): CodeIgniter\CodeIgniter->handleRequest(null, Object(Config\Cache), false)
 4 FCPATH\index.php(67): CodeIgniter\CodeIgniter->run()
 5 SYSTEMPATH\Commands\Server\rewrite.php(47): require_once('FCPATH\\index.php')
CRITICAL - 2022-12-27 14:17:48 --> Too few arguments to function App\Controllers\Clientes::editar(), 0 passed in C:\xampp\htdocs\CI4M2\system\CodeIgniter.php on line 925 and exactly 1 expected
in APPPATH\Controllers\Clientes.php on line 35.
 1 SYSTEMPATH\CodeIgniter.php(925): App\Controllers\Clientes->editar()
 2 SYSTEMPATH\CodeIgniter.php(480): CodeIgniter\CodeIgniter->runController(Object(App\Controllers\Clientes))
 3 SYSTEMPATH\CodeIgniter.php(349): CodeIgniter\CodeIgniter->handleRequest(null, Object(Config\Cache), false)
 4 FCPATH\index.php(67): CodeIgniter\CodeIgniter->run()
 5 SYSTEMPATH\Commands\Server\rewrite.php(47): require_once('FCPATH\\index.php')
CRITICAL - 2022-12-27 14:17:48 --> Too few arguments to function App\Controllers\Clientes::editar(), 0 passed in C:\xampp\htdocs\CI4M2\system\CodeIgniter.php on line 925 and exactly 1 expected
in APPPATH\Controllers\Clientes.php on line 35.
 1 SYSTEMPATH\CodeIgniter.php(925): App\Controllers\Clientes->editar()
 2 SYSTEMPATH\CodeIgniter.php(480): CodeIgniter\CodeIgniter->runController(Object(App\Controllers\Clientes))
 3 SYSTEMPATH\CodeIgniter.php(349): CodeIgniter\CodeIgniter->handleRequest(null, Object(Config\Cache), false)
 4 FCPATH\index.php(67): CodeIgniter\CodeIgniter->run()
 5 SYSTEMPATH\Commands\Server\rewrite.php(47): require_once('FCPATH\\index.php')
CRITICAL - 2022-12-27 14:31:07 --> Undefined variable: cliente
in APPPATH\Views\clientes\editar.php on line 40.
 1 APPPATH\Views\clientes\editar.php(40): CodeIgniter\Debug\Exceptions->errorHandler(8, 'Undefined variable: cliente', 'APPPATH\\Views\\clientes\\editar.php', 40, [...])
 2 SYSTEMPATH\View\View.php(213): include('APPPATH\\Views\\clientes\\editar.php')
 3 SYSTEMPATH\View\View.php(216): CodeIgniter\View\View->CodeIgniter\View\{closure}()
 4 SYSTEMPATH\Common.php(1135): CodeIgniter\View\View->render('clientes/editar', [], true)
 5 APPPATH\Controllers\Clientes.php(44): view('clientes/editar', [...])
 6 SYSTEMPATH\CodeIgniter.php(925): App\Controllers\Clientes->editar('2')
 7 SYSTEMPATH\CodeIgniter.php(480): CodeIgniter\CodeIgniter->runController(Object(App\Controllers\Clientes))
 8 SYSTEMPATH\CodeIgniter.php(349): CodeIgniter\CodeIgniter->handleRequest(null, Object(Config\Cache), false)
 9 FCPATH\index.php(67): CodeIgniter\CodeIgniter->run()
10 SYSTEMPATH\Commands\Server\rewrite.php(47): require_once('FCPATH\\index.php')
CRITICAL - 2022-12-27 14:31:34 --> Undefined variable: cliente
in APPPATH\Views\clientes\editar.php on line 40.
 1 APPPATH\Views\clientes\editar.php(40): CodeIgniter\Debug\Exceptions->errorHandler(8, 'Undefined variable: cliente', 'APPPATH\\Views\\clientes\\editar.php', 40, [...])
 2 SYSTEMPATH\View\View.php(213): include('APPPATH\\Views\\clientes\\editar.php')
 3 SYSTEMPATH\View\View.php(216): CodeIgniter\View\View->CodeIgniter\View\{closure}()
 4 SYSTEMPATH\Common.php(1135): CodeIgniter\View\View->render('clientes/editar', [], true)
 5 APPPATH\Controllers\Clientes.php(44): view('clientes/editar', [...])
 6 SYSTEMPATH\CodeIgniter.php(925): App\Controllers\Clientes->editar('2')
 7 SYSTEMPATH\CodeIgniter.php(480): CodeIgniter\CodeIgniter->runController(Object(App\Controllers\Clientes))
 8 SYSTEMPATH\CodeIgniter.php(349): CodeIgniter\CodeIgniter->handleRequest(null, Object(Config\Cache), false)
 9 FCPATH\index.php(67): CodeIgniter\CodeIgniter->run()
10 SYSTEMPATH\Commands\Server\rewrite.php(47): require_once('FCPATH\\index.php')
ERROR - 2022-12-27 14:41:41 --> mysqli_sql_exception: Duplicate entry '1' for key 'PRIMARY' in C:\xampp\htdocs\CI4M2\system\Database\MySQLi\Connection.php:292
Stack trace:
#0 C:\xampp\htdocs\CI4M2\system\Database\MySQLi\Connection.php(292): mysqli->query('INSERT INTO `cl...', 0)
#1 C:\xampp\htdocs\CI4M2\system\Database\BaseConnection.php(666): CodeIgniter\Database\MySQLi\Connection->execute('INSERT INTO `cl...')
#2 C:\xampp\htdocs\CI4M2\system\Database\BaseConnection.php(593): CodeIgniter\Database\BaseConnection->simpleQuery('INSERT INTO `cl...')
#3 C:\xampp\htdocs\CI4M2\system\Database\BaseBuilder.php(1916): CodeIgniter\Database\BaseConnection->query('INSERT INTO `cl...', Array, false)
#4 C:\xampp\htdocs\CI4M2\system\Model.php(303): CodeIgniter\Database\BaseBuilder->insert()
#5 C:\xampp\htdocs\CI4M2\system\BaseModel.php(750): CodeIgniter\Model->doInsert(Array)
#6 C:\xampp\htdocs\CI4M2\system\Model.php(695): CodeIgniter\BaseModel->insert(Array, true)
#7 C:\xampp\htdocs\CI4M2\app\Controllers\Clientes.php(59): CodeIgniter\Model->insert(Array)
#8 C:\xampp\htdocs\CI4M2\system\CodeIgniter.php(925): App\Controllers\Clientes->store()
#9 C:\xampp\htdocs\CI4M2\system\CodeIgniter.php(480): CodeIgniter\CodeIgniter->runController(Object(App\Controllers\Clientes))
#10 C:\xampp\htdocs\CI4M2\system\CodeIgniter.php(349): CodeIgniter\CodeIgniter->handleRequest(NULL, Object(Config\Cache), false)
#11 C:\xampp\htdocs\CI4M2\public\index.php(67): CodeIgniter\CodeIgniter->run()
#12 C:\xampp\htdocs\CI4M2\system\Commands\Server\rewrite.php(47): require_once('C:\\xampp\\htdocs...')
#13 {main}
CRITICAL - 2022-12-27 14:41:41 --> Duplicate entry '1' for key 'PRIMARY'
in SYSTEMPATH\Database\MySQLi\Connection.php on line 292.
 1 SYSTEMPATH\Database\MySQLi\Connection.php(292): mysqli->query('INSERT INTO `clientes` (`nome`, `id_cliente`, `data_de_nascimento`, `telefone`, `endereco`, `limite_de_credito`) VALUES (\'Name3\', \'1\', \'\', \'123\', \'0\', \'75\')', 0)
 2 SYSTEMPATH\Database\BaseConnection.php(666): CodeIgniter\Database\MySQLi\Connection->execute('INSERT INTO `clientes` (`nome`, `id_cliente`, `data_de_nascimento`, `telefone`, `endereco`, `limite_de_credito`) VALUES (\'Name3\', \'1\', \'\', \'123\', \'0\', \'75\')')
 3 SYSTEMPATH\Database\BaseConnection.php(593): CodeIgniter\Database\BaseConnection->simpleQuery('INSERT INTO `clientes` (`nome`, `id_cliente`, `data_de_nascimento`, `telefone`, `endereco`, `limite_de_credito`) VALUES (\'Name3\', \'1\', \'\', \'123\', \'0\', \'75\')')
 4 SYSTEMPATH\Database\BaseBuilder.php(1916): CodeIgniter\Database\BaseConnection->query('INSERT INTO `clientes` (`nome`, `id_cliente`, `data_de_nascimento`, `telefone`, `endereco`, `limite_de_credito`) VALUES (:nome:, :id_cliente:, :data_de_nascimento:, :telefone:, :endereco:, :limite_de_credito:)', [...], false)
 5 SYSTEMPATH\Model.php(303): CodeIgniter\Database\BaseBuilder->insert()
 6 SYSTEMPATH\BaseModel.php(750): CodeIgniter\Model->doInsert([...])
 7 SYSTEMPATH\Model.php(695): CodeIgniter\BaseModel->insert([...], true)
 8 APPPATH\Controllers\Clientes.php(59): CodeIgniter\Model->insert([...])
 9 SYSTEMPATH\CodeIgniter.php(925): App\Controllers\Clientes->store()
10 SYSTEMPATH\CodeIgniter.php(480): CodeIgniter\CodeIgniter->runController(Object(App\Controllers\Clientes))
11 SYSTEMPATH\CodeIgniter.php(349): CodeIgniter\CodeIgniter->handleRequest(null, Object(Config\Cache), false)
12 FCPATH\index.php(67): CodeIgniter\CodeIgniter->run()
13 SYSTEMPATH\Commands\Server\rewrite.php(47): require_once('FCPATH\\index.php')
ERROR - 2022-12-27 14:41:48 --> mysqli_sql_exception: Duplicate entry '1' for key 'PRIMARY' in C:\xampp\htdocs\CI4M2\system\Database\MySQLi\Connection.php:292
Stack trace:
#0 C:\xampp\htdocs\CI4M2\system\Database\MySQLi\Connection.php(292): mysqli->query('INSERT INTO `cl...', 0)
#1 C:\xampp\htdocs\CI4M2\system\Database\BaseConnection.php(666): CodeIgniter\Database\MySQLi\Connection->execute('INSERT INTO `cl...')
#2 C:\xampp\htdocs\CI4M2\system\Database\BaseConnection.php(593): CodeIgniter\Database\BaseConnection->simpleQuery('INSERT INTO `cl...')
#3 C:\xampp\htdocs\CI4M2\system\Database\BaseBuilder.php(1916): CodeIgniter\Database\BaseConnection->query('INSERT INTO `cl...', Array, false)
#4 C:\xampp\htdocs\CI4M2\system\Model.php(303): CodeIgniter\Database\BaseBuilder->insert()
#5 C:\xampp\htdocs\CI4M2\system\BaseModel.php(750): CodeIgniter\Model->doInsert(Array)
#6 C:\xampp\htdocs\CI4M2\system\Model.php(695): CodeIgniter\BaseModel->insert(Array, true)
#7 C:\xampp\htdocs\CI4M2\app\Controllers\Clientes.php(59): CodeIgniter\Model->insert(Array)
#8 C:\xampp\htdocs\CI4M2\system\CodeIgniter.php(925): App\Controllers\Clientes->store()
#9 C:\xampp\htdocs\CI4M2\system\CodeIgniter.php(480): CodeIgniter\CodeIgniter->runController(Object(App\Controllers\Clientes))
#10 C:\xampp\htdocs\CI4M2\system\CodeIgniter.php(349): CodeIgniter\CodeIgniter->handleRequest(NULL, Object(Config\Cache), false)
#11 C:\xampp\htdocs\CI4M2\public\index.php(67): CodeIgniter\CodeIgniter->run()
#12 C:\xampp\htdocs\CI4M2\system\Commands\Server\rewrite.php(47): require_once('C:\\xampp\\htdocs...')
#13 {main}
CRITICAL - 2022-12-27 14:41:48 --> Duplicate entry '1' for key 'PRIMARY'
in SYSTEMPATH\Database\MySQLi\Connection.php on line 292.
 1 SYSTEMPATH\Database\MySQLi\Connection.php(292): mysqli->query('INSERT INTO `clientes` (`nome`, `id_cliente`, `data_de_nascimento`, `telefone`, `endereco`, `limite_de_credito`) VALUES (\'Name3\', \'1\', \'\', \'123\', \'0\', \'75\')', 0)
 2 SYSTEMPATH\Database\BaseConnection.php(666): CodeIgniter\Database\MySQLi\Connection->execute('INSERT INTO `clientes` (`nome`, `id_cliente`, `data_de_nascimento`, `telefone`, `endereco`, `limite_de_credito`) VALUES (\'Name3\', \'1\', \'\', \'123\', \'0\', \'75\')')
 3 SYSTEMPATH\Database\BaseConnection.php(593): CodeIgniter\Database\BaseConnection->simpleQuery('INSERT INTO `clientes` (`nome`, `id_cliente`, `data_de_nascimento`, `telefone`, `endereco`, `limite_de_credito`) VALUES (\'Name3\', \'1\', \'\', \'123\', \'0\', \'75\')')
 4 SYSTEMPATH\Database\BaseBuilder.php(1916): CodeIgniter\Database\BaseConnection->query('INSERT INTO `clientes` (`nome`, `id_cliente`, `data_de_nascimento`, `telefone`, `endereco`, `limite_de_credito`) VALUES (:nome:, :id_cliente:, :data_de_nascimento:, :telefone:, :endereco:, :limite_de_credito:)', [...], false)
 5 SYSTEMPATH\Model.php(303): CodeIgniter\Database\BaseBuilder->insert()
 6 SYSTEMPATH\BaseModel.php(750): CodeIgniter\Model->doInsert([...])
 7 SYSTEMPATH\Model.php(695): CodeIgniter\BaseModel->insert([...], true)
 8 APPPATH\Controllers\Clientes.php(59): CodeIgniter\Model->insert([...])
 9 SYSTEMPATH\CodeIgniter.php(925): App\Controllers\Clientes->store()
10 SYSTEMPATH\CodeIgniter.php(480): CodeIgniter\CodeIgniter->runController(Object(App\Controllers\Clientes))
11 SYSTEMPATH\CodeIgniter.php(349): CodeIgniter\CodeIgniter->handleRequest(null, Object(Config\Cache), false)
12 FCPATH\index.php(67): CodeIgniter\CodeIgniter->run()
13 SYSTEMPATH\Commands\Server\rewrite.php(47): require_once('FCPATH\\index.php')
